[2023-04-22T22:50:11.828+0000] {processor.py:153} INFO - Started process (PID=66) to work on /home/airflow/.local/lib/python3.7/site-packages/airflow/example_dags/example_sla_dag.py
[2023-04-22T22:50:11.830+0000] {processor.py:743} INFO - Processing file /home/airflow/.local/lib/python3.7/site-packages/airflow/example_dags/example_sla_dag.py for tasks to queue
[2023-04-22T22:50:11.831+0000] {logging_mixin.py:137} INFO - [2023-04-22T22:50:11.831+0000] {dagbag.py:532} INFO - Filling up the DagBag from /home/airflow/.local/lib/python3.7/site-packages/airflow/example_dags/example_sla_dag.py
[2023-04-22T22:50:11.893+0000] {processor.py:753} INFO - DAG(s) dict_keys(['example_sla_dag']) retrieved from /home/airflow/.local/lib/python3.7/site-packages/airflow/example_dags/example_sla_dag.py
[2023-04-22T22:50:11.936+0000] {logging_mixin.py:137} INFO - [2023-04-22T22:50:11.935+0000] {dag.py:2705} INFO - Sync 1 DAGs
[2023-04-22T22:50:11.999+0000] {logging_mixin.py:137} INFO - [2023-04-22T22:50:11.998+0000] {dag.py:3456} INFO - Setting next_dagrun for example_sla_dag to 2023-04-22T22:48:00+00:00, run_after=2023-04-22T22:50:00+00:00
[2023-04-22T22:50:12.038+0000] {processor.py:175} INFO - Processing /home/airflow/.local/lib/python3.7/site-packages/airflow/example_dags/example_sla_dag.py took 0.215 seconds
[2023-04-22T22:50:42.893+0000] {processor.py:153} INFO - Started process (PID=117) to work on /home/airflow/.local/lib/python3.7/site-packages/airflow/example_dags/example_sla_dag.py
[2023-04-22T22:50:42.894+0000] {processor.py:743} INFO - Processing file /home/airflow/.local/lib/python3.7/site-packages/airflow/example_dags/example_sla_dag.py for tasks to queue
[2023-04-22T22:50:42.895+0000] {logging_mixin.py:137} INFO - [2023-04-22T22:50:42.894+0000] {dagbag.py:532} INFO - Filling up the DagBag from /home/airflow/.local/lib/python3.7/site-packages/airflow/example_dags/example_sla_dag.py
[2023-04-22T22:50:42.912+0000] {processor.py:753} INFO - DAG(s) dict_keys(['example_sla_dag']) retrieved from /home/airflow/.local/lib/python3.7/site-packages/airflow/example_dags/example_sla_dag.py
[2023-04-22T22:50:42.930+0000] {logging_mixin.py:137} INFO - [2023-04-22T22:50:42.930+0000] {dag.py:2705} INFO - Sync 1 DAGs
[2023-04-22T22:50:42.948+0000] {logging_mixin.py:137} INFO - [2023-04-22T22:50:42.948+0000] {dag.py:3456} INFO - Setting next_dagrun for example_sla_dag to 2023-04-22T22:48:00+00:00, run_after=2023-04-22T22:50:00+00:00
[2023-04-22T22:50:42.958+0000] {processor.py:175} INFO - Processing /home/airflow/.local/lib/python3.7/site-packages/airflow/example_dags/example_sla_dag.py took 0.068 seconds
[2023-04-22T22:51:13.815+0000] {processor.py:153} INFO - Started process (PID=168) to work on /home/airflow/.local/lib/python3.7/site-packages/airflow/example_dags/example_sla_dag.py
[2023-04-22T22:51:13.816+0000] {processor.py:743} INFO - Processing file /home/airflow/.local/lib/python3.7/site-packages/airflow/example_dags/example_sla_dag.py for tasks to queue
[2023-04-22T22:51:13.817+0000] {logging_mixin.py:137} INFO - [2023-04-22T22:51:13.817+0000] {dagbag.py:532} INFO - Filling up the DagBag from /home/airflow/.local/lib/python3.7/site-packages/airflow/example_dags/example_sla_dag.py
[2023-04-22T22:51:13.833+0000] {processor.py:753} INFO - DAG(s) dict_keys(['example_sla_dag']) retrieved from /home/airflow/.local/lib/python3.7/site-packages/airflow/example_dags/example_sla_dag.py
[2023-04-22T22:51:13.853+0000] {logging_mixin.py:137} INFO - [2023-04-22T22:51:13.852+0000] {dag.py:2705} INFO - Sync 1 DAGs
[2023-04-22T22:51:13.870+0000] {logging_mixin.py:137} INFO - [2023-04-22T22:51:13.870+0000] {dag.py:3456} INFO - Setting next_dagrun for example_sla_dag to 2023-04-22T22:48:00+00:00, run_after=2023-04-22T22:50:00+00:00
[2023-04-22T22:51:13.881+0000] {processor.py:175} INFO - Processing /home/airflow/.local/lib/python3.7/site-packages/airflow/example_dags/example_sla_dag.py took 0.068 seconds
[2023-04-22T22:51:44.206+0000] {processor.py:153} INFO - Started process (PID=218) to work on /home/airflow/.local/lib/python3.7/site-packages/airflow/example_dags/example_sla_dag.py
[2023-04-22T22:51:44.207+0000] {processor.py:743} INFO - Processing file /home/airflow/.local/lib/python3.7/site-packages/airflow/example_dags/example_sla_dag.py for tasks to queue
[2023-04-22T22:51:44.208+0000] {logging_mixin.py:137} INFO - [2023-04-22T22:51:44.208+0000] {dagbag.py:532} INFO - Filling up the DagBag from /home/airflow/.local/lib/python3.7/site-packages/airflow/example_dags/example_sla_dag.py
[2023-04-22T22:51:44.226+0000] {processor.py:753} INFO - DAG(s) dict_keys(['example_sla_dag']) retrieved from /home/airflow/.local/lib/python3.7/site-packages/airflow/example_dags/example_sla_dag.py
[2023-04-22T22:51:44.246+0000] {logging_mixin.py:137} INFO - [2023-04-22T22:51:44.246+0000] {dag.py:2705} INFO - Sync 1 DAGs
[2023-04-22T22:51:44.263+0000] {logging_mixin.py:137} INFO - [2023-04-22T22:51:44.263+0000] {dag.py:3456} INFO - Setting next_dagrun for example_sla_dag to 2023-04-22T22:48:00+00:00, run_after=2023-04-22T22:50:00+00:00
[2023-04-22T22:51:44.275+0000] {processor.py:175} INFO - Processing /home/airflow/.local/lib/python3.7/site-packages/airflow/example_dags/example_sla_dag.py took 0.072 seconds
[2023-04-22T22:52:14.655+0000] {processor.py:153} INFO - Started process (PID=268) to work on /home/airflow/.local/lib/python3.7/site-packages/airflow/example_dags/example_sla_dag.py
[2023-04-22T22:52:14.656+0000] {processor.py:743} INFO - Processing file /home/airflow/.local/lib/python3.7/site-packages/airflow/example_dags/example_sla_dag.py for tasks to queue
[2023-04-22T22:52:14.657+0000] {logging_mixin.py:137} INFO - [2023-04-22T22:52:14.657+0000] {dagbag.py:532} INFO - Filling up the DagBag from /home/airflow/.local/lib/python3.7/site-packages/airflow/example_dags/example_sla_dag.py
[2023-04-22T22:52:14.673+0000] {processor.py:753} INFO - DAG(s) dict_keys(['example_sla_dag']) retrieved from /home/airflow/.local/lib/python3.7/site-packages/airflow/example_dags/example_sla_dag.py
[2023-04-22T22:52:14.692+0000] {logging_mixin.py:137} INFO - [2023-04-22T22:52:14.692+0000] {dag.py:2705} INFO - Sync 1 DAGs
[2023-04-22T22:52:14.710+0000] {logging_mixin.py:137} INFO - [2023-04-22T22:52:14.710+0000] {dag.py:3456} INFO - Setting next_dagrun for example_sla_dag to 2023-04-22T22:50:00+00:00, run_after=2023-04-22T22:52:00+00:00
[2023-04-22T22:52:14.721+0000] {processor.py:175} INFO - Processing /home/airflow/.local/lib/python3.7/site-packages/airflow/example_dags/example_sla_dag.py took 0.068 seconds
[2023-04-22T22:52:45.041+0000] {processor.py:153} INFO - Started process (PID=319) to work on /home/airflow/.local/lib/python3.7/site-packages/airflow/example_dags/example_sla_dag.py
[2023-04-22T22:52:45.042+0000] {processor.py:743} INFO - Processing file /home/airflow/.local/lib/python3.7/site-packages/airflow/example_dags/example_sla_dag.py for tasks to queue
[2023-04-22T22:52:45.043+0000] {logging_mixin.py:137} INFO - [2023-04-22T22:52:45.043+0000] {dagbag.py:532} INFO - Filling up the DagBag from /home/airflow/.local/lib/python3.7/site-packages/airflow/example_dags/example_sla_dag.py
[2023-04-22T22:52:45.060+0000] {processor.py:753} INFO - DAG(s) dict_keys(['example_sla_dag']) retrieved from /home/airflow/.local/lib/python3.7/site-packages/airflow/example_dags/example_sla_dag.py
[2023-04-22T22:52:45.083+0000] {logging_mixin.py:137} INFO - [2023-04-22T22:52:45.083+0000] {dag.py:2705} INFO - Sync 1 DAGs
[2023-04-22T22:52:45.103+0000] {logging_mixin.py:137} INFO - [2023-04-22T22:52:45.103+0000] {dag.py:3456} INFO - Setting next_dagrun for example_sla_dag to 2023-04-22T22:50:00+00:00, run_after=2023-04-22T22:52:00+00:00
[2023-04-22T22:52:45.115+0000] {processor.py:175} INFO - Processing /home/airflow/.local/lib/python3.7/site-packages/airflow/example_dags/example_sla_dag.py took 0.076 seconds
[2023-04-22T22:53:15.270+0000] {processor.py:153} INFO - Started process (PID=371) to work on /home/airflow/.local/lib/python3.7/site-packages/airflow/example_dags/example_sla_dag.py
[2023-04-22T22:53:15.271+0000] {processor.py:743} INFO - Processing file /home/airflow/.local/lib/python3.7/site-packages/airflow/example_dags/example_sla_dag.py for tasks to queue
[2023-04-22T22:53:15.272+0000] {logging_mixin.py:137} INFO - [2023-04-22T22:53:15.272+0000] {dagbag.py:532} INFO - Filling up the DagBag from /home/airflow/.local/lib/python3.7/site-packages/airflow/example_dags/example_sla_dag.py
[2023-04-22T22:53:15.291+0000] {processor.py:753} INFO - DAG(s) dict_keys(['example_sla_dag']) retrieved from /home/airflow/.local/lib/python3.7/site-packages/airflow/example_dags/example_sla_dag.py
[2023-04-22T22:53:15.313+0000] {logging_mixin.py:137} INFO - [2023-04-22T22:53:15.313+0000] {dag.py:2705} INFO - Sync 1 DAGs
[2023-04-22T22:53:15.332+0000] {logging_mixin.py:137} INFO - [2023-04-22T22:53:15.332+0000] {dag.py:3456} INFO - Setting next_dagrun for example_sla_dag to 2023-04-22T22:50:00+00:00, run_after=2023-04-22T22:52:00+00:00
[2023-04-22T22:53:15.343+0000] {processor.py:175} INFO - Processing /home/airflow/.local/lib/python3.7/site-packages/airflow/example_dags/example_sla_dag.py took 0.076 seconds
[2023-04-22T22:53:46.090+0000] {processor.py:153} INFO - Started process (PID=422) to work on /home/airflow/.local/lib/python3.7/site-packages/airflow/example_dags/example_sla_dag.py
[2023-04-22T22:53:46.092+0000] {processor.py:743} INFO - Processing file /home/airflow/.local/lib/python3.7/site-packages/airflow/example_dags/example_sla_dag.py for tasks to queue
[2023-04-22T22:53:46.093+0000] {logging_mixin.py:137} INFO - [2023-04-22T22:53:46.093+0000] {dagbag.py:532} INFO - Filling up the DagBag from /home/airflow/.local/lib/python3.7/site-packages/airflow/example_dags/example_sla_dag.py
[2023-04-22T22:53:46.110+0000] {processor.py:753} INFO - DAG(s) dict_keys(['example_sla_dag']) retrieved from /home/airflow/.local/lib/python3.7/site-packages/airflow/example_dags/example_sla_dag.py
[2023-04-22T22:53:46.134+0000] {logging_mixin.py:137} INFO - [2023-04-22T22:53:46.133+0000] {dag.py:2705} INFO - Sync 1 DAGs
[2023-04-22T22:53:46.157+0000] {logging_mixin.py:137} INFO - [2023-04-22T22:53:46.157+0000] {dag.py:3456} INFO - Setting next_dagrun for example_sla_dag to 2023-04-22T22:50:00+00:00, run_after=2023-04-22T22:52:00+00:00
[2023-04-22T22:53:46.170+0000] {processor.py:175} INFO - Processing /home/airflow/.local/lib/python3.7/site-packages/airflow/example_dags/example_sla_dag.py took 0.083 seconds
[2023-04-22T23:03:14.379+0000] {processor.py:153} INFO - Started process (PID=66) to work on /home/airflow/.local/lib/python3.7/site-packages/airflow/example_dags/example_sla_dag.py
[2023-04-22T23:03:14.381+0000] {processor.py:743} INFO - Processing file /home/airflow/.local/lib/python3.7/site-packages/airflow/example_dags/example_sla_dag.py for tasks to queue
[2023-04-22T23:03:14.382+0000] {logging_mixin.py:137} INFO - [2023-04-22T23:03:14.382+0000] {dagbag.py:532} INFO - Filling up the DagBag from /home/airflow/.local/lib/python3.7/site-packages/airflow/example_dags/example_sla_dag.py
[2023-04-22T23:03:14.405+0000] {processor.py:753} INFO - DAG(s) dict_keys(['example_sla_dag']) retrieved from /home/airflow/.local/lib/python3.7/site-packages/airflow/example_dags/example_sla_dag.py
[2023-04-22T23:03:14.483+0000] {logging_mixin.py:137} INFO - [2023-04-22T23:03:14.483+0000] {manager.py:504} INFO - Created Permission View: can read on DAG:example_sla_dag
[2023-04-22T23:03:14.489+0000] {logging_mixin.py:137} INFO - [2023-04-22T23:03:14.489+0000] {manager.py:504} INFO - Created Permission View: can delete on DAG:example_sla_dag
[2023-04-22T23:03:14.493+0000] {logging_mixin.py:137} INFO - [2023-04-22T23:03:14.493+0000] {manager.py:504} INFO - Created Permission View: can edit on DAG:example_sla_dag
[2023-04-22T23:03:14.494+0000] {logging_mixin.py:137} INFO - [2023-04-22T23:03:14.494+0000] {dag.py:2705} INFO - Sync 1 DAGs
[2023-04-22T23:03:14.502+0000] {logging_mixin.py:137} INFO - [2023-04-22T23:03:14.502+0000] {dag.py:2726} INFO - Creating ORM DAG for example_sla_dag
[2023-04-22T23:03:14.512+0000] {logging_mixin.py:137} INFO - [2023-04-22T23:03:14.512+0000] {dag.py:3456} INFO - Setting next_dagrun for example_sla_dag to 2023-04-22T23:00:00+00:00, run_after=2023-04-22T23:02:00+00:00
[2023-04-22T23:03:14.523+0000] {processor.py:175} INFO - Processing /home/airflow/.local/lib/python3.7/site-packages/airflow/example_dags/example_sla_dag.py took 0.147 seconds
[2023-04-22T23:03:45.285+0000] {processor.py:153} INFO - Started process (PID=117) to work on /home/airflow/.local/lib/python3.7/site-packages/airflow/example_dags/example_sla_dag.py
[2023-04-22T23:03:45.286+0000] {processor.py:743} INFO - Processing file /home/airflow/.local/lib/python3.7/site-packages/airflow/example_dags/example_sla_dag.py for tasks to queue
[2023-04-22T23:03:45.287+0000] {logging_mixin.py:137} INFO - [2023-04-22T23:03:45.287+0000] {dagbag.py:532} INFO - Filling up the DagBag from /home/airflow/.local/lib/python3.7/site-packages/airflow/example_dags/example_sla_dag.py
[2023-04-22T23:03:45.302+0000] {processor.py:753} INFO - DAG(s) dict_keys(['example_sla_dag']) retrieved from /home/airflow/.local/lib/python3.7/site-packages/airflow/example_dags/example_sla_dag.py
[2023-04-22T23:03:45.321+0000] {logging_mixin.py:137} INFO - [2023-04-22T23:03:45.321+0000] {dag.py:2705} INFO - Sync 1 DAGs
[2023-04-22T23:03:45.339+0000] {logging_mixin.py:137} INFO - [2023-04-22T23:03:45.339+0000] {dag.py:3456} INFO - Setting next_dagrun for example_sla_dag to 2023-04-22T23:00:00+00:00, run_after=2023-04-22T23:02:00+00:00
[2023-04-22T23:03:45.349+0000] {processor.py:175} INFO - Processing /home/airflow/.local/lib/python3.7/site-packages/airflow/example_dags/example_sla_dag.py took 0.068 seconds
[2023-04-22T23:04:15.930+0000] {processor.py:153} INFO - Started process (PID=168) to work on /home/airflow/.local/lib/python3.7/site-packages/airflow/example_dags/example_sla_dag.py
[2023-04-22T23:04:15.931+0000] {processor.py:743} INFO - Processing file /home/airflow/.local/lib/python3.7/site-packages/airflow/example_dags/example_sla_dag.py for tasks to queue
[2023-04-22T23:04:15.932+0000] {logging_mixin.py:137} INFO - [2023-04-22T23:04:15.932+0000] {dagbag.py:532} INFO - Filling up the DagBag from /home/airflow/.local/lib/python3.7/site-packages/airflow/example_dags/example_sla_dag.py
[2023-04-22T23:04:15.950+0000] {processor.py:753} INFO - DAG(s) dict_keys(['example_sla_dag']) retrieved from /home/airflow/.local/lib/python3.7/site-packages/airflow/example_dags/example_sla_dag.py
[2023-04-22T23:04:15.970+0000] {logging_mixin.py:137} INFO - [2023-04-22T23:04:15.970+0000] {dag.py:2705} INFO - Sync 1 DAGs
[2023-04-22T23:04:15.988+0000] {logging_mixin.py:137} INFO - [2023-04-22T23:04:15.988+0000] {dag.py:3456} INFO - Setting next_dagrun for example_sla_dag to 2023-04-22T23:02:00+00:00, run_after=2023-04-22T23:04:00+00:00
[2023-04-22T23:04:15.999+0000] {processor.py:175} INFO - Processing /home/airflow/.local/lib/python3.7/site-packages/airflow/example_dags/example_sla_dag.py took 0.072 seconds
[2023-04-22T23:04:46.439+0000] {processor.py:153} INFO - Started process (PID=219) to work on /home/airflow/.local/lib/python3.7/site-packages/airflow/example_dags/example_sla_dag.py
[2023-04-22T23:04:46.440+0000] {processor.py:743} INFO - Processing file /home/airflow/.local/lib/python3.7/site-packages/airflow/example_dags/example_sla_dag.py for tasks to queue
[2023-04-22T23:04:46.441+0000] {logging_mixin.py:137} INFO - [2023-04-22T23:04:46.441+0000] {dagbag.py:532} INFO - Filling up the DagBag from /home/airflow/.local/lib/python3.7/site-packages/airflow/example_dags/example_sla_dag.py
[2023-04-22T23:04:46.458+0000] {processor.py:753} INFO - DAG(s) dict_keys(['example_sla_dag']) retrieved from /home/airflow/.local/lib/python3.7/site-packages/airflow/example_dags/example_sla_dag.py
[2023-04-22T23:04:46.478+0000] {logging_mixin.py:137} INFO - [2023-04-22T23:04:46.478+0000] {dag.py:2705} INFO - Sync 1 DAGs
[2023-04-22T23:04:46.496+0000] {logging_mixin.py:137} INFO - [2023-04-22T23:04:46.496+0000] {dag.py:3456} INFO - Setting next_dagrun for example_sla_dag to 2023-04-22T23:02:00+00:00, run_after=2023-04-22T23:04:00+00:00
[2023-04-22T23:04:46.538+0000] {processor.py:175} INFO - Processing /home/airflow/.local/lib/python3.7/site-packages/airflow/example_dags/example_sla_dag.py took 0.102 seconds
[2023-04-22T23:05:17.005+0000] {processor.py:153} INFO - Started process (PID=270) to work on /home/airflow/.local/lib/python3.7/site-packages/airflow/example_dags/example_sla_dag.py
[2023-04-22T23:05:17.006+0000] {processor.py:743} INFO - Processing file /home/airflow/.local/lib/python3.7/site-packages/airflow/example_dags/example_sla_dag.py for tasks to queue
[2023-04-22T23:05:17.007+0000] {logging_mixin.py:137} INFO - [2023-04-22T23:05:17.007+0000] {dagbag.py:532} INFO - Filling up the DagBag from /home/airflow/.local/lib/python3.7/site-packages/airflow/example_dags/example_sla_dag.py
[2023-04-22T23:05:17.025+0000] {processor.py:753} INFO - DAG(s) dict_keys(['example_sla_dag']) retrieved from /home/airflow/.local/lib/python3.7/site-packages/airflow/example_dags/example_sla_dag.py
[2023-04-22T23:05:17.047+0000] {logging_mixin.py:137} INFO - [2023-04-22T23:05:17.047+0000] {dag.py:2705} INFO - Sync 1 DAGs
[2023-04-22T23:05:17.064+0000] {logging_mixin.py:137} INFO - [2023-04-22T23:05:17.064+0000] {dag.py:3456} INFO - Setting next_dagrun for example_sla_dag to 2023-04-22T23:02:00+00:00, run_after=2023-04-22T23:04:00+00:00
[2023-04-22T23:05:17.075+0000] {processor.py:175} INFO - Processing /home/airflow/.local/lib/python3.7/site-packages/airflow/example_dags/example_sla_dag.py took 0.073 seconds
[2023-04-22T23:05:47.239+0000] {processor.py:153} INFO - Started process (PID=322) to work on /home/airflow/.local/lib/python3.7/site-packages/airflow/example_dags/example_sla_dag.py
[2023-04-22T23:05:47.241+0000] {processor.py:743} INFO - Processing file /home/airflow/.local/lib/python3.7/site-packages/airflow/example_dags/example_sla_dag.py for tasks to queue
[2023-04-22T23:05:47.241+0000] {logging_mixin.py:137} INFO - [2023-04-22T23:05:47.241+0000] {dagbag.py:532} INFO - Filling up the DagBag from /home/airflow/.local/lib/python3.7/site-packages/airflow/example_dags/example_sla_dag.py
[2023-04-22T23:05:47.265+0000] {processor.py:753} INFO - DAG(s) dict_keys(['example_sla_dag']) retrieved from /home/airflow/.local/lib/python3.7/site-packages/airflow/example_dags/example_sla_dag.py
[2023-04-22T23:05:47.316+0000] {logging_mixin.py:137} INFO - [2023-04-22T23:05:47.316+0000] {dag.py:2705} INFO - Sync 1 DAGs
[2023-04-22T23:05:47.335+0000] {logging_mixin.py:137} INFO - [2023-04-22T23:05:47.335+0000] {dag.py:3456} INFO - Setting next_dagrun for example_sla_dag to 2023-04-22T23:02:00+00:00, run_after=2023-04-22T23:04:00+00:00
[2023-04-22T23:05:47.347+0000] {processor.py:175} INFO - Processing /home/airflow/.local/lib/python3.7/site-packages/airflow/example_dags/example_sla_dag.py took 0.111 seconds
[2023-04-22T23:06:17.507+0000] {processor.py:153} INFO - Started process (PID=373) to work on /home/airflow/.local/lib/python3.7/site-packages/airflow/example_dags/example_sla_dag.py
[2023-04-22T23:06:17.509+0000] {processor.py:743} INFO - Processing file /home/airflow/.local/lib/python3.7/site-packages/airflow/example_dags/example_sla_dag.py for tasks to queue
[2023-04-22T23:06:17.509+0000] {logging_mixin.py:137} INFO - [2023-04-22T23:06:17.509+0000] {dagbag.py:532} INFO - Filling up the DagBag from /home/airflow/.local/lib/python3.7/site-packages/airflow/example_dags/example_sla_dag.py
[2023-04-22T23:06:17.526+0000] {processor.py:753} INFO - DAG(s) dict_keys(['example_sla_dag']) retrieved from /home/airflow/.local/lib/python3.7/site-packages/airflow/example_dags/example_sla_dag.py
[2023-04-22T23:06:17.546+0000] {logging_mixin.py:137} INFO - [2023-04-22T23:06:17.546+0000] {dag.py:2705} INFO - Sync 1 DAGs
[2023-04-22T23:06:17.563+0000] {logging_mixin.py:137} INFO - [2023-04-22T23:06:17.563+0000] {dag.py:3456} INFO - Setting next_dagrun for example_sla_dag to 2023-04-22T23:04:00+00:00, run_after=2023-04-22T23:06:00+00:00
[2023-04-22T23:06:17.574+0000] {processor.py:175} INFO - Processing /home/airflow/.local/lib/python3.7/site-packages/airflow/example_dags/example_sla_dag.py took 0.069 seconds
[2023-04-22T23:06:48.323+0000] {processor.py:153} INFO - Started process (PID=425) to work on /home/airflow/.local/lib/python3.7/site-packages/airflow/example_dags/example_sla_dag.py
[2023-04-22T23:06:48.324+0000] {processor.py:743} INFO - Processing file /home/airflow/.local/lib/python3.7/site-packages/airflow/example_dags/example_sla_dag.py for tasks to queue
[2023-04-22T23:06:48.325+0000] {logging_mixin.py:137} INFO - [2023-04-22T23:06:48.325+0000] {dagbag.py:532} INFO - Filling up the DagBag from /home/airflow/.local/lib/python3.7/site-packages/airflow/example_dags/example_sla_dag.py
[2023-04-22T23:06:48.340+0000] {processor.py:753} INFO - DAG(s) dict_keys(['example_sla_dag']) retrieved from /home/airflow/.local/lib/python3.7/site-packages/airflow/example_dags/example_sla_dag.py
[2023-04-22T23:06:48.359+0000] {logging_mixin.py:137} INFO - [2023-04-22T23:06:48.359+0000] {dag.py:2705} INFO - Sync 1 DAGs
[2023-04-22T23:06:48.375+0000] {logging_mixin.py:137} INFO - [2023-04-22T23:06:48.375+0000] {dag.py:3456} INFO - Setting next_dagrun for example_sla_dag to 2023-04-22T23:04:00+00:00, run_after=2023-04-22T23:06:00+00:00
[2023-04-22T23:06:48.388+0000] {processor.py:175} INFO - Processing /home/airflow/.local/lib/python3.7/site-packages/airflow/example_dags/example_sla_dag.py took 0.068 seconds
[2023-04-22T23:12:39.274+0000] {processor.py:153} INFO - Started process (PID=66) to work on /home/airflow/.local/lib/python3.7/site-packages/airflow/example_dags/example_sla_dag.py
[2023-04-22T23:12:39.275+0000] {processor.py:743} INFO - Processing file /home/airflow/.local/lib/python3.7/site-packages/airflow/example_dags/example_sla_dag.py for tasks to queue
[2023-04-22T23:12:39.276+0000] {logging_mixin.py:137} INFO - [2023-04-22T23:12:39.276+0000] {dagbag.py:532} INFO - Filling up the DagBag from /home/airflow/.local/lib/python3.7/site-packages/airflow/example_dags/example_sla_dag.py
[2023-04-22T23:12:39.300+0000] {processor.py:753} INFO - DAG(s) dict_keys(['example_sla_dag']) retrieved from /home/airflow/.local/lib/python3.7/site-packages/airflow/example_dags/example_sla_dag.py
[2023-04-22T23:12:39.380+0000] {logging_mixin.py:137} INFO - [2023-04-22T23:12:39.380+0000] {manager.py:504} INFO - Created Permission View: can edit on DAG:example_sla_dag
[2023-04-22T23:12:39.387+0000] {logging_mixin.py:137} INFO - [2023-04-22T23:12:39.387+0000] {manager.py:504} INFO - Created Permission View: can read on DAG:example_sla_dag
[2023-04-22T23:12:39.394+0000] {logging_mixin.py:137} INFO - [2023-04-22T23:12:39.394+0000] {manager.py:504} INFO - Created Permission View: can delete on DAG:example_sla_dag
[2023-04-22T23:12:39.395+0000] {logging_mixin.py:137} INFO - [2023-04-22T23:12:39.395+0000] {dag.py:2705} INFO - Sync 1 DAGs
[2023-04-22T23:12:39.420+0000] {logging_mixin.py:137} INFO - [2023-04-22T23:12:39.419+0000] {dag.py:2726} INFO - Creating ORM DAG for example_sla_dag
[2023-04-22T23:12:39.439+0000] {logging_mixin.py:137} INFO - [2023-04-22T23:12:39.439+0000] {dag.py:3456} INFO - Setting next_dagrun for example_sla_dag to 2023-04-22T23:10:00+00:00, run_after=2023-04-22T23:12:00+00:00
[2023-04-22T23:12:39.453+0000] {processor.py:175} INFO - Processing /home/airflow/.local/lib/python3.7/site-packages/airflow/example_dags/example_sla_dag.py took 0.182 seconds
[2023-04-22T23:13:09.936+0000] {processor.py:153} INFO - Started process (PID=117) to work on /home/airflow/.local/lib/python3.7/site-packages/airflow/example_dags/example_sla_dag.py
[2023-04-22T23:13:09.937+0000] {processor.py:743} INFO - Processing file /home/airflow/.local/lib/python3.7/site-packages/airflow/example_dags/example_sla_dag.py for tasks to queue
[2023-04-22T23:13:09.938+0000] {logging_mixin.py:137} INFO - [2023-04-22T23:13:09.938+0000] {dagbag.py:532} INFO - Filling up the DagBag from /home/airflow/.local/lib/python3.7/site-packages/airflow/example_dags/example_sla_dag.py
[2023-04-22T23:13:09.953+0000] {processor.py:753} INFO - DAG(s) dict_keys(['example_sla_dag']) retrieved from /home/airflow/.local/lib/python3.7/site-packages/airflow/example_dags/example_sla_dag.py
[2023-04-22T23:13:09.973+0000] {logging_mixin.py:137} INFO - [2023-04-22T23:13:09.972+0000] {dag.py:2705} INFO - Sync 1 DAGs
[2023-04-22T23:13:09.991+0000] {logging_mixin.py:137} INFO - [2023-04-22T23:13:09.990+0000] {dag.py:3456} INFO - Setting next_dagrun for example_sla_dag to 2023-04-22T23:10:00+00:00, run_after=2023-04-22T23:12:00+00:00
[2023-04-22T23:13:10.002+0000] {processor.py:175} INFO - Processing /home/airflow/.local/lib/python3.7/site-packages/airflow/example_dags/example_sla_dag.py took 0.069 seconds
[2023-04-22T23:13:40.418+0000] {processor.py:153} INFO - Started process (PID=168) to work on /home/airflow/.local/lib/python3.7/site-packages/airflow/example_dags/example_sla_dag.py
[2023-04-22T23:13:40.419+0000] {processor.py:743} INFO - Processing file /home/airflow/.local/lib/python3.7/site-packages/airflow/example_dags/example_sla_dag.py for tasks to queue
[2023-04-22T23:13:40.420+0000] {logging_mixin.py:137} INFO - [2023-04-22T23:13:40.420+0000] {dagbag.py:532} INFO - Filling up the DagBag from /home/airflow/.local/lib/python3.7/site-packages/airflow/example_dags/example_sla_dag.py
[2023-04-22T23:13:40.434+0000] {processor.py:753} INFO - DAG(s) dict_keys(['example_sla_dag']) retrieved from /home/airflow/.local/lib/python3.7/site-packages/airflow/example_dags/example_sla_dag.py
[2023-04-22T23:13:40.453+0000] {logging_mixin.py:137} INFO - [2023-04-22T23:13:40.452+0000] {dag.py:2705} INFO - Sync 1 DAGs
[2023-04-22T23:13:40.469+0000] {logging_mixin.py:137} INFO - [2023-04-22T23:13:40.469+0000] {dag.py:3456} INFO - Setting next_dagrun for example_sla_dag to 2023-04-22T23:10:00+00:00, run_after=2023-04-22T23:12:00+00:00
[2023-04-22T23:13:40.480+0000] {processor.py:175} INFO - Processing /home/airflow/.local/lib/python3.7/site-packages/airflow/example_dags/example_sla_dag.py took 0.065 seconds
[2023-04-22T23:14:10.850+0000] {processor.py:153} INFO - Started process (PID=220) to work on /home/airflow/.local/lib/python3.7/site-packages/airflow/example_dags/example_sla_dag.py
[2023-04-22T23:14:10.851+0000] {processor.py:743} INFO - Processing file /home/airflow/.local/lib/python3.7/site-packages/airflow/example_dags/example_sla_dag.py for tasks to queue
[2023-04-22T23:14:10.852+0000] {logging_mixin.py:137} INFO - [2023-04-22T23:14:10.852+0000] {dagbag.py:532} INFO - Filling up the DagBag from /home/airflow/.local/lib/python3.7/site-packages/airflow/example_dags/example_sla_dag.py
[2023-04-22T23:14:10.867+0000] {processor.py:753} INFO - DAG(s) dict_keys(['example_sla_dag']) retrieved from /home/airflow/.local/lib/python3.7/site-packages/airflow/example_dags/example_sla_dag.py
[2023-04-22T23:14:10.886+0000] {logging_mixin.py:137} INFO - [2023-04-22T23:14:10.885+0000] {dag.py:2705} INFO - Sync 1 DAGs
[2023-04-22T23:14:10.902+0000] {logging_mixin.py:137} INFO - [2023-04-22T23:14:10.902+0000] {dag.py:3456} INFO - Setting next_dagrun for example_sla_dag to 2023-04-22T23:12:00+00:00, run_after=2023-04-22T23:14:00+00:00
[2023-04-22T23:14:10.912+0000] {processor.py:175} INFO - Processing /home/airflow/.local/lib/python3.7/site-packages/airflow/example_dags/example_sla_dag.py took 0.065 seconds
[2023-04-22T23:14:41.206+0000] {processor.py:153} INFO - Started process (PID=271) to work on /home/airflow/.local/lib/python3.7/site-packages/airflow/example_dags/example_sla_dag.py
[2023-04-22T23:14:41.207+0000] {processor.py:743} INFO - Processing file /home/airflow/.local/lib/python3.7/site-packages/airflow/example_dags/example_sla_dag.py for tasks to queue
[2023-04-22T23:14:41.207+0000] {logging_mixin.py:137} INFO - [2023-04-22T23:14:41.207+0000] {dagbag.py:532} INFO - Filling up the DagBag from /home/airflow/.local/lib/python3.7/site-packages/airflow/example_dags/example_sla_dag.py
[2023-04-22T23:14:41.221+0000] {processor.py:753} INFO - DAG(s) dict_keys(['example_sla_dag']) retrieved from /home/airflow/.local/lib/python3.7/site-packages/airflow/example_dags/example_sla_dag.py
[2023-04-22T23:14:41.239+0000] {logging_mixin.py:137} INFO - [2023-04-22T23:14:41.239+0000] {dag.py:2705} INFO - Sync 1 DAGs
[2023-04-22T23:14:41.257+0000] {logging_mixin.py:137} INFO - [2023-04-22T23:14:41.257+0000] {dag.py:3456} INFO - Setting next_dagrun for example_sla_dag to 2023-04-22T23:12:00+00:00, run_after=2023-04-22T23:14:00+00:00
[2023-04-22T23:14:41.268+0000] {processor.py:175} INFO - Processing /home/airflow/.local/lib/python3.7/site-packages/airflow/example_dags/example_sla_dag.py took 0.065 seconds
[2023-04-22T23:15:11.706+0000] {processor.py:153} INFO - Started process (PID=321) to work on /home/airflow/.local/lib/python3.7/site-packages/airflow/example_dags/example_sla_dag.py
[2023-04-22T23:15:11.707+0000] {processor.py:743} INFO - Processing file /home/airflow/.local/lib/python3.7/site-packages/airflow/example_dags/example_sla_dag.py for tasks to queue
[2023-04-22T23:15:11.708+0000] {logging_mixin.py:137} INFO - [2023-04-22T23:15:11.708+0000] {dagbag.py:532} INFO - Filling up the DagBag from /home/airflow/.local/lib/python3.7/site-packages/airflow/example_dags/example_sla_dag.py
[2023-04-22T23:15:11.723+0000] {processor.py:753} INFO - DAG(s) dict_keys(['example_sla_dag']) retrieved from /home/airflow/.local/lib/python3.7/site-packages/airflow/example_dags/example_sla_dag.py
[2023-04-22T23:15:11.743+0000] {logging_mixin.py:137} INFO - [2023-04-22T23:15:11.743+0000] {dag.py:2705} INFO - Sync 1 DAGs
[2023-04-22T23:15:11.762+0000] {logging_mixin.py:137} INFO - [2023-04-22T23:15:11.762+0000] {dag.py:3456} INFO - Setting next_dagrun for example_sla_dag to 2023-04-22T23:12:00+00:00, run_after=2023-04-22T23:14:00+00:00
[2023-04-22T23:15:11.773+0000] {processor.py:175} INFO - Processing /home/airflow/.local/lib/python3.7/site-packages/airflow/example_dags/example_sla_dag.py took 0.070 seconds
[2023-04-22T23:15:42.173+0000] {processor.py:153} INFO - Started process (PID=372) to work on /home/airflow/.local/lib/python3.7/site-packages/airflow/example_dags/example_sla_dag.py
[2023-04-22T23:15:42.175+0000] {processor.py:743} INFO - Processing file /home/airflow/.local/lib/python3.7/site-packages/airflow/example_dags/example_sla_dag.py for tasks to queue
[2023-04-22T23:15:42.177+0000] {logging_mixin.py:137} INFO - [2023-04-22T23:15:42.177+0000] {dagbag.py:532} INFO - Filling up the DagBag from /home/airflow/.local/lib/python3.7/site-packages/airflow/example_dags/example_sla_dag.py
[2023-04-22T23:15:42.192+0000] {processor.py:753} INFO - DAG(s) dict_keys(['example_sla_dag']) retrieved from /home/airflow/.local/lib/python3.7/site-packages/airflow/example_dags/example_sla_dag.py
[2023-04-22T23:15:42.212+0000] {logging_mixin.py:137} INFO - [2023-04-22T23:15:42.212+0000] {dag.py:2705} INFO - Sync 1 DAGs
[2023-04-22T23:15:42.229+0000] {logging_mixin.py:137} INFO - [2023-04-22T23:15:42.229+0000] {dag.py:3456} INFO - Setting next_dagrun for example_sla_dag to 2023-04-22T23:12:00+00:00, run_after=2023-04-22T23:14:00+00:00
[2023-04-22T23:15:42.240+0000] {processor.py:175} INFO - Processing /home/airflow/.local/lib/python3.7/site-packages/airflow/example_dags/example_sla_dag.py took 0.070 seconds
[2023-04-22T23:16:12.766+0000] {processor.py:153} INFO - Started process (PID=423) to work on /home/airflow/.local/lib/python3.7/site-packages/airflow/example_dags/example_sla_dag.py
[2023-04-22T23:16:12.767+0000] {processor.py:743} INFO - Processing file /home/airflow/.local/lib/python3.7/site-packages/airflow/example_dags/example_sla_dag.py for tasks to queue
[2023-04-22T23:16:12.768+0000] {logging_mixin.py:137} INFO - [2023-04-22T23:16:12.768+0000] {dagbag.py:532} INFO - Filling up the DagBag from /home/airflow/.local/lib/python3.7/site-packages/airflow/example_dags/example_sla_dag.py
[2023-04-22T23:16:12.783+0000] {processor.py:753} INFO - DAG(s) dict_keys(['example_sla_dag']) retrieved from /home/airflow/.local/lib/python3.7/site-packages/airflow/example_dags/example_sla_dag.py
[2023-04-22T23:16:12.802+0000] {logging_mixin.py:137} INFO - [2023-04-22T23:16:12.802+0000] {dag.py:2705} INFO - Sync 1 DAGs
[2023-04-22T23:16:12.819+0000] {logging_mixin.py:137} INFO - [2023-04-22T23:16:12.819+0000] {dag.py:3456} INFO - Setting next_dagrun for example_sla_dag to 2023-04-22T23:14:00+00:00, run_after=2023-04-22T23:16:00+00:00
[2023-04-22T23:16:12.829+0000] {processor.py:175} INFO - Processing /home/airflow/.local/lib/python3.7/site-packages/airflow/example_dags/example_sla_dag.py took 0.066 seconds
[2023-04-22T23:16:43.044+0000] {processor.py:153} INFO - Started process (PID=474) to work on /home/airflow/.local/lib/python3.7/site-packages/airflow/example_dags/example_sla_dag.py
[2023-04-22T23:16:43.045+0000] {processor.py:743} INFO - Processing file /home/airflow/.local/lib/python3.7/site-packages/airflow/example_dags/example_sla_dag.py for tasks to queue
[2023-04-22T23:16:43.046+0000] {logging_mixin.py:137} INFO - [2023-04-22T23:16:43.046+0000] {dagbag.py:532} INFO - Filling up the DagBag from /home/airflow/.local/lib/python3.7/site-packages/airflow/example_dags/example_sla_dag.py
[2023-04-22T23:16:43.062+0000] {processor.py:753} INFO - DAG(s) dict_keys(['example_sla_dag']) retrieved from /home/airflow/.local/lib/python3.7/site-packages/airflow/example_dags/example_sla_dag.py
[2023-04-22T23:16:43.082+0000] {logging_mixin.py:137} INFO - [2023-04-22T23:16:43.082+0000] {dag.py:2705} INFO - Sync 1 DAGs
[2023-04-22T23:16:43.100+0000] {logging_mixin.py:137} INFO - [2023-04-22T23:16:43.100+0000] {dag.py:3456} INFO - Setting next_dagrun for example_sla_dag to 2023-04-22T23:14:00+00:00, run_after=2023-04-22T23:16:00+00:00
[2023-04-22T23:16:43.112+0000] {processor.py:175} INFO - Processing /home/airflow/.local/lib/python3.7/site-packages/airflow/example_dags/example_sla_dag.py took 0.070 seconds
[2023-04-22T23:17:13.609+0000] {processor.py:153} INFO - Started process (PID=525) to work on /home/airflow/.local/lib/python3.7/site-packages/airflow/example_dags/example_sla_dag.py
[2023-04-22T23:17:13.610+0000] {processor.py:743} INFO - Processing file /home/airflow/.local/lib/python3.7/site-packages/airflow/example_dags/example_sla_dag.py for tasks to queue
[2023-04-22T23:17:13.611+0000] {logging_mixin.py:137} INFO - [2023-04-22T23:17:13.610+0000] {dagbag.py:532} INFO - Filling up the DagBag from /home/airflow/.local/lib/python3.7/site-packages/airflow/example_dags/example_sla_dag.py
[2023-04-22T23:17:13.627+0000] {processor.py:753} INFO - DAG(s) dict_keys(['example_sla_dag']) retrieved from /home/airflow/.local/lib/python3.7/site-packages/airflow/example_dags/example_sla_dag.py
[2023-04-22T23:17:13.649+0000] {logging_mixin.py:137} INFO - [2023-04-22T23:17:13.648+0000] {dag.py:2705} INFO - Sync 1 DAGs
[2023-04-22T23:17:13.667+0000] {logging_mixin.py:137} INFO - [2023-04-22T23:17:13.667+0000] {dag.py:3456} INFO - Setting next_dagrun for example_sla_dag to 2023-04-22T23:14:00+00:00, run_after=2023-04-22T23:16:00+00:00
[2023-04-22T23:17:13.678+0000] {processor.py:175} INFO - Processing /home/airflow/.local/lib/python3.7/site-packages/airflow/example_dags/example_sla_dag.py took 0.074 seconds
[2023-04-22T23:17:44.000+0000] {processor.py:153} INFO - Started process (PID=576) to work on /home/airflow/.local/lib/python3.7/site-packages/airflow/example_dags/example_sla_dag.py
[2023-04-22T23:17:44.007+0000] {processor.py:743} INFO - Processing file /home/airflow/.local/lib/python3.7/site-packages/airflow/example_dags/example_sla_dag.py for tasks to queue
[2023-04-22T23:17:44.009+0000] {logging_mixin.py:137} INFO - [2023-04-22T23:17:44.008+0000] {dagbag.py:532} INFO - Filling up the DagBag from /home/airflow/.local/lib/python3.7/site-packages/airflow/example_dags/example_sla_dag.py
[2023-04-22T23:17:44.050+0000] {processor.py:753} INFO - DAG(s) dict_keys(['example_sla_dag']) retrieved from /home/airflow/.local/lib/python3.7/site-packages/airflow/example_dags/example_sla_dag.py
[2023-04-22T23:17:44.092+0000] {logging_mixin.py:137} INFO - [2023-04-22T23:17:44.091+0000] {dag.py:2705} INFO - Sync 1 DAGs
[2023-04-22T23:17:44.132+0000] {logging_mixin.py:137} INFO - [2023-04-22T23:17:44.132+0000] {dag.py:3456} INFO - Setting next_dagrun for example_sla_dag to 2023-04-22T23:14:00+00:00, run_after=2023-04-22T23:16:00+00:00
[2023-04-22T23:17:44.153+0000] {processor.py:175} INFO - Processing /home/airflow/.local/lib/python3.7/site-packages/airflow/example_dags/example_sla_dag.py took 0.161 seconds
[2023-04-22T23:18:14.860+0000] {processor.py:153} INFO - Started process (PID=627) to work on /home/airflow/.local/lib/python3.7/site-packages/airflow/example_dags/example_sla_dag.py
[2023-04-22T23:18:14.862+0000] {processor.py:743} INFO - Processing file /home/airflow/.local/lib/python3.7/site-packages/airflow/example_dags/example_sla_dag.py for tasks to queue
[2023-04-22T23:18:14.863+0000] {logging_mixin.py:137} INFO - [2023-04-22T23:18:14.862+0000] {dagbag.py:532} INFO - Filling up the DagBag from /home/airflow/.local/lib/python3.7/site-packages/airflow/example_dags/example_sla_dag.py
[2023-04-22T23:18:14.882+0000] {processor.py:753} INFO - DAG(s) dict_keys(['example_sla_dag']) retrieved from /home/airflow/.local/lib/python3.7/site-packages/airflow/example_dags/example_sla_dag.py
[2023-04-22T23:18:14.905+0000] {logging_mixin.py:137} INFO - [2023-04-22T23:18:14.905+0000] {dag.py:2705} INFO - Sync 1 DAGs
[2023-04-22T23:18:14.928+0000] {logging_mixin.py:137} INFO - [2023-04-22T23:18:14.928+0000] {dag.py:3456} INFO - Setting next_dagrun for example_sla_dag to 2023-04-22T23:16:00+00:00, run_after=2023-04-22T23:18:00+00:00
[2023-04-22T23:18:14.947+0000] {processor.py:175} INFO - Processing /home/airflow/.local/lib/python3.7/site-packages/airflow/example_dags/example_sla_dag.py took 0.090 seconds
[2023-04-22T23:19:31.218+0000] {processor.py:153} INFO - Started process (PID=66) to work on /home/airflow/.local/lib/python3.7/site-packages/airflow/example_dags/example_sla_dag.py
[2023-04-22T23:19:31.225+0000] {processor.py:743} INFO - Processing file /home/airflow/.local/lib/python3.7/site-packages/airflow/example_dags/example_sla_dag.py for tasks to queue
[2023-04-22T23:19:31.227+0000] {logging_mixin.py:137} INFO - [2023-04-22T23:19:31.227+0000] {dagbag.py:532} INFO - Filling up the DagBag from /home/airflow/.local/lib/python3.7/site-packages/airflow/example_dags/example_sla_dag.py
[2023-04-22T23:19:31.265+0000] {processor.py:753} INFO - DAG(s) dict_keys(['example_sla_dag']) retrieved from /home/airflow/.local/lib/python3.7/site-packages/airflow/example_dags/example_sla_dag.py
[2023-04-22T23:19:31.289+0000] {logging_mixin.py:137} INFO - [2023-04-22T23:19:31.289+0000] {dag.py:2705} INFO - Sync 1 DAGs
[2023-04-22T23:19:31.339+0000] {logging_mixin.py:137} INFO - [2023-04-22T23:19:31.339+0000] {dag.py:3456} INFO - Setting next_dagrun for example_sla_dag to 2023-04-22T23:16:00+00:00, run_after=2023-04-22T23:18:00+00:00
[2023-04-22T23:19:31.369+0000] {processor.py:175} INFO - Processing /home/airflow/.local/lib/python3.7/site-packages/airflow/example_dags/example_sla_dag.py took 0.163 seconds
[2023-04-22T23:20:01.415+0000] {processor.py:153} INFO - Started process (PID=117) to work on /home/airflow/.local/lib/python3.7/site-packages/airflow/example_dags/example_sla_dag.py
[2023-04-22T23:20:01.416+0000] {processor.py:743} INFO - Processing file /home/airflow/.local/lib/python3.7/site-packages/airflow/example_dags/example_sla_dag.py for tasks to queue
[2023-04-22T23:20:01.418+0000] {logging_mixin.py:137} INFO - [2023-04-22T23:20:01.418+0000] {dagbag.py:532} INFO - Filling up the DagBag from /home/airflow/.local/lib/python3.7/site-packages/airflow/example_dags/example_sla_dag.py
[2023-04-22T23:20:01.436+0000] {processor.py:753} INFO - DAG(s) dict_keys(['example_sla_dag']) retrieved from /home/airflow/.local/lib/python3.7/site-packages/airflow/example_dags/example_sla_dag.py
[2023-04-22T23:20:01.454+0000] {logging_mixin.py:137} INFO - [2023-04-22T23:20:01.454+0000] {dag.py:2705} INFO - Sync 1 DAGs
[2023-04-22T23:20:01.471+0000] {logging_mixin.py:137} INFO - [2023-04-22T23:20:01.471+0000] {dag.py:3456} INFO - Setting next_dagrun for example_sla_dag to 2023-04-22T23:18:00+00:00, run_after=2023-04-22T23:20:00+00:00
[2023-04-22T23:20:01.481+0000] {processor.py:175} INFO - Processing /home/airflow/.local/lib/python3.7/site-packages/airflow/example_dags/example_sla_dag.py took 0.072 seconds
[2023-04-22T23:20:31.683+0000] {processor.py:153} INFO - Started process (PID=168) to work on /home/airflow/.local/lib/python3.7/site-packages/airflow/example_dags/example_sla_dag.py
[2023-04-22T23:20:31.684+0000] {processor.py:743} INFO - Processing file /home/airflow/.local/lib/python3.7/site-packages/airflow/example_dags/example_sla_dag.py for tasks to queue
[2023-04-22T23:20:31.685+0000] {logging_mixin.py:137} INFO - [2023-04-22T23:20:31.685+0000] {dagbag.py:532} INFO - Filling up the DagBag from /home/airflow/.local/lib/python3.7/site-packages/airflow/example_dags/example_sla_dag.py
[2023-04-22T23:20:31.702+0000] {processor.py:753} INFO - DAG(s) dict_keys(['example_sla_dag']) retrieved from /home/airflow/.local/lib/python3.7/site-packages/airflow/example_dags/example_sla_dag.py
[2023-04-22T23:20:31.722+0000] {logging_mixin.py:137} INFO - [2023-04-22T23:20:31.722+0000] {dag.py:2705} INFO - Sync 1 DAGs
[2023-04-22T23:20:31.740+0000] {logging_mixin.py:137} INFO - [2023-04-22T23:20:31.740+0000] {dag.py:3456} INFO - Setting next_dagrun for example_sla_dag to 2023-04-22T23:18:00+00:00, run_after=2023-04-22T23:20:00+00:00
[2023-04-22T23:20:31.752+0000] {processor.py:175} INFO - Processing /home/airflow/.local/lib/python3.7/site-packages/airflow/example_dags/example_sla_dag.py took 0.072 seconds
[2023-04-22T23:21:02.782+0000] {processor.py:153} INFO - Started process (PID=219) to work on /home/airflow/.local/lib/python3.7/site-packages/airflow/example_dags/example_sla_dag.py
[2023-04-22T23:21:02.783+0000] {processor.py:743} INFO - Processing file /home/airflow/.local/lib/python3.7/site-packages/airflow/example_dags/example_sla_dag.py for tasks to queue
[2023-04-22T23:21:02.784+0000] {logging_mixin.py:137} INFO - [2023-04-22T23:21:02.784+0000] {dagbag.py:532} INFO - Filling up the DagBag from /home/airflow/.local/lib/python3.7/site-packages/airflow/example_dags/example_sla_dag.py
[2023-04-22T23:21:02.801+0000] {processor.py:753} INFO - DAG(s) dict_keys(['example_sla_dag']) retrieved from /home/airflow/.local/lib/python3.7/site-packages/airflow/example_dags/example_sla_dag.py
[2023-04-22T23:21:02.821+0000] {logging_mixin.py:137} INFO - [2023-04-22T23:21:02.821+0000] {dag.py:2705} INFO - Sync 1 DAGs
[2023-04-22T23:21:02.838+0000] {logging_mixin.py:137} INFO - [2023-04-22T23:21:02.838+0000] {dag.py:3456} INFO - Setting next_dagrun for example_sla_dag to 2023-04-22T23:18:00+00:00, run_after=2023-04-22T23:20:00+00:00
[2023-04-22T23:21:02.849+0000] {processor.py:175} INFO - Processing /home/airflow/.local/lib/python3.7/site-packages/airflow/example_dags/example_sla_dag.py took 0.069 seconds
[2023-04-22T23:21:33.000+0000] {processor.py:153} INFO - Started process (PID=270) to work on /home/airflow/.local/lib/python3.7/site-packages/airflow/example_dags/example_sla_dag.py
[2023-04-22T23:21:33.001+0000] {processor.py:743} INFO - Processing file /home/airflow/.local/lib/python3.7/site-packages/airflow/example_dags/example_sla_dag.py for tasks to queue
[2023-04-22T23:21:33.002+0000] {logging_mixin.py:137} INFO - [2023-04-22T23:21:33.002+0000] {dagbag.py:532} INFO - Filling up the DagBag from /home/airflow/.local/lib/python3.7/site-packages/airflow/example_dags/example_sla_dag.py
[2023-04-22T23:21:33.017+0000] {processor.py:753} INFO - DAG(s) dict_keys(['example_sla_dag']) retrieved from /home/airflow/.local/lib/python3.7/site-packages/airflow/example_dags/example_sla_dag.py
[2023-04-22T23:21:33.036+0000] {logging_mixin.py:137} INFO - [2023-04-22T23:21:33.036+0000] {dag.py:2705} INFO - Sync 1 DAGs
[2023-04-22T23:21:33.055+0000] {logging_mixin.py:137} INFO - [2023-04-22T23:21:33.054+0000] {dag.py:3456} INFO - Setting next_dagrun for example_sla_dag to 2023-04-22T23:18:00+00:00, run_after=2023-04-22T23:20:00+00:00
[2023-04-22T23:21:33.065+0000] {processor.py:175} INFO - Processing /home/airflow/.local/lib/python3.7/site-packages/airflow/example_dags/example_sla_dag.py took 0.068 seconds
[2023-04-22T23:22:03.499+0000] {processor.py:153} INFO - Started process (PID=321) to work on /home/airflow/.local/lib/python3.7/site-packages/airflow/example_dags/example_sla_dag.py
[2023-04-22T23:22:03.501+0000] {processor.py:743} INFO - Processing file /home/airflow/.local/lib/python3.7/site-packages/airflow/example_dags/example_sla_dag.py for tasks to queue
[2023-04-22T23:22:03.502+0000] {logging_mixin.py:137} INFO - [2023-04-22T23:22:03.502+0000] {dagbag.py:532} INFO - Filling up the DagBag from /home/airflow/.local/lib/python3.7/site-packages/airflow/example_dags/example_sla_dag.py
[2023-04-22T23:22:03.521+0000] {processor.py:753} INFO - DAG(s) dict_keys(['example_sla_dag']) retrieved from /home/airflow/.local/lib/python3.7/site-packages/airflow/example_dags/example_sla_dag.py
[2023-04-22T23:22:03.541+0000] {logging_mixin.py:137} INFO - [2023-04-22T23:22:03.541+0000] {dag.py:2705} INFO - Sync 1 DAGs
[2023-04-22T23:22:03.559+0000] {logging_mixin.py:137} INFO - [2023-04-22T23:22:03.559+0000] {dag.py:3456} INFO - Setting next_dagrun for example_sla_dag to 2023-04-22T23:20:00+00:00, run_after=2023-04-22T23:22:00+00:00
[2023-04-22T23:22:03.571+0000] {processor.py:175} INFO - Processing /home/airflow/.local/lib/python3.7/site-packages/airflow/example_dags/example_sla_dag.py took 0.076 seconds
[2023-04-22T23:22:34.641+0000] {processor.py:153} INFO - Started process (PID=373) to work on /home/airflow/.local/lib/python3.7/site-packages/airflow/example_dags/example_sla_dag.py
[2023-04-22T23:22:34.642+0000] {processor.py:743} INFO - Processing file /home/airflow/.local/lib/python3.7/site-packages/airflow/example_dags/example_sla_dag.py for tasks to queue
[2023-04-22T23:22:34.643+0000] {logging_mixin.py:137} INFO - [2023-04-22T23:22:34.643+0000] {dagbag.py:532} INFO - Filling up the DagBag from /home/airflow/.local/lib/python3.7/site-packages/airflow/example_dags/example_sla_dag.py
[2023-04-22T23:22:34.657+0000] {processor.py:753} INFO - DAG(s) dict_keys(['example_sla_dag']) retrieved from /home/airflow/.local/lib/python3.7/site-packages/airflow/example_dags/example_sla_dag.py
[2023-04-22T23:22:34.676+0000] {logging_mixin.py:137} INFO - [2023-04-22T23:22:34.676+0000] {dag.py:2705} INFO - Sync 1 DAGs
[2023-04-22T23:22:34.697+0000] {logging_mixin.py:137} INFO - [2023-04-22T23:22:34.697+0000] {dag.py:3456} INFO - Setting next_dagrun for example_sla_dag to 2023-04-22T23:20:00+00:00, run_after=2023-04-22T23:22:00+00:00
[2023-04-22T23:22:34.711+0000] {processor.py:175} INFO - Processing /home/airflow/.local/lib/python3.7/site-packages/airflow/example_dags/example_sla_dag.py took 0.072 seconds
[2023-04-22T23:23:05.368+0000] {processor.py:153} INFO - Started process (PID=423) to work on /home/airflow/.local/lib/python3.7/site-packages/airflow/example_dags/example_sla_dag.py
[2023-04-22T23:23:05.369+0000] {processor.py:743} INFO - Processing file /home/airflow/.local/lib/python3.7/site-packages/airflow/example_dags/example_sla_dag.py for tasks to queue
[2023-04-22T23:23:05.370+0000] {logging_mixin.py:137} INFO - [2023-04-22T23:23:05.370+0000] {dagbag.py:532} INFO - Filling up the DagBag from /home/airflow/.local/lib/python3.7/site-packages/airflow/example_dags/example_sla_dag.py
[2023-04-22T23:23:05.386+0000] {processor.py:753} INFO - DAG(s) dict_keys(['example_sla_dag']) retrieved from /home/airflow/.local/lib/python3.7/site-packages/airflow/example_dags/example_sla_dag.py
[2023-04-22T23:23:05.407+0000] {logging_mixin.py:137} INFO - [2023-04-22T23:23:05.407+0000] {dag.py:2705} INFO - Sync 1 DAGs
[2023-04-22T23:23:05.425+0000] {logging_mixin.py:137} INFO - [2023-04-22T23:23:05.425+0000] {dag.py:3456} INFO - Setting next_dagrun for example_sla_dag to 2023-04-22T23:20:00+00:00, run_after=2023-04-22T23:22:00+00:00
[2023-04-22T23:23:05.437+0000] {processor.py:175} INFO - Processing /home/airflow/.local/lib/python3.7/site-packages/airflow/example_dags/example_sla_dag.py took 0.072 seconds
[2023-04-22T23:23:35.687+0000] {processor.py:153} INFO - Started process (PID=474) to work on /home/airflow/.local/lib/python3.7/site-packages/airflow/example_dags/example_sla_dag.py
[2023-04-22T23:23:35.688+0000] {processor.py:743} INFO - Processing file /home/airflow/.local/lib/python3.7/site-packages/airflow/example_dags/example_sla_dag.py for tasks to queue
[2023-04-22T23:23:35.689+0000] {logging_mixin.py:137} INFO - [2023-04-22T23:23:35.689+0000] {dagbag.py:532} INFO - Filling up the DagBag from /home/airflow/.local/lib/python3.7/site-packages/airflow/example_dags/example_sla_dag.py
[2023-04-22T23:23:35.710+0000] {processor.py:753} INFO - DAG(s) dict_keys(['example_sla_dag']) retrieved from /home/airflow/.local/lib/python3.7/site-packages/airflow/example_dags/example_sla_dag.py
[2023-04-22T23:23:35.741+0000] {logging_mixin.py:137} INFO - [2023-04-22T23:23:35.741+0000] {dag.py:2705} INFO - Sync 1 DAGs
[2023-04-22T23:23:35.786+0000] {logging_mixin.py:137} INFO - [2023-04-22T23:23:35.786+0000] {dag.py:3456} INFO - Setting next_dagrun for example_sla_dag to 2023-04-22T23:20:00+00:00, run_after=2023-04-22T23:22:00+00:00
[2023-04-22T23:23:35.804+0000] {processor.py:175} INFO - Processing /home/airflow/.local/lib/python3.7/site-packages/airflow/example_dags/example_sla_dag.py took 0.122 seconds
[2023-04-22T23:24:06.701+0000] {processor.py:153} INFO - Started process (PID=525) to work on /home/airflow/.local/lib/python3.7/site-packages/airflow/example_dags/example_sla_dag.py
[2023-04-22T23:24:06.703+0000] {processor.py:743} INFO - Processing file /home/airflow/.local/lib/python3.7/site-packages/airflow/example_dags/example_sla_dag.py for tasks to queue
[2023-04-22T23:24:06.704+0000] {logging_mixin.py:137} INFO - [2023-04-22T23:24:06.704+0000] {dagbag.py:532} INFO - Filling up the DagBag from /home/airflow/.local/lib/python3.7/site-packages/airflow/example_dags/example_sla_dag.py
[2023-04-22T23:24:06.722+0000] {processor.py:753} INFO - DAG(s) dict_keys(['example_sla_dag']) retrieved from /home/airflow/.local/lib/python3.7/site-packages/airflow/example_dags/example_sla_dag.py
[2023-04-22T23:24:06.742+0000] {logging_mixin.py:137} INFO - [2023-04-22T23:24:06.742+0000] {dag.py:2705} INFO - Sync 1 DAGs
[2023-04-22T23:24:06.760+0000] {logging_mixin.py:137} INFO - [2023-04-22T23:24:06.760+0000] {dag.py:3456} INFO - Setting next_dagrun for example_sla_dag to 2023-04-22T23:22:00+00:00, run_after=2023-04-22T23:24:00+00:00
[2023-04-22T23:24:06.775+0000] {processor.py:175} INFO - Processing /home/airflow/.local/lib/python3.7/site-packages/airflow/example_dags/example_sla_dag.py took 0.077 seconds
[2023-04-22T23:24:37.074+0000] {processor.py:153} INFO - Started process (PID=576) to work on /home/airflow/.local/lib/python3.7/site-packages/airflow/example_dags/example_sla_dag.py
[2023-04-22T23:24:37.076+0000] {processor.py:743} INFO - Processing file /home/airflow/.local/lib/python3.7/site-packages/airflow/example_dags/example_sla_dag.py for tasks to queue
[2023-04-22T23:24:37.078+0000] {logging_mixin.py:137} INFO - [2023-04-22T23:24:37.078+0000] {dagbag.py:532} INFO - Filling up the DagBag from /home/airflow/.local/lib/python3.7/site-packages/airflow/example_dags/example_sla_dag.py
[2023-04-22T23:24:37.100+0000] {processor.py:753} INFO - DAG(s) dict_keys(['example_sla_dag']) retrieved from /home/airflow/.local/lib/python3.7/site-packages/airflow/example_dags/example_sla_dag.py
[2023-04-22T23:24:37.119+0000] {logging_mixin.py:137} INFO - [2023-04-22T23:24:37.119+0000] {dag.py:2705} INFO - Sync 1 DAGs
[2023-04-22T23:24:37.137+0000] {logging_mixin.py:137} INFO - [2023-04-22T23:24:37.137+0000] {dag.py:3456} INFO - Setting next_dagrun for example_sla_dag to 2023-04-22T23:22:00+00:00, run_after=2023-04-22T23:24:00+00:00
[2023-04-22T23:24:37.148+0000] {processor.py:175} INFO - Processing /home/airflow/.local/lib/python3.7/site-packages/airflow/example_dags/example_sla_dag.py took 0.083 seconds
[2023-04-22T23:25:07.191+0000] {processor.py:153} INFO - Started process (PID=627) to work on /home/airflow/.local/lib/python3.7/site-packages/airflow/example_dags/example_sla_dag.py
[2023-04-22T23:25:07.192+0000] {processor.py:743} INFO - Processing file /home/airflow/.local/lib/python3.7/site-packages/airflow/example_dags/example_sla_dag.py for tasks to queue
[2023-04-22T23:25:07.192+0000] {logging_mixin.py:137} INFO - [2023-04-22T23:25:07.192+0000] {dagbag.py:532} INFO - Filling up the DagBag from /home/airflow/.local/lib/python3.7/site-packages/airflow/example_dags/example_sla_dag.py
[2023-04-22T23:25:07.208+0000] {processor.py:753} INFO - DAG(s) dict_keys(['example_sla_dag']) retrieved from /home/airflow/.local/lib/python3.7/site-packages/airflow/example_dags/example_sla_dag.py
[2023-04-22T23:25:07.229+0000] {logging_mixin.py:137} INFO - [2023-04-22T23:25:07.229+0000] {dag.py:2705} INFO - Sync 1 DAGs
[2023-04-22T23:25:07.247+0000] {logging_mixin.py:137} INFO - [2023-04-22T23:25:07.247+0000] {dag.py:3456} INFO - Setting next_dagrun for example_sla_dag to 2023-04-22T23:22:00+00:00, run_after=2023-04-22T23:24:00+00:00
[2023-04-22T23:25:07.260+0000] {processor.py:175} INFO - Processing /home/airflow/.local/lib/python3.7/site-packages/airflow/example_dags/example_sla_dag.py took 0.072 seconds
[2023-04-22T23:25:37.979+0000] {processor.py:153} INFO - Started process (PID=679) to work on /home/airflow/.local/lib/python3.7/site-packages/airflow/example_dags/example_sla_dag.py
[2023-04-22T23:25:37.980+0000] {processor.py:743} INFO - Processing file /home/airflow/.local/lib/python3.7/site-packages/airflow/example_dags/example_sla_dag.py for tasks to queue
[2023-04-22T23:25:37.981+0000] {logging_mixin.py:137} INFO - [2023-04-22T23:25:37.981+0000] {dagbag.py:532} INFO - Filling up the DagBag from /home/airflow/.local/lib/python3.7/site-packages/airflow/example_dags/example_sla_dag.py
[2023-04-22T23:25:37.997+0000] {processor.py:753} INFO - DAG(s) dict_keys(['example_sla_dag']) retrieved from /home/airflow/.local/lib/python3.7/site-packages/airflow/example_dags/example_sla_dag.py
[2023-04-22T23:25:38.019+0000] {logging_mixin.py:137} INFO - [2023-04-22T23:25:38.019+0000] {dag.py:2705} INFO - Sync 1 DAGs
[2023-04-22T23:25:38.037+0000] {logging_mixin.py:137} INFO - [2023-04-22T23:25:38.037+0000] {dag.py:3456} INFO - Setting next_dagrun for example_sla_dag to 2023-04-22T23:22:00+00:00, run_after=2023-04-22T23:24:00+00:00
[2023-04-22T23:25:38.051+0000] {processor.py:175} INFO - Processing /home/airflow/.local/lib/python3.7/site-packages/airflow/example_dags/example_sla_dag.py took 0.076 seconds
[2023-04-22T23:26:08.905+0000] {processor.py:153} INFO - Started process (PID=730) to work on /home/airflow/.local/lib/python3.7/site-packages/airflow/example_dags/example_sla_dag.py
[2023-04-22T23:26:08.906+0000] {processor.py:743} INFO - Processing file /home/airflow/.local/lib/python3.7/site-packages/airflow/example_dags/example_sla_dag.py for tasks to queue
[2023-04-22T23:26:08.907+0000] {logging_mixin.py:137} INFO - [2023-04-22T23:26:08.907+0000] {dagbag.py:532} INFO - Filling up the DagBag from /home/airflow/.local/lib/python3.7/site-packages/airflow/example_dags/example_sla_dag.py
[2023-04-22T23:26:08.922+0000] {processor.py:753} INFO - DAG(s) dict_keys(['example_sla_dag']) retrieved from /home/airflow/.local/lib/python3.7/site-packages/airflow/example_dags/example_sla_dag.py
[2023-04-22T23:26:08.942+0000] {logging_mixin.py:137} INFO - [2023-04-22T23:26:08.941+0000] {dag.py:2705} INFO - Sync 1 DAGs
[2023-04-22T23:26:08.958+0000] {logging_mixin.py:137} INFO - [2023-04-22T23:26:08.958+0000] {dag.py:3456} INFO - Setting next_dagrun for example_sla_dag to 2023-04-22T23:24:00+00:00, run_after=2023-04-22T23:26:00+00:00
[2023-04-22T23:26:08.971+0000] {processor.py:175} INFO - Processing /home/airflow/.local/lib/python3.7/site-packages/airflow/example_dags/example_sla_dag.py took 0.069 seconds
[2023-04-22T23:26:39.405+0000] {processor.py:153} INFO - Started process (PID=780) to work on /home/airflow/.local/lib/python3.7/site-packages/airflow/example_dags/example_sla_dag.py
[2023-04-22T23:26:39.407+0000] {processor.py:743} INFO - Processing file /home/airflow/.local/lib/python3.7/site-packages/airflow/example_dags/example_sla_dag.py for tasks to queue
[2023-04-22T23:26:39.408+0000] {logging_mixin.py:137} INFO - [2023-04-22T23:26:39.408+0000] {dagbag.py:532} INFO - Filling up the DagBag from /home/airflow/.local/lib/python3.7/site-packages/airflow/example_dags/example_sla_dag.py
[2023-04-22T23:26:39.425+0000] {processor.py:753} INFO - DAG(s) dict_keys(['example_sla_dag']) retrieved from /home/airflow/.local/lib/python3.7/site-packages/airflow/example_dags/example_sla_dag.py
[2023-04-22T23:26:39.447+0000] {logging_mixin.py:137} INFO - [2023-04-22T23:26:39.447+0000] {dag.py:2705} INFO - Sync 1 DAGs
[2023-04-22T23:26:39.466+0000] {logging_mixin.py:137} INFO - [2023-04-22T23:26:39.466+0000] {dag.py:3456} INFO - Setting next_dagrun for example_sla_dag to 2023-04-22T23:24:00+00:00, run_after=2023-04-22T23:26:00+00:00
[2023-04-22T23:26:39.480+0000] {processor.py:175} INFO - Processing /home/airflow/.local/lib/python3.7/site-packages/airflow/example_dags/example_sla_dag.py took 0.077 seconds
[2023-04-22T23:27:10.215+0000] {processor.py:153} INFO - Started process (PID=831) to work on /home/airflow/.local/lib/python3.7/site-packages/airflow/example_dags/example_sla_dag.py
[2023-04-22T23:27:10.217+0000] {processor.py:743} INFO - Processing file /home/airflow/.local/lib/python3.7/site-packages/airflow/example_dags/example_sla_dag.py for tasks to queue
[2023-04-22T23:27:10.218+0000] {logging_mixin.py:137} INFO - [2023-04-22T23:27:10.217+0000] {dagbag.py:532} INFO - Filling up the DagBag from /home/airflow/.local/lib/python3.7/site-packages/airflow/example_dags/example_sla_dag.py
[2023-04-22T23:27:10.238+0000] {processor.py:753} INFO - DAG(s) dict_keys(['example_sla_dag']) retrieved from /home/airflow/.local/lib/python3.7/site-packages/airflow/example_dags/example_sla_dag.py
[2023-04-22T23:27:10.259+0000] {logging_mixin.py:137} INFO - [2023-04-22T23:27:10.259+0000] {dag.py:2705} INFO - Sync 1 DAGs
[2023-04-22T23:27:10.278+0000] {logging_mixin.py:137} INFO - [2023-04-22T23:27:10.278+0000] {dag.py:3456} INFO - Setting next_dagrun for example_sla_dag to 2023-04-22T23:24:00+00:00, run_after=2023-04-22T23:26:00+00:00
[2023-04-22T23:27:10.289+0000] {processor.py:175} INFO - Processing /home/airflow/.local/lib/python3.7/site-packages/airflow/example_dags/example_sla_dag.py took 0.078 seconds
[2023-04-22T23:27:40.628+0000] {processor.py:153} INFO - Started process (PID=883) to work on /home/airflow/.local/lib/python3.7/site-packages/airflow/example_dags/example_sla_dag.py
[2023-04-22T23:27:40.629+0000] {processor.py:743} INFO - Processing file /home/airflow/.local/lib/python3.7/site-packages/airflow/example_dags/example_sla_dag.py for tasks to queue
[2023-04-22T23:27:40.630+0000] {logging_mixin.py:137} INFO - [2023-04-22T23:27:40.630+0000] {dagbag.py:532} INFO - Filling up the DagBag from /home/airflow/.local/lib/python3.7/site-packages/airflow/example_dags/example_sla_dag.py
[2023-04-22T23:27:40.646+0000] {processor.py:753} INFO - DAG(s) dict_keys(['example_sla_dag']) retrieved from /home/airflow/.local/lib/python3.7/site-packages/airflow/example_dags/example_sla_dag.py
[2023-04-22T23:27:40.665+0000] {logging_mixin.py:137} INFO - [2023-04-22T23:27:40.665+0000] {dag.py:2705} INFO - Sync 1 DAGs
[2023-04-22T23:27:40.681+0000] {logging_mixin.py:137} INFO - [2023-04-22T23:27:40.681+0000] {dag.py:3456} INFO - Setting next_dagrun for example_sla_dag to 2023-04-22T23:24:00+00:00, run_after=2023-04-22T23:26:00+00:00
[2023-04-22T23:27:40.692+0000] {processor.py:175} INFO - Processing /home/airflow/.local/lib/python3.7/site-packages/airflow/example_dags/example_sla_dag.py took 0.067 seconds
[2023-04-22T23:29:56.233+0000] {processor.py:153} INFO - Started process (PID=65) to work on /home/airflow/.local/lib/python3.7/site-packages/airflow/example_dags/example_sla_dag.py
[2023-04-22T23:29:56.235+0000] {processor.py:743} INFO - Processing file /home/airflow/.local/lib/python3.7/site-packages/airflow/example_dags/example_sla_dag.py for tasks to queue
[2023-04-22T23:29:56.236+0000] {logging_mixin.py:137} INFO - [2023-04-22T23:29:56.236+0000] {dagbag.py:532} INFO - Filling up the DagBag from /home/airflow/.local/lib/python3.7/site-packages/airflow/example_dags/example_sla_dag.py
[2023-04-22T23:29:56.259+0000] {processor.py:753} INFO - DAG(s) dict_keys(['example_sla_dag']) retrieved from /home/airflow/.local/lib/python3.7/site-packages/airflow/example_dags/example_sla_dag.py
[2023-04-22T23:29:56.271+0000] {logging_mixin.py:137} INFO - [2023-04-22T23:29:56.271+0000] {dag.py:2705} INFO - Sync 1 DAGs
[2023-04-22T23:29:56.308+0000] {logging_mixin.py:137} INFO - [2023-04-22T23:29:56.308+0000] {dag.py:3456} INFO - Setting next_dagrun for example_sla_dag to 2023-04-22T23:26:00+00:00, run_after=2023-04-22T23:28:00+00:00
[2023-04-22T23:29:56.331+0000] {processor.py:175} INFO - Processing /home/airflow/.local/lib/python3.7/site-packages/airflow/example_dags/example_sla_dag.py took 0.102 seconds
[2023-04-22T23:30:27.066+0000] {processor.py:153} INFO - Started process (PID=115) to work on /home/airflow/.local/lib/python3.7/site-packages/airflow/example_dags/example_sla_dag.py
[2023-04-22T23:30:27.068+0000] {processor.py:743} INFO - Processing file /home/airflow/.local/lib/python3.7/site-packages/airflow/example_dags/example_sla_dag.py for tasks to queue
[2023-04-22T23:30:27.068+0000] {logging_mixin.py:137} INFO - [2023-04-22T23:30:27.068+0000] {dagbag.py:532} INFO - Filling up the DagBag from /home/airflow/.local/lib/python3.7/site-packages/airflow/example_dags/example_sla_dag.py
[2023-04-22T23:30:27.084+0000] {processor.py:753} INFO - DAG(s) dict_keys(['example_sla_dag']) retrieved from /home/airflow/.local/lib/python3.7/site-packages/airflow/example_dags/example_sla_dag.py
[2023-04-22T23:30:27.103+0000] {logging_mixin.py:137} INFO - [2023-04-22T23:30:27.103+0000] {dag.py:2705} INFO - Sync 1 DAGs
[2023-04-22T23:30:27.121+0000] {logging_mixin.py:137} INFO - [2023-04-22T23:30:27.121+0000] {dag.py:3456} INFO - Setting next_dagrun for example_sla_dag to 2023-04-22T23:28:00+00:00, run_after=2023-04-22T23:30:00+00:00
[2023-04-22T23:30:27.132+0000] {processor.py:175} INFO - Processing /home/airflow/.local/lib/python3.7/site-packages/airflow/example_dags/example_sla_dag.py took 0.069 seconds
[2023-04-22T23:30:57.588+0000] {processor.py:153} INFO - Started process (PID=166) to work on /home/airflow/.local/lib/python3.7/site-packages/airflow/example_dags/example_sla_dag.py
[2023-04-22T23:30:57.589+0000] {processor.py:743} INFO - Processing file /home/airflow/.local/lib/python3.7/site-packages/airflow/example_dags/example_sla_dag.py for tasks to queue
[2023-04-22T23:30:57.590+0000] {logging_mixin.py:137} INFO - [2023-04-22T23:30:57.590+0000] {dagbag.py:532} INFO - Filling up the DagBag from /home/airflow/.local/lib/python3.7/site-packages/airflow/example_dags/example_sla_dag.py
[2023-04-22T23:30:57.605+0000] {processor.py:753} INFO - DAG(s) dict_keys(['example_sla_dag']) retrieved from /home/airflow/.local/lib/python3.7/site-packages/airflow/example_dags/example_sla_dag.py
[2023-04-22T23:30:57.624+0000] {logging_mixin.py:137} INFO - [2023-04-22T23:30:57.624+0000] {dag.py:2705} INFO - Sync 1 DAGs
[2023-04-22T23:30:57.641+0000] {logging_mixin.py:137} INFO - [2023-04-22T23:30:57.641+0000] {dag.py:3456} INFO - Setting next_dagrun for example_sla_dag to 2023-04-22T23:28:00+00:00, run_after=2023-04-22T23:30:00+00:00
[2023-04-22T23:30:57.651+0000] {processor.py:175} INFO - Processing /home/airflow/.local/lib/python3.7/site-packages/airflow/example_dags/example_sla_dag.py took 0.065 seconds
[2023-04-22T23:31:28.441+0000] {processor.py:153} INFO - Started process (PID=217) to work on /home/airflow/.local/lib/python3.7/site-packages/airflow/example_dags/example_sla_dag.py
[2023-04-22T23:31:28.442+0000] {processor.py:743} INFO - Processing file /home/airflow/.local/lib/python3.7/site-packages/airflow/example_dags/example_sla_dag.py for tasks to queue
[2023-04-22T23:31:28.443+0000] {logging_mixin.py:137} INFO - [2023-04-22T23:31:28.443+0000] {dagbag.py:532} INFO - Filling up the DagBag from /home/airflow/.local/lib/python3.7/site-packages/airflow/example_dags/example_sla_dag.py
[2023-04-22T23:31:28.459+0000] {processor.py:753} INFO - DAG(s) dict_keys(['example_sla_dag']) retrieved from /home/airflow/.local/lib/python3.7/site-packages/airflow/example_dags/example_sla_dag.py
[2023-04-22T23:31:28.479+0000] {logging_mixin.py:137} INFO - [2023-04-22T23:31:28.479+0000] {dag.py:2705} INFO - Sync 1 DAGs
[2023-04-22T23:31:28.497+0000] {logging_mixin.py:137} INFO - [2023-04-22T23:31:28.497+0000] {dag.py:3456} INFO - Setting next_dagrun for example_sla_dag to 2023-04-22T23:28:00+00:00, run_after=2023-04-22T23:30:00+00:00
[2023-04-22T23:31:28.509+0000] {processor.py:175} INFO - Processing /home/airflow/.local/lib/python3.7/site-packages/airflow/example_dags/example_sla_dag.py took 0.071 seconds
[2023-04-22T23:31:59.301+0000] {processor.py:153} INFO - Started process (PID=268) to work on /home/airflow/.local/lib/python3.7/site-packages/airflow/example_dags/example_sla_dag.py
[2023-04-22T23:31:59.302+0000] {processor.py:743} INFO - Processing file /home/airflow/.local/lib/python3.7/site-packages/airflow/example_dags/example_sla_dag.py for tasks to queue
[2023-04-22T23:31:59.303+0000] {logging_mixin.py:137} INFO - [2023-04-22T23:31:59.303+0000] {dagbag.py:532} INFO - Filling up the DagBag from /home/airflow/.local/lib/python3.7/site-packages/airflow/example_dags/example_sla_dag.py
[2023-04-22T23:31:59.320+0000] {processor.py:753} INFO - DAG(s) dict_keys(['example_sla_dag']) retrieved from /home/airflow/.local/lib/python3.7/site-packages/airflow/example_dags/example_sla_dag.py
[2023-04-22T23:31:59.339+0000] {logging_mixin.py:137} INFO - [2023-04-22T23:31:59.338+0000] {dag.py:2705} INFO - Sync 1 DAGs
[2023-04-22T23:31:59.356+0000] {logging_mixin.py:137} INFO - [2023-04-22T23:31:59.356+0000] {dag.py:3456} INFO - Setting next_dagrun for example_sla_dag to 2023-04-22T23:28:00+00:00, run_after=2023-04-22T23:30:00+00:00
[2023-04-22T23:31:59.367+0000] {processor.py:175} INFO - Processing /home/airflow/.local/lib/python3.7/site-packages/airflow/example_dags/example_sla_dag.py took 0.069 seconds
[2023-04-22T23:32:30.307+0000] {processor.py:153} INFO - Started process (PID=319) to work on /home/airflow/.local/lib/python3.7/site-packages/airflow/example_dags/example_sla_dag.py
[2023-04-22T23:32:30.308+0000] {processor.py:743} INFO - Processing file /home/airflow/.local/lib/python3.7/site-packages/airflow/example_dags/example_sla_dag.py for tasks to queue
[2023-04-22T23:32:30.309+0000] {logging_mixin.py:137} INFO - [2023-04-22T23:32:30.309+0000] {dagbag.py:532} INFO - Filling up the DagBag from /home/airflow/.local/lib/python3.7/site-packages/airflow/example_dags/example_sla_dag.py
[2023-04-22T23:32:30.324+0000] {processor.py:753} INFO - DAG(s) dict_keys(['example_sla_dag']) retrieved from /home/airflow/.local/lib/python3.7/site-packages/airflow/example_dags/example_sla_dag.py
[2023-04-22T23:32:30.344+0000] {logging_mixin.py:137} INFO - [2023-04-22T23:32:30.344+0000] {dag.py:2705} INFO - Sync 1 DAGs
[2023-04-22T23:32:30.361+0000] {logging_mixin.py:137} INFO - [2023-04-22T23:32:30.360+0000] {dag.py:3456} INFO - Setting next_dagrun for example_sla_dag to 2023-04-22T23:30:00+00:00, run_after=2023-04-22T23:32:00+00:00
[2023-04-22T23:32:30.372+0000] {processor.py:175} INFO - Processing /home/airflow/.local/lib/python3.7/site-packages/airflow/example_dags/example_sla_dag.py took 0.068 seconds
[2023-04-22T23:33:00.723+0000] {processor.py:153} INFO - Started process (PID=370) to work on /home/airflow/.local/lib/python3.7/site-packages/airflow/example_dags/example_sla_dag.py
[2023-04-22T23:33:00.724+0000] {processor.py:743} INFO - Processing file /home/airflow/.local/lib/python3.7/site-packages/airflow/example_dags/example_sla_dag.py for tasks to queue
[2023-04-22T23:33:00.725+0000] {logging_mixin.py:137} INFO - [2023-04-22T23:33:00.725+0000] {dagbag.py:532} INFO - Filling up the DagBag from /home/airflow/.local/lib/python3.7/site-packages/airflow/example_dags/example_sla_dag.py
[2023-04-22T23:33:00.742+0000] {processor.py:753} INFO - DAG(s) dict_keys(['example_sla_dag']) retrieved from /home/airflow/.local/lib/python3.7/site-packages/airflow/example_dags/example_sla_dag.py
[2023-04-22T23:33:00.763+0000] {logging_mixin.py:137} INFO - [2023-04-22T23:33:00.763+0000] {dag.py:2705} INFO - Sync 1 DAGs
[2023-04-22T23:33:00.781+0000] {logging_mixin.py:137} INFO - [2023-04-22T23:33:00.781+0000] {dag.py:3456} INFO - Setting next_dagrun for example_sla_dag to 2023-04-22T23:30:00+00:00, run_after=2023-04-22T23:32:00+00:00
[2023-04-22T23:33:00.792+0000] {processor.py:175} INFO - Processing /home/airflow/.local/lib/python3.7/site-packages/airflow/example_dags/example_sla_dag.py took 0.071 seconds
[2023-04-22T23:33:31.648+0000] {processor.py:153} INFO - Started process (PID=420) to work on /home/airflow/.local/lib/python3.7/site-packages/airflow/example_dags/example_sla_dag.py
[2023-04-22T23:33:31.650+0000] {processor.py:743} INFO - Processing file /home/airflow/.local/lib/python3.7/site-packages/airflow/example_dags/example_sla_dag.py for tasks to queue
[2023-04-22T23:33:31.651+0000] {logging_mixin.py:137} INFO - [2023-04-22T23:33:31.651+0000] {dagbag.py:532} INFO - Filling up the DagBag from /home/airflow/.local/lib/python3.7/site-packages/airflow/example_dags/example_sla_dag.py
[2023-04-22T23:33:31.669+0000] {processor.py:753} INFO - DAG(s) dict_keys(['example_sla_dag']) retrieved from /home/airflow/.local/lib/python3.7/site-packages/airflow/example_dags/example_sla_dag.py
[2023-04-22T23:33:31.690+0000] {logging_mixin.py:137} INFO - [2023-04-22T23:33:31.690+0000] {dag.py:2705} INFO - Sync 1 DAGs
[2023-04-22T23:33:31.711+0000] {logging_mixin.py:137} INFO - [2023-04-22T23:33:31.711+0000] {dag.py:3456} INFO - Setting next_dagrun for example_sla_dag to 2023-04-22T23:30:00+00:00, run_after=2023-04-22T23:32:00+00:00
[2023-04-22T23:33:31.723+0000] {processor.py:175} INFO - Processing /home/airflow/.local/lib/python3.7/site-packages/airflow/example_dags/example_sla_dag.py took 0.078 seconds
[2023-04-22T23:38:46.045+0000] {processor.py:153} INFO - Started process (PID=64) to work on /home/airflow/.local/lib/python3.7/site-packages/airflow/example_dags/example_sla_dag.py
[2023-04-22T23:38:46.046+0000] {processor.py:743} INFO - Processing file /home/airflow/.local/lib/python3.7/site-packages/airflow/example_dags/example_sla_dag.py for tasks to queue
[2023-04-22T23:38:46.047+0000] {logging_mixin.py:137} INFO - [2023-04-22T23:38:46.047+0000] {dagbag.py:532} INFO - Filling up the DagBag from /home/airflow/.local/lib/python3.7/site-packages/airflow/example_dags/example_sla_dag.py
[2023-04-22T23:38:46.068+0000] {processor.py:753} INFO - DAG(s) dict_keys(['example_sla_dag']) retrieved from /home/airflow/.local/lib/python3.7/site-packages/airflow/example_dags/example_sla_dag.py
[2023-04-22T23:38:46.088+0000] {logging_mixin.py:137} INFO - [2023-04-22T23:38:46.088+0000] {dag.py:2705} INFO - Sync 1 DAGs
[2023-04-22T23:38:46.116+0000] {logging_mixin.py:137} INFO - [2023-04-22T23:38:46.116+0000] {dag.py:3456} INFO - Setting next_dagrun for example_sla_dag to 2023-04-22T23:36:00+00:00, run_after=2023-04-22T23:38:00+00:00
[2023-04-22T23:38:46.129+0000] {processor.py:175} INFO - Processing /home/airflow/.local/lib/python3.7/site-packages/airflow/example_dags/example_sla_dag.py took 0.091 seconds
[2023-04-22T23:39:16.213+0000] {processor.py:153} INFO - Started process (PID=115) to work on /home/airflow/.local/lib/python3.7/site-packages/airflow/example_dags/example_sla_dag.py
[2023-04-22T23:39:16.214+0000] {processor.py:743} INFO - Processing file /home/airflow/.local/lib/python3.7/site-packages/airflow/example_dags/example_sla_dag.py for tasks to queue
[2023-04-22T23:39:16.215+0000] {logging_mixin.py:137} INFO - [2023-04-22T23:39:16.215+0000] {dagbag.py:532} INFO - Filling up the DagBag from /home/airflow/.local/lib/python3.7/site-packages/airflow/example_dags/example_sla_dag.py
[2023-04-22T23:39:16.232+0000] {processor.py:753} INFO - DAG(s) dict_keys(['example_sla_dag']) retrieved from /home/airflow/.local/lib/python3.7/site-packages/airflow/example_dags/example_sla_dag.py
[2023-04-22T23:39:16.252+0000] {logging_mixin.py:137} INFO - [2023-04-22T23:39:16.252+0000] {dag.py:2705} INFO - Sync 1 DAGs
[2023-04-22T23:39:16.269+0000] {logging_mixin.py:137} INFO - [2023-04-22T23:39:16.269+0000] {dag.py:3456} INFO - Setting next_dagrun for example_sla_dag to 2023-04-22T23:36:00+00:00, run_after=2023-04-22T23:38:00+00:00
[2023-04-22T23:39:16.280+0000] {processor.py:175} INFO - Processing /home/airflow/.local/lib/python3.7/site-packages/airflow/example_dags/example_sla_dag.py took 0.070 seconds
[2023-04-22T23:39:47.155+0000] {processor.py:153} INFO - Started process (PID=166) to work on /home/airflow/.local/lib/python3.7/site-packages/airflow/example_dags/example_sla_dag.py
[2023-04-22T23:39:47.157+0000] {processor.py:743} INFO - Processing file /home/airflow/.local/lib/python3.7/site-packages/airflow/example_dags/example_sla_dag.py for tasks to queue
[2023-04-22T23:39:47.157+0000] {logging_mixin.py:137} INFO - [2023-04-22T23:39:47.157+0000] {dagbag.py:532} INFO - Filling up the DagBag from /home/airflow/.local/lib/python3.7/site-packages/airflow/example_dags/example_sla_dag.py
[2023-04-22T23:39:47.173+0000] {processor.py:753} INFO - DAG(s) dict_keys(['example_sla_dag']) retrieved from /home/airflow/.local/lib/python3.7/site-packages/airflow/example_dags/example_sla_dag.py
[2023-04-22T23:39:47.194+0000] {logging_mixin.py:137} INFO - [2023-04-22T23:39:47.194+0000] {dag.py:2705} INFO - Sync 1 DAGs
[2023-04-22T23:39:47.211+0000] {logging_mixin.py:137} INFO - [2023-04-22T23:39:47.211+0000] {dag.py:3456} INFO - Setting next_dagrun for example_sla_dag to 2023-04-22T23:36:00+00:00, run_after=2023-04-22T23:38:00+00:00
[2023-04-22T23:39:47.222+0000] {processor.py:175} INFO - Processing /home/airflow/.local/lib/python3.7/site-packages/airflow/example_dags/example_sla_dag.py took 0.070 seconds
[2023-04-22T23:40:17.415+0000] {processor.py:153} INFO - Started process (PID=217) to work on /home/airflow/.local/lib/python3.7/site-packages/airflow/example_dags/example_sla_dag.py
[2023-04-22T23:40:17.417+0000] {processor.py:743} INFO - Processing file /home/airflow/.local/lib/python3.7/site-packages/airflow/example_dags/example_sla_dag.py for tasks to queue
[2023-04-22T23:40:17.418+0000] {logging_mixin.py:137} INFO - [2023-04-22T23:40:17.417+0000] {dagbag.py:532} INFO - Filling up the DagBag from /home/airflow/.local/lib/python3.7/site-packages/airflow/example_dags/example_sla_dag.py
[2023-04-22T23:40:17.433+0000] {processor.py:753} INFO - DAG(s) dict_keys(['example_sla_dag']) retrieved from /home/airflow/.local/lib/python3.7/site-packages/airflow/example_dags/example_sla_dag.py
[2023-04-22T23:40:17.454+0000] {logging_mixin.py:137} INFO - [2023-04-22T23:40:17.454+0000] {dag.py:2705} INFO - Sync 1 DAGs
[2023-04-22T23:40:17.471+0000] {logging_mixin.py:137} INFO - [2023-04-22T23:40:17.471+0000] {dag.py:3456} INFO - Setting next_dagrun for example_sla_dag to 2023-04-22T23:38:00+00:00, run_after=2023-04-22T23:40:00+00:00
[2023-04-22T23:40:17.483+0000] {processor.py:175} INFO - Processing /home/airflow/.local/lib/python3.7/site-packages/airflow/example_dags/example_sla_dag.py took 0.070 seconds
[2023-04-22T23:40:48.190+0000] {processor.py:153} INFO - Started process (PID=268) to work on /home/airflow/.local/lib/python3.7/site-packages/airflow/example_dags/example_sla_dag.py
[2023-04-22T23:40:48.191+0000] {processor.py:743} INFO - Processing file /home/airflow/.local/lib/python3.7/site-packages/airflow/example_dags/example_sla_dag.py for tasks to queue
[2023-04-22T23:40:48.192+0000] {logging_mixin.py:137} INFO - [2023-04-22T23:40:48.192+0000] {dagbag.py:532} INFO - Filling up the DagBag from /home/airflow/.local/lib/python3.7/site-packages/airflow/example_dags/example_sla_dag.py
[2023-04-22T23:40:48.207+0000] {processor.py:753} INFO - DAG(s) dict_keys(['example_sla_dag']) retrieved from /home/airflow/.local/lib/python3.7/site-packages/airflow/example_dags/example_sla_dag.py
[2023-04-22T23:40:48.228+0000] {logging_mixin.py:137} INFO - [2023-04-22T23:40:48.228+0000] {dag.py:2705} INFO - Sync 1 DAGs
[2023-04-22T23:40:48.246+0000] {logging_mixin.py:137} INFO - [2023-04-22T23:40:48.246+0000] {dag.py:3456} INFO - Setting next_dagrun for example_sla_dag to 2023-04-22T23:38:00+00:00, run_after=2023-04-22T23:40:00+00:00
[2023-04-22T23:40:48.257+0000] {processor.py:175} INFO - Processing /home/airflow/.local/lib/python3.7/site-packages/airflow/example_dags/example_sla_dag.py took 0.070 seconds
[2023-04-22T23:41:19.286+0000] {processor.py:153} INFO - Started process (PID=319) to work on /home/airflow/.local/lib/python3.7/site-packages/airflow/example_dags/example_sla_dag.py
[2023-04-22T23:41:19.288+0000] {processor.py:743} INFO - Processing file /home/airflow/.local/lib/python3.7/site-packages/airflow/example_dags/example_sla_dag.py for tasks to queue
[2023-04-22T23:41:19.289+0000] {logging_mixin.py:137} INFO - [2023-04-22T23:41:19.289+0000] {dagbag.py:532} INFO - Filling up the DagBag from /home/airflow/.local/lib/python3.7/site-packages/airflow/example_dags/example_sla_dag.py
[2023-04-22T23:41:19.305+0000] {processor.py:753} INFO - DAG(s) dict_keys(['example_sla_dag']) retrieved from /home/airflow/.local/lib/python3.7/site-packages/airflow/example_dags/example_sla_dag.py
[2023-04-22T23:41:19.327+0000] {logging_mixin.py:137} INFO - [2023-04-22T23:41:19.327+0000] {dag.py:2705} INFO - Sync 1 DAGs
[2023-04-22T23:41:19.347+0000] {logging_mixin.py:137} INFO - [2023-04-22T23:41:19.346+0000] {dag.py:3456} INFO - Setting next_dagrun for example_sla_dag to 2023-04-22T23:38:00+00:00, run_after=2023-04-22T23:40:00+00:00
[2023-04-22T23:41:19.358+0000] {processor.py:175} INFO - Processing /home/airflow/.local/lib/python3.7/site-packages/airflow/example_dags/example_sla_dag.py took 0.075 seconds
[2023-04-22T23:41:50.433+0000] {processor.py:153} INFO - Started process (PID=370) to work on /home/airflow/.local/lib/python3.7/site-packages/airflow/example_dags/example_sla_dag.py
[2023-04-22T23:41:50.437+0000] {processor.py:743} INFO - Processing file /home/airflow/.local/lib/python3.7/site-packages/airflow/example_dags/example_sla_dag.py for tasks to queue
[2023-04-22T23:41:50.438+0000] {logging_mixin.py:137} INFO - [2023-04-22T23:41:50.438+0000] {dagbag.py:532} INFO - Filling up the DagBag from /home/airflow/.local/lib/python3.7/site-packages/airflow/example_dags/example_sla_dag.py
[2023-04-22T23:41:50.465+0000] {processor.py:753} INFO - DAG(s) dict_keys(['example_sla_dag']) retrieved from /home/airflow/.local/lib/python3.7/site-packages/airflow/example_dags/example_sla_dag.py
[2023-04-22T23:41:50.491+0000] {logging_mixin.py:137} INFO - [2023-04-22T23:41:50.491+0000] {dag.py:2705} INFO - Sync 1 DAGs
[2023-04-22T23:41:50.510+0000] {logging_mixin.py:137} INFO - [2023-04-22T23:41:50.509+0000] {dag.py:3456} INFO - Setting next_dagrun for example_sla_dag to 2023-04-22T23:38:00+00:00, run_after=2023-04-22T23:40:00+00:00
[2023-04-22T23:41:50.522+0000] {processor.py:175} INFO - Processing /home/airflow/.local/lib/python3.7/site-packages/airflow/example_dags/example_sla_dag.py took 0.094 seconds
[2023-04-22T23:42:20.622+0000] {processor.py:153} INFO - Started process (PID=421) to work on /home/airflow/.local/lib/python3.7/site-packages/airflow/example_dags/example_sla_dag.py
[2023-04-22T23:42:20.623+0000] {processor.py:743} INFO - Processing file /home/airflow/.local/lib/python3.7/site-packages/airflow/example_dags/example_sla_dag.py for tasks to queue
[2023-04-22T23:42:20.624+0000] {logging_mixin.py:137} INFO - [2023-04-22T23:42:20.624+0000] {dagbag.py:532} INFO - Filling up the DagBag from /home/airflow/.local/lib/python3.7/site-packages/airflow/example_dags/example_sla_dag.py
[2023-04-22T23:42:20.640+0000] {processor.py:753} INFO - DAG(s) dict_keys(['example_sla_dag']) retrieved from /home/airflow/.local/lib/python3.7/site-packages/airflow/example_dags/example_sla_dag.py
[2023-04-22T23:42:20.661+0000] {logging_mixin.py:137} INFO - [2023-04-22T23:42:20.661+0000] {dag.py:2705} INFO - Sync 1 DAGs
[2023-04-22T23:42:20.682+0000] {logging_mixin.py:137} INFO - [2023-04-22T23:42:20.682+0000] {dag.py:3456} INFO - Setting next_dagrun for example_sla_dag to 2023-04-22T23:40:00+00:00, run_after=2023-04-22T23:42:00+00:00
[2023-04-22T23:42:20.696+0000] {processor.py:175} INFO - Processing /home/airflow/.local/lib/python3.7/site-packages/airflow/example_dags/example_sla_dag.py took 0.077 seconds
[2023-04-22T23:43:08.195+0000] {processor.py:153} INFO - Started process (PID=64) to work on /home/airflow/.local/lib/python3.7/site-packages/airflow/example_dags/example_sla_dag.py
[2023-04-22T23:43:08.197+0000] {processor.py:743} INFO - Processing file /home/airflow/.local/lib/python3.7/site-packages/airflow/example_dags/example_sla_dag.py for tasks to queue
[2023-04-22T23:43:08.199+0000] {logging_mixin.py:137} INFO - [2023-04-22T23:43:08.199+0000] {dagbag.py:532} INFO - Filling up the DagBag from /home/airflow/.local/lib/python3.7/site-packages/airflow/example_dags/example_sla_dag.py
[2023-04-22T23:43:08.247+0000] {processor.py:753} INFO - DAG(s) dict_keys(['example_sla_dag']) retrieved from /home/airflow/.local/lib/python3.7/site-packages/airflow/example_dags/example_sla_dag.py
[2023-04-22T23:43:08.280+0000] {logging_mixin.py:137} INFO - [2023-04-22T23:43:08.279+0000] {dag.py:2705} INFO - Sync 1 DAGs
[2023-04-22T23:43:08.317+0000] {logging_mixin.py:137} INFO - [2023-04-22T23:43:08.316+0000] {dag.py:3456} INFO - Setting next_dagrun for example_sla_dag to 2023-04-22T23:40:00+00:00, run_after=2023-04-22T23:42:00+00:00
[2023-04-22T23:43:08.342+0000] {processor.py:175} INFO - Processing /home/airflow/.local/lib/python3.7/site-packages/airflow/example_dags/example_sla_dag.py took 0.152 seconds
[2023-04-22T23:43:39.263+0000] {processor.py:153} INFO - Started process (PID=115) to work on /home/airflow/.local/lib/python3.7/site-packages/airflow/example_dags/example_sla_dag.py
[2023-04-22T23:43:39.265+0000] {processor.py:743} INFO - Processing file /home/airflow/.local/lib/python3.7/site-packages/airflow/example_dags/example_sla_dag.py for tasks to queue
[2023-04-22T23:43:39.266+0000] {logging_mixin.py:137} INFO - [2023-04-22T23:43:39.266+0000] {dagbag.py:532} INFO - Filling up the DagBag from /home/airflow/.local/lib/python3.7/site-packages/airflow/example_dags/example_sla_dag.py
[2023-04-22T23:43:39.288+0000] {processor.py:753} INFO - DAG(s) dict_keys(['example_sla_dag']) retrieved from /home/airflow/.local/lib/python3.7/site-packages/airflow/example_dags/example_sla_dag.py
[2023-04-22T23:43:39.307+0000] {logging_mixin.py:137} INFO - [2023-04-22T23:43:39.307+0000] {dag.py:2705} INFO - Sync 1 DAGs
[2023-04-22T23:43:39.324+0000] {logging_mixin.py:137} INFO - [2023-04-22T23:43:39.324+0000] {dag.py:3456} INFO - Setting next_dagrun for example_sla_dag to 2023-04-22T23:40:00+00:00, run_after=2023-04-22T23:42:00+00:00
[2023-04-22T23:43:39.335+0000] {processor.py:175} INFO - Processing /home/airflow/.local/lib/python3.7/site-packages/airflow/example_dags/example_sla_dag.py took 0.077 seconds
[2023-04-22T23:44:31.900+0000] {processor.py:153} INFO - Started process (PID=64) to work on /home/airflow/.local/lib/python3.7/site-packages/airflow/example_dags/example_sla_dag.py
[2023-04-22T23:44:31.902+0000] {processor.py:743} INFO - Processing file /home/airflow/.local/lib/python3.7/site-packages/airflow/example_dags/example_sla_dag.py for tasks to queue
[2023-04-22T23:44:31.903+0000] {logging_mixin.py:137} INFO - [2023-04-22T23:44:31.903+0000] {dagbag.py:532} INFO - Filling up the DagBag from /home/airflow/.local/lib/python3.7/site-packages/airflow/example_dags/example_sla_dag.py
[2023-04-22T23:44:31.940+0000] {processor.py:753} INFO - DAG(s) dict_keys(['example_sla_dag']) retrieved from /home/airflow/.local/lib/python3.7/site-packages/airflow/example_dags/example_sla_dag.py
[2023-04-22T23:44:31.992+0000] {logging_mixin.py:137} INFO - [2023-04-22T23:44:31.992+0000] {dag.py:2705} INFO - Sync 1 DAGs
[2023-04-22T23:44:32.041+0000] {logging_mixin.py:137} INFO - [2023-04-22T23:44:32.041+0000] {dag.py:3456} INFO - Setting next_dagrun for example_sla_dag to 2023-04-22T23:42:00+00:00, run_after=2023-04-22T23:44:00+00:00
[2023-04-22T23:44:32.061+0000] {processor.py:175} INFO - Processing /home/airflow/.local/lib/python3.7/site-packages/airflow/example_dags/example_sla_dag.py took 0.167 seconds
[2023-04-22T23:46:56.146+0000] {processor.py:153} INFO - Started process (PID=65) to work on /home/airflow/.local/lib/python3.7/site-packages/airflow/example_dags/example_sla_dag.py
[2023-04-22T23:46:56.148+0000] {processor.py:743} INFO - Processing file /home/airflow/.local/lib/python3.7/site-packages/airflow/example_dags/example_sla_dag.py for tasks to queue
[2023-04-22T23:46:56.149+0000] {logging_mixin.py:137} INFO - [2023-04-22T23:46:56.149+0000] {dagbag.py:532} INFO - Filling up the DagBag from /home/airflow/.local/lib/python3.7/site-packages/airflow/example_dags/example_sla_dag.py
[2023-04-22T23:46:56.204+0000] {processor.py:753} INFO - DAG(s) dict_keys(['example_sla_dag']) retrieved from /home/airflow/.local/lib/python3.7/site-packages/airflow/example_dags/example_sla_dag.py
[2023-04-22T23:46:56.227+0000] {logging_mixin.py:137} INFO - [2023-04-22T23:46:56.227+0000] {dag.py:2705} INFO - Sync 1 DAGs
[2023-04-22T23:46:56.276+0000] {logging_mixin.py:137} INFO - [2023-04-22T23:46:56.276+0000] {dag.py:3456} INFO - Setting next_dagrun for example_sla_dag to 2023-04-22T23:44:00+00:00, run_after=2023-04-22T23:46:00+00:00
[2023-04-22T23:46:56.295+0000] {processor.py:175} INFO - Processing /home/airflow/.local/lib/python3.7/site-packages/airflow/example_dags/example_sla_dag.py took 0.154 seconds
[2023-04-22T23:47:27.181+0000] {processor.py:153} INFO - Started process (PID=116) to work on /home/airflow/.local/lib/python3.7/site-packages/airflow/example_dags/example_sla_dag.py
[2023-04-22T23:47:27.183+0000] {processor.py:743} INFO - Processing file /home/airflow/.local/lib/python3.7/site-packages/airflow/example_dags/example_sla_dag.py for tasks to queue
[2023-04-22T23:47:27.183+0000] {logging_mixin.py:137} INFO - [2023-04-22T23:47:27.183+0000] {dagbag.py:532} INFO - Filling up the DagBag from /home/airflow/.local/lib/python3.7/site-packages/airflow/example_dags/example_sla_dag.py
[2023-04-22T23:47:27.199+0000] {processor.py:753} INFO - DAG(s) dict_keys(['example_sla_dag']) retrieved from /home/airflow/.local/lib/python3.7/site-packages/airflow/example_dags/example_sla_dag.py
[2023-04-22T23:47:27.220+0000] {logging_mixin.py:137} INFO - [2023-04-22T23:47:27.220+0000] {dag.py:2705} INFO - Sync 1 DAGs
[2023-04-22T23:47:27.238+0000] {logging_mixin.py:137} INFO - [2023-04-22T23:47:27.238+0000] {dag.py:3456} INFO - Setting next_dagrun for example_sla_dag to 2023-04-22T23:44:00+00:00, run_after=2023-04-22T23:46:00+00:00
[2023-04-22T23:47:27.251+0000] {processor.py:175} INFO - Processing /home/airflow/.local/lib/python3.7/site-packages/airflow/example_dags/example_sla_dag.py took 0.073 seconds
[2023-04-22T23:47:57.751+0000] {processor.py:153} INFO - Started process (PID=167) to work on /home/airflow/.local/lib/python3.7/site-packages/airflow/example_dags/example_sla_dag.py
[2023-04-22T23:47:57.752+0000] {processor.py:743} INFO - Processing file /home/airflow/.local/lib/python3.7/site-packages/airflow/example_dags/example_sla_dag.py for tasks to queue
[2023-04-22T23:47:57.753+0000] {logging_mixin.py:137} INFO - [2023-04-22T23:47:57.752+0000] {dagbag.py:532} INFO - Filling up the DagBag from /home/airflow/.local/lib/python3.7/site-packages/airflow/example_dags/example_sla_dag.py
[2023-04-22T23:47:57.769+0000] {processor.py:753} INFO - DAG(s) dict_keys(['example_sla_dag']) retrieved from /home/airflow/.local/lib/python3.7/site-packages/airflow/example_dags/example_sla_dag.py
[2023-04-22T23:47:57.798+0000] {logging_mixin.py:137} INFO - [2023-04-22T23:47:57.798+0000] {dag.py:2705} INFO - Sync 1 DAGs
[2023-04-22T23:47:57.817+0000] {logging_mixin.py:137} INFO - [2023-04-22T23:47:57.817+0000] {dag.py:3456} INFO - Setting next_dagrun for example_sla_dag to 2023-04-22T23:44:00+00:00, run_after=2023-04-22T23:46:00+00:00
[2023-04-22T23:47:57.850+0000] {processor.py:175} INFO - Processing /home/airflow/.local/lib/python3.7/site-packages/airflow/example_dags/example_sla_dag.py took 0.102 seconds
[2023-04-22T23:48:28.253+0000] {processor.py:153} INFO - Started process (PID=218) to work on /home/airflow/.local/lib/python3.7/site-packages/airflow/example_dags/example_sla_dag.py
[2023-04-22T23:48:28.254+0000] {processor.py:743} INFO - Processing file /home/airflow/.local/lib/python3.7/site-packages/airflow/example_dags/example_sla_dag.py for tasks to queue
[2023-04-22T23:48:28.255+0000] {logging_mixin.py:137} INFO - [2023-04-22T23:48:28.255+0000] {dagbag.py:532} INFO - Filling up the DagBag from /home/airflow/.local/lib/python3.7/site-packages/airflow/example_dags/example_sla_dag.py
[2023-04-22T23:48:28.270+0000] {processor.py:753} INFO - DAG(s) dict_keys(['example_sla_dag']) retrieved from /home/airflow/.local/lib/python3.7/site-packages/airflow/example_dags/example_sla_dag.py
[2023-04-22T23:48:28.292+0000] {logging_mixin.py:137} INFO - [2023-04-22T23:48:28.292+0000] {dag.py:2705} INFO - Sync 1 DAGs
[2023-04-22T23:48:28.317+0000] {logging_mixin.py:137} INFO - [2023-04-22T23:48:28.317+0000] {dag.py:3456} INFO - Setting next_dagrun for example_sla_dag to 2023-04-22T23:46:00+00:00, run_after=2023-04-22T23:48:00+00:00
[2023-04-22T23:48:28.330+0000] {processor.py:175} INFO - Processing /home/airflow/.local/lib/python3.7/site-packages/airflow/example_dags/example_sla_dag.py took 0.080 seconds
[2023-04-22T23:48:58.664+0000] {processor.py:153} INFO - Started process (PID=269) to work on /home/airflow/.local/lib/python3.7/site-packages/airflow/example_dags/example_sla_dag.py
[2023-04-22T23:48:58.665+0000] {processor.py:743} INFO - Processing file /home/airflow/.local/lib/python3.7/site-packages/airflow/example_dags/example_sla_dag.py for tasks to queue
[2023-04-22T23:48:58.666+0000] {logging_mixin.py:137} INFO - [2023-04-22T23:48:58.666+0000] {dagbag.py:532} INFO - Filling up the DagBag from /home/airflow/.local/lib/python3.7/site-packages/airflow/example_dags/example_sla_dag.py
[2023-04-22T23:48:58.681+0000] {processor.py:753} INFO - DAG(s) dict_keys(['example_sla_dag']) retrieved from /home/airflow/.local/lib/python3.7/site-packages/airflow/example_dags/example_sla_dag.py
[2023-04-22T23:48:58.701+0000] {logging_mixin.py:137} INFO - [2023-04-22T23:48:58.701+0000] {dag.py:2705} INFO - Sync 1 DAGs
[2023-04-22T23:48:58.725+0000] {logging_mixin.py:137} INFO - [2023-04-22T23:48:58.725+0000] {dag.py:3456} INFO - Setting next_dagrun for example_sla_dag to 2023-04-22T23:46:00+00:00, run_after=2023-04-22T23:48:00+00:00
[2023-04-22T23:48:58.740+0000] {processor.py:175} INFO - Processing /home/airflow/.local/lib/python3.7/site-packages/airflow/example_dags/example_sla_dag.py took 0.079 seconds
[2023-04-22T23:49:29.552+0000] {processor.py:153} INFO - Started process (PID=320) to work on /home/airflow/.local/lib/python3.7/site-packages/airflow/example_dags/example_sla_dag.py
[2023-04-22T23:49:29.553+0000] {processor.py:743} INFO - Processing file /home/airflow/.local/lib/python3.7/site-packages/airflow/example_dags/example_sla_dag.py for tasks to queue
[2023-04-22T23:49:29.554+0000] {logging_mixin.py:137} INFO - [2023-04-22T23:49:29.554+0000] {dagbag.py:532} INFO - Filling up the DagBag from /home/airflow/.local/lib/python3.7/site-packages/airflow/example_dags/example_sla_dag.py
[2023-04-22T23:49:29.570+0000] {processor.py:753} INFO - DAG(s) dict_keys(['example_sla_dag']) retrieved from /home/airflow/.local/lib/python3.7/site-packages/airflow/example_dags/example_sla_dag.py
[2023-04-22T23:49:29.590+0000] {logging_mixin.py:137} INFO - [2023-04-22T23:49:29.589+0000] {dag.py:2705} INFO - Sync 1 DAGs
[2023-04-22T23:49:29.606+0000] {logging_mixin.py:137} INFO - [2023-04-22T23:49:29.606+0000] {dag.py:3456} INFO - Setting next_dagrun for example_sla_dag to 2023-04-22T23:46:00+00:00, run_after=2023-04-22T23:48:00+00:00
[2023-04-22T23:49:29.617+0000] {processor.py:175} INFO - Processing /home/airflow/.local/lib/python3.7/site-packages/airflow/example_dags/example_sla_dag.py took 0.067 seconds
[2023-04-22T23:50:00.269+0000] {processor.py:153} INFO - Started process (PID=372) to work on /home/airflow/.local/lib/python3.7/site-packages/airflow/example_dags/example_sla_dag.py
[2023-04-22T23:50:00.270+0000] {processor.py:743} INFO - Processing file /home/airflow/.local/lib/python3.7/site-packages/airflow/example_dags/example_sla_dag.py for tasks to queue
[2023-04-22T23:50:00.271+0000] {logging_mixin.py:137} INFO - [2023-04-22T23:50:00.271+0000] {dagbag.py:532} INFO - Filling up the DagBag from /home/airflow/.local/lib/python3.7/site-packages/airflow/example_dags/example_sla_dag.py
[2023-04-22T23:50:00.287+0000] {processor.py:753} INFO - DAG(s) dict_keys(['example_sla_dag']) retrieved from /home/airflow/.local/lib/python3.7/site-packages/airflow/example_dags/example_sla_dag.py
[2023-04-22T23:50:00.306+0000] {logging_mixin.py:137} INFO - [2023-04-22T23:50:00.306+0000] {dag.py:2705} INFO - Sync 1 DAGs
[2023-04-22T23:50:00.323+0000] {logging_mixin.py:137} INFO - [2023-04-22T23:50:00.323+0000] {dag.py:3456} INFO - Setting next_dagrun for example_sla_dag to 2023-04-22T23:48:00+00:00, run_after=2023-04-22T23:50:00+00:00
[2023-04-22T23:50:00.335+0000] {processor.py:175} INFO - Processing /home/airflow/.local/lib/python3.7/site-packages/airflow/example_dags/example_sla_dag.py took 0.068 seconds
[2023-04-22T23:50:31.027+0000] {processor.py:153} INFO - Started process (PID=424) to work on /home/airflow/.local/lib/python3.7/site-packages/airflow/example_dags/example_sla_dag.py
[2023-04-22T23:50:31.028+0000] {processor.py:743} INFO - Processing file /home/airflow/.local/lib/python3.7/site-packages/airflow/example_dags/example_sla_dag.py for tasks to queue
[2023-04-22T23:50:31.029+0000] {logging_mixin.py:137} INFO - [2023-04-22T23:50:31.029+0000] {dagbag.py:532} INFO - Filling up the DagBag from /home/airflow/.local/lib/python3.7/site-packages/airflow/example_dags/example_sla_dag.py
[2023-04-22T23:50:31.045+0000] {processor.py:753} INFO - DAG(s) dict_keys(['example_sla_dag']) retrieved from /home/airflow/.local/lib/python3.7/site-packages/airflow/example_dags/example_sla_dag.py
[2023-04-22T23:50:31.072+0000] {logging_mixin.py:137} INFO - [2023-04-22T23:50:31.071+0000] {dag.py:2705} INFO - Sync 1 DAGs
[2023-04-22T23:50:31.092+0000] {logging_mixin.py:137} INFO - [2023-04-22T23:50:31.092+0000] {dag.py:3456} INFO - Setting next_dagrun for example_sla_dag to 2023-04-22T23:48:00+00:00, run_after=2023-04-22T23:50:00+00:00
[2023-04-22T23:50:31.107+0000] {processor.py:175} INFO - Processing /home/airflow/.local/lib/python3.7/site-packages/airflow/example_dags/example_sla_dag.py took 0.082 seconds
