[2023-04-22T22:50:08.445+0000] {processor.py:153} INFO - Started process (PID=41) to work on /home/airflow/.local/lib/python3.7/site-packages/airflow/example_dags/example_params_ui_tutorial.py
[2023-04-22T22:50:08.446+0000] {processor.py:743} INFO - Processing file /home/airflow/.local/lib/python3.7/site-packages/airflow/example_dags/example_params_ui_tutorial.py for tasks to queue
[2023-04-22T22:50:08.447+0000] {logging_mixin.py:137} INFO - [2023-04-22T22:50:08.447+0000] {dagbag.py:532} INFO - Filling up the DagBag from /home/airflow/.local/lib/python3.7/site-packages/airflow/example_dags/example_params_ui_tutorial.py
[2023-04-22T22:50:08.507+0000] {processor.py:753} INFO - DAG(s) dict_keys(['example_params_ui_tutorial']) retrieved from /home/airflow/.local/lib/python3.7/site-packages/airflow/example_dags/example_params_ui_tutorial.py
[2023-04-22T22:50:08.542+0000] {logging_mixin.py:137} INFO - [2023-04-22T22:50:08.542+0000] {dag.py:2705} INFO - Sync 1 DAGs
[2023-04-22T22:50:08.605+0000] {logging_mixin.py:137} INFO - [2023-04-22T22:50:08.605+0000] {dag.py:3456} INFO - Setting next_dagrun for example_params_ui_tutorial to None, run_after=None
[2023-04-22T22:50:08.669+0000] {processor.py:175} INFO - Processing /home/airflow/.local/lib/python3.7/site-packages/airflow/example_dags/example_params_ui_tutorial.py took 0.230 seconds
[2023-04-22T22:50:39.038+0000] {processor.py:153} INFO - Started process (PID=92) to work on /home/airflow/.local/lib/python3.7/site-packages/airflow/example_dags/example_params_ui_tutorial.py
[2023-04-22T22:50:39.040+0000] {processor.py:743} INFO - Processing file /home/airflow/.local/lib/python3.7/site-packages/airflow/example_dags/example_params_ui_tutorial.py for tasks to queue
[2023-04-22T22:50:39.041+0000] {logging_mixin.py:137} INFO - [2023-04-22T22:50:39.041+0000] {dagbag.py:532} INFO - Filling up the DagBag from /home/airflow/.local/lib/python3.7/site-packages/airflow/example_dags/example_params_ui_tutorial.py
[2023-04-22T22:50:39.101+0000] {processor.py:753} INFO - DAG(s) dict_keys(['example_params_ui_tutorial']) retrieved from /home/airflow/.local/lib/python3.7/site-packages/airflow/example_dags/example_params_ui_tutorial.py
[2023-04-22T22:50:39.193+0000] {logging_mixin.py:137} INFO - [2023-04-22T22:50:39.191+0000] {dag.py:2705} INFO - Sync 1 DAGs
[2023-04-22T22:50:39.224+0000] {logging_mixin.py:137} INFO - [2023-04-22T22:50:39.224+0000] {dag.py:3456} INFO - Setting next_dagrun for example_params_ui_tutorial to None, run_after=None
[2023-04-22T22:50:39.260+0000] {processor.py:175} INFO - Processing /home/airflow/.local/lib/python3.7/site-packages/airflow/example_dags/example_params_ui_tutorial.py took 0.225 seconds
[2023-04-22T22:51:09.565+0000] {processor.py:153} INFO - Started process (PID=143) to work on /home/airflow/.local/lib/python3.7/site-packages/airflow/example_dags/example_params_ui_tutorial.py
[2023-04-22T22:51:09.567+0000] {processor.py:743} INFO - Processing file /home/airflow/.local/lib/python3.7/site-packages/airflow/example_dags/example_params_ui_tutorial.py for tasks to queue
[2023-04-22T22:51:09.570+0000] {logging_mixin.py:137} INFO - [2023-04-22T22:51:09.570+0000] {dagbag.py:532} INFO - Filling up the DagBag from /home/airflow/.local/lib/python3.7/site-packages/airflow/example_dags/example_params_ui_tutorial.py
[2023-04-22T22:51:09.621+0000] {processor.py:753} INFO - DAG(s) dict_keys(['example_params_ui_tutorial']) retrieved from /home/airflow/.local/lib/python3.7/site-packages/airflow/example_dags/example_params_ui_tutorial.py
[2023-04-22T22:51:09.657+0000] {logging_mixin.py:137} INFO - [2023-04-22T22:51:09.657+0000] {dag.py:2705} INFO - Sync 1 DAGs
[2023-04-22T22:51:09.673+0000] {logging_mixin.py:137} INFO - [2023-04-22T22:51:09.673+0000] {dag.py:3456} INFO - Setting next_dagrun for example_params_ui_tutorial to None, run_after=None
[2023-04-22T22:51:09.686+0000] {processor.py:175} INFO - Processing /home/airflow/.local/lib/python3.7/site-packages/airflow/example_dags/example_params_ui_tutorial.py took 0.126 seconds
[2023-04-22T22:51:39.930+0000] {processor.py:153} INFO - Started process (PID=193) to work on /home/airflow/.local/lib/python3.7/site-packages/airflow/example_dags/example_params_ui_tutorial.py
[2023-04-22T22:51:39.933+0000] {processor.py:743} INFO - Processing file /home/airflow/.local/lib/python3.7/site-packages/airflow/example_dags/example_params_ui_tutorial.py for tasks to queue
[2023-04-22T22:51:39.934+0000] {logging_mixin.py:137} INFO - [2023-04-22T22:51:39.934+0000] {dagbag.py:532} INFO - Filling up the DagBag from /home/airflow/.local/lib/python3.7/site-packages/airflow/example_dags/example_params_ui_tutorial.py
[2023-04-22T22:51:39.974+0000] {processor.py:753} INFO - DAG(s) dict_keys(['example_params_ui_tutorial']) retrieved from /home/airflow/.local/lib/python3.7/site-packages/airflow/example_dags/example_params_ui_tutorial.py
[2023-04-22T22:51:40.014+0000] {logging_mixin.py:137} INFO - [2023-04-22T22:51:40.014+0000] {dag.py:2705} INFO - Sync 1 DAGs
[2023-04-22T22:51:40.030+0000] {logging_mixin.py:137} INFO - [2023-04-22T22:51:40.030+0000] {dag.py:3456} INFO - Setting next_dagrun for example_params_ui_tutorial to None, run_after=None
[2023-04-22T22:51:40.041+0000] {processor.py:175} INFO - Processing /home/airflow/.local/lib/python3.7/site-packages/airflow/example_dags/example_params_ui_tutorial.py took 0.118 seconds
[2023-04-22T22:52:10.378+0000] {processor.py:153} INFO - Started process (PID=243) to work on /home/airflow/.local/lib/python3.7/site-packages/airflow/example_dags/example_params_ui_tutorial.py
[2023-04-22T22:52:10.380+0000] {processor.py:743} INFO - Processing file /home/airflow/.local/lib/python3.7/site-packages/airflow/example_dags/example_params_ui_tutorial.py for tasks to queue
[2023-04-22T22:52:10.381+0000] {logging_mixin.py:137} INFO - [2023-04-22T22:52:10.381+0000] {dagbag.py:532} INFO - Filling up the DagBag from /home/airflow/.local/lib/python3.7/site-packages/airflow/example_dags/example_params_ui_tutorial.py
[2023-04-22T22:52:10.423+0000] {processor.py:753} INFO - DAG(s) dict_keys(['example_params_ui_tutorial']) retrieved from /home/airflow/.local/lib/python3.7/site-packages/airflow/example_dags/example_params_ui_tutorial.py
[2023-04-22T22:52:10.461+0000] {logging_mixin.py:137} INFO - [2023-04-22T22:52:10.461+0000] {dag.py:2705} INFO - Sync 1 DAGs
[2023-04-22T22:52:10.476+0000] {logging_mixin.py:137} INFO - [2023-04-22T22:52:10.476+0000] {dag.py:3456} INFO - Setting next_dagrun for example_params_ui_tutorial to None, run_after=None
[2023-04-22T22:52:10.488+0000] {processor.py:175} INFO - Processing /home/airflow/.local/lib/python3.7/site-packages/airflow/example_dags/example_params_ui_tutorial.py took 0.114 seconds
[2023-04-22T22:52:40.759+0000] {processor.py:153} INFO - Started process (PID=294) to work on /home/airflow/.local/lib/python3.7/site-packages/airflow/example_dags/example_params_ui_tutorial.py
[2023-04-22T22:52:40.760+0000] {processor.py:743} INFO - Processing file /home/airflow/.local/lib/python3.7/site-packages/airflow/example_dags/example_params_ui_tutorial.py for tasks to queue
[2023-04-22T22:52:40.761+0000] {logging_mixin.py:137} INFO - [2023-04-22T22:52:40.761+0000] {dagbag.py:532} INFO - Filling up the DagBag from /home/airflow/.local/lib/python3.7/site-packages/airflow/example_dags/example_params_ui_tutorial.py
[2023-04-22T22:52:40.797+0000] {processor.py:753} INFO - DAG(s) dict_keys(['example_params_ui_tutorial']) retrieved from /home/airflow/.local/lib/python3.7/site-packages/airflow/example_dags/example_params_ui_tutorial.py
[2023-04-22T22:52:40.844+0000] {logging_mixin.py:137} INFO - [2023-04-22T22:52:40.844+0000] {dag.py:2705} INFO - Sync 1 DAGs
[2023-04-22T22:52:40.863+0000] {logging_mixin.py:137} INFO - [2023-04-22T22:52:40.863+0000] {dag.py:3456} INFO - Setting next_dagrun for example_params_ui_tutorial to None, run_after=None
[2023-04-22T22:52:40.876+0000] {processor.py:175} INFO - Processing /home/airflow/.local/lib/python3.7/site-packages/airflow/example_dags/example_params_ui_tutorial.py took 0.120 seconds
[2023-04-22T22:53:11.405+0000] {processor.py:153} INFO - Started process (PID=346) to work on /home/airflow/.local/lib/python3.7/site-packages/airflow/example_dags/example_params_ui_tutorial.py
[2023-04-22T22:53:11.407+0000] {processor.py:743} INFO - Processing file /home/airflow/.local/lib/python3.7/site-packages/airflow/example_dags/example_params_ui_tutorial.py for tasks to queue
[2023-04-22T22:53:11.408+0000] {logging_mixin.py:137} INFO - [2023-04-22T22:53:11.408+0000] {dagbag.py:532} INFO - Filling up the DagBag from /home/airflow/.local/lib/python3.7/site-packages/airflow/example_dags/example_params_ui_tutorial.py
[2023-04-22T22:53:11.507+0000] {processor.py:753} INFO - DAG(s) dict_keys(['example_params_ui_tutorial']) retrieved from /home/airflow/.local/lib/python3.7/site-packages/airflow/example_dags/example_params_ui_tutorial.py
[2023-04-22T22:53:11.585+0000] {logging_mixin.py:137} INFO - [2023-04-22T22:53:11.585+0000] {dag.py:2705} INFO - Sync 1 DAGs
[2023-04-22T22:53:11.624+0000] {logging_mixin.py:137} INFO - [2023-04-22T22:53:11.624+0000] {dag.py:3456} INFO - Setting next_dagrun for example_params_ui_tutorial to None, run_after=None
[2023-04-22T22:53:11.663+0000] {processor.py:175} INFO - Processing /home/airflow/.local/lib/python3.7/site-packages/airflow/example_dags/example_params_ui_tutorial.py took 0.262 seconds
[2023-04-22T22:53:42.441+0000] {processor.py:153} INFO - Started process (PID=397) to work on /home/airflow/.local/lib/python3.7/site-packages/airflow/example_dags/example_params_ui_tutorial.py
[2023-04-22T22:53:42.442+0000] {processor.py:743} INFO - Processing file /home/airflow/.local/lib/python3.7/site-packages/airflow/example_dags/example_params_ui_tutorial.py for tasks to queue
[2023-04-22T22:53:42.443+0000] {logging_mixin.py:137} INFO - [2023-04-22T22:53:42.443+0000] {dagbag.py:532} INFO - Filling up the DagBag from /home/airflow/.local/lib/python3.7/site-packages/airflow/example_dags/example_params_ui_tutorial.py
[2023-04-22T22:53:42.513+0000] {processor.py:753} INFO - DAG(s) dict_keys(['example_params_ui_tutorial']) retrieved from /home/airflow/.local/lib/python3.7/site-packages/airflow/example_dags/example_params_ui_tutorial.py
[2023-04-22T22:53:42.563+0000] {logging_mixin.py:137} INFO - [2023-04-22T22:53:42.563+0000] {dag.py:2705} INFO - Sync 1 DAGs
[2023-04-22T22:53:42.587+0000] {logging_mixin.py:137} INFO - [2023-04-22T22:53:42.587+0000] {dag.py:3456} INFO - Setting next_dagrun for example_params_ui_tutorial to None, run_after=None
[2023-04-22T22:53:42.600+0000] {processor.py:175} INFO - Processing /home/airflow/.local/lib/python3.7/site-packages/airflow/example_dags/example_params_ui_tutorial.py took 0.162 seconds
[2023-04-22T23:03:10.249+0000] {processor.py:153} INFO - Started process (PID=41) to work on /home/airflow/.local/lib/python3.7/site-packages/airflow/example_dags/example_params_ui_tutorial.py
[2023-04-22T23:03:10.251+0000] {processor.py:743} INFO - Processing file /home/airflow/.local/lib/python3.7/site-packages/airflow/example_dags/example_params_ui_tutorial.py for tasks to queue
[2023-04-22T23:03:10.251+0000] {logging_mixin.py:137} INFO - [2023-04-22T23:03:10.251+0000] {dagbag.py:532} INFO - Filling up the DagBag from /home/airflow/.local/lib/python3.7/site-packages/airflow/example_dags/example_params_ui_tutorial.py
[2023-04-22T23:03:10.338+0000] {processor.py:753} INFO - DAG(s) dict_keys(['example_params_ui_tutorial']) retrieved from /home/airflow/.local/lib/python3.7/site-packages/airflow/example_dags/example_params_ui_tutorial.py
[2023-04-22T23:03:10.479+0000] {logging_mixin.py:137} INFO - [2023-04-22T23:03:10.479+0000] {manager.py:504} INFO - Created Permission View: can read on DAG:example_params_ui_tutorial
[2023-04-22T23:03:10.498+0000] {logging_mixin.py:137} INFO - [2023-04-22T23:03:10.498+0000] {manager.py:504} INFO - Created Permission View: can delete on DAG:example_params_ui_tutorial
[2023-04-22T23:03:10.514+0000] {logging_mixin.py:137} INFO - [2023-04-22T23:03:10.514+0000] {manager.py:504} INFO - Created Permission View: can edit on DAG:example_params_ui_tutorial
[2023-04-22T23:03:10.517+0000] {logging_mixin.py:137} INFO - [2023-04-22T23:03:10.516+0000] {dag.py:2705} INFO - Sync 1 DAGs
[2023-04-22T23:03:10.532+0000] {logging_mixin.py:137} INFO - [2023-04-22T23:03:10.532+0000] {dag.py:2726} INFO - Creating ORM DAG for example_params_ui_tutorial
[2023-04-22T23:03:10.543+0000] {logging_mixin.py:137} INFO - [2023-04-22T23:03:10.543+0000] {dag.py:3456} INFO - Setting next_dagrun for example_params_ui_tutorial to None, run_after=None
[2023-04-22T23:03:10.581+0000] {processor.py:175} INFO - Processing /home/airflow/.local/lib/python3.7/site-packages/airflow/example_dags/example_params_ui_tutorial.py took 0.335 seconds
[2023-04-22T23:03:41.037+0000] {processor.py:153} INFO - Started process (PID=92) to work on /home/airflow/.local/lib/python3.7/site-packages/airflow/example_dags/example_params_ui_tutorial.py
[2023-04-22T23:03:41.038+0000] {processor.py:743} INFO - Processing file /home/airflow/.local/lib/python3.7/site-packages/airflow/example_dags/example_params_ui_tutorial.py for tasks to queue
[2023-04-22T23:03:41.039+0000] {logging_mixin.py:137} INFO - [2023-04-22T23:03:41.039+0000] {dagbag.py:532} INFO - Filling up the DagBag from /home/airflow/.local/lib/python3.7/site-packages/airflow/example_dags/example_params_ui_tutorial.py
[2023-04-22T23:03:41.081+0000] {processor.py:753} INFO - DAG(s) dict_keys(['example_params_ui_tutorial']) retrieved from /home/airflow/.local/lib/python3.7/site-packages/airflow/example_dags/example_params_ui_tutorial.py
[2023-04-22T23:03:41.122+0000] {logging_mixin.py:137} INFO - [2023-04-22T23:03:41.122+0000] {dag.py:2705} INFO - Sync 1 DAGs
[2023-04-22T23:03:41.139+0000] {logging_mixin.py:137} INFO - [2023-04-22T23:03:41.139+0000] {dag.py:3456} INFO - Setting next_dagrun for example_params_ui_tutorial to None, run_after=None
[2023-04-22T23:03:41.150+0000] {processor.py:175} INFO - Processing /home/airflow/.local/lib/python3.7/site-packages/airflow/example_dags/example_params_ui_tutorial.py took 0.116 seconds
[2023-04-22T23:04:11.584+0000] {processor.py:153} INFO - Started process (PID=143) to work on /home/airflow/.local/lib/python3.7/site-packages/airflow/example_dags/example_params_ui_tutorial.py
[2023-04-22T23:04:11.585+0000] {processor.py:743} INFO - Processing file /home/airflow/.local/lib/python3.7/site-packages/airflow/example_dags/example_params_ui_tutorial.py for tasks to queue
[2023-04-22T23:04:11.586+0000] {logging_mixin.py:137} INFO - [2023-04-22T23:04:11.586+0000] {dagbag.py:532} INFO - Filling up the DagBag from /home/airflow/.local/lib/python3.7/site-packages/airflow/example_dags/example_params_ui_tutorial.py
[2023-04-22T23:04:11.623+0000] {processor.py:753} INFO - DAG(s) dict_keys(['example_params_ui_tutorial']) retrieved from /home/airflow/.local/lib/python3.7/site-packages/airflow/example_dags/example_params_ui_tutorial.py
[2023-04-22T23:04:11.659+0000] {logging_mixin.py:137} INFO - [2023-04-22T23:04:11.659+0000] {dag.py:2705} INFO - Sync 1 DAGs
[2023-04-22T23:04:11.676+0000] {logging_mixin.py:137} INFO - [2023-04-22T23:04:11.676+0000] {dag.py:3456} INFO - Setting next_dagrun for example_params_ui_tutorial to None, run_after=None
[2023-04-22T23:04:11.692+0000] {processor.py:175} INFO - Processing /home/airflow/.local/lib/python3.7/site-packages/airflow/example_dags/example_params_ui_tutorial.py took 0.112 seconds
[2023-04-22T23:04:42.058+0000] {processor.py:153} INFO - Started process (PID=194) to work on /home/airflow/.local/lib/python3.7/site-packages/airflow/example_dags/example_params_ui_tutorial.py
[2023-04-22T23:04:42.059+0000] {processor.py:743} INFO - Processing file /home/airflow/.local/lib/python3.7/site-packages/airflow/example_dags/example_params_ui_tutorial.py for tasks to queue
[2023-04-22T23:04:42.060+0000] {logging_mixin.py:137} INFO - [2023-04-22T23:04:42.060+0000] {dagbag.py:532} INFO - Filling up the DagBag from /home/airflow/.local/lib/python3.7/site-packages/airflow/example_dags/example_params_ui_tutorial.py
[2023-04-22T23:04:42.097+0000] {processor.py:753} INFO - DAG(s) dict_keys(['example_params_ui_tutorial']) retrieved from /home/airflow/.local/lib/python3.7/site-packages/airflow/example_dags/example_params_ui_tutorial.py
[2023-04-22T23:04:42.137+0000] {logging_mixin.py:137} INFO - [2023-04-22T23:04:42.137+0000] {dag.py:2705} INFO - Sync 1 DAGs
[2023-04-22T23:04:42.156+0000] {logging_mixin.py:137} INFO - [2023-04-22T23:04:42.156+0000] {dag.py:3456} INFO - Setting next_dagrun for example_params_ui_tutorial to None, run_after=None
[2023-04-22T23:04:42.169+0000] {processor.py:175} INFO - Processing /home/airflow/.local/lib/python3.7/site-packages/airflow/example_dags/example_params_ui_tutorial.py took 0.114 seconds
[2023-04-22T23:05:12.781+0000] {processor.py:153} INFO - Started process (PID=245) to work on /home/airflow/.local/lib/python3.7/site-packages/airflow/example_dags/example_params_ui_tutorial.py
[2023-04-22T23:05:12.782+0000] {processor.py:743} INFO - Processing file /home/airflow/.local/lib/python3.7/site-packages/airflow/example_dags/example_params_ui_tutorial.py for tasks to queue
[2023-04-22T23:05:12.783+0000] {logging_mixin.py:137} INFO - [2023-04-22T23:05:12.783+0000] {dagbag.py:532} INFO - Filling up the DagBag from /home/airflow/.local/lib/python3.7/site-packages/airflow/example_dags/example_params_ui_tutorial.py
[2023-04-22T23:05:12.819+0000] {processor.py:753} INFO - DAG(s) dict_keys(['example_params_ui_tutorial']) retrieved from /home/airflow/.local/lib/python3.7/site-packages/airflow/example_dags/example_params_ui_tutorial.py
[2023-04-22T23:05:12.856+0000] {logging_mixin.py:137} INFO - [2023-04-22T23:05:12.855+0000] {dag.py:2705} INFO - Sync 1 DAGs
[2023-04-22T23:05:12.875+0000] {logging_mixin.py:137} INFO - [2023-04-22T23:05:12.874+0000] {dag.py:3456} INFO - Setting next_dagrun for example_params_ui_tutorial to None, run_after=None
[2023-04-22T23:05:12.888+0000] {processor.py:175} INFO - Processing /home/airflow/.local/lib/python3.7/site-packages/airflow/example_dags/example_params_ui_tutorial.py took 0.110 seconds
[2023-04-22T23:05:43.883+0000] {processor.py:153} INFO - Started process (PID=297) to work on /home/airflow/.local/lib/python3.7/site-packages/airflow/example_dags/example_params_ui_tutorial.py
[2023-04-22T23:05:43.885+0000] {processor.py:743} INFO - Processing file /home/airflow/.local/lib/python3.7/site-packages/airflow/example_dags/example_params_ui_tutorial.py for tasks to queue
[2023-04-22T23:05:43.885+0000] {logging_mixin.py:137} INFO - [2023-04-22T23:05:43.885+0000] {dagbag.py:532} INFO - Filling up the DagBag from /home/airflow/.local/lib/python3.7/site-packages/airflow/example_dags/example_params_ui_tutorial.py
[2023-04-22T23:05:43.927+0000] {processor.py:753} INFO - DAG(s) dict_keys(['example_params_ui_tutorial']) retrieved from /home/airflow/.local/lib/python3.7/site-packages/airflow/example_dags/example_params_ui_tutorial.py
[2023-04-22T23:05:43.967+0000] {logging_mixin.py:137} INFO - [2023-04-22T23:05:43.967+0000] {dag.py:2705} INFO - Sync 1 DAGs
[2023-04-22T23:05:43.986+0000] {logging_mixin.py:137} INFO - [2023-04-22T23:05:43.986+0000] {dag.py:3456} INFO - Setting next_dagrun for example_params_ui_tutorial to None, run_after=None
[2023-04-22T23:05:44.001+0000] {processor.py:175} INFO - Processing /home/airflow/.local/lib/python3.7/site-packages/airflow/example_dags/example_params_ui_tutorial.py took 0.121 seconds
[2023-04-22T23:06:14.126+0000] {processor.py:153} INFO - Started process (PID=349) to work on /home/airflow/.local/lib/python3.7/site-packages/airflow/example_dags/example_params_ui_tutorial.py
[2023-04-22T23:06:14.127+0000] {processor.py:743} INFO - Processing file /home/airflow/.local/lib/python3.7/site-packages/airflow/example_dags/example_params_ui_tutorial.py for tasks to queue
[2023-04-22T23:06:14.128+0000] {logging_mixin.py:137} INFO - [2023-04-22T23:06:14.128+0000] {dagbag.py:532} INFO - Filling up the DagBag from /home/airflow/.local/lib/python3.7/site-packages/airflow/example_dags/example_params_ui_tutorial.py
[2023-04-22T23:06:14.163+0000] {processor.py:753} INFO - DAG(s) dict_keys(['example_params_ui_tutorial']) retrieved from /home/airflow/.local/lib/python3.7/site-packages/airflow/example_dags/example_params_ui_tutorial.py
[2023-04-22T23:06:14.199+0000] {logging_mixin.py:137} INFO - [2023-04-22T23:06:14.199+0000] {dag.py:2705} INFO - Sync 1 DAGs
[2023-04-22T23:06:14.216+0000] {logging_mixin.py:137} INFO - [2023-04-22T23:06:14.216+0000] {dag.py:3456} INFO - Setting next_dagrun for example_params_ui_tutorial to None, run_after=None
[2023-04-22T23:06:14.245+0000] {processor.py:175} INFO - Processing /home/airflow/.local/lib/python3.7/site-packages/airflow/example_dags/example_params_ui_tutorial.py took 0.122 seconds
[2023-04-22T23:06:44.846+0000] {processor.py:153} INFO - Started process (PID=400) to work on /home/airflow/.local/lib/python3.7/site-packages/airflow/example_dags/example_params_ui_tutorial.py
[2023-04-22T23:06:44.848+0000] {processor.py:743} INFO - Processing file /home/airflow/.local/lib/python3.7/site-packages/airflow/example_dags/example_params_ui_tutorial.py for tasks to queue
[2023-04-22T23:06:44.849+0000] {logging_mixin.py:137} INFO - [2023-04-22T23:06:44.849+0000] {dagbag.py:532} INFO - Filling up the DagBag from /home/airflow/.local/lib/python3.7/site-packages/airflow/example_dags/example_params_ui_tutorial.py
[2023-04-22T23:06:44.920+0000] {processor.py:753} INFO - DAG(s) dict_keys(['example_params_ui_tutorial']) retrieved from /home/airflow/.local/lib/python3.7/site-packages/airflow/example_dags/example_params_ui_tutorial.py
[2023-04-22T23:06:45.015+0000] {logging_mixin.py:137} INFO - [2023-04-22T23:06:45.015+0000] {dag.py:2705} INFO - Sync 1 DAGs
[2023-04-22T23:06:45.041+0000] {logging_mixin.py:137} INFO - [2023-04-22T23:06:45.041+0000] {dag.py:3456} INFO - Setting next_dagrun for example_params_ui_tutorial to None, run_after=None
[2023-04-22T23:06:45.071+0000] {processor.py:175} INFO - Processing /home/airflow/.local/lib/python3.7/site-packages/airflow/example_dags/example_params_ui_tutorial.py took 0.237 seconds
[2023-04-22T23:12:34.113+0000] {processor.py:153} INFO - Started process (PID=41) to work on /home/airflow/.local/lib/python3.7/site-packages/airflow/example_dags/example_params_ui_tutorial.py
[2023-04-22T23:12:34.117+0000] {processor.py:743} INFO - Processing file /home/airflow/.local/lib/python3.7/site-packages/airflow/example_dags/example_params_ui_tutorial.py for tasks to queue
[2023-04-22T23:12:34.119+0000] {logging_mixin.py:137} INFO - [2023-04-22T23:12:34.119+0000] {dagbag.py:532} INFO - Filling up the DagBag from /home/airflow/.local/lib/python3.7/site-packages/airflow/example_dags/example_params_ui_tutorial.py
[2023-04-22T23:12:34.324+0000] {processor.py:753} INFO - DAG(s) dict_keys(['example_params_ui_tutorial']) retrieved from /home/airflow/.local/lib/python3.7/site-packages/airflow/example_dags/example_params_ui_tutorial.py
[2023-04-22T23:12:34.533+0000] {logging_mixin.py:137} INFO - [2023-04-22T23:12:34.533+0000] {manager.py:504} INFO - Created Permission View: can edit on DAG:example_params_ui_tutorial
[2023-04-22T23:12:34.544+0000] {logging_mixin.py:137} INFO - [2023-04-22T23:12:34.544+0000] {manager.py:504} INFO - Created Permission View: can read on DAG:example_params_ui_tutorial
[2023-04-22T23:12:34.549+0000] {logging_mixin.py:137} INFO - [2023-04-22T23:12:34.549+0000] {manager.py:504} INFO - Created Permission View: can delete on DAG:example_params_ui_tutorial
[2023-04-22T23:12:34.550+0000] {logging_mixin.py:137} INFO - [2023-04-22T23:12:34.550+0000] {dag.py:2705} INFO - Sync 1 DAGs
[2023-04-22T23:12:34.561+0000] {logging_mixin.py:137} INFO - [2023-04-22T23:12:34.561+0000] {dag.py:2726} INFO - Creating ORM DAG for example_params_ui_tutorial
[2023-04-22T23:12:34.598+0000] {logging_mixin.py:137} INFO - [2023-04-22T23:12:34.598+0000] {dag.py:3456} INFO - Setting next_dagrun for example_params_ui_tutorial to None, run_after=None
[2023-04-22T23:12:34.645+0000] {processor.py:175} INFO - Processing /home/airflow/.local/lib/python3.7/site-packages/airflow/example_dags/example_params_ui_tutorial.py took 0.535 seconds
[2023-04-22T23:13:04.718+0000] {processor.py:153} INFO - Started process (PID=92) to work on /home/airflow/.local/lib/python3.7/site-packages/airflow/example_dags/example_params_ui_tutorial.py
[2023-04-22T23:13:04.719+0000] {processor.py:743} INFO - Processing file /home/airflow/.local/lib/python3.7/site-packages/airflow/example_dags/example_params_ui_tutorial.py for tasks to queue
[2023-04-22T23:13:04.720+0000] {logging_mixin.py:137} INFO - [2023-04-22T23:13:04.720+0000] {dagbag.py:532} INFO - Filling up the DagBag from /home/airflow/.local/lib/python3.7/site-packages/airflow/example_dags/example_params_ui_tutorial.py
[2023-04-22T23:13:04.754+0000] {processor.py:753} INFO - DAG(s) dict_keys(['example_params_ui_tutorial']) retrieved from /home/airflow/.local/lib/python3.7/site-packages/airflow/example_dags/example_params_ui_tutorial.py
[2023-04-22T23:13:04.789+0000] {logging_mixin.py:137} INFO - [2023-04-22T23:13:04.789+0000] {dag.py:2705} INFO - Sync 1 DAGs
[2023-04-22T23:13:04.804+0000] {logging_mixin.py:137} INFO - [2023-04-22T23:13:04.804+0000] {dag.py:3456} INFO - Setting next_dagrun for example_params_ui_tutorial to None, run_after=None
[2023-04-22T23:13:04.815+0000] {processor.py:175} INFO - Processing /home/airflow/.local/lib/python3.7/site-packages/airflow/example_dags/example_params_ui_tutorial.py took 0.100 seconds
[2023-04-22T23:13:34.967+0000] {processor.py:153} INFO - Started process (PID=143) to work on /home/airflow/.local/lib/python3.7/site-packages/airflow/example_dags/example_params_ui_tutorial.py
[2023-04-22T23:13:34.968+0000] {processor.py:743} INFO - Processing file /home/airflow/.local/lib/python3.7/site-packages/airflow/example_dags/example_params_ui_tutorial.py for tasks to queue
[2023-04-22T23:13:34.969+0000] {logging_mixin.py:137} INFO - [2023-04-22T23:13:34.969+0000] {dagbag.py:532} INFO - Filling up the DagBag from /home/airflow/.local/lib/python3.7/site-packages/airflow/example_dags/example_params_ui_tutorial.py
[2023-04-22T23:13:35.004+0000] {processor.py:753} INFO - DAG(s) dict_keys(['example_params_ui_tutorial']) retrieved from /home/airflow/.local/lib/python3.7/site-packages/airflow/example_dags/example_params_ui_tutorial.py
[2023-04-22T23:13:35.042+0000] {logging_mixin.py:137} INFO - [2023-04-22T23:13:35.042+0000] {dag.py:2705} INFO - Sync 1 DAGs
[2023-04-22T23:13:35.057+0000] {logging_mixin.py:137} INFO - [2023-04-22T23:13:35.057+0000] {dag.py:3456} INFO - Setting next_dagrun for example_params_ui_tutorial to None, run_after=None
[2023-04-22T23:13:35.067+0000] {processor.py:175} INFO - Processing /home/airflow/.local/lib/python3.7/site-packages/airflow/example_dags/example_params_ui_tutorial.py took 0.103 seconds
[2023-04-22T23:14:05.594+0000] {processor.py:153} INFO - Started process (PID=195) to work on /home/airflow/.local/lib/python3.7/site-packages/airflow/example_dags/example_params_ui_tutorial.py
[2023-04-22T23:14:05.595+0000] {processor.py:743} INFO - Processing file /home/airflow/.local/lib/python3.7/site-packages/airflow/example_dags/example_params_ui_tutorial.py for tasks to queue
[2023-04-22T23:14:05.596+0000] {logging_mixin.py:137} INFO - [2023-04-22T23:14:05.595+0000] {dagbag.py:532} INFO - Filling up the DagBag from /home/airflow/.local/lib/python3.7/site-packages/airflow/example_dags/example_params_ui_tutorial.py
[2023-04-22T23:14:05.629+0000] {processor.py:753} INFO - DAG(s) dict_keys(['example_params_ui_tutorial']) retrieved from /home/airflow/.local/lib/python3.7/site-packages/airflow/example_dags/example_params_ui_tutorial.py
[2023-04-22T23:14:05.664+0000] {logging_mixin.py:137} INFO - [2023-04-22T23:14:05.664+0000] {dag.py:2705} INFO - Sync 1 DAGs
[2023-04-22T23:14:05.679+0000] {logging_mixin.py:137} INFO - [2023-04-22T23:14:05.679+0000] {dag.py:3456} INFO - Setting next_dagrun for example_params_ui_tutorial to None, run_after=None
[2023-04-22T23:14:05.690+0000] {processor.py:175} INFO - Processing /home/airflow/.local/lib/python3.7/site-packages/airflow/example_dags/example_params_ui_tutorial.py took 0.099 seconds
[2023-04-22T23:14:35.934+0000] {processor.py:153} INFO - Started process (PID=246) to work on /home/airflow/.local/lib/python3.7/site-packages/airflow/example_dags/example_params_ui_tutorial.py
[2023-04-22T23:14:35.935+0000] {processor.py:743} INFO - Processing file /home/airflow/.local/lib/python3.7/site-packages/airflow/example_dags/example_params_ui_tutorial.py for tasks to queue
[2023-04-22T23:14:35.936+0000] {logging_mixin.py:137} INFO - [2023-04-22T23:14:35.936+0000] {dagbag.py:532} INFO - Filling up the DagBag from /home/airflow/.local/lib/python3.7/site-packages/airflow/example_dags/example_params_ui_tutorial.py
[2023-04-22T23:14:35.969+0000] {processor.py:753} INFO - DAG(s) dict_keys(['example_params_ui_tutorial']) retrieved from /home/airflow/.local/lib/python3.7/site-packages/airflow/example_dags/example_params_ui_tutorial.py
[2023-04-22T23:14:36.003+0000] {logging_mixin.py:137} INFO - [2023-04-22T23:14:36.003+0000] {dag.py:2705} INFO - Sync 1 DAGs
[2023-04-22T23:14:36.018+0000] {logging_mixin.py:137} INFO - [2023-04-22T23:14:36.018+0000] {dag.py:3456} INFO - Setting next_dagrun for example_params_ui_tutorial to None, run_after=None
[2023-04-22T23:14:36.028+0000] {processor.py:175} INFO - Processing /home/airflow/.local/lib/python3.7/site-packages/airflow/example_dags/example_params_ui_tutorial.py took 0.097 seconds
[2023-04-22T23:15:06.382+0000] {processor.py:153} INFO - Started process (PID=296) to work on /home/airflow/.local/lib/python3.7/site-packages/airflow/example_dags/example_params_ui_tutorial.py
[2023-04-22T23:15:06.383+0000] {processor.py:743} INFO - Processing file /home/airflow/.local/lib/python3.7/site-packages/airflow/example_dags/example_params_ui_tutorial.py for tasks to queue
[2023-04-22T23:15:06.384+0000] {logging_mixin.py:137} INFO - [2023-04-22T23:15:06.384+0000] {dagbag.py:532} INFO - Filling up the DagBag from /home/airflow/.local/lib/python3.7/site-packages/airflow/example_dags/example_params_ui_tutorial.py
[2023-04-22T23:15:06.428+0000] {processor.py:753} INFO - DAG(s) dict_keys(['example_params_ui_tutorial']) retrieved from /home/airflow/.local/lib/python3.7/site-packages/airflow/example_dags/example_params_ui_tutorial.py
[2023-04-22T23:15:06.464+0000] {logging_mixin.py:137} INFO - [2023-04-22T23:15:06.464+0000] {dag.py:2705} INFO - Sync 1 DAGs
[2023-04-22T23:15:06.478+0000] {logging_mixin.py:137} INFO - [2023-04-22T23:15:06.478+0000] {dag.py:3456} INFO - Setting next_dagrun for example_params_ui_tutorial to None, run_after=None
[2023-04-22T23:15:06.489+0000] {processor.py:175} INFO - Processing /home/airflow/.local/lib/python3.7/site-packages/airflow/example_dags/example_params_ui_tutorial.py took 0.110 seconds
[2023-04-22T23:15:36.840+0000] {processor.py:153} INFO - Started process (PID=347) to work on /home/airflow/.local/lib/python3.7/site-packages/airflow/example_dags/example_params_ui_tutorial.py
[2023-04-22T23:15:36.842+0000] {processor.py:743} INFO - Processing file /home/airflow/.local/lib/python3.7/site-packages/airflow/example_dags/example_params_ui_tutorial.py for tasks to queue
[2023-04-22T23:15:36.843+0000] {logging_mixin.py:137} INFO - [2023-04-22T23:15:36.843+0000] {dagbag.py:532} INFO - Filling up the DagBag from /home/airflow/.local/lib/python3.7/site-packages/airflow/example_dags/example_params_ui_tutorial.py
[2023-04-22T23:15:36.879+0000] {processor.py:753} INFO - DAG(s) dict_keys(['example_params_ui_tutorial']) retrieved from /home/airflow/.local/lib/python3.7/site-packages/airflow/example_dags/example_params_ui_tutorial.py
[2023-04-22T23:15:36.915+0000] {logging_mixin.py:137} INFO - [2023-04-22T23:15:36.915+0000] {dag.py:2705} INFO - Sync 1 DAGs
[2023-04-22T23:15:36.930+0000] {logging_mixin.py:137} INFO - [2023-04-22T23:15:36.930+0000] {dag.py:3456} INFO - Setting next_dagrun for example_params_ui_tutorial to None, run_after=None
[2023-04-22T23:15:36.942+0000] {processor.py:175} INFO - Processing /home/airflow/.local/lib/python3.7/site-packages/airflow/example_dags/example_params_ui_tutorial.py took 0.105 seconds
[2023-04-22T23:16:07.415+0000] {processor.py:153} INFO - Started process (PID=398) to work on /home/airflow/.local/lib/python3.7/site-packages/airflow/example_dags/example_params_ui_tutorial.py
[2023-04-22T23:16:07.417+0000] {processor.py:743} INFO - Processing file /home/airflow/.local/lib/python3.7/site-packages/airflow/example_dags/example_params_ui_tutorial.py for tasks to queue
[2023-04-22T23:16:07.418+0000] {logging_mixin.py:137} INFO - [2023-04-22T23:16:07.418+0000] {dagbag.py:532} INFO - Filling up the DagBag from /home/airflow/.local/lib/python3.7/site-packages/airflow/example_dags/example_params_ui_tutorial.py
[2023-04-22T23:16:07.469+0000] {processor.py:753} INFO - DAG(s) dict_keys(['example_params_ui_tutorial']) retrieved from /home/airflow/.local/lib/python3.7/site-packages/airflow/example_dags/example_params_ui_tutorial.py
[2023-04-22T23:16:07.511+0000] {logging_mixin.py:137} INFO - [2023-04-22T23:16:07.511+0000] {dag.py:2705} INFO - Sync 1 DAGs
[2023-04-22T23:16:07.528+0000] {logging_mixin.py:137} INFO - [2023-04-22T23:16:07.528+0000] {dag.py:3456} INFO - Setting next_dagrun for example_params_ui_tutorial to None, run_after=None
[2023-04-22T23:16:07.540+0000] {processor.py:175} INFO - Processing /home/airflow/.local/lib/python3.7/site-packages/airflow/example_dags/example_params_ui_tutorial.py took 0.130 seconds
[2023-04-22T23:16:38.519+0000] {processor.py:153} INFO - Started process (PID=449) to work on /home/airflow/.local/lib/python3.7/site-packages/airflow/example_dags/example_params_ui_tutorial.py
[2023-04-22T23:16:38.520+0000] {processor.py:743} INFO - Processing file /home/airflow/.local/lib/python3.7/site-packages/airflow/example_dags/example_params_ui_tutorial.py for tasks to queue
[2023-04-22T23:16:38.521+0000] {logging_mixin.py:137} INFO - [2023-04-22T23:16:38.521+0000] {dagbag.py:532} INFO - Filling up the DagBag from /home/airflow/.local/lib/python3.7/site-packages/airflow/example_dags/example_params_ui_tutorial.py
[2023-04-22T23:16:38.583+0000] {processor.py:753} INFO - DAG(s) dict_keys(['example_params_ui_tutorial']) retrieved from /home/airflow/.local/lib/python3.7/site-packages/airflow/example_dags/example_params_ui_tutorial.py
[2023-04-22T23:16:38.654+0000] {logging_mixin.py:137} INFO - [2023-04-22T23:16:38.654+0000] {dag.py:2705} INFO - Sync 1 DAGs
[2023-04-22T23:16:38.678+0000] {logging_mixin.py:137} INFO - [2023-04-22T23:16:38.678+0000] {dag.py:3456} INFO - Setting next_dagrun for example_params_ui_tutorial to None, run_after=None
[2023-04-22T23:16:38.691+0000] {processor.py:175} INFO - Processing /home/airflow/.local/lib/python3.7/site-packages/airflow/example_dags/example_params_ui_tutorial.py took 0.176 seconds
[2023-04-22T23:17:08.813+0000] {processor.py:153} INFO - Started process (PID=500) to work on /home/airflow/.local/lib/python3.7/site-packages/airflow/example_dags/example_params_ui_tutorial.py
[2023-04-22T23:17:08.814+0000] {processor.py:743} INFO - Processing file /home/airflow/.local/lib/python3.7/site-packages/airflow/example_dags/example_params_ui_tutorial.py for tasks to queue
[2023-04-22T23:17:08.815+0000] {logging_mixin.py:137} INFO - [2023-04-22T23:17:08.815+0000] {dagbag.py:532} INFO - Filling up the DagBag from /home/airflow/.local/lib/python3.7/site-packages/airflow/example_dags/example_params_ui_tutorial.py
[2023-04-22T23:17:08.853+0000] {processor.py:753} INFO - DAG(s) dict_keys(['example_params_ui_tutorial']) retrieved from /home/airflow/.local/lib/python3.7/site-packages/airflow/example_dags/example_params_ui_tutorial.py
[2023-04-22T23:17:08.893+0000] {logging_mixin.py:137} INFO - [2023-04-22T23:17:08.892+0000] {dag.py:2705} INFO - Sync 1 DAGs
[2023-04-22T23:17:08.908+0000] {logging_mixin.py:137} INFO - [2023-04-22T23:17:08.908+0000] {dag.py:3456} INFO - Setting next_dagrun for example_params_ui_tutorial to None, run_after=None
[2023-04-22T23:17:08.919+0000] {processor.py:175} INFO - Processing /home/airflow/.local/lib/python3.7/site-packages/airflow/example_dags/example_params_ui_tutorial.py took 0.109 seconds
[2023-04-22T23:17:38.987+0000] {processor.py:153} INFO - Started process (PID=552) to work on /home/airflow/.local/lib/python3.7/site-packages/airflow/example_dags/example_params_ui_tutorial.py
[2023-04-22T23:17:38.989+0000] {processor.py:743} INFO - Processing file /home/airflow/.local/lib/python3.7/site-packages/airflow/example_dags/example_params_ui_tutorial.py for tasks to queue
[2023-04-22T23:17:38.990+0000] {logging_mixin.py:137} INFO - [2023-04-22T23:17:38.990+0000] {dagbag.py:532} INFO - Filling up the DagBag from /home/airflow/.local/lib/python3.7/site-packages/airflow/example_dags/example_params_ui_tutorial.py
[2023-04-22T23:17:39.025+0000] {processor.py:753} INFO - DAG(s) dict_keys(['example_params_ui_tutorial']) retrieved from /home/airflow/.local/lib/python3.7/site-packages/airflow/example_dags/example_params_ui_tutorial.py
[2023-04-22T23:17:39.059+0000] {logging_mixin.py:137} INFO - [2023-04-22T23:17:39.059+0000] {dag.py:2705} INFO - Sync 1 DAGs
[2023-04-22T23:17:39.074+0000] {logging_mixin.py:137} INFO - [2023-04-22T23:17:39.074+0000] {dag.py:3456} INFO - Setting next_dagrun for example_params_ui_tutorial to None, run_after=None
[2023-04-22T23:17:39.084+0000] {processor.py:175} INFO - Processing /home/airflow/.local/lib/python3.7/site-packages/airflow/example_dags/example_params_ui_tutorial.py took 0.100 seconds
[2023-04-22T23:18:09.342+0000] {processor.py:153} INFO - Started process (PID=602) to work on /home/airflow/.local/lib/python3.7/site-packages/airflow/example_dags/example_params_ui_tutorial.py
[2023-04-22T23:18:09.343+0000] {processor.py:743} INFO - Processing file /home/airflow/.local/lib/python3.7/site-packages/airflow/example_dags/example_params_ui_tutorial.py for tasks to queue
[2023-04-22T23:18:09.344+0000] {logging_mixin.py:137} INFO - [2023-04-22T23:18:09.344+0000] {dagbag.py:532} INFO - Filling up the DagBag from /home/airflow/.local/lib/python3.7/site-packages/airflow/example_dags/example_params_ui_tutorial.py
[2023-04-22T23:18:09.386+0000] {processor.py:753} INFO - DAG(s) dict_keys(['example_params_ui_tutorial']) retrieved from /home/airflow/.local/lib/python3.7/site-packages/airflow/example_dags/example_params_ui_tutorial.py
[2023-04-22T23:18:09.424+0000] {logging_mixin.py:137} INFO - [2023-04-22T23:18:09.424+0000] {dag.py:2705} INFO - Sync 1 DAGs
[2023-04-22T23:18:09.441+0000] {logging_mixin.py:137} INFO - [2023-04-22T23:18:09.441+0000] {dag.py:3456} INFO - Setting next_dagrun for example_params_ui_tutorial to None, run_after=None
[2023-04-22T23:18:09.451+0000] {processor.py:175} INFO - Processing /home/airflow/.local/lib/python3.7/site-packages/airflow/example_dags/example_params_ui_tutorial.py took 0.112 seconds
[2023-04-22T23:19:28.905+0000] {processor.py:153} INFO - Started process (PID=41) to work on /home/airflow/.local/lib/python3.7/site-packages/airflow/example_dags/example_params_ui_tutorial.py
[2023-04-22T23:19:28.907+0000] {processor.py:743} INFO - Processing file /home/airflow/.local/lib/python3.7/site-packages/airflow/example_dags/example_params_ui_tutorial.py for tasks to queue
[2023-04-22T23:19:28.908+0000] {logging_mixin.py:137} INFO - [2023-04-22T23:19:28.908+0000] {dagbag.py:532} INFO - Filling up the DagBag from /home/airflow/.local/lib/python3.7/site-packages/airflow/example_dags/example_params_ui_tutorial.py
[2023-04-22T23:19:28.953+0000] {processor.py:753} INFO - DAG(s) dict_keys(['example_params_ui_tutorial']) retrieved from /home/airflow/.local/lib/python3.7/site-packages/airflow/example_dags/example_params_ui_tutorial.py
[2023-04-22T23:19:28.970+0000] {logging_mixin.py:137} INFO - [2023-04-22T23:19:28.970+0000] {dag.py:2705} INFO - Sync 1 DAGs
[2023-04-22T23:19:28.990+0000] {logging_mixin.py:137} INFO - [2023-04-22T23:19:28.990+0000] {dag.py:3456} INFO - Setting next_dagrun for example_params_ui_tutorial to None, run_after=None
[2023-04-22T23:19:29.004+0000] {processor.py:175} INFO - Processing /home/airflow/.local/lib/python3.7/site-packages/airflow/example_dags/example_params_ui_tutorial.py took 0.102 seconds
[2023-04-22T23:19:59.101+0000] {processor.py:153} INFO - Started process (PID=92) to work on /home/airflow/.local/lib/python3.7/site-packages/airflow/example_dags/example_params_ui_tutorial.py
[2023-04-22T23:19:59.102+0000] {processor.py:743} INFO - Processing file /home/airflow/.local/lib/python3.7/site-packages/airflow/example_dags/example_params_ui_tutorial.py for tasks to queue
[2023-04-22T23:19:59.103+0000] {logging_mixin.py:137} INFO - [2023-04-22T23:19:59.103+0000] {dagbag.py:532} INFO - Filling up the DagBag from /home/airflow/.local/lib/python3.7/site-packages/airflow/example_dags/example_params_ui_tutorial.py
[2023-04-22T23:19:59.141+0000] {processor.py:753} INFO - DAG(s) dict_keys(['example_params_ui_tutorial']) retrieved from /home/airflow/.local/lib/python3.7/site-packages/airflow/example_dags/example_params_ui_tutorial.py
[2023-04-22T23:19:59.183+0000] {logging_mixin.py:137} INFO - [2023-04-22T23:19:59.183+0000] {dag.py:2705} INFO - Sync 1 DAGs
[2023-04-22T23:19:59.203+0000] {logging_mixin.py:137} INFO - [2023-04-22T23:19:59.202+0000] {dag.py:3456} INFO - Setting next_dagrun for example_params_ui_tutorial to None, run_after=None
[2023-04-22T23:19:59.214+0000] {processor.py:175} INFO - Processing /home/airflow/.local/lib/python3.7/site-packages/airflow/example_dags/example_params_ui_tutorial.py took 0.116 seconds
[2023-04-22T23:20:29.322+0000] {processor.py:153} INFO - Started process (PID=143) to work on /home/airflow/.local/lib/python3.7/site-packages/airflow/example_dags/example_params_ui_tutorial.py
[2023-04-22T23:20:29.323+0000] {processor.py:743} INFO - Processing file /home/airflow/.local/lib/python3.7/site-packages/airflow/example_dags/example_params_ui_tutorial.py for tasks to queue
[2023-04-22T23:20:29.323+0000] {logging_mixin.py:137} INFO - [2023-04-22T23:20:29.323+0000] {dagbag.py:532} INFO - Filling up the DagBag from /home/airflow/.local/lib/python3.7/site-packages/airflow/example_dags/example_params_ui_tutorial.py
[2023-04-22T23:20:29.359+0000] {processor.py:753} INFO - DAG(s) dict_keys(['example_params_ui_tutorial']) retrieved from /home/airflow/.local/lib/python3.7/site-packages/airflow/example_dags/example_params_ui_tutorial.py
[2023-04-22T23:20:29.397+0000] {logging_mixin.py:137} INFO - [2023-04-22T23:20:29.397+0000] {dag.py:2705} INFO - Sync 1 DAGs
[2023-04-22T23:20:29.415+0000] {logging_mixin.py:137} INFO - [2023-04-22T23:20:29.415+0000] {dag.py:3456} INFO - Setting next_dagrun for example_params_ui_tutorial to None, run_after=None
[2023-04-22T23:20:29.427+0000] {processor.py:175} INFO - Processing /home/airflow/.local/lib/python3.7/site-packages/airflow/example_dags/example_params_ui_tutorial.py took 0.108 seconds
[2023-04-22T23:20:59.496+0000] {processor.py:153} INFO - Started process (PID=194) to work on /home/airflow/.local/lib/python3.7/site-packages/airflow/example_dags/example_params_ui_tutorial.py
[2023-04-22T23:20:59.497+0000] {processor.py:743} INFO - Processing file /home/airflow/.local/lib/python3.7/site-packages/airflow/example_dags/example_params_ui_tutorial.py for tasks to queue
[2023-04-22T23:20:59.498+0000] {logging_mixin.py:137} INFO - [2023-04-22T23:20:59.498+0000] {dagbag.py:532} INFO - Filling up the DagBag from /home/airflow/.local/lib/python3.7/site-packages/airflow/example_dags/example_params_ui_tutorial.py
[2023-04-22T23:20:59.534+0000] {processor.py:753} INFO - DAG(s) dict_keys(['example_params_ui_tutorial']) retrieved from /home/airflow/.local/lib/python3.7/site-packages/airflow/example_dags/example_params_ui_tutorial.py
[2023-04-22T23:20:59.573+0000] {logging_mixin.py:137} INFO - [2023-04-22T23:20:59.573+0000] {dag.py:2705} INFO - Sync 1 DAGs
[2023-04-22T23:20:59.590+0000] {logging_mixin.py:137} INFO - [2023-04-22T23:20:59.590+0000] {dag.py:3456} INFO - Setting next_dagrun for example_params_ui_tutorial to None, run_after=None
[2023-04-22T23:20:59.602+0000] {processor.py:175} INFO - Processing /home/airflow/.local/lib/python3.7/site-packages/airflow/example_dags/example_params_ui_tutorial.py took 0.109 seconds
[2023-04-22T23:21:29.637+0000] {processor.py:153} INFO - Started process (PID=245) to work on /home/airflow/.local/lib/python3.7/site-packages/airflow/example_dags/example_params_ui_tutorial.py
[2023-04-22T23:21:29.638+0000] {processor.py:743} INFO - Processing file /home/airflow/.local/lib/python3.7/site-packages/airflow/example_dags/example_params_ui_tutorial.py for tasks to queue
[2023-04-22T23:21:29.639+0000] {logging_mixin.py:137} INFO - [2023-04-22T23:21:29.639+0000] {dagbag.py:532} INFO - Filling up the DagBag from /home/airflow/.local/lib/python3.7/site-packages/airflow/example_dags/example_params_ui_tutorial.py
[2023-04-22T23:21:29.677+0000] {processor.py:753} INFO - DAG(s) dict_keys(['example_params_ui_tutorial']) retrieved from /home/airflow/.local/lib/python3.7/site-packages/airflow/example_dags/example_params_ui_tutorial.py
[2023-04-22T23:21:29.711+0000] {logging_mixin.py:137} INFO - [2023-04-22T23:21:29.711+0000] {dag.py:2705} INFO - Sync 1 DAGs
[2023-04-22T23:21:29.725+0000] {logging_mixin.py:137} INFO - [2023-04-22T23:21:29.725+0000] {dag.py:3456} INFO - Setting next_dagrun for example_params_ui_tutorial to None, run_after=None
[2023-04-22T23:21:29.736+0000] {processor.py:175} INFO - Processing /home/airflow/.local/lib/python3.7/site-packages/airflow/example_dags/example_params_ui_tutorial.py took 0.101 seconds
[2023-04-22T23:22:00.033+0000] {processor.py:153} INFO - Started process (PID=296) to work on /home/airflow/.local/lib/python3.7/site-packages/airflow/example_dags/example_params_ui_tutorial.py
[2023-04-22T23:22:00.034+0000] {processor.py:743} INFO - Processing file /home/airflow/.local/lib/python3.7/site-packages/airflow/example_dags/example_params_ui_tutorial.py for tasks to queue
[2023-04-22T23:22:00.036+0000] {logging_mixin.py:137} INFO - [2023-04-22T23:22:00.035+0000] {dagbag.py:532} INFO - Filling up the DagBag from /home/airflow/.local/lib/python3.7/site-packages/airflow/example_dags/example_params_ui_tutorial.py
[2023-04-22T23:22:00.085+0000] {processor.py:753} INFO - DAG(s) dict_keys(['example_params_ui_tutorial']) retrieved from /home/airflow/.local/lib/python3.7/site-packages/airflow/example_dags/example_params_ui_tutorial.py
[2023-04-22T23:22:00.159+0000] {logging_mixin.py:137} INFO - [2023-04-22T23:22:00.159+0000] {dag.py:2705} INFO - Sync 1 DAGs
[2023-04-22T23:22:00.183+0000] {logging_mixin.py:137} INFO - [2023-04-22T23:22:00.183+0000] {dag.py:3456} INFO - Setting next_dagrun for example_params_ui_tutorial to None, run_after=None
[2023-04-22T23:22:00.204+0000] {processor.py:175} INFO - Processing /home/airflow/.local/lib/python3.7/site-packages/airflow/example_dags/example_params_ui_tutorial.py took 0.176 seconds
[2023-04-22T23:22:30.332+0000] {processor.py:153} INFO - Started process (PID=348) to work on /home/airflow/.local/lib/python3.7/site-packages/airflow/example_dags/example_params_ui_tutorial.py
[2023-04-22T23:22:30.333+0000] {processor.py:743} INFO - Processing file /home/airflow/.local/lib/python3.7/site-packages/airflow/example_dags/example_params_ui_tutorial.py for tasks to queue
[2023-04-22T23:22:30.334+0000] {logging_mixin.py:137} INFO - [2023-04-22T23:22:30.334+0000] {dagbag.py:532} INFO - Filling up the DagBag from /home/airflow/.local/lib/python3.7/site-packages/airflow/example_dags/example_params_ui_tutorial.py
[2023-04-22T23:22:30.370+0000] {processor.py:753} INFO - DAG(s) dict_keys(['example_params_ui_tutorial']) retrieved from /home/airflow/.local/lib/python3.7/site-packages/airflow/example_dags/example_params_ui_tutorial.py
[2023-04-22T23:22:30.412+0000] {logging_mixin.py:137} INFO - [2023-04-22T23:22:30.412+0000] {dag.py:2705} INFO - Sync 1 DAGs
[2023-04-22T23:22:30.432+0000] {logging_mixin.py:137} INFO - [2023-04-22T23:22:30.432+0000] {dag.py:3456} INFO - Setting next_dagrun for example_params_ui_tutorial to None, run_after=None
[2023-04-22T23:22:30.449+0000] {processor.py:175} INFO - Processing /home/airflow/.local/lib/python3.7/site-packages/airflow/example_dags/example_params_ui_tutorial.py took 0.120 seconds
[2023-04-22T23:23:00.829+0000] {processor.py:153} INFO - Started process (PID=398) to work on /home/airflow/.local/lib/python3.7/site-packages/airflow/example_dags/example_params_ui_tutorial.py
[2023-04-22T23:23:00.830+0000] {processor.py:743} INFO - Processing file /home/airflow/.local/lib/python3.7/site-packages/airflow/example_dags/example_params_ui_tutorial.py for tasks to queue
[2023-04-22T23:23:00.831+0000] {logging_mixin.py:137} INFO - [2023-04-22T23:23:00.831+0000] {dagbag.py:532} INFO - Filling up the DagBag from /home/airflow/.local/lib/python3.7/site-packages/airflow/example_dags/example_params_ui_tutorial.py
[2023-04-22T23:23:00.867+0000] {processor.py:753} INFO - DAG(s) dict_keys(['example_params_ui_tutorial']) retrieved from /home/airflow/.local/lib/python3.7/site-packages/airflow/example_dags/example_params_ui_tutorial.py
[2023-04-22T23:23:00.903+0000] {logging_mixin.py:137} INFO - [2023-04-22T23:23:00.903+0000] {dag.py:2705} INFO - Sync 1 DAGs
[2023-04-22T23:23:00.920+0000] {logging_mixin.py:137} INFO - [2023-04-22T23:23:00.920+0000] {dag.py:3456} INFO - Setting next_dagrun for example_params_ui_tutorial to None, run_after=None
[2023-04-22T23:23:00.936+0000] {processor.py:175} INFO - Processing /home/airflow/.local/lib/python3.7/site-packages/airflow/example_dags/example_params_ui_tutorial.py took 0.110 seconds
[2023-04-22T23:23:31.081+0000] {processor.py:153} INFO - Started process (PID=449) to work on /home/airflow/.local/lib/python3.7/site-packages/airflow/example_dags/example_params_ui_tutorial.py
[2023-04-22T23:23:31.082+0000] {processor.py:743} INFO - Processing file /home/airflow/.local/lib/python3.7/site-packages/airflow/example_dags/example_params_ui_tutorial.py for tasks to queue
[2023-04-22T23:23:31.083+0000] {logging_mixin.py:137} INFO - [2023-04-22T23:23:31.083+0000] {dagbag.py:532} INFO - Filling up the DagBag from /home/airflow/.local/lib/python3.7/site-packages/airflow/example_dags/example_params_ui_tutorial.py
[2023-04-22T23:23:31.118+0000] {processor.py:753} INFO - DAG(s) dict_keys(['example_params_ui_tutorial']) retrieved from /home/airflow/.local/lib/python3.7/site-packages/airflow/example_dags/example_params_ui_tutorial.py
[2023-04-22T23:23:31.153+0000] {logging_mixin.py:137} INFO - [2023-04-22T23:23:31.153+0000] {dag.py:2705} INFO - Sync 1 DAGs
[2023-04-22T23:23:31.170+0000] {logging_mixin.py:137} INFO - [2023-04-22T23:23:31.170+0000] {dag.py:3456} INFO - Setting next_dagrun for example_params_ui_tutorial to None, run_after=None
[2023-04-22T23:23:31.186+0000] {processor.py:175} INFO - Processing /home/airflow/.local/lib/python3.7/site-packages/airflow/example_dags/example_params_ui_tutorial.py took 0.107 seconds
[2023-04-22T23:24:01.272+0000] {processor.py:153} INFO - Started process (PID=500) to work on /home/airflow/.local/lib/python3.7/site-packages/airflow/example_dags/example_params_ui_tutorial.py
[2023-04-22T23:24:01.273+0000] {processor.py:743} INFO - Processing file /home/airflow/.local/lib/python3.7/site-packages/airflow/example_dags/example_params_ui_tutorial.py for tasks to queue
[2023-04-22T23:24:01.274+0000] {logging_mixin.py:137} INFO - [2023-04-22T23:24:01.274+0000] {dagbag.py:532} INFO - Filling up the DagBag from /home/airflow/.local/lib/python3.7/site-packages/airflow/example_dags/example_params_ui_tutorial.py
[2023-04-22T23:24:01.309+0000] {processor.py:753} INFO - DAG(s) dict_keys(['example_params_ui_tutorial']) retrieved from /home/airflow/.local/lib/python3.7/site-packages/airflow/example_dags/example_params_ui_tutorial.py
[2023-04-22T23:24:01.343+0000] {logging_mixin.py:137} INFO - [2023-04-22T23:24:01.343+0000] {dag.py:2705} INFO - Sync 1 DAGs
[2023-04-22T23:24:01.360+0000] {logging_mixin.py:137} INFO - [2023-04-22T23:24:01.360+0000] {dag.py:3456} INFO - Setting next_dagrun for example_params_ui_tutorial to None, run_after=None
[2023-04-22T23:24:01.372+0000] {processor.py:175} INFO - Processing /home/airflow/.local/lib/python3.7/site-packages/airflow/example_dags/example_params_ui_tutorial.py took 0.103 seconds
[2023-04-22T23:24:31.454+0000] {processor.py:153} INFO - Started process (PID=551) to work on /home/airflow/.local/lib/python3.7/site-packages/airflow/example_dags/example_params_ui_tutorial.py
[2023-04-22T23:24:31.455+0000] {processor.py:743} INFO - Processing file /home/airflow/.local/lib/python3.7/site-packages/airflow/example_dags/example_params_ui_tutorial.py for tasks to queue
[2023-04-22T23:24:31.456+0000] {logging_mixin.py:137} INFO - [2023-04-22T23:24:31.456+0000] {dagbag.py:532} INFO - Filling up the DagBag from /home/airflow/.local/lib/python3.7/site-packages/airflow/example_dags/example_params_ui_tutorial.py
[2023-04-22T23:24:31.491+0000] {processor.py:753} INFO - DAG(s) dict_keys(['example_params_ui_tutorial']) retrieved from /home/airflow/.local/lib/python3.7/site-packages/airflow/example_dags/example_params_ui_tutorial.py
[2023-04-22T23:24:31.526+0000] {logging_mixin.py:137} INFO - [2023-04-22T23:24:31.526+0000] {dag.py:2705} INFO - Sync 1 DAGs
[2023-04-22T23:24:31.543+0000] {logging_mixin.py:137} INFO - [2023-04-22T23:24:31.542+0000] {dag.py:3456} INFO - Setting next_dagrun for example_params_ui_tutorial to None, run_after=None
[2023-04-22T23:24:31.555+0000] {processor.py:175} INFO - Processing /home/airflow/.local/lib/python3.7/site-packages/airflow/example_dags/example_params_ui_tutorial.py took 0.103 seconds
[2023-04-22T23:25:01.682+0000] {processor.py:153} INFO - Started process (PID=602) to work on /home/airflow/.local/lib/python3.7/site-packages/airflow/example_dags/example_params_ui_tutorial.py
[2023-04-22T23:25:01.684+0000] {processor.py:743} INFO - Processing file /home/airflow/.local/lib/python3.7/site-packages/airflow/example_dags/example_params_ui_tutorial.py for tasks to queue
[2023-04-22T23:25:01.685+0000] {logging_mixin.py:137} INFO - [2023-04-22T23:25:01.684+0000] {dagbag.py:532} INFO - Filling up the DagBag from /home/airflow/.local/lib/python3.7/site-packages/airflow/example_dags/example_params_ui_tutorial.py
[2023-04-22T23:25:01.720+0000] {processor.py:753} INFO - DAG(s) dict_keys(['example_params_ui_tutorial']) retrieved from /home/airflow/.local/lib/python3.7/site-packages/airflow/example_dags/example_params_ui_tutorial.py
[2023-04-22T23:25:01.757+0000] {logging_mixin.py:137} INFO - [2023-04-22T23:25:01.757+0000] {dag.py:2705} INFO - Sync 1 DAGs
[2023-04-22T23:25:01.776+0000] {logging_mixin.py:137} INFO - [2023-04-22T23:25:01.776+0000] {dag.py:3456} INFO - Setting next_dagrun for example_params_ui_tutorial to None, run_after=None
[2023-04-22T23:25:01.789+0000] {processor.py:175} INFO - Processing /home/airflow/.local/lib/python3.7/site-packages/airflow/example_dags/example_params_ui_tutorial.py took 0.110 seconds
[2023-04-22T23:25:32.307+0000] {processor.py:153} INFO - Started process (PID=654) to work on /home/airflow/.local/lib/python3.7/site-packages/airflow/example_dags/example_params_ui_tutorial.py
[2023-04-22T23:25:32.308+0000] {processor.py:743} INFO - Processing file /home/airflow/.local/lib/python3.7/site-packages/airflow/example_dags/example_params_ui_tutorial.py for tasks to queue
[2023-04-22T23:25:32.309+0000] {logging_mixin.py:137} INFO - [2023-04-22T23:25:32.309+0000] {dagbag.py:532} INFO - Filling up the DagBag from /home/airflow/.local/lib/python3.7/site-packages/airflow/example_dags/example_params_ui_tutorial.py
[2023-04-22T23:25:32.342+0000] {processor.py:753} INFO - DAG(s) dict_keys(['example_params_ui_tutorial']) retrieved from /home/airflow/.local/lib/python3.7/site-packages/airflow/example_dags/example_params_ui_tutorial.py
[2023-04-22T23:25:32.380+0000] {logging_mixin.py:137} INFO - [2023-04-22T23:25:32.380+0000] {dag.py:2705} INFO - Sync 1 DAGs
[2023-04-22T23:25:32.396+0000] {logging_mixin.py:137} INFO - [2023-04-22T23:25:32.396+0000] {dag.py:3456} INFO - Setting next_dagrun for example_params_ui_tutorial to None, run_after=None
[2023-04-22T23:25:32.408+0000] {processor.py:175} INFO - Processing /home/airflow/.local/lib/python3.7/site-packages/airflow/example_dags/example_params_ui_tutorial.py took 0.104 seconds
[2023-04-22T23:26:02.658+0000] {processor.py:153} INFO - Started process (PID=705) to work on /home/airflow/.local/lib/python3.7/site-packages/airflow/example_dags/example_params_ui_tutorial.py
[2023-04-22T23:26:02.659+0000] {processor.py:743} INFO - Processing file /home/airflow/.local/lib/python3.7/site-packages/airflow/example_dags/example_params_ui_tutorial.py for tasks to queue
[2023-04-22T23:26:02.660+0000] {logging_mixin.py:137} INFO - [2023-04-22T23:26:02.660+0000] {dagbag.py:532} INFO - Filling up the DagBag from /home/airflow/.local/lib/python3.7/site-packages/airflow/example_dags/example_params_ui_tutorial.py
[2023-04-22T23:26:02.697+0000] {processor.py:753} INFO - DAG(s) dict_keys(['example_params_ui_tutorial']) retrieved from /home/airflow/.local/lib/python3.7/site-packages/airflow/example_dags/example_params_ui_tutorial.py
[2023-04-22T23:26:02.737+0000] {logging_mixin.py:137} INFO - [2023-04-22T23:26:02.737+0000] {dag.py:2705} INFO - Sync 1 DAGs
[2023-04-22T23:26:02.753+0000] {logging_mixin.py:137} INFO - [2023-04-22T23:26:02.752+0000] {dag.py:3456} INFO - Setting next_dagrun for example_params_ui_tutorial to None, run_after=None
[2023-04-22T23:26:02.764+0000] {processor.py:175} INFO - Processing /home/airflow/.local/lib/python3.7/site-packages/airflow/example_dags/example_params_ui_tutorial.py took 0.109 seconds
[2023-04-22T23:26:33.046+0000] {processor.py:153} INFO - Started process (PID=755) to work on /home/airflow/.local/lib/python3.7/site-packages/airflow/example_dags/example_params_ui_tutorial.py
[2023-04-22T23:26:33.047+0000] {processor.py:743} INFO - Processing file /home/airflow/.local/lib/python3.7/site-packages/airflow/example_dags/example_params_ui_tutorial.py for tasks to queue
[2023-04-22T23:26:33.047+0000] {logging_mixin.py:137} INFO - [2023-04-22T23:26:33.047+0000] {dagbag.py:532} INFO - Filling up the DagBag from /home/airflow/.local/lib/python3.7/site-packages/airflow/example_dags/example_params_ui_tutorial.py
[2023-04-22T23:26:33.086+0000] {processor.py:753} INFO - DAG(s) dict_keys(['example_params_ui_tutorial']) retrieved from /home/airflow/.local/lib/python3.7/site-packages/airflow/example_dags/example_params_ui_tutorial.py
[2023-04-22T23:26:33.124+0000] {logging_mixin.py:137} INFO - [2023-04-22T23:26:33.124+0000] {dag.py:2705} INFO - Sync 1 DAGs
[2023-04-22T23:26:33.141+0000] {logging_mixin.py:137} INFO - [2023-04-22T23:26:33.141+0000] {dag.py:3456} INFO - Setting next_dagrun for example_params_ui_tutorial to None, run_after=None
[2023-04-22T23:26:33.154+0000] {processor.py:175} INFO - Processing /home/airflow/.local/lib/python3.7/site-packages/airflow/example_dags/example_params_ui_tutorial.py took 0.111 seconds
[2023-04-22T23:27:03.797+0000] {processor.py:153} INFO - Started process (PID=806) to work on /home/airflow/.local/lib/python3.7/site-packages/airflow/example_dags/example_params_ui_tutorial.py
[2023-04-22T23:27:03.798+0000] {processor.py:743} INFO - Processing file /home/airflow/.local/lib/python3.7/site-packages/airflow/example_dags/example_params_ui_tutorial.py for tasks to queue
[2023-04-22T23:27:03.799+0000] {logging_mixin.py:137} INFO - [2023-04-22T23:27:03.799+0000] {dagbag.py:532} INFO - Filling up the DagBag from /home/airflow/.local/lib/python3.7/site-packages/airflow/example_dags/example_params_ui_tutorial.py
[2023-04-22T23:27:03.847+0000] {processor.py:753} INFO - DAG(s) dict_keys(['example_params_ui_tutorial']) retrieved from /home/airflow/.local/lib/python3.7/site-packages/airflow/example_dags/example_params_ui_tutorial.py
[2023-04-22T23:27:03.884+0000] {logging_mixin.py:137} INFO - [2023-04-22T23:27:03.884+0000] {dag.py:2705} INFO - Sync 1 DAGs
[2023-04-22T23:27:03.902+0000] {logging_mixin.py:137} INFO - [2023-04-22T23:27:03.902+0000] {dag.py:3456} INFO - Setting next_dagrun for example_params_ui_tutorial to None, run_after=None
[2023-04-22T23:27:03.916+0000] {processor.py:175} INFO - Processing /home/airflow/.local/lib/python3.7/site-packages/airflow/example_dags/example_params_ui_tutorial.py took 0.122 seconds
[2023-04-22T23:27:34.356+0000] {processor.py:153} INFO - Started process (PID=858) to work on /home/airflow/.local/lib/python3.7/site-packages/airflow/example_dags/example_params_ui_tutorial.py
[2023-04-22T23:27:34.358+0000] {processor.py:743} INFO - Processing file /home/airflow/.local/lib/python3.7/site-packages/airflow/example_dags/example_params_ui_tutorial.py for tasks to queue
[2023-04-22T23:27:34.358+0000] {logging_mixin.py:137} INFO - [2023-04-22T23:27:34.358+0000] {dagbag.py:532} INFO - Filling up the DagBag from /home/airflow/.local/lib/python3.7/site-packages/airflow/example_dags/example_params_ui_tutorial.py
[2023-04-22T23:27:34.403+0000] {processor.py:753} INFO - DAG(s) dict_keys(['example_params_ui_tutorial']) retrieved from /home/airflow/.local/lib/python3.7/site-packages/airflow/example_dags/example_params_ui_tutorial.py
[2023-04-22T23:27:34.442+0000] {logging_mixin.py:137} INFO - [2023-04-22T23:27:34.442+0000] {dag.py:2705} INFO - Sync 1 DAGs
[2023-04-22T23:27:34.459+0000] {logging_mixin.py:137} INFO - [2023-04-22T23:27:34.459+0000] {dag.py:3456} INFO - Setting next_dagrun for example_params_ui_tutorial to None, run_after=None
[2023-04-22T23:27:34.471+0000] {processor.py:175} INFO - Processing /home/airflow/.local/lib/python3.7/site-packages/airflow/example_dags/example_params_ui_tutorial.py took 0.118 seconds
[2023-04-22T23:29:53.659+0000] {processor.py:153} INFO - Started process (PID=40) to work on /home/airflow/.local/lib/python3.7/site-packages/airflow/example_dags/example_params_ui_tutorial.py
[2023-04-22T23:29:53.661+0000] {processor.py:743} INFO - Processing file /home/airflow/.local/lib/python3.7/site-packages/airflow/example_dags/example_params_ui_tutorial.py for tasks to queue
[2023-04-22T23:29:53.662+0000] {logging_mixin.py:137} INFO - [2023-04-22T23:29:53.662+0000] {dagbag.py:532} INFO - Filling up the DagBag from /home/airflow/.local/lib/python3.7/site-packages/airflow/example_dags/example_params_ui_tutorial.py
[2023-04-22T23:29:53.763+0000] {processor.py:753} INFO - DAG(s) dict_keys(['example_params_ui_tutorial']) retrieved from /home/airflow/.local/lib/python3.7/site-packages/airflow/example_dags/example_params_ui_tutorial.py
[2023-04-22T23:29:53.824+0000] {logging_mixin.py:137} INFO - [2023-04-22T23:29:53.824+0000] {dag.py:2705} INFO - Sync 1 DAGs
[2023-04-22T23:29:53.863+0000] {logging_mixin.py:137} INFO - [2023-04-22T23:29:53.862+0000] {dag.py:3456} INFO - Setting next_dagrun for example_params_ui_tutorial to None, run_after=None
[2023-04-22T23:29:53.901+0000] {processor.py:175} INFO - Processing /home/airflow/.local/lib/python3.7/site-packages/airflow/example_dags/example_params_ui_tutorial.py took 0.245 seconds
[2023-04-22T23:30:24.819+0000] {processor.py:153} INFO - Started process (PID=90) to work on /home/airflow/.local/lib/python3.7/site-packages/airflow/example_dags/example_params_ui_tutorial.py
[2023-04-22T23:30:24.821+0000] {processor.py:743} INFO - Processing file /home/airflow/.local/lib/python3.7/site-packages/airflow/example_dags/example_params_ui_tutorial.py for tasks to queue
[2023-04-22T23:30:24.823+0000] {logging_mixin.py:137} INFO - [2023-04-22T23:30:24.822+0000] {dagbag.py:532} INFO - Filling up the DagBag from /home/airflow/.local/lib/python3.7/site-packages/airflow/example_dags/example_params_ui_tutorial.py
[2023-04-22T23:30:24.871+0000] {processor.py:753} INFO - DAG(s) dict_keys(['example_params_ui_tutorial']) retrieved from /home/airflow/.local/lib/python3.7/site-packages/airflow/example_dags/example_params_ui_tutorial.py
[2023-04-22T23:30:24.908+0000] {logging_mixin.py:137} INFO - [2023-04-22T23:30:24.908+0000] {dag.py:2705} INFO - Sync 1 DAGs
[2023-04-22T23:30:24.926+0000] {logging_mixin.py:137} INFO - [2023-04-22T23:30:24.926+0000] {dag.py:3456} INFO - Setting next_dagrun for example_params_ui_tutorial to None, run_after=None
[2023-04-22T23:30:24.938+0000] {processor.py:175} INFO - Processing /home/airflow/.local/lib/python3.7/site-packages/airflow/example_dags/example_params_ui_tutorial.py took 0.127 seconds
[2023-04-22T23:30:55.234+0000] {processor.py:153} INFO - Started process (PID=141) to work on /home/airflow/.local/lib/python3.7/site-packages/airflow/example_dags/example_params_ui_tutorial.py
[2023-04-22T23:30:55.237+0000] {processor.py:743} INFO - Processing file /home/airflow/.local/lib/python3.7/site-packages/airflow/example_dags/example_params_ui_tutorial.py for tasks to queue
[2023-04-22T23:30:55.238+0000] {logging_mixin.py:137} INFO - [2023-04-22T23:30:55.238+0000] {dagbag.py:532} INFO - Filling up the DagBag from /home/airflow/.local/lib/python3.7/site-packages/airflow/example_dags/example_params_ui_tutorial.py
[2023-04-22T23:30:55.285+0000] {processor.py:753} INFO - DAG(s) dict_keys(['example_params_ui_tutorial']) retrieved from /home/airflow/.local/lib/python3.7/site-packages/airflow/example_dags/example_params_ui_tutorial.py
[2023-04-22T23:30:55.330+0000] {logging_mixin.py:137} INFO - [2023-04-22T23:30:55.330+0000] {dag.py:2705} INFO - Sync 1 DAGs
[2023-04-22T23:30:55.352+0000] {logging_mixin.py:137} INFO - [2023-04-22T23:30:55.352+0000] {dag.py:3456} INFO - Setting next_dagrun for example_params_ui_tutorial to None, run_after=None
[2023-04-22T23:30:55.368+0000] {processor.py:175} INFO - Processing /home/airflow/.local/lib/python3.7/site-packages/airflow/example_dags/example_params_ui_tutorial.py took 0.142 seconds
[2023-04-22T23:31:25.752+0000] {processor.py:153} INFO - Started process (PID=192) to work on /home/airflow/.local/lib/python3.7/site-packages/airflow/example_dags/example_params_ui_tutorial.py
[2023-04-22T23:31:25.754+0000] {processor.py:743} INFO - Processing file /home/airflow/.local/lib/python3.7/site-packages/airflow/example_dags/example_params_ui_tutorial.py for tasks to queue
[2023-04-22T23:31:25.760+0000] {logging_mixin.py:137} INFO - [2023-04-22T23:31:25.760+0000] {dagbag.py:532} INFO - Filling up the DagBag from /home/airflow/.local/lib/python3.7/site-packages/airflow/example_dags/example_params_ui_tutorial.py
[2023-04-22T23:31:25.804+0000] {processor.py:753} INFO - DAG(s) dict_keys(['example_params_ui_tutorial']) retrieved from /home/airflow/.local/lib/python3.7/site-packages/airflow/example_dags/example_params_ui_tutorial.py
[2023-04-22T23:31:25.843+0000] {logging_mixin.py:137} INFO - [2023-04-22T23:31:25.843+0000] {dag.py:2705} INFO - Sync 1 DAGs
[2023-04-22T23:31:25.860+0000] {logging_mixin.py:137} INFO - [2023-04-22T23:31:25.860+0000] {dag.py:3456} INFO - Setting next_dagrun for example_params_ui_tutorial to None, run_after=None
[2023-04-22T23:31:25.874+0000] {processor.py:175} INFO - Processing /home/airflow/.local/lib/python3.7/site-packages/airflow/example_dags/example_params_ui_tutorial.py took 0.130 seconds
[2023-04-22T23:31:56.235+0000] {processor.py:153} INFO - Started process (PID=243) to work on /home/airflow/.local/lib/python3.7/site-packages/airflow/example_dags/example_params_ui_tutorial.py
[2023-04-22T23:31:56.237+0000] {processor.py:743} INFO - Processing file /home/airflow/.local/lib/python3.7/site-packages/airflow/example_dags/example_params_ui_tutorial.py for tasks to queue
[2023-04-22T23:31:56.238+0000] {logging_mixin.py:137} INFO - [2023-04-22T23:31:56.238+0000] {dagbag.py:532} INFO - Filling up the DagBag from /home/airflow/.local/lib/python3.7/site-packages/airflow/example_dags/example_params_ui_tutorial.py
[2023-04-22T23:31:56.430+0000] {processor.py:753} INFO - DAG(s) dict_keys(['example_params_ui_tutorial']) retrieved from /home/airflow/.local/lib/python3.7/site-packages/airflow/example_dags/example_params_ui_tutorial.py
[2023-04-22T23:31:56.474+0000] {logging_mixin.py:137} INFO - [2023-04-22T23:31:56.474+0000] {dag.py:2705} INFO - Sync 1 DAGs
[2023-04-22T23:31:56.497+0000] {logging_mixin.py:137} INFO - [2023-04-22T23:31:56.497+0000] {dag.py:3456} INFO - Setting next_dagrun for example_params_ui_tutorial to None, run_after=None
[2023-04-22T23:31:56.511+0000] {processor.py:175} INFO - Processing /home/airflow/.local/lib/python3.7/site-packages/airflow/example_dags/example_params_ui_tutorial.py took 0.281 seconds
[2023-04-22T23:32:27.482+0000] {processor.py:153} INFO - Started process (PID=294) to work on /home/airflow/.local/lib/python3.7/site-packages/airflow/example_dags/example_params_ui_tutorial.py
[2023-04-22T23:32:27.490+0000] {processor.py:743} INFO - Processing file /home/airflow/.local/lib/python3.7/site-packages/airflow/example_dags/example_params_ui_tutorial.py for tasks to queue
[2023-04-22T23:32:27.503+0000] {logging_mixin.py:137} INFO - [2023-04-22T23:32:27.503+0000] {dagbag.py:532} INFO - Filling up the DagBag from /home/airflow/.local/lib/python3.7/site-packages/airflow/example_dags/example_params_ui_tutorial.py
[2023-04-22T23:32:27.578+0000] {processor.py:753} INFO - DAG(s) dict_keys(['example_params_ui_tutorial']) retrieved from /home/airflow/.local/lib/python3.7/site-packages/airflow/example_dags/example_params_ui_tutorial.py
[2023-04-22T23:32:27.657+0000] {logging_mixin.py:137} INFO - [2023-04-22T23:32:27.657+0000] {dag.py:2705} INFO - Sync 1 DAGs
[2023-04-22T23:32:27.682+0000] {logging_mixin.py:137} INFO - [2023-04-22T23:32:27.682+0000] {dag.py:3456} INFO - Setting next_dagrun for example_params_ui_tutorial to None, run_after=None
[2023-04-22T23:32:27.697+0000] {processor.py:175} INFO - Processing /home/airflow/.local/lib/python3.7/site-packages/airflow/example_dags/example_params_ui_tutorial.py took 0.220 seconds
[2023-04-22T23:32:57.756+0000] {processor.py:153} INFO - Started process (PID=345) to work on /home/airflow/.local/lib/python3.7/site-packages/airflow/example_dags/example_params_ui_tutorial.py
[2023-04-22T23:32:57.758+0000] {processor.py:743} INFO - Processing file /home/airflow/.local/lib/python3.7/site-packages/airflow/example_dags/example_params_ui_tutorial.py for tasks to queue
[2023-04-22T23:32:57.758+0000] {logging_mixin.py:137} INFO - [2023-04-22T23:32:57.758+0000] {dagbag.py:532} INFO - Filling up the DagBag from /home/airflow/.local/lib/python3.7/site-packages/airflow/example_dags/example_params_ui_tutorial.py
[2023-04-22T23:32:57.800+0000] {processor.py:753} INFO - DAG(s) dict_keys(['example_params_ui_tutorial']) retrieved from /home/airflow/.local/lib/python3.7/site-packages/airflow/example_dags/example_params_ui_tutorial.py
[2023-04-22T23:32:57.846+0000] {logging_mixin.py:137} INFO - [2023-04-22T23:32:57.846+0000] {dag.py:2705} INFO - Sync 1 DAGs
[2023-04-22T23:32:57.874+0000] {logging_mixin.py:137} INFO - [2023-04-22T23:32:57.874+0000] {dag.py:3456} INFO - Setting next_dagrun for example_params_ui_tutorial to None, run_after=None
[2023-04-22T23:32:57.891+0000] {processor.py:175} INFO - Processing /home/airflow/.local/lib/python3.7/site-packages/airflow/example_dags/example_params_ui_tutorial.py took 0.139 seconds
[2023-04-22T23:33:27.978+0000] {processor.py:153} INFO - Started process (PID=395) to work on /home/airflow/.local/lib/python3.7/site-packages/airflow/example_dags/example_params_ui_tutorial.py
[2023-04-22T23:33:27.980+0000] {processor.py:743} INFO - Processing file /home/airflow/.local/lib/python3.7/site-packages/airflow/example_dags/example_params_ui_tutorial.py for tasks to queue
[2023-04-22T23:33:27.982+0000] {logging_mixin.py:137} INFO - [2023-04-22T23:33:27.982+0000] {dagbag.py:532} INFO - Filling up the DagBag from /home/airflow/.local/lib/python3.7/site-packages/airflow/example_dags/example_params_ui_tutorial.py
[2023-04-22T23:33:28.031+0000] {processor.py:753} INFO - DAG(s) dict_keys(['example_params_ui_tutorial']) retrieved from /home/airflow/.local/lib/python3.7/site-packages/airflow/example_dags/example_params_ui_tutorial.py
[2023-04-22T23:33:28.070+0000] {logging_mixin.py:137} INFO - [2023-04-22T23:33:28.070+0000] {dag.py:2705} INFO - Sync 1 DAGs
[2023-04-22T23:33:28.089+0000] {logging_mixin.py:137} INFO - [2023-04-22T23:33:28.089+0000] {dag.py:3456} INFO - Setting next_dagrun for example_params_ui_tutorial to None, run_after=None
[2023-04-22T23:33:28.101+0000] {processor.py:175} INFO - Processing /home/airflow/.local/lib/python3.7/site-packages/airflow/example_dags/example_params_ui_tutorial.py took 0.131 seconds
[2023-04-22T23:33:58.281+0000] {processor.py:153} INFO - Started process (PID=446) to work on /home/airflow/.local/lib/python3.7/site-packages/airflow/example_dags/example_params_ui_tutorial.py
[2023-04-22T23:33:58.284+0000] {processor.py:743} INFO - Processing file /home/airflow/.local/lib/python3.7/site-packages/airflow/example_dags/example_params_ui_tutorial.py for tasks to queue
[2023-04-22T23:33:58.285+0000] {logging_mixin.py:137} INFO - [2023-04-22T23:33:58.285+0000] {dagbag.py:532} INFO - Filling up the DagBag from /home/airflow/.local/lib/python3.7/site-packages/airflow/example_dags/example_params_ui_tutorial.py
[2023-04-22T23:33:58.337+0000] {processor.py:753} INFO - DAG(s) dict_keys(['example_params_ui_tutorial']) retrieved from /home/airflow/.local/lib/python3.7/site-packages/airflow/example_dags/example_params_ui_tutorial.py
[2023-04-22T23:33:58.376+0000] {logging_mixin.py:137} INFO - [2023-04-22T23:33:58.376+0000] {dag.py:2705} INFO - Sync 1 DAGs
[2023-04-22T23:33:58.399+0000] {logging_mixin.py:137} INFO - [2023-04-22T23:33:58.399+0000] {dag.py:3456} INFO - Setting next_dagrun for example_params_ui_tutorial to None, run_after=None
[2023-04-22T23:33:58.412+0000] {processor.py:175} INFO - Processing /home/airflow/.local/lib/python3.7/site-packages/airflow/example_dags/example_params_ui_tutorial.py took 0.146 seconds
[2023-04-22T23:38:43.527+0000] {processor.py:153} INFO - Started process (PID=39) to work on /home/airflow/.local/lib/python3.7/site-packages/airflow/example_dags/example_params_ui_tutorial.py
[2023-04-22T23:38:43.529+0000] {processor.py:743} INFO - Processing file /home/airflow/.local/lib/python3.7/site-packages/airflow/example_dags/example_params_ui_tutorial.py for tasks to queue
[2023-04-22T23:38:43.531+0000] {logging_mixin.py:137} INFO - [2023-04-22T23:38:43.531+0000] {dagbag.py:532} INFO - Filling up the DagBag from /home/airflow/.local/lib/python3.7/site-packages/airflow/example_dags/example_params_ui_tutorial.py
[2023-04-22T23:38:43.624+0000] {processor.py:753} INFO - DAG(s) dict_keys(['example_params_ui_tutorial']) retrieved from /home/airflow/.local/lib/python3.7/site-packages/airflow/example_dags/example_params_ui_tutorial.py
[2023-04-22T23:38:43.643+0000] {logging_mixin.py:137} INFO - [2023-04-22T23:38:43.643+0000] {dag.py:2705} INFO - Sync 1 DAGs
[2023-04-22T23:38:43.679+0000] {logging_mixin.py:137} INFO - [2023-04-22T23:38:43.679+0000] {dag.py:3456} INFO - Setting next_dagrun for example_params_ui_tutorial to None, run_after=None
[2023-04-22T23:38:43.706+0000] {processor.py:175} INFO - Processing /home/airflow/.local/lib/python3.7/site-packages/airflow/example_dags/example_params_ui_tutorial.py took 0.182 seconds
[2023-04-22T23:39:13.817+0000] {processor.py:153} INFO - Started process (PID=90) to work on /home/airflow/.local/lib/python3.7/site-packages/airflow/example_dags/example_params_ui_tutorial.py
[2023-04-22T23:39:13.819+0000] {processor.py:743} INFO - Processing file /home/airflow/.local/lib/python3.7/site-packages/airflow/example_dags/example_params_ui_tutorial.py for tasks to queue
[2023-04-22T23:39:13.820+0000] {logging_mixin.py:137} INFO - [2023-04-22T23:39:13.820+0000] {dagbag.py:532} INFO - Filling up the DagBag from /home/airflow/.local/lib/python3.7/site-packages/airflow/example_dags/example_params_ui_tutorial.py
[2023-04-22T23:39:13.858+0000] {processor.py:753} INFO - DAG(s) dict_keys(['example_params_ui_tutorial']) retrieved from /home/airflow/.local/lib/python3.7/site-packages/airflow/example_dags/example_params_ui_tutorial.py
[2023-04-22T23:39:13.901+0000] {logging_mixin.py:137} INFO - [2023-04-22T23:39:13.901+0000] {dag.py:2705} INFO - Sync 1 DAGs
[2023-04-22T23:39:13.922+0000] {logging_mixin.py:137} INFO - [2023-04-22T23:39:13.921+0000] {dag.py:3456} INFO - Setting next_dagrun for example_params_ui_tutorial to None, run_after=None
[2023-04-22T23:39:13.945+0000] {processor.py:175} INFO - Processing /home/airflow/.local/lib/python3.7/site-packages/airflow/example_dags/example_params_ui_tutorial.py took 0.131 seconds
[2023-04-22T23:39:44.828+0000] {processor.py:153} INFO - Started process (PID=141) to work on /home/airflow/.local/lib/python3.7/site-packages/airflow/example_dags/example_params_ui_tutorial.py
[2023-04-22T23:39:44.832+0000] {processor.py:743} INFO - Processing file /home/airflow/.local/lib/python3.7/site-packages/airflow/example_dags/example_params_ui_tutorial.py for tasks to queue
[2023-04-22T23:39:44.833+0000] {logging_mixin.py:137} INFO - [2023-04-22T23:39:44.833+0000] {dagbag.py:532} INFO - Filling up the DagBag from /home/airflow/.local/lib/python3.7/site-packages/airflow/example_dags/example_params_ui_tutorial.py
[2023-04-22T23:39:44.870+0000] {processor.py:753} INFO - DAG(s) dict_keys(['example_params_ui_tutorial']) retrieved from /home/airflow/.local/lib/python3.7/site-packages/airflow/example_dags/example_params_ui_tutorial.py
[2023-04-22T23:39:44.906+0000] {logging_mixin.py:137} INFO - [2023-04-22T23:39:44.905+0000] {dag.py:2705} INFO - Sync 1 DAGs
[2023-04-22T23:39:44.923+0000] {logging_mixin.py:137} INFO - [2023-04-22T23:39:44.923+0000] {dag.py:3456} INFO - Setting next_dagrun for example_params_ui_tutorial to None, run_after=None
[2023-04-22T23:39:44.946+0000] {processor.py:175} INFO - Processing /home/airflow/.local/lib/python3.7/site-packages/airflow/example_dags/example_params_ui_tutorial.py took 0.121 seconds
[2023-04-22T23:40:15.156+0000] {processor.py:153} INFO - Started process (PID=192) to work on /home/airflow/.local/lib/python3.7/site-packages/airflow/example_dags/example_params_ui_tutorial.py
[2023-04-22T23:40:15.157+0000] {processor.py:743} INFO - Processing file /home/airflow/.local/lib/python3.7/site-packages/airflow/example_dags/example_params_ui_tutorial.py for tasks to queue
[2023-04-22T23:40:15.157+0000] {logging_mixin.py:137} INFO - [2023-04-22T23:40:15.157+0000] {dagbag.py:532} INFO - Filling up the DagBag from /home/airflow/.local/lib/python3.7/site-packages/airflow/example_dags/example_params_ui_tutorial.py
[2023-04-22T23:40:15.191+0000] {processor.py:753} INFO - DAG(s) dict_keys(['example_params_ui_tutorial']) retrieved from /home/airflow/.local/lib/python3.7/site-packages/airflow/example_dags/example_params_ui_tutorial.py
[2023-04-22T23:40:15.228+0000] {logging_mixin.py:137} INFO - [2023-04-22T23:40:15.228+0000] {dag.py:2705} INFO - Sync 1 DAGs
[2023-04-22T23:40:15.245+0000] {logging_mixin.py:137} INFO - [2023-04-22T23:40:15.245+0000] {dag.py:3456} INFO - Setting next_dagrun for example_params_ui_tutorial to None, run_after=None
[2023-04-22T23:40:15.256+0000] {processor.py:175} INFO - Processing /home/airflow/.local/lib/python3.7/site-packages/airflow/example_dags/example_params_ui_tutorial.py took 0.103 seconds
[2023-04-22T23:40:45.753+0000] {processor.py:153} INFO - Started process (PID=243) to work on /home/airflow/.local/lib/python3.7/site-packages/airflow/example_dags/example_params_ui_tutorial.py
[2023-04-22T23:40:45.755+0000] {processor.py:743} INFO - Processing file /home/airflow/.local/lib/python3.7/site-packages/airflow/example_dags/example_params_ui_tutorial.py for tasks to queue
[2023-04-22T23:40:45.756+0000] {logging_mixin.py:137} INFO - [2023-04-22T23:40:45.755+0000] {dagbag.py:532} INFO - Filling up the DagBag from /home/airflow/.local/lib/python3.7/site-packages/airflow/example_dags/example_params_ui_tutorial.py
[2023-04-22T23:40:45.807+0000] {processor.py:753} INFO - DAG(s) dict_keys(['example_params_ui_tutorial']) retrieved from /home/airflow/.local/lib/python3.7/site-packages/airflow/example_dags/example_params_ui_tutorial.py
[2023-04-22T23:40:45.866+0000] {logging_mixin.py:137} INFO - [2023-04-22T23:40:45.866+0000] {dag.py:2705} INFO - Sync 1 DAGs
[2023-04-22T23:40:45.884+0000] {logging_mixin.py:137} INFO - [2023-04-22T23:40:45.883+0000] {dag.py:3456} INFO - Setting next_dagrun for example_params_ui_tutorial to None, run_after=None
[2023-04-22T23:40:45.901+0000] {processor.py:175} INFO - Processing /home/airflow/.local/lib/python3.7/site-packages/airflow/example_dags/example_params_ui_tutorial.py took 0.151 seconds
[2023-04-22T23:41:16.478+0000] {processor.py:153} INFO - Started process (PID=294) to work on /home/airflow/.local/lib/python3.7/site-packages/airflow/example_dags/example_params_ui_tutorial.py
[2023-04-22T23:41:16.480+0000] {processor.py:743} INFO - Processing file /home/airflow/.local/lib/python3.7/site-packages/airflow/example_dags/example_params_ui_tutorial.py for tasks to queue
[2023-04-22T23:41:16.480+0000] {logging_mixin.py:137} INFO - [2023-04-22T23:41:16.480+0000] {dagbag.py:532} INFO - Filling up the DagBag from /home/airflow/.local/lib/python3.7/site-packages/airflow/example_dags/example_params_ui_tutorial.py
[2023-04-22T23:41:16.518+0000] {processor.py:753} INFO - DAG(s) dict_keys(['example_params_ui_tutorial']) retrieved from /home/airflow/.local/lib/python3.7/site-packages/airflow/example_dags/example_params_ui_tutorial.py
[2023-04-22T23:41:16.570+0000] {logging_mixin.py:137} INFO - [2023-04-22T23:41:16.569+0000] {dag.py:2705} INFO - Sync 1 DAGs
[2023-04-22T23:41:16.594+0000] {logging_mixin.py:137} INFO - [2023-04-22T23:41:16.594+0000] {dag.py:3456} INFO - Setting next_dagrun for example_params_ui_tutorial to None, run_after=None
[2023-04-22T23:41:16.607+0000] {processor.py:175} INFO - Processing /home/airflow/.local/lib/python3.7/site-packages/airflow/example_dags/example_params_ui_tutorial.py took 0.132 seconds
[2023-04-22T23:41:46.715+0000] {processor.py:153} INFO - Started process (PID=345) to work on /home/airflow/.local/lib/python3.7/site-packages/airflow/example_dags/example_params_ui_tutorial.py
[2023-04-22T23:41:46.716+0000] {processor.py:743} INFO - Processing file /home/airflow/.local/lib/python3.7/site-packages/airflow/example_dags/example_params_ui_tutorial.py for tasks to queue
[2023-04-22T23:41:46.717+0000] {logging_mixin.py:137} INFO - [2023-04-22T23:41:46.717+0000] {dagbag.py:532} INFO - Filling up the DagBag from /home/airflow/.local/lib/python3.7/site-packages/airflow/example_dags/example_params_ui_tutorial.py
[2023-04-22T23:41:46.753+0000] {processor.py:753} INFO - DAG(s) dict_keys(['example_params_ui_tutorial']) retrieved from /home/airflow/.local/lib/python3.7/site-packages/airflow/example_dags/example_params_ui_tutorial.py
[2023-04-22T23:41:46.790+0000] {logging_mixin.py:137} INFO - [2023-04-22T23:41:46.790+0000] {dag.py:2705} INFO - Sync 1 DAGs
[2023-04-22T23:41:46.807+0000] {logging_mixin.py:137} INFO - [2023-04-22T23:41:46.807+0000] {dag.py:3456} INFO - Setting next_dagrun for example_params_ui_tutorial to None, run_after=None
[2023-04-22T23:41:46.819+0000] {processor.py:175} INFO - Processing /home/airflow/.local/lib/python3.7/site-packages/airflow/example_dags/example_params_ui_tutorial.py took 0.107 seconds
[2023-04-22T23:42:17.247+0000] {processor.py:153} INFO - Started process (PID=396) to work on /home/airflow/.local/lib/python3.7/site-packages/airflow/example_dags/example_params_ui_tutorial.py
[2023-04-22T23:42:17.248+0000] {processor.py:743} INFO - Processing file /home/airflow/.local/lib/python3.7/site-packages/airflow/example_dags/example_params_ui_tutorial.py for tasks to queue
[2023-04-22T23:42:17.249+0000] {logging_mixin.py:137} INFO - [2023-04-22T23:42:17.248+0000] {dagbag.py:532} INFO - Filling up the DagBag from /home/airflow/.local/lib/python3.7/site-packages/airflow/example_dags/example_params_ui_tutorial.py
[2023-04-22T23:42:17.283+0000] {processor.py:753} INFO - DAG(s) dict_keys(['example_params_ui_tutorial']) retrieved from /home/airflow/.local/lib/python3.7/site-packages/airflow/example_dags/example_params_ui_tutorial.py
[2023-04-22T23:42:17.318+0000] {logging_mixin.py:137} INFO - [2023-04-22T23:42:17.318+0000] {dag.py:2705} INFO - Sync 1 DAGs
[2023-04-22T23:42:17.335+0000] {logging_mixin.py:137} INFO - [2023-04-22T23:42:17.334+0000] {dag.py:3456} INFO - Setting next_dagrun for example_params_ui_tutorial to None, run_after=None
[2023-04-22T23:42:17.348+0000] {processor.py:175} INFO - Processing /home/airflow/.local/lib/python3.7/site-packages/airflow/example_dags/example_params_ui_tutorial.py took 0.103 seconds
[2023-04-22T23:43:05.925+0000] {processor.py:153} INFO - Started process (PID=39) to work on /home/airflow/.local/lib/python3.7/site-packages/airflow/example_dags/example_params_ui_tutorial.py
[2023-04-22T23:43:05.927+0000] {processor.py:743} INFO - Processing file /home/airflow/.local/lib/python3.7/site-packages/airflow/example_dags/example_params_ui_tutorial.py for tasks to queue
[2023-04-22T23:43:05.929+0000] {logging_mixin.py:137} INFO - [2023-04-22T23:43:05.928+0000] {dagbag.py:532} INFO - Filling up the DagBag from /home/airflow/.local/lib/python3.7/site-packages/airflow/example_dags/example_params_ui_tutorial.py
[2023-04-22T23:43:06.008+0000] {processor.py:753} INFO - DAG(s) dict_keys(['example_params_ui_tutorial']) retrieved from /home/airflow/.local/lib/python3.7/site-packages/airflow/example_dags/example_params_ui_tutorial.py
[2023-04-22T23:43:06.034+0000] {logging_mixin.py:137} INFO - [2023-04-22T23:43:06.034+0000] {dag.py:2705} INFO - Sync 1 DAGs
[2023-04-22T23:43:06.060+0000] {logging_mixin.py:137} INFO - [2023-04-22T23:43:06.060+0000] {dag.py:3456} INFO - Setting next_dagrun for example_params_ui_tutorial to None, run_after=None
[2023-04-22T23:43:06.082+0000] {processor.py:175} INFO - Processing /home/airflow/.local/lib/python3.7/site-packages/airflow/example_dags/example_params_ui_tutorial.py took 0.163 seconds
[2023-04-22T23:43:36.699+0000] {processor.py:153} INFO - Started process (PID=90) to work on /home/airflow/.local/lib/python3.7/site-packages/airflow/example_dags/example_params_ui_tutorial.py
[2023-04-22T23:43:36.700+0000] {processor.py:743} INFO - Processing file /home/airflow/.local/lib/python3.7/site-packages/airflow/example_dags/example_params_ui_tutorial.py for tasks to queue
[2023-04-22T23:43:36.701+0000] {logging_mixin.py:137} INFO - [2023-04-22T23:43:36.701+0000] {dagbag.py:532} INFO - Filling up the DagBag from /home/airflow/.local/lib/python3.7/site-packages/airflow/example_dags/example_params_ui_tutorial.py
[2023-04-22T23:43:36.738+0000] {processor.py:753} INFO - DAG(s) dict_keys(['example_params_ui_tutorial']) retrieved from /home/airflow/.local/lib/python3.7/site-packages/airflow/example_dags/example_params_ui_tutorial.py
[2023-04-22T23:43:36.778+0000] {logging_mixin.py:137} INFO - [2023-04-22T23:43:36.778+0000] {dag.py:2705} INFO - Sync 1 DAGs
[2023-04-22T23:43:36.796+0000] {logging_mixin.py:137} INFO - [2023-04-22T23:43:36.796+0000] {dag.py:3456} INFO - Setting next_dagrun for example_params_ui_tutorial to None, run_after=None
[2023-04-22T23:43:36.808+0000] {processor.py:175} INFO - Processing /home/airflow/.local/lib/python3.7/site-packages/airflow/example_dags/example_params_ui_tutorial.py took 0.112 seconds
[2023-04-22T23:44:29.626+0000] {processor.py:153} INFO - Started process (PID=39) to work on /home/airflow/.local/lib/python3.7/site-packages/airflow/example_dags/example_params_ui_tutorial.py
[2023-04-22T23:44:29.630+0000] {processor.py:743} INFO - Processing file /home/airflow/.local/lib/python3.7/site-packages/airflow/example_dags/example_params_ui_tutorial.py for tasks to queue
[2023-04-22T23:44:29.632+0000] {logging_mixin.py:137} INFO - [2023-04-22T23:44:29.632+0000] {dagbag.py:532} INFO - Filling up the DagBag from /home/airflow/.local/lib/python3.7/site-packages/airflow/example_dags/example_params_ui_tutorial.py
[2023-04-22T23:44:29.722+0000] {processor.py:753} INFO - DAG(s) dict_keys(['example_params_ui_tutorial']) retrieved from /home/airflow/.local/lib/python3.7/site-packages/airflow/example_dags/example_params_ui_tutorial.py
[2023-04-22T23:44:29.741+0000] {logging_mixin.py:137} INFO - [2023-04-22T23:44:29.740+0000] {dag.py:2705} INFO - Sync 1 DAGs
[2023-04-22T23:44:29.774+0000] {logging_mixin.py:137} INFO - [2023-04-22T23:44:29.774+0000] {dag.py:3456} INFO - Setting next_dagrun for example_params_ui_tutorial to None, run_after=None
[2023-04-22T23:44:29.793+0000] {processor.py:175} INFO - Processing /home/airflow/.local/lib/python3.7/site-packages/airflow/example_dags/example_params_ui_tutorial.py took 0.172 seconds
[2023-04-22T23:46:53.537+0000] {processor.py:153} INFO - Started process (PID=40) to work on /home/airflow/.local/lib/python3.7/site-packages/airflow/example_dags/example_params_ui_tutorial.py
[2023-04-22T23:46:53.539+0000] {processor.py:743} INFO - Processing file /home/airflow/.local/lib/python3.7/site-packages/airflow/example_dags/example_params_ui_tutorial.py for tasks to queue
[2023-04-22T23:46:53.541+0000] {logging_mixin.py:137} INFO - [2023-04-22T23:46:53.541+0000] {dagbag.py:532} INFO - Filling up the DagBag from /home/airflow/.local/lib/python3.7/site-packages/airflow/example_dags/example_params_ui_tutorial.py
[2023-04-22T23:46:53.615+0000] {processor.py:753} INFO - DAG(s) dict_keys(['example_params_ui_tutorial']) retrieved from /home/airflow/.local/lib/python3.7/site-packages/airflow/example_dags/example_params_ui_tutorial.py
[2023-04-22T23:46:53.637+0000] {logging_mixin.py:137} INFO - [2023-04-22T23:46:53.637+0000] {dag.py:2705} INFO - Sync 1 DAGs
[2023-04-22T23:46:53.689+0000] {logging_mixin.py:137} INFO - [2023-04-22T23:46:53.689+0000] {dag.py:3456} INFO - Setting next_dagrun for example_params_ui_tutorial to None, run_after=None
[2023-04-22T23:46:53.727+0000] {processor.py:175} INFO - Processing /home/airflow/.local/lib/python3.7/site-packages/airflow/example_dags/example_params_ui_tutorial.py took 0.196 seconds
[2023-04-22T23:47:23.880+0000] {processor.py:153} INFO - Started process (PID=91) to work on /home/airflow/.local/lib/python3.7/site-packages/airflow/example_dags/example_params_ui_tutorial.py
[2023-04-22T23:47:23.881+0000] {processor.py:743} INFO - Processing file /home/airflow/.local/lib/python3.7/site-packages/airflow/example_dags/example_params_ui_tutorial.py for tasks to queue
[2023-04-22T23:47:23.882+0000] {logging_mixin.py:137} INFO - [2023-04-22T23:47:23.882+0000] {dagbag.py:532} INFO - Filling up the DagBag from /home/airflow/.local/lib/python3.7/site-packages/airflow/example_dags/example_params_ui_tutorial.py
[2023-04-22T23:47:23.919+0000] {processor.py:753} INFO - DAG(s) dict_keys(['example_params_ui_tutorial']) retrieved from /home/airflow/.local/lib/python3.7/site-packages/airflow/example_dags/example_params_ui_tutorial.py
[2023-04-22T23:47:23.961+0000] {logging_mixin.py:137} INFO - [2023-04-22T23:47:23.961+0000] {dag.py:2705} INFO - Sync 1 DAGs
[2023-04-22T23:47:23.977+0000] {logging_mixin.py:137} INFO - [2023-04-22T23:47:23.977+0000] {dag.py:3456} INFO - Setting next_dagrun for example_params_ui_tutorial to None, run_after=None
[2023-04-22T23:47:23.991+0000] {processor.py:175} INFO - Processing /home/airflow/.local/lib/python3.7/site-packages/airflow/example_dags/example_params_ui_tutorial.py took 0.114 seconds
[2023-04-22T23:47:54.508+0000] {processor.py:153} INFO - Started process (PID=142) to work on /home/airflow/.local/lib/python3.7/site-packages/airflow/example_dags/example_params_ui_tutorial.py
[2023-04-22T23:47:54.509+0000] {processor.py:743} INFO - Processing file /home/airflow/.local/lib/python3.7/site-packages/airflow/example_dags/example_params_ui_tutorial.py for tasks to queue
[2023-04-22T23:47:54.510+0000] {logging_mixin.py:137} INFO - [2023-04-22T23:47:54.510+0000] {dagbag.py:532} INFO - Filling up the DagBag from /home/airflow/.local/lib/python3.7/site-packages/airflow/example_dags/example_params_ui_tutorial.py
[2023-04-22T23:47:54.548+0000] {processor.py:753} INFO - DAG(s) dict_keys(['example_params_ui_tutorial']) retrieved from /home/airflow/.local/lib/python3.7/site-packages/airflow/example_dags/example_params_ui_tutorial.py
[2023-04-22T23:47:54.587+0000] {logging_mixin.py:137} INFO - [2023-04-22T23:47:54.587+0000] {dag.py:2705} INFO - Sync 1 DAGs
[2023-04-22T23:47:54.602+0000] {logging_mixin.py:137} INFO - [2023-04-22T23:47:54.602+0000] {dag.py:3456} INFO - Setting next_dagrun for example_params_ui_tutorial to None, run_after=None
[2023-04-22T23:47:54.614+0000] {processor.py:175} INFO - Processing /home/airflow/.local/lib/python3.7/site-packages/airflow/example_dags/example_params_ui_tutorial.py took 0.109 seconds
[2023-04-22T23:48:24.958+0000] {processor.py:153} INFO - Started process (PID=193) to work on /home/airflow/.local/lib/python3.7/site-packages/airflow/example_dags/example_params_ui_tutorial.py
[2023-04-22T23:48:24.959+0000] {processor.py:743} INFO - Processing file /home/airflow/.local/lib/python3.7/site-packages/airflow/example_dags/example_params_ui_tutorial.py for tasks to queue
[2023-04-22T23:48:24.960+0000] {logging_mixin.py:137} INFO - [2023-04-22T23:48:24.960+0000] {dagbag.py:532} INFO - Filling up the DagBag from /home/airflow/.local/lib/python3.7/site-packages/airflow/example_dags/example_params_ui_tutorial.py
[2023-04-22T23:48:25.000+0000] {processor.py:753} INFO - DAG(s) dict_keys(['example_params_ui_tutorial']) retrieved from /home/airflow/.local/lib/python3.7/site-packages/airflow/example_dags/example_params_ui_tutorial.py
[2023-04-22T23:48:25.037+0000] {logging_mixin.py:137} INFO - [2023-04-22T23:48:25.037+0000] {dag.py:2705} INFO - Sync 1 DAGs
[2023-04-22T23:48:25.055+0000] {logging_mixin.py:137} INFO - [2023-04-22T23:48:25.055+0000] {dag.py:3456} INFO - Setting next_dagrun for example_params_ui_tutorial to None, run_after=None
[2023-04-22T23:48:25.068+0000] {processor.py:175} INFO - Processing /home/airflow/.local/lib/python3.7/site-packages/airflow/example_dags/example_params_ui_tutorial.py took 0.114 seconds
[2023-04-22T23:48:55.369+0000] {processor.py:153} INFO - Started process (PID=244) to work on /home/airflow/.local/lib/python3.7/site-packages/airflow/example_dags/example_params_ui_tutorial.py
[2023-04-22T23:48:55.373+0000] {processor.py:743} INFO - Processing file /home/airflow/.local/lib/python3.7/site-packages/airflow/example_dags/example_params_ui_tutorial.py for tasks to queue
[2023-04-22T23:48:55.373+0000] {logging_mixin.py:137} INFO - [2023-04-22T23:48:55.373+0000] {dagbag.py:532} INFO - Filling up the DagBag from /home/airflow/.local/lib/python3.7/site-packages/airflow/example_dags/example_params_ui_tutorial.py
[2023-04-22T23:48:55.412+0000] {processor.py:753} INFO - DAG(s) dict_keys(['example_params_ui_tutorial']) retrieved from /home/airflow/.local/lib/python3.7/site-packages/airflow/example_dags/example_params_ui_tutorial.py
[2023-04-22T23:48:55.450+0000] {logging_mixin.py:137} INFO - [2023-04-22T23:48:55.450+0000] {dag.py:2705} INFO - Sync 1 DAGs
[2023-04-22T23:48:55.466+0000] {logging_mixin.py:137} INFO - [2023-04-22T23:48:55.466+0000] {dag.py:3456} INFO - Setting next_dagrun for example_params_ui_tutorial to None, run_after=None
[2023-04-22T23:48:55.477+0000] {processor.py:175} INFO - Processing /home/airflow/.local/lib/python3.7/site-packages/airflow/example_dags/example_params_ui_tutorial.py took 0.111 seconds
[2023-04-22T23:49:25.961+0000] {processor.py:153} INFO - Started process (PID=295) to work on /home/airflow/.local/lib/python3.7/site-packages/airflow/example_dags/example_params_ui_tutorial.py
[2023-04-22T23:49:25.962+0000] {processor.py:743} INFO - Processing file /home/airflow/.local/lib/python3.7/site-packages/airflow/example_dags/example_params_ui_tutorial.py for tasks to queue
[2023-04-22T23:49:25.963+0000] {logging_mixin.py:137} INFO - [2023-04-22T23:49:25.963+0000] {dagbag.py:532} INFO - Filling up the DagBag from /home/airflow/.local/lib/python3.7/site-packages/airflow/example_dags/example_params_ui_tutorial.py
[2023-04-22T23:49:26.008+0000] {processor.py:753} INFO - DAG(s) dict_keys(['example_params_ui_tutorial']) retrieved from /home/airflow/.local/lib/python3.7/site-packages/airflow/example_dags/example_params_ui_tutorial.py
[2023-04-22T23:49:26.057+0000] {logging_mixin.py:137} INFO - [2023-04-22T23:49:26.057+0000] {dag.py:2705} INFO - Sync 1 DAGs
[2023-04-22T23:49:26.086+0000] {logging_mixin.py:137} INFO - [2023-04-22T23:49:26.086+0000] {dag.py:3456} INFO - Setting next_dagrun for example_params_ui_tutorial to None, run_after=None
[2023-04-22T23:49:26.130+0000] {processor.py:175} INFO - Processing /home/airflow/.local/lib/python3.7/site-packages/airflow/example_dags/example_params_ui_tutorial.py took 0.172 seconds
[2023-04-22T23:49:56.730+0000] {processor.py:153} INFO - Started process (PID=347) to work on /home/airflow/.local/lib/python3.7/site-packages/airflow/example_dags/example_params_ui_tutorial.py
[2023-04-22T23:49:56.731+0000] {processor.py:743} INFO - Processing file /home/airflow/.local/lib/python3.7/site-packages/airflow/example_dags/example_params_ui_tutorial.py for tasks to queue
[2023-04-22T23:49:56.732+0000] {logging_mixin.py:137} INFO - [2023-04-22T23:49:56.732+0000] {dagbag.py:532} INFO - Filling up the DagBag from /home/airflow/.local/lib/python3.7/site-packages/airflow/example_dags/example_params_ui_tutorial.py
[2023-04-22T23:49:56.771+0000] {processor.py:753} INFO - DAG(s) dict_keys(['example_params_ui_tutorial']) retrieved from /home/airflow/.local/lib/python3.7/site-packages/airflow/example_dags/example_params_ui_tutorial.py
[2023-04-22T23:49:56.809+0000] {logging_mixin.py:137} INFO - [2023-04-22T23:49:56.809+0000] {dag.py:2705} INFO - Sync 1 DAGs
[2023-04-22T23:49:56.828+0000] {logging_mixin.py:137} INFO - [2023-04-22T23:49:56.828+0000] {dag.py:3456} INFO - Setting next_dagrun for example_params_ui_tutorial to None, run_after=None
[2023-04-22T23:49:56.841+0000] {processor.py:175} INFO - Processing /home/airflow/.local/lib/python3.7/site-packages/airflow/example_dags/example_params_ui_tutorial.py took 0.114 seconds
[2023-04-22T23:50:27.397+0000] {processor.py:153} INFO - Started process (PID=399) to work on /home/airflow/.local/lib/python3.7/site-packages/airflow/example_dags/example_params_ui_tutorial.py
[2023-04-22T23:50:27.398+0000] {processor.py:743} INFO - Processing file /home/airflow/.local/lib/python3.7/site-packages/airflow/example_dags/example_params_ui_tutorial.py for tasks to queue
[2023-04-22T23:50:27.399+0000] {logging_mixin.py:137} INFO - [2023-04-22T23:50:27.399+0000] {dagbag.py:532} INFO - Filling up the DagBag from /home/airflow/.local/lib/python3.7/site-packages/airflow/example_dags/example_params_ui_tutorial.py
[2023-04-22T23:50:27.432+0000] {processor.py:753} INFO - DAG(s) dict_keys(['example_params_ui_tutorial']) retrieved from /home/airflow/.local/lib/python3.7/site-packages/airflow/example_dags/example_params_ui_tutorial.py
[2023-04-22T23:50:27.469+0000] {logging_mixin.py:137} INFO - [2023-04-22T23:50:27.469+0000] {dag.py:2705} INFO - Sync 1 DAGs
[2023-04-22T23:50:27.485+0000] {logging_mixin.py:137} INFO - [2023-04-22T23:50:27.485+0000] {dag.py:3456} INFO - Setting next_dagrun for example_params_ui_tutorial to None, run_after=None
[2023-04-22T23:50:27.497+0000] {processor.py:175} INFO - Processing /home/airflow/.local/lib/python3.7/site-packages/airflow/example_dags/example_params_ui_tutorial.py took 0.103 seconds
