[2023-04-22T22:50:09.522+0000] {processor.py:153} INFO - Started process (PID=49) to work on /home/airflow/.local/lib/python3.7/site-packages/airflow/example_dags/example_sensor_decorator.py
[2023-04-22T22:50:09.544+0000] {processor.py:743} INFO - Processing file /home/airflow/.local/lib/python3.7/site-packages/airflow/example_dags/example_sensor_decorator.py for tasks to queue
[2023-04-22T22:50:09.549+0000] {logging_mixin.py:137} INFO - [2023-04-22T22:50:09.549+0000] {dagbag.py:532} INFO - Filling up the DagBag from /home/airflow/.local/lib/python3.7/site-packages/airflow/example_dags/example_sensor_decorator.py
[2023-04-22T22:50:09.633+0000] {processor.py:753} INFO - DAG(s) dict_keys(['example_sensor_decorator']) retrieved from /home/airflow/.local/lib/python3.7/site-packages/airflow/example_dags/example_sensor_decorator.py
[2023-04-22T22:50:09.663+0000] {logging_mixin.py:137} INFO - [2023-04-22T22:50:09.662+0000] {dag.py:2705} INFO - Sync 1 DAGs
[2023-04-22T22:50:09.700+0000] {logging_mixin.py:137} INFO - [2023-04-22T22:50:09.700+0000] {dag.py:3456} INFO - Setting next_dagrun for example_sensor_decorator to None, run_after=None
[2023-04-22T22:50:09.715+0000] {processor.py:175} INFO - Processing /home/airflow/.local/lib/python3.7/site-packages/airflow/example_dags/example_sensor_decorator.py took 0.200 seconds
[2023-04-22T22:50:39.936+0000] {processor.py:153} INFO - Started process (PID=100) to work on /home/airflow/.local/lib/python3.7/site-packages/airflow/example_dags/example_sensor_decorator.py
[2023-04-22T22:50:39.938+0000] {processor.py:743} INFO - Processing file /home/airflow/.local/lib/python3.7/site-packages/airflow/example_dags/example_sensor_decorator.py for tasks to queue
[2023-04-22T22:50:39.939+0000] {logging_mixin.py:137} INFO - [2023-04-22T22:50:39.939+0000] {dagbag.py:532} INFO - Filling up the DagBag from /home/airflow/.local/lib/python3.7/site-packages/airflow/example_dags/example_sensor_decorator.py
[2023-04-22T22:50:39.962+0000] {processor.py:753} INFO - DAG(s) dict_keys(['example_sensor_decorator']) retrieved from /home/airflow/.local/lib/python3.7/site-packages/airflow/example_dags/example_sensor_decorator.py
[2023-04-22T22:50:39.992+0000] {logging_mixin.py:137} INFO - [2023-04-22T22:50:39.992+0000] {dag.py:2705} INFO - Sync 1 DAGs
[2023-04-22T22:50:40.029+0000] {logging_mixin.py:137} INFO - [2023-04-22T22:50:40.029+0000] {dag.py:3456} INFO - Setting next_dagrun for example_sensor_decorator to None, run_after=None
[2023-04-22T22:50:40.055+0000] {processor.py:175} INFO - Processing /home/airflow/.local/lib/python3.7/site-packages/airflow/example_dags/example_sensor_decorator.py took 0.124 seconds
[2023-04-22T22:51:10.996+0000] {processor.py:153} INFO - Started process (PID=151) to work on /home/airflow/.local/lib/python3.7/site-packages/airflow/example_dags/example_sensor_decorator.py
[2023-04-22T22:51:10.997+0000] {processor.py:743} INFO - Processing file /home/airflow/.local/lib/python3.7/site-packages/airflow/example_dags/example_sensor_decorator.py for tasks to queue
[2023-04-22T22:51:10.999+0000] {logging_mixin.py:137} INFO - [2023-04-22T22:51:10.999+0000] {dagbag.py:532} INFO - Filling up the DagBag from /home/airflow/.local/lib/python3.7/site-packages/airflow/example_dags/example_sensor_decorator.py
[2023-04-22T22:51:11.022+0000] {processor.py:753} INFO - DAG(s) dict_keys(['example_sensor_decorator']) retrieved from /home/airflow/.local/lib/python3.7/site-packages/airflow/example_dags/example_sensor_decorator.py
[2023-04-22T22:51:11.047+0000] {logging_mixin.py:137} INFO - [2023-04-22T22:51:11.047+0000] {dag.py:2705} INFO - Sync 1 DAGs
[2023-04-22T22:51:11.064+0000] {logging_mixin.py:137} INFO - [2023-04-22T22:51:11.064+0000] {dag.py:3456} INFO - Setting next_dagrun for example_sensor_decorator to None, run_after=None
[2023-04-22T22:51:11.075+0000] {processor.py:175} INFO - Processing /home/airflow/.local/lib/python3.7/site-packages/airflow/example_dags/example_sensor_decorator.py took 0.084 seconds
[2023-04-22T22:51:41.355+0000] {processor.py:153} INFO - Started process (PID=201) to work on /home/airflow/.local/lib/python3.7/site-packages/airflow/example_dags/example_sensor_decorator.py
[2023-04-22T22:51:41.359+0000] {processor.py:743} INFO - Processing file /home/airflow/.local/lib/python3.7/site-packages/airflow/example_dags/example_sensor_decorator.py for tasks to queue
[2023-04-22T22:51:41.360+0000] {logging_mixin.py:137} INFO - [2023-04-22T22:51:41.360+0000] {dagbag.py:532} INFO - Filling up the DagBag from /home/airflow/.local/lib/python3.7/site-packages/airflow/example_dags/example_sensor_decorator.py
[2023-04-22T22:51:41.386+0000] {processor.py:753} INFO - DAG(s) dict_keys(['example_sensor_decorator']) retrieved from /home/airflow/.local/lib/python3.7/site-packages/airflow/example_dags/example_sensor_decorator.py
[2023-04-22T22:51:41.409+0000] {logging_mixin.py:137} INFO - [2023-04-22T22:51:41.409+0000] {dag.py:2705} INFO - Sync 1 DAGs
[2023-04-22T22:51:41.425+0000] {logging_mixin.py:137} INFO - [2023-04-22T22:51:41.425+0000] {dag.py:3456} INFO - Setting next_dagrun for example_sensor_decorator to None, run_after=None
[2023-04-22T22:51:41.437+0000] {processor.py:175} INFO - Processing /home/airflow/.local/lib/python3.7/site-packages/airflow/example_dags/example_sensor_decorator.py took 0.088 seconds
[2023-04-22T22:52:11.849+0000] {processor.py:153} INFO - Started process (PID=251) to work on /home/airflow/.local/lib/python3.7/site-packages/airflow/example_dags/example_sensor_decorator.py
[2023-04-22T22:52:11.852+0000] {processor.py:743} INFO - Processing file /home/airflow/.local/lib/python3.7/site-packages/airflow/example_dags/example_sensor_decorator.py for tasks to queue
[2023-04-22T22:52:11.853+0000] {logging_mixin.py:137} INFO - [2023-04-22T22:52:11.853+0000] {dagbag.py:532} INFO - Filling up the DagBag from /home/airflow/.local/lib/python3.7/site-packages/airflow/example_dags/example_sensor_decorator.py
[2023-04-22T22:52:11.876+0000] {processor.py:753} INFO - DAG(s) dict_keys(['example_sensor_decorator']) retrieved from /home/airflow/.local/lib/python3.7/site-packages/airflow/example_dags/example_sensor_decorator.py
[2023-04-22T22:52:11.897+0000] {logging_mixin.py:137} INFO - [2023-04-22T22:52:11.897+0000] {dag.py:2705} INFO - Sync 1 DAGs
[2023-04-22T22:52:11.914+0000] {logging_mixin.py:137} INFO - [2023-04-22T22:52:11.913+0000] {dag.py:3456} INFO - Setting next_dagrun for example_sensor_decorator to None, run_after=None
[2023-04-22T22:52:11.925+0000] {processor.py:175} INFO - Processing /home/airflow/.local/lib/python3.7/site-packages/airflow/example_dags/example_sensor_decorator.py took 0.082 seconds
[2023-04-22T22:52:42.219+0000] {processor.py:153} INFO - Started process (PID=302) to work on /home/airflow/.local/lib/python3.7/site-packages/airflow/example_dags/example_sensor_decorator.py
[2023-04-22T22:52:42.221+0000] {processor.py:743} INFO - Processing file /home/airflow/.local/lib/python3.7/site-packages/airflow/example_dags/example_sensor_decorator.py for tasks to queue
[2023-04-22T22:52:42.223+0000] {logging_mixin.py:137} INFO - [2023-04-22T22:52:42.223+0000] {dagbag.py:532} INFO - Filling up the DagBag from /home/airflow/.local/lib/python3.7/site-packages/airflow/example_dags/example_sensor_decorator.py
[2023-04-22T22:52:42.247+0000] {processor.py:753} INFO - DAG(s) dict_keys(['example_sensor_decorator']) retrieved from /home/airflow/.local/lib/python3.7/site-packages/airflow/example_dags/example_sensor_decorator.py
[2023-04-22T22:52:42.268+0000] {logging_mixin.py:137} INFO - [2023-04-22T22:52:42.268+0000] {dag.py:2705} INFO - Sync 1 DAGs
[2023-04-22T22:52:42.284+0000] {logging_mixin.py:137} INFO - [2023-04-22T22:52:42.284+0000] {dag.py:3456} INFO - Setting next_dagrun for example_sensor_decorator to None, run_after=None
[2023-04-22T22:52:42.296+0000] {processor.py:175} INFO - Processing /home/airflow/.local/lib/python3.7/site-packages/airflow/example_dags/example_sensor_decorator.py took 0.084 seconds
[2023-04-22T22:53:12.343+0000] {processor.py:153} INFO - Started process (PID=354) to work on /home/airflow/.local/lib/python3.7/site-packages/airflow/example_dags/example_sensor_decorator.py
[2023-04-22T22:53:12.344+0000] {processor.py:743} INFO - Processing file /home/airflow/.local/lib/python3.7/site-packages/airflow/example_dags/example_sensor_decorator.py for tasks to queue
[2023-04-22T22:53:12.345+0000] {logging_mixin.py:137} INFO - [2023-04-22T22:53:12.345+0000] {dagbag.py:532} INFO - Filling up the DagBag from /home/airflow/.local/lib/python3.7/site-packages/airflow/example_dags/example_sensor_decorator.py
[2023-04-22T22:53:12.373+0000] {processor.py:753} INFO - DAG(s) dict_keys(['example_sensor_decorator']) retrieved from /home/airflow/.local/lib/python3.7/site-packages/airflow/example_dags/example_sensor_decorator.py
[2023-04-22T22:53:12.396+0000] {logging_mixin.py:137} INFO - [2023-04-22T22:53:12.396+0000] {dag.py:2705} INFO - Sync 1 DAGs
[2023-04-22T22:53:12.416+0000] {logging_mixin.py:137} INFO - [2023-04-22T22:53:12.416+0000] {dag.py:3456} INFO - Setting next_dagrun for example_sensor_decorator to None, run_after=None
[2023-04-22T22:53:12.428+0000] {processor.py:175} INFO - Processing /home/airflow/.local/lib/python3.7/site-packages/airflow/example_dags/example_sensor_decorator.py took 0.089 seconds
[2023-04-22T22:53:43.124+0000] {processor.py:153} INFO - Started process (PID=405) to work on /home/airflow/.local/lib/python3.7/site-packages/airflow/example_dags/example_sensor_decorator.py
[2023-04-22T22:53:43.126+0000] {processor.py:743} INFO - Processing file /home/airflow/.local/lib/python3.7/site-packages/airflow/example_dags/example_sensor_decorator.py for tasks to queue
[2023-04-22T22:53:43.127+0000] {logging_mixin.py:137} INFO - [2023-04-22T22:53:43.127+0000] {dagbag.py:532} INFO - Filling up the DagBag from /home/airflow/.local/lib/python3.7/site-packages/airflow/example_dags/example_sensor_decorator.py
[2023-04-22T22:53:43.144+0000] {processor.py:753} INFO - DAG(s) dict_keys(['example_sensor_decorator']) retrieved from /home/airflow/.local/lib/python3.7/site-packages/airflow/example_dags/example_sensor_decorator.py
[2023-04-22T22:53:43.168+0000] {logging_mixin.py:137} INFO - [2023-04-22T22:53:43.168+0000] {dag.py:2705} INFO - Sync 1 DAGs
[2023-04-22T22:53:43.187+0000] {logging_mixin.py:137} INFO - [2023-04-22T22:53:43.187+0000] {dag.py:3456} INFO - Setting next_dagrun for example_sensor_decorator to None, run_after=None
[2023-04-22T22:53:43.199+0000] {processor.py:175} INFO - Processing /home/airflow/.local/lib/python3.7/site-packages/airflow/example_dags/example_sensor_decorator.py took 0.080 seconds
[2023-04-22T23:03:12.018+0000] {processor.py:153} INFO - Started process (PID=49) to work on /home/airflow/.local/lib/python3.7/site-packages/airflow/example_dags/example_sensor_decorator.py
[2023-04-22T23:03:12.020+0000] {processor.py:743} INFO - Processing file /home/airflow/.local/lib/python3.7/site-packages/airflow/example_dags/example_sensor_decorator.py for tasks to queue
[2023-04-22T23:03:12.020+0000] {logging_mixin.py:137} INFO - [2023-04-22T23:03:12.020+0000] {dagbag.py:532} INFO - Filling up the DagBag from /home/airflow/.local/lib/python3.7/site-packages/airflow/example_dags/example_sensor_decorator.py
[2023-04-22T23:03:12.068+0000] {processor.py:753} INFO - DAG(s) dict_keys(['example_sensor_decorator']) retrieved from /home/airflow/.local/lib/python3.7/site-packages/airflow/example_dags/example_sensor_decorator.py
[2023-04-22T23:03:12.239+0000] {logging_mixin.py:137} INFO - [2023-04-22T23:03:12.239+0000] {manager.py:504} INFO - Created Permission View: can read on DAG:example_sensor_decorator
[2023-04-22T23:03:12.278+0000] {logging_mixin.py:137} INFO - [2023-04-22T23:03:12.278+0000] {manager.py:504} INFO - Created Permission View: can delete on DAG:example_sensor_decorator
[2023-04-22T23:03:12.292+0000] {logging_mixin.py:137} INFO - [2023-04-22T23:03:12.291+0000] {manager.py:504} INFO - Created Permission View: can edit on DAG:example_sensor_decorator
[2023-04-22T23:03:12.293+0000] {logging_mixin.py:137} INFO - [2023-04-22T23:03:12.293+0000] {dag.py:2705} INFO - Sync 1 DAGs
[2023-04-22T23:03:12.316+0000] {logging_mixin.py:137} INFO - [2023-04-22T23:03:12.316+0000] {dag.py:2726} INFO - Creating ORM DAG for example_sensor_decorator
[2023-04-22T23:03:12.335+0000] {logging_mixin.py:137} INFO - [2023-04-22T23:03:12.335+0000] {dag.py:3456} INFO - Setting next_dagrun for example_sensor_decorator to None, run_after=None
[2023-04-22T23:03:12.370+0000] {processor.py:175} INFO - Processing /home/airflow/.local/lib/python3.7/site-packages/airflow/example_dags/example_sensor_decorator.py took 0.358 seconds
[2023-04-22T23:03:42.415+0000] {processor.py:153} INFO - Started process (PID=100) to work on /home/airflow/.local/lib/python3.7/site-packages/airflow/example_dags/example_sensor_decorator.py
[2023-04-22T23:03:42.416+0000] {processor.py:743} INFO - Processing file /home/airflow/.local/lib/python3.7/site-packages/airflow/example_dags/example_sensor_decorator.py for tasks to queue
[2023-04-22T23:03:42.417+0000] {logging_mixin.py:137} INFO - [2023-04-22T23:03:42.417+0000] {dagbag.py:532} INFO - Filling up the DagBag from /home/airflow/.local/lib/python3.7/site-packages/airflow/example_dags/example_sensor_decorator.py
[2023-04-22T23:03:42.434+0000] {processor.py:753} INFO - DAG(s) dict_keys(['example_sensor_decorator']) retrieved from /home/airflow/.local/lib/python3.7/site-packages/airflow/example_dags/example_sensor_decorator.py
[2023-04-22T23:03:42.455+0000] {logging_mixin.py:137} INFO - [2023-04-22T23:03:42.455+0000] {dag.py:2705} INFO - Sync 1 DAGs
[2023-04-22T23:03:42.471+0000] {logging_mixin.py:137} INFO - [2023-04-22T23:03:42.471+0000] {dag.py:3456} INFO - Setting next_dagrun for example_sensor_decorator to None, run_after=None
[2023-04-22T23:03:42.482+0000] {processor.py:175} INFO - Processing /home/airflow/.local/lib/python3.7/site-packages/airflow/example_dags/example_sensor_decorator.py took 0.070 seconds
[2023-04-22T23:04:12.969+0000] {processor.py:153} INFO - Started process (PID=151) to work on /home/airflow/.local/lib/python3.7/site-packages/airflow/example_dags/example_sensor_decorator.py
[2023-04-22T23:04:12.970+0000] {processor.py:743} INFO - Processing file /home/airflow/.local/lib/python3.7/site-packages/airflow/example_dags/example_sensor_decorator.py for tasks to queue
[2023-04-22T23:04:12.971+0000] {logging_mixin.py:137} INFO - [2023-04-22T23:04:12.971+0000] {dagbag.py:532} INFO - Filling up the DagBag from /home/airflow/.local/lib/python3.7/site-packages/airflow/example_dags/example_sensor_decorator.py
[2023-04-22T23:04:12.988+0000] {processor.py:753} INFO - DAG(s) dict_keys(['example_sensor_decorator']) retrieved from /home/airflow/.local/lib/python3.7/site-packages/airflow/example_dags/example_sensor_decorator.py
[2023-04-22T23:04:13.009+0000] {logging_mixin.py:137} INFO - [2023-04-22T23:04:13.008+0000] {dag.py:2705} INFO - Sync 1 DAGs
[2023-04-22T23:04:13.028+0000] {logging_mixin.py:137} INFO - [2023-04-22T23:04:13.028+0000] {dag.py:3456} INFO - Setting next_dagrun for example_sensor_decorator to None, run_after=None
[2023-04-22T23:04:13.040+0000] {processor.py:175} INFO - Processing /home/airflow/.local/lib/python3.7/site-packages/airflow/example_dags/example_sensor_decorator.py took 0.075 seconds
[2023-04-22T23:04:43.480+0000] {processor.py:153} INFO - Started process (PID=202) to work on /home/airflow/.local/lib/python3.7/site-packages/airflow/example_dags/example_sensor_decorator.py
[2023-04-22T23:04:43.481+0000] {processor.py:743} INFO - Processing file /home/airflow/.local/lib/python3.7/site-packages/airflow/example_dags/example_sensor_decorator.py for tasks to queue
[2023-04-22T23:04:43.482+0000] {logging_mixin.py:137} INFO - [2023-04-22T23:04:43.482+0000] {dagbag.py:532} INFO - Filling up the DagBag from /home/airflow/.local/lib/python3.7/site-packages/airflow/example_dags/example_sensor_decorator.py
[2023-04-22T23:04:43.499+0000] {processor.py:753} INFO - DAG(s) dict_keys(['example_sensor_decorator']) retrieved from /home/airflow/.local/lib/python3.7/site-packages/airflow/example_dags/example_sensor_decorator.py
[2023-04-22T23:04:43.519+0000] {logging_mixin.py:137} INFO - [2023-04-22T23:04:43.519+0000] {dag.py:2705} INFO - Sync 1 DAGs
[2023-04-22T23:04:43.535+0000] {logging_mixin.py:137} INFO - [2023-04-22T23:04:43.535+0000] {dag.py:3456} INFO - Setting next_dagrun for example_sensor_decorator to None, run_after=None
[2023-04-22T23:04:43.546+0000] {processor.py:175} INFO - Processing /home/airflow/.local/lib/python3.7/site-packages/airflow/example_dags/example_sensor_decorator.py took 0.070 seconds
[2023-04-22T23:05:14.145+0000] {processor.py:153} INFO - Started process (PID=253) to work on /home/airflow/.local/lib/python3.7/site-packages/airflow/example_dags/example_sensor_decorator.py
[2023-04-22T23:05:14.146+0000] {processor.py:743} INFO - Processing file /home/airflow/.local/lib/python3.7/site-packages/airflow/example_dags/example_sensor_decorator.py for tasks to queue
[2023-04-22T23:05:14.147+0000] {logging_mixin.py:137} INFO - [2023-04-22T23:05:14.147+0000] {dagbag.py:532} INFO - Filling up the DagBag from /home/airflow/.local/lib/python3.7/site-packages/airflow/example_dags/example_sensor_decorator.py
[2023-04-22T23:05:14.163+0000] {processor.py:753} INFO - DAG(s) dict_keys(['example_sensor_decorator']) retrieved from /home/airflow/.local/lib/python3.7/site-packages/airflow/example_dags/example_sensor_decorator.py
[2023-04-22T23:05:14.181+0000] {logging_mixin.py:137} INFO - [2023-04-22T23:05:14.181+0000] {dag.py:2705} INFO - Sync 1 DAGs
[2023-04-22T23:05:14.196+0000] {logging_mixin.py:137} INFO - [2023-04-22T23:05:14.196+0000] {dag.py:3456} INFO - Setting next_dagrun for example_sensor_decorator to None, run_after=None
[2023-04-22T23:05:14.208+0000] {processor.py:175} INFO - Processing /home/airflow/.local/lib/python3.7/site-packages/airflow/example_dags/example_sensor_decorator.py took 0.066 seconds
[2023-04-22T23:05:44.414+0000] {processor.py:153} INFO - Started process (PID=305) to work on /home/airflow/.local/lib/python3.7/site-packages/airflow/example_dags/example_sensor_decorator.py
[2023-04-22T23:05:44.415+0000] {processor.py:743} INFO - Processing file /home/airflow/.local/lib/python3.7/site-packages/airflow/example_dags/example_sensor_decorator.py for tasks to queue
[2023-04-22T23:05:44.416+0000] {logging_mixin.py:137} INFO - [2023-04-22T23:05:44.416+0000] {dagbag.py:532} INFO - Filling up the DagBag from /home/airflow/.local/lib/python3.7/site-packages/airflow/example_dags/example_sensor_decorator.py
[2023-04-22T23:05:44.432+0000] {processor.py:753} INFO - DAG(s) dict_keys(['example_sensor_decorator']) retrieved from /home/airflow/.local/lib/python3.7/site-packages/airflow/example_dags/example_sensor_decorator.py
[2023-04-22T23:05:44.451+0000] {logging_mixin.py:137} INFO - [2023-04-22T23:05:44.451+0000] {dag.py:2705} INFO - Sync 1 DAGs
[2023-04-22T23:05:44.466+0000] {logging_mixin.py:137} INFO - [2023-04-22T23:05:44.466+0000] {dag.py:3456} INFO - Setting next_dagrun for example_sensor_decorator to None, run_after=None
[2023-04-22T23:05:44.476+0000] {processor.py:175} INFO - Processing /home/airflow/.local/lib/python3.7/site-packages/airflow/example_dags/example_sensor_decorator.py took 0.065 seconds
[2023-04-22T23:06:14.525+0000] {processor.py:153} INFO - Started process (PID=356) to work on /home/airflow/.local/lib/python3.7/site-packages/airflow/example_dags/example_sensor_decorator.py
[2023-04-22T23:06:14.526+0000] {processor.py:743} INFO - Processing file /home/airflow/.local/lib/python3.7/site-packages/airflow/example_dags/example_sensor_decorator.py for tasks to queue
[2023-04-22T23:06:14.527+0000] {logging_mixin.py:137} INFO - [2023-04-22T23:06:14.527+0000] {dagbag.py:532} INFO - Filling up the DagBag from /home/airflow/.local/lib/python3.7/site-packages/airflow/example_dags/example_sensor_decorator.py
[2023-04-22T23:06:14.541+0000] {processor.py:753} INFO - DAG(s) dict_keys(['example_sensor_decorator']) retrieved from /home/airflow/.local/lib/python3.7/site-packages/airflow/example_dags/example_sensor_decorator.py
[2023-04-22T23:06:14.559+0000] {logging_mixin.py:137} INFO - [2023-04-22T23:06:14.559+0000] {dag.py:2705} INFO - Sync 1 DAGs
[2023-04-22T23:06:14.573+0000] {logging_mixin.py:137} INFO - [2023-04-22T23:06:14.573+0000] {dag.py:3456} INFO - Setting next_dagrun for example_sensor_decorator to None, run_after=None
[2023-04-22T23:06:14.584+0000] {processor.py:175} INFO - Processing /home/airflow/.local/lib/python3.7/site-packages/airflow/example_dags/example_sensor_decorator.py took 0.062 seconds
[2023-04-22T23:06:45.499+0000] {processor.py:153} INFO - Started process (PID=408) to work on /home/airflow/.local/lib/python3.7/site-packages/airflow/example_dags/example_sensor_decorator.py
[2023-04-22T23:06:45.501+0000] {processor.py:743} INFO - Processing file /home/airflow/.local/lib/python3.7/site-packages/airflow/example_dags/example_sensor_decorator.py for tasks to queue
[2023-04-22T23:06:45.501+0000] {logging_mixin.py:137} INFO - [2023-04-22T23:06:45.501+0000] {dagbag.py:532} INFO - Filling up the DagBag from /home/airflow/.local/lib/python3.7/site-packages/airflow/example_dags/example_sensor_decorator.py
[2023-04-22T23:06:45.518+0000] {processor.py:753} INFO - DAG(s) dict_keys(['example_sensor_decorator']) retrieved from /home/airflow/.local/lib/python3.7/site-packages/airflow/example_dags/example_sensor_decorator.py
[2023-04-22T23:06:45.543+0000] {logging_mixin.py:137} INFO - [2023-04-22T23:06:45.543+0000] {dag.py:2705} INFO - Sync 1 DAGs
[2023-04-22T23:06:45.564+0000] {logging_mixin.py:137} INFO - [2023-04-22T23:06:45.564+0000] {dag.py:3456} INFO - Setting next_dagrun for example_sensor_decorator to None, run_after=None
[2023-04-22T23:06:45.578+0000] {processor.py:175} INFO - Processing /home/airflow/.local/lib/python3.7/site-packages/airflow/example_dags/example_sensor_decorator.py took 0.082 seconds
[2023-04-22T23:12:36.288+0000] {processor.py:153} INFO - Started process (PID=49) to work on /home/airflow/.local/lib/python3.7/site-packages/airflow/example_dags/example_sensor_decorator.py
[2023-04-22T23:12:36.290+0000] {processor.py:743} INFO - Processing file /home/airflow/.local/lib/python3.7/site-packages/airflow/example_dags/example_sensor_decorator.py for tasks to queue
[2023-04-22T23:12:36.293+0000] {logging_mixin.py:137} INFO - [2023-04-22T23:12:36.292+0000] {dagbag.py:532} INFO - Filling up the DagBag from /home/airflow/.local/lib/python3.7/site-packages/airflow/example_dags/example_sensor_decorator.py
[2023-04-22T23:12:36.326+0000] {processor.py:753} INFO - DAG(s) dict_keys(['example_sensor_decorator']) retrieved from /home/airflow/.local/lib/python3.7/site-packages/airflow/example_dags/example_sensor_decorator.py
[2023-04-22T23:12:36.524+0000] {logging_mixin.py:137} INFO - [2023-04-22T23:12:36.523+0000] {manager.py:504} INFO - Created Permission View: can edit on DAG:example_sensor_decorator
[2023-04-22T23:12:36.546+0000] {logging_mixin.py:137} INFO - [2023-04-22T23:12:36.545+0000] {manager.py:504} INFO - Created Permission View: can read on DAG:example_sensor_decorator
[2023-04-22T23:12:36.554+0000] {logging_mixin.py:137} INFO - [2023-04-22T23:12:36.554+0000] {manager.py:504} INFO - Created Permission View: can delete on DAG:example_sensor_decorator
[2023-04-22T23:12:36.555+0000] {logging_mixin.py:137} INFO - [2023-04-22T23:12:36.555+0000] {dag.py:2705} INFO - Sync 1 DAGs
[2023-04-22T23:12:36.571+0000] {logging_mixin.py:137} INFO - [2023-04-22T23:12:36.571+0000] {dag.py:2726} INFO - Creating ORM DAG for example_sensor_decorator
[2023-04-22T23:12:36.607+0000] {logging_mixin.py:137} INFO - [2023-04-22T23:12:36.607+0000] {dag.py:3456} INFO - Setting next_dagrun for example_sensor_decorator to None, run_after=None
[2023-04-22T23:12:36.650+0000] {processor.py:175} INFO - Processing /home/airflow/.local/lib/python3.7/site-packages/airflow/example_dags/example_sensor_decorator.py took 0.369 seconds
[2023-04-22T23:13:07.120+0000] {processor.py:153} INFO - Started process (PID=100) to work on /home/airflow/.local/lib/python3.7/site-packages/airflow/example_dags/example_sensor_decorator.py
[2023-04-22T23:13:07.121+0000] {processor.py:743} INFO - Processing file /home/airflow/.local/lib/python3.7/site-packages/airflow/example_dags/example_sensor_decorator.py for tasks to queue
[2023-04-22T23:13:07.122+0000] {logging_mixin.py:137} INFO - [2023-04-22T23:13:07.122+0000] {dagbag.py:532} INFO - Filling up the DagBag from /home/airflow/.local/lib/python3.7/site-packages/airflow/example_dags/example_sensor_decorator.py
[2023-04-22T23:13:07.138+0000] {processor.py:753} INFO - DAG(s) dict_keys(['example_sensor_decorator']) retrieved from /home/airflow/.local/lib/python3.7/site-packages/airflow/example_dags/example_sensor_decorator.py
[2023-04-22T23:13:07.157+0000] {logging_mixin.py:137} INFO - [2023-04-22T23:13:07.156+0000] {dag.py:2705} INFO - Sync 1 DAGs
[2023-04-22T23:13:07.172+0000] {logging_mixin.py:137} INFO - [2023-04-22T23:13:07.172+0000] {dag.py:3456} INFO - Setting next_dagrun for example_sensor_decorator to None, run_after=None
[2023-04-22T23:13:07.183+0000] {processor.py:175} INFO - Processing /home/airflow/.local/lib/python3.7/site-packages/airflow/example_dags/example_sensor_decorator.py took 0.065 seconds
[2023-04-22T23:13:37.572+0000] {processor.py:153} INFO - Started process (PID=151) to work on /home/airflow/.local/lib/python3.7/site-packages/airflow/example_dags/example_sensor_decorator.py
[2023-04-22T23:13:37.573+0000] {processor.py:743} INFO - Processing file /home/airflow/.local/lib/python3.7/site-packages/airflow/example_dags/example_sensor_decorator.py for tasks to queue
[2023-04-22T23:13:37.574+0000] {logging_mixin.py:137} INFO - [2023-04-22T23:13:37.574+0000] {dagbag.py:532} INFO - Filling up the DagBag from /home/airflow/.local/lib/python3.7/site-packages/airflow/example_dags/example_sensor_decorator.py
[2023-04-22T23:13:37.589+0000] {processor.py:753} INFO - DAG(s) dict_keys(['example_sensor_decorator']) retrieved from /home/airflow/.local/lib/python3.7/site-packages/airflow/example_dags/example_sensor_decorator.py
[2023-04-22T23:13:37.609+0000] {logging_mixin.py:137} INFO - [2023-04-22T23:13:37.609+0000] {dag.py:2705} INFO - Sync 1 DAGs
[2023-04-22T23:13:37.625+0000] {logging_mixin.py:137} INFO - [2023-04-22T23:13:37.625+0000] {dag.py:3456} INFO - Setting next_dagrun for example_sensor_decorator to None, run_after=None
[2023-04-22T23:13:37.637+0000] {processor.py:175} INFO - Processing /home/airflow/.local/lib/python3.7/site-packages/airflow/example_dags/example_sensor_decorator.py took 0.068 seconds
[2023-04-22T23:14:07.960+0000] {processor.py:153} INFO - Started process (PID=203) to work on /home/airflow/.local/lib/python3.7/site-packages/airflow/example_dags/example_sensor_decorator.py
[2023-04-22T23:14:07.961+0000] {processor.py:743} INFO - Processing file /home/airflow/.local/lib/python3.7/site-packages/airflow/example_dags/example_sensor_decorator.py for tasks to queue
[2023-04-22T23:14:07.962+0000] {logging_mixin.py:137} INFO - [2023-04-22T23:14:07.962+0000] {dagbag.py:532} INFO - Filling up the DagBag from /home/airflow/.local/lib/python3.7/site-packages/airflow/example_dags/example_sensor_decorator.py
[2023-04-22T23:14:07.977+0000] {processor.py:753} INFO - DAG(s) dict_keys(['example_sensor_decorator']) retrieved from /home/airflow/.local/lib/python3.7/site-packages/airflow/example_dags/example_sensor_decorator.py
[2023-04-22T23:14:07.995+0000] {logging_mixin.py:137} INFO - [2023-04-22T23:14:07.995+0000] {dag.py:2705} INFO - Sync 1 DAGs
[2023-04-22T23:14:08.010+0000] {logging_mixin.py:137} INFO - [2023-04-22T23:14:08.010+0000] {dag.py:3456} INFO - Setting next_dagrun for example_sensor_decorator to None, run_after=None
[2023-04-22T23:14:08.021+0000] {processor.py:175} INFO - Processing /home/airflow/.local/lib/python3.7/site-packages/airflow/example_dags/example_sensor_decorator.py took 0.064 seconds
[2023-04-22T23:14:38.324+0000] {processor.py:153} INFO - Started process (PID=254) to work on /home/airflow/.local/lib/python3.7/site-packages/airflow/example_dags/example_sensor_decorator.py
[2023-04-22T23:14:38.325+0000] {processor.py:743} INFO - Processing file /home/airflow/.local/lib/python3.7/site-packages/airflow/example_dags/example_sensor_decorator.py for tasks to queue
[2023-04-22T23:14:38.325+0000] {logging_mixin.py:137} INFO - [2023-04-22T23:14:38.325+0000] {dagbag.py:532} INFO - Filling up the DagBag from /home/airflow/.local/lib/python3.7/site-packages/airflow/example_dags/example_sensor_decorator.py
[2023-04-22T23:14:38.341+0000] {processor.py:753} INFO - DAG(s) dict_keys(['example_sensor_decorator']) retrieved from /home/airflow/.local/lib/python3.7/site-packages/airflow/example_dags/example_sensor_decorator.py
[2023-04-22T23:14:38.360+0000] {logging_mixin.py:137} INFO - [2023-04-22T23:14:38.360+0000] {dag.py:2705} INFO - Sync 1 DAGs
[2023-04-22T23:14:38.375+0000] {logging_mixin.py:137} INFO - [2023-04-22T23:14:38.374+0000] {dag.py:3456} INFO - Setting next_dagrun for example_sensor_decorator to None, run_after=None
[2023-04-22T23:14:38.386+0000] {processor.py:175} INFO - Processing /home/airflow/.local/lib/python3.7/site-packages/airflow/example_dags/example_sensor_decorator.py took 0.066 seconds
[2023-04-22T23:15:08.856+0000] {processor.py:153} INFO - Started process (PID=304) to work on /home/airflow/.local/lib/python3.7/site-packages/airflow/example_dags/example_sensor_decorator.py
[2023-04-22T23:15:08.857+0000] {processor.py:743} INFO - Processing file /home/airflow/.local/lib/python3.7/site-packages/airflow/example_dags/example_sensor_decorator.py for tasks to queue
[2023-04-22T23:15:08.858+0000] {logging_mixin.py:137} INFO - [2023-04-22T23:15:08.858+0000] {dagbag.py:532} INFO - Filling up the DagBag from /home/airflow/.local/lib/python3.7/site-packages/airflow/example_dags/example_sensor_decorator.py
[2023-04-22T23:15:08.874+0000] {processor.py:753} INFO - DAG(s) dict_keys(['example_sensor_decorator']) retrieved from /home/airflow/.local/lib/python3.7/site-packages/airflow/example_dags/example_sensor_decorator.py
[2023-04-22T23:15:08.895+0000] {logging_mixin.py:137} INFO - [2023-04-22T23:15:08.894+0000] {dag.py:2705} INFO - Sync 1 DAGs
[2023-04-22T23:15:08.911+0000] {logging_mixin.py:137} INFO - [2023-04-22T23:15:08.911+0000] {dag.py:3456} INFO - Setting next_dagrun for example_sensor_decorator to None, run_after=None
[2023-04-22T23:15:08.923+0000] {processor.py:175} INFO - Processing /home/airflow/.local/lib/python3.7/site-packages/airflow/example_dags/example_sensor_decorator.py took 0.070 seconds
[2023-04-22T23:15:39.330+0000] {processor.py:153} INFO - Started process (PID=355) to work on /home/airflow/.local/lib/python3.7/site-packages/airflow/example_dags/example_sensor_decorator.py
[2023-04-22T23:15:39.331+0000] {processor.py:743} INFO - Processing file /home/airflow/.local/lib/python3.7/site-packages/airflow/example_dags/example_sensor_decorator.py for tasks to queue
[2023-04-22T23:15:39.332+0000] {logging_mixin.py:137} INFO - [2023-04-22T23:15:39.332+0000] {dagbag.py:532} INFO - Filling up the DagBag from /home/airflow/.local/lib/python3.7/site-packages/airflow/example_dags/example_sensor_decorator.py
[2023-04-22T23:15:39.347+0000] {processor.py:753} INFO - DAG(s) dict_keys(['example_sensor_decorator']) retrieved from /home/airflow/.local/lib/python3.7/site-packages/airflow/example_dags/example_sensor_decorator.py
[2023-04-22T23:15:39.366+0000] {logging_mixin.py:137} INFO - [2023-04-22T23:15:39.366+0000] {dag.py:2705} INFO - Sync 1 DAGs
[2023-04-22T23:15:39.383+0000] {logging_mixin.py:137} INFO - [2023-04-22T23:15:39.383+0000] {dag.py:3456} INFO - Setting next_dagrun for example_sensor_decorator to None, run_after=None
[2023-04-22T23:15:39.395+0000] {processor.py:175} INFO - Processing /home/airflow/.local/lib/python3.7/site-packages/airflow/example_dags/example_sensor_decorator.py took 0.069 seconds
[2023-04-22T23:16:09.973+0000] {processor.py:153} INFO - Started process (PID=406) to work on /home/airflow/.local/lib/python3.7/site-packages/airflow/example_dags/example_sensor_decorator.py
[2023-04-22T23:16:09.975+0000] {processor.py:743} INFO - Processing file /home/airflow/.local/lib/python3.7/site-packages/airflow/example_dags/example_sensor_decorator.py for tasks to queue
[2023-04-22T23:16:09.976+0000] {logging_mixin.py:137} INFO - [2023-04-22T23:16:09.975+0000] {dagbag.py:532} INFO - Filling up the DagBag from /home/airflow/.local/lib/python3.7/site-packages/airflow/example_dags/example_sensor_decorator.py
[2023-04-22T23:16:09.995+0000] {processor.py:753} INFO - DAG(s) dict_keys(['example_sensor_decorator']) retrieved from /home/airflow/.local/lib/python3.7/site-packages/airflow/example_dags/example_sensor_decorator.py
[2023-04-22T23:16:10.015+0000] {logging_mixin.py:137} INFO - [2023-04-22T23:16:10.015+0000] {dag.py:2705} INFO - Sync 1 DAGs
[2023-04-22T23:16:10.031+0000] {logging_mixin.py:137} INFO - [2023-04-22T23:16:10.030+0000] {dag.py:3456} INFO - Setting next_dagrun for example_sensor_decorator to None, run_after=None
[2023-04-22T23:16:10.041+0000] {processor.py:175} INFO - Processing /home/airflow/.local/lib/python3.7/site-packages/airflow/example_dags/example_sensor_decorator.py took 0.072 seconds
[2023-04-22T23:16:40.203+0000] {processor.py:153} INFO - Started process (PID=457) to work on /home/airflow/.local/lib/python3.7/site-packages/airflow/example_dags/example_sensor_decorator.py
[2023-04-22T23:16:40.205+0000] {processor.py:743} INFO - Processing file /home/airflow/.local/lib/python3.7/site-packages/airflow/example_dags/example_sensor_decorator.py for tasks to queue
[2023-04-22T23:16:40.206+0000] {logging_mixin.py:137} INFO - [2023-04-22T23:16:40.206+0000] {dagbag.py:532} INFO - Filling up the DagBag from /home/airflow/.local/lib/python3.7/site-packages/airflow/example_dags/example_sensor_decorator.py
[2023-04-22T23:16:40.221+0000] {processor.py:753} INFO - DAG(s) dict_keys(['example_sensor_decorator']) retrieved from /home/airflow/.local/lib/python3.7/site-packages/airflow/example_dags/example_sensor_decorator.py
[2023-04-22T23:16:40.247+0000] {logging_mixin.py:137} INFO - [2023-04-22T23:16:40.247+0000] {dag.py:2705} INFO - Sync 1 DAGs
[2023-04-22T23:16:40.265+0000] {logging_mixin.py:137} INFO - [2023-04-22T23:16:40.265+0000] {dag.py:3456} INFO - Setting next_dagrun for example_sensor_decorator to None, run_after=None
[2023-04-22T23:16:40.276+0000] {processor.py:175} INFO - Processing /home/airflow/.local/lib/python3.7/site-packages/airflow/example_dags/example_sensor_decorator.py took 0.076 seconds
[2023-04-22T23:17:10.570+0000] {processor.py:153} INFO - Started process (PID=508) to work on /home/airflow/.local/lib/python3.7/site-packages/airflow/example_dags/example_sensor_decorator.py
[2023-04-22T23:17:10.574+0000] {processor.py:743} INFO - Processing file /home/airflow/.local/lib/python3.7/site-packages/airflow/example_dags/example_sensor_decorator.py for tasks to queue
[2023-04-22T23:17:10.575+0000] {logging_mixin.py:137} INFO - [2023-04-22T23:17:10.575+0000] {dagbag.py:532} INFO - Filling up the DagBag from /home/airflow/.local/lib/python3.7/site-packages/airflow/example_dags/example_sensor_decorator.py
[2023-04-22T23:17:10.595+0000] {processor.py:753} INFO - DAG(s) dict_keys(['example_sensor_decorator']) retrieved from /home/airflow/.local/lib/python3.7/site-packages/airflow/example_dags/example_sensor_decorator.py
[2023-04-22T23:17:10.626+0000] {logging_mixin.py:137} INFO - [2023-04-22T23:17:10.626+0000] {dag.py:2705} INFO - Sync 1 DAGs
[2023-04-22T23:17:10.650+0000] {logging_mixin.py:137} INFO - [2023-04-22T23:17:10.650+0000] {dag.py:3456} INFO - Setting next_dagrun for example_sensor_decorator to None, run_after=None
[2023-04-22T23:17:10.674+0000] {processor.py:175} INFO - Processing /home/airflow/.local/lib/python3.7/site-packages/airflow/example_dags/example_sensor_decorator.py took 0.108 seconds
[2023-04-22T23:17:41.438+0000] {processor.py:153} INFO - Started process (PID=559) to work on /home/airflow/.local/lib/python3.7/site-packages/airflow/example_dags/example_sensor_decorator.py
[2023-04-22T23:17:41.440+0000] {processor.py:743} INFO - Processing file /home/airflow/.local/lib/python3.7/site-packages/airflow/example_dags/example_sensor_decorator.py for tasks to queue
[2023-04-22T23:17:41.442+0000] {logging_mixin.py:137} INFO - [2023-04-22T23:17:41.441+0000] {dagbag.py:532} INFO - Filling up the DagBag from /home/airflow/.local/lib/python3.7/site-packages/airflow/example_dags/example_sensor_decorator.py
[2023-04-22T23:17:41.466+0000] {processor.py:753} INFO - DAG(s) dict_keys(['example_sensor_decorator']) retrieved from /home/airflow/.local/lib/python3.7/site-packages/airflow/example_dags/example_sensor_decorator.py
[2023-04-22T23:17:41.564+0000] {logging_mixin.py:137} INFO - [2023-04-22T23:17:41.563+0000] {dag.py:2705} INFO - Sync 1 DAGs
[2023-04-22T23:17:41.685+0000] {logging_mixin.py:137} INFO - [2023-04-22T23:17:41.684+0000] {dag.py:3456} INFO - Setting next_dagrun for example_sensor_decorator to None, run_after=None
[2023-04-22T23:17:41.828+0000] {processor.py:175} INFO - Processing /home/airflow/.local/lib/python3.7/site-packages/airflow/example_dags/example_sensor_decorator.py took 0.395 seconds
[2023-04-22T23:18:12.894+0000] {processor.py:153} INFO - Started process (PID=610) to work on /home/airflow/.local/lib/python3.7/site-packages/airflow/example_dags/example_sensor_decorator.py
[2023-04-22T23:18:12.897+0000] {processor.py:743} INFO - Processing file /home/airflow/.local/lib/python3.7/site-packages/airflow/example_dags/example_sensor_decorator.py for tasks to queue
[2023-04-22T23:18:12.899+0000] {logging_mixin.py:137} INFO - [2023-04-22T23:18:12.899+0000] {dagbag.py:532} INFO - Filling up the DagBag from /home/airflow/.local/lib/python3.7/site-packages/airflow/example_dags/example_sensor_decorator.py
[2023-04-22T23:18:12.923+0000] {processor.py:753} INFO - DAG(s) dict_keys(['example_sensor_decorator']) retrieved from /home/airflow/.local/lib/python3.7/site-packages/airflow/example_dags/example_sensor_decorator.py
[2023-04-22T23:18:12.947+0000] {logging_mixin.py:137} INFO - [2023-04-22T23:18:12.947+0000] {dag.py:2705} INFO - Sync 1 DAGs
[2023-04-22T23:18:12.965+0000] {logging_mixin.py:137} INFO - [2023-04-22T23:18:12.965+0000] {dag.py:3456} INFO - Setting next_dagrun for example_sensor_decorator to None, run_after=None
[2023-04-22T23:18:12.977+0000] {processor.py:175} INFO - Processing /home/airflow/.local/lib/python3.7/site-packages/airflow/example_dags/example_sensor_decorator.py took 0.093 seconds
[2023-04-22T23:19:29.455+0000] {processor.py:153} INFO - Started process (PID=49) to work on /home/airflow/.local/lib/python3.7/site-packages/airflow/example_dags/example_sensor_decorator.py
[2023-04-22T23:19:29.458+0000] {processor.py:743} INFO - Processing file /home/airflow/.local/lib/python3.7/site-packages/airflow/example_dags/example_sensor_decorator.py for tasks to queue
[2023-04-22T23:19:29.460+0000] {logging_mixin.py:137} INFO - [2023-04-22T23:19:29.459+0000] {dagbag.py:532} INFO - Filling up the DagBag from /home/airflow/.local/lib/python3.7/site-packages/airflow/example_dags/example_sensor_decorator.py
[2023-04-22T23:19:29.548+0000] {processor.py:753} INFO - DAG(s) dict_keys(['example_sensor_decorator']) retrieved from /home/airflow/.local/lib/python3.7/site-packages/airflow/example_dags/example_sensor_decorator.py
[2023-04-22T23:19:29.567+0000] {logging_mixin.py:137} INFO - [2023-04-22T23:19:29.566+0000] {dag.py:2705} INFO - Sync 1 DAGs
[2023-04-22T23:19:29.611+0000] {logging_mixin.py:137} INFO - [2023-04-22T23:19:29.611+0000] {dag.py:3456} INFO - Setting next_dagrun for example_sensor_decorator to None, run_after=None
[2023-04-22T23:19:29.631+0000] {processor.py:175} INFO - Processing /home/airflow/.local/lib/python3.7/site-packages/airflow/example_dags/example_sensor_decorator.py took 0.181 seconds
[2023-04-22T23:20:00.530+0000] {processor.py:153} INFO - Started process (PID=100) to work on /home/airflow/.local/lib/python3.7/site-packages/airflow/example_dags/example_sensor_decorator.py
[2023-04-22T23:20:00.531+0000] {processor.py:743} INFO - Processing file /home/airflow/.local/lib/python3.7/site-packages/airflow/example_dags/example_sensor_decorator.py for tasks to queue
[2023-04-22T23:20:00.532+0000] {logging_mixin.py:137} INFO - [2023-04-22T23:20:00.532+0000] {dagbag.py:532} INFO - Filling up the DagBag from /home/airflow/.local/lib/python3.7/site-packages/airflow/example_dags/example_sensor_decorator.py
[2023-04-22T23:20:00.552+0000] {processor.py:753} INFO - DAG(s) dict_keys(['example_sensor_decorator']) retrieved from /home/airflow/.local/lib/python3.7/site-packages/airflow/example_dags/example_sensor_decorator.py
[2023-04-22T23:20:00.572+0000] {logging_mixin.py:137} INFO - [2023-04-22T23:20:00.572+0000] {dag.py:2705} INFO - Sync 1 DAGs
[2023-04-22T23:20:00.587+0000] {logging_mixin.py:137} INFO - [2023-04-22T23:20:00.587+0000] {dag.py:3456} INFO - Setting next_dagrun for example_sensor_decorator to None, run_after=None
[2023-04-22T23:20:00.598+0000] {processor.py:175} INFO - Processing /home/airflow/.local/lib/python3.7/site-packages/airflow/example_dags/example_sensor_decorator.py took 0.074 seconds
[2023-04-22T23:20:30.823+0000] {processor.py:153} INFO - Started process (PID=151) to work on /home/airflow/.local/lib/python3.7/site-packages/airflow/example_dags/example_sensor_decorator.py
[2023-04-22T23:20:30.826+0000] {processor.py:743} INFO - Processing file /home/airflow/.local/lib/python3.7/site-packages/airflow/example_dags/example_sensor_decorator.py for tasks to queue
[2023-04-22T23:20:30.827+0000] {logging_mixin.py:137} INFO - [2023-04-22T23:20:30.827+0000] {dagbag.py:532} INFO - Filling up the DagBag from /home/airflow/.local/lib/python3.7/site-packages/airflow/example_dags/example_sensor_decorator.py
[2023-04-22T23:20:30.857+0000] {processor.py:753} INFO - DAG(s) dict_keys(['example_sensor_decorator']) retrieved from /home/airflow/.local/lib/python3.7/site-packages/airflow/example_dags/example_sensor_decorator.py
[2023-04-22T23:20:30.881+0000] {logging_mixin.py:137} INFO - [2023-04-22T23:20:30.881+0000] {dag.py:2705} INFO - Sync 1 DAGs
[2023-04-22T23:20:30.897+0000] {logging_mixin.py:137} INFO - [2023-04-22T23:20:30.897+0000] {dag.py:3456} INFO - Setting next_dagrun for example_sensor_decorator to None, run_after=None
[2023-04-22T23:20:30.907+0000] {processor.py:175} INFO - Processing /home/airflow/.local/lib/python3.7/site-packages/airflow/example_dags/example_sensor_decorator.py took 0.089 seconds
[2023-04-22T23:21:01.953+0000] {processor.py:153} INFO - Started process (PID=202) to work on /home/airflow/.local/lib/python3.7/site-packages/airflow/example_dags/example_sensor_decorator.py
[2023-04-22T23:21:01.955+0000] {processor.py:743} INFO - Processing file /home/airflow/.local/lib/python3.7/site-packages/airflow/example_dags/example_sensor_decorator.py for tasks to queue
[2023-04-22T23:21:01.956+0000] {logging_mixin.py:137} INFO - [2023-04-22T23:21:01.956+0000] {dagbag.py:532} INFO - Filling up the DagBag from /home/airflow/.local/lib/python3.7/site-packages/airflow/example_dags/example_sensor_decorator.py
[2023-04-22T23:21:01.983+0000] {processor.py:753} INFO - DAG(s) dict_keys(['example_sensor_decorator']) retrieved from /home/airflow/.local/lib/python3.7/site-packages/airflow/example_dags/example_sensor_decorator.py
[2023-04-22T23:21:02.012+0000] {logging_mixin.py:137} INFO - [2023-04-22T23:21:02.012+0000] {dag.py:2705} INFO - Sync 1 DAGs
[2023-04-22T23:21:02.033+0000] {logging_mixin.py:137} INFO - [2023-04-22T23:21:02.033+0000] {dag.py:3456} INFO - Setting next_dagrun for example_sensor_decorator to None, run_after=None
[2023-04-22T23:21:02.047+0000] {processor.py:175} INFO - Processing /home/airflow/.local/lib/python3.7/site-packages/airflow/example_dags/example_sensor_decorator.py took 0.100 seconds
[2023-04-22T23:21:32.136+0000] {processor.py:153} INFO - Started process (PID=253) to work on /home/airflow/.local/lib/python3.7/site-packages/airflow/example_dags/example_sensor_decorator.py
[2023-04-22T23:21:32.138+0000] {processor.py:743} INFO - Processing file /home/airflow/.local/lib/python3.7/site-packages/airflow/example_dags/example_sensor_decorator.py for tasks to queue
[2023-04-22T23:21:32.139+0000] {logging_mixin.py:137} INFO - [2023-04-22T23:21:32.139+0000] {dagbag.py:532} INFO - Filling up the DagBag from /home/airflow/.local/lib/python3.7/site-packages/airflow/example_dags/example_sensor_decorator.py
[2023-04-22T23:21:32.171+0000] {processor.py:753} INFO - DAG(s) dict_keys(['example_sensor_decorator']) retrieved from /home/airflow/.local/lib/python3.7/site-packages/airflow/example_dags/example_sensor_decorator.py
[2023-04-22T23:21:32.190+0000] {logging_mixin.py:137} INFO - [2023-04-22T23:21:32.190+0000] {dag.py:2705} INFO - Sync 1 DAGs
[2023-04-22T23:21:32.206+0000] {logging_mixin.py:137} INFO - [2023-04-22T23:21:32.206+0000] {dag.py:3456} INFO - Setting next_dagrun for example_sensor_decorator to None, run_after=None
[2023-04-22T23:21:32.217+0000] {processor.py:175} INFO - Processing /home/airflow/.local/lib/python3.7/site-packages/airflow/example_dags/example_sensor_decorator.py took 0.087 seconds
[2023-04-22T23:22:02.642+0000] {processor.py:153} INFO - Started process (PID=304) to work on /home/airflow/.local/lib/python3.7/site-packages/airflow/example_dags/example_sensor_decorator.py
[2023-04-22T23:22:02.644+0000] {processor.py:743} INFO - Processing file /home/airflow/.local/lib/python3.7/site-packages/airflow/example_dags/example_sensor_decorator.py for tasks to queue
[2023-04-22T23:22:02.646+0000] {logging_mixin.py:137} INFO - [2023-04-22T23:22:02.646+0000] {dagbag.py:532} INFO - Filling up the DagBag from /home/airflow/.local/lib/python3.7/site-packages/airflow/example_dags/example_sensor_decorator.py
[2023-04-22T23:22:02.687+0000] {processor.py:753} INFO - DAG(s) dict_keys(['example_sensor_decorator']) retrieved from /home/airflow/.local/lib/python3.7/site-packages/airflow/example_dags/example_sensor_decorator.py
[2023-04-22T23:22:02.710+0000] {logging_mixin.py:137} INFO - [2023-04-22T23:22:02.709+0000] {dag.py:2705} INFO - Sync 1 DAGs
[2023-04-22T23:22:02.730+0000] {logging_mixin.py:137} INFO - [2023-04-22T23:22:02.730+0000] {dag.py:3456} INFO - Setting next_dagrun for example_sensor_decorator to None, run_after=None
[2023-04-22T23:22:02.743+0000] {processor.py:175} INFO - Processing /home/airflow/.local/lib/python3.7/site-packages/airflow/example_dags/example_sensor_decorator.py took 0.111 seconds
[2023-04-22T23:22:33.799+0000] {processor.py:153} INFO - Started process (PID=356) to work on /home/airflow/.local/lib/python3.7/site-packages/airflow/example_dags/example_sensor_decorator.py
[2023-04-22T23:22:33.801+0000] {processor.py:743} INFO - Processing file /home/airflow/.local/lib/python3.7/site-packages/airflow/example_dags/example_sensor_decorator.py for tasks to queue
[2023-04-22T23:22:33.802+0000] {logging_mixin.py:137} INFO - [2023-04-22T23:22:33.802+0000] {dagbag.py:532} INFO - Filling up the DagBag from /home/airflow/.local/lib/python3.7/site-packages/airflow/example_dags/example_sensor_decorator.py
[2023-04-22T23:22:33.828+0000] {processor.py:753} INFO - DAG(s) dict_keys(['example_sensor_decorator']) retrieved from /home/airflow/.local/lib/python3.7/site-packages/airflow/example_dags/example_sensor_decorator.py
[2023-04-22T23:22:33.849+0000] {logging_mixin.py:137} INFO - [2023-04-22T23:22:33.848+0000] {dag.py:2705} INFO - Sync 1 DAGs
[2023-04-22T23:22:33.867+0000] {logging_mixin.py:137} INFO - [2023-04-22T23:22:33.867+0000] {dag.py:3456} INFO - Setting next_dagrun for example_sensor_decorator to None, run_after=None
[2023-04-22T23:22:33.883+0000] {processor.py:175} INFO - Processing /home/airflow/.local/lib/python3.7/site-packages/airflow/example_dags/example_sensor_decorator.py took 0.088 seconds
[2023-04-22T23:23:04.270+0000] {processor.py:153} INFO - Started process (PID=406) to work on /home/airflow/.local/lib/python3.7/site-packages/airflow/example_dags/example_sensor_decorator.py
[2023-04-22T23:23:04.274+0000] {processor.py:743} INFO - Processing file /home/airflow/.local/lib/python3.7/site-packages/airflow/example_dags/example_sensor_decorator.py for tasks to queue
[2023-04-22T23:23:04.277+0000] {logging_mixin.py:137} INFO - [2023-04-22T23:23:04.276+0000] {dagbag.py:532} INFO - Filling up the DagBag from /home/airflow/.local/lib/python3.7/site-packages/airflow/example_dags/example_sensor_decorator.py
[2023-04-22T23:23:04.389+0000] {processor.py:753} INFO - DAG(s) dict_keys(['example_sensor_decorator']) retrieved from /home/airflow/.local/lib/python3.7/site-packages/airflow/example_dags/example_sensor_decorator.py
[2023-04-22T23:23:04.448+0000] {logging_mixin.py:137} INFO - [2023-04-22T23:23:04.447+0000] {dag.py:2705} INFO - Sync 1 DAGs
[2023-04-22T23:23:04.484+0000] {logging_mixin.py:137} INFO - [2023-04-22T23:23:04.484+0000] {dag.py:3456} INFO - Setting next_dagrun for example_sensor_decorator to None, run_after=None
[2023-04-22T23:23:04.500+0000] {processor.py:175} INFO - Processing /home/airflow/.local/lib/python3.7/site-packages/airflow/example_dags/example_sensor_decorator.py took 0.240 seconds
[2023-04-22T23:23:34.562+0000] {processor.py:153} INFO - Started process (PID=457) to work on /home/airflow/.local/lib/python3.7/site-packages/airflow/example_dags/example_sensor_decorator.py
[2023-04-22T23:23:34.566+0000] {processor.py:743} INFO - Processing file /home/airflow/.local/lib/python3.7/site-packages/airflow/example_dags/example_sensor_decorator.py for tasks to queue
[2023-04-22T23:23:34.567+0000] {logging_mixin.py:137} INFO - [2023-04-22T23:23:34.566+0000] {dagbag.py:532} INFO - Filling up the DagBag from /home/airflow/.local/lib/python3.7/site-packages/airflow/example_dags/example_sensor_decorator.py
[2023-04-22T23:23:34.584+0000] {processor.py:753} INFO - DAG(s) dict_keys(['example_sensor_decorator']) retrieved from /home/airflow/.local/lib/python3.7/site-packages/airflow/example_dags/example_sensor_decorator.py
[2023-04-22T23:23:34.610+0000] {logging_mixin.py:137} INFO - [2023-04-22T23:23:34.609+0000] {dag.py:2705} INFO - Sync 1 DAGs
[2023-04-22T23:23:34.632+0000] {logging_mixin.py:137} INFO - [2023-04-22T23:23:34.632+0000] {dag.py:3456} INFO - Setting next_dagrun for example_sensor_decorator to None, run_after=None
[2023-04-22T23:23:34.645+0000] {processor.py:175} INFO - Processing /home/airflow/.local/lib/python3.7/site-packages/airflow/example_dags/example_sensor_decorator.py took 0.087 seconds
[2023-04-22T23:24:04.746+0000] {processor.py:153} INFO - Started process (PID=508) to work on /home/airflow/.local/lib/python3.7/site-packages/airflow/example_dags/example_sensor_decorator.py
[2023-04-22T23:24:04.748+0000] {processor.py:743} INFO - Processing file /home/airflow/.local/lib/python3.7/site-packages/airflow/example_dags/example_sensor_decorator.py for tasks to queue
[2023-04-22T23:24:04.749+0000] {logging_mixin.py:137} INFO - [2023-04-22T23:24:04.749+0000] {dagbag.py:532} INFO - Filling up the DagBag from /home/airflow/.local/lib/python3.7/site-packages/airflow/example_dags/example_sensor_decorator.py
[2023-04-22T23:24:04.769+0000] {processor.py:753} INFO - DAG(s) dict_keys(['example_sensor_decorator']) retrieved from /home/airflow/.local/lib/python3.7/site-packages/airflow/example_dags/example_sensor_decorator.py
[2023-04-22T23:24:04.789+0000] {logging_mixin.py:137} INFO - [2023-04-22T23:24:04.789+0000] {dag.py:2705} INFO - Sync 1 DAGs
[2023-04-22T23:24:04.805+0000] {logging_mixin.py:137} INFO - [2023-04-22T23:24:04.805+0000] {dag.py:3456} INFO - Setting next_dagrun for example_sensor_decorator to None, run_after=None
[2023-04-22T23:24:04.815+0000] {processor.py:175} INFO - Processing /home/airflow/.local/lib/python3.7/site-packages/airflow/example_dags/example_sensor_decorator.py took 0.074 seconds
[2023-04-22T23:24:34.912+0000] {processor.py:153} INFO - Started process (PID=559) to work on /home/airflow/.local/lib/python3.7/site-packages/airflow/example_dags/example_sensor_decorator.py
[2023-04-22T23:24:34.914+0000] {processor.py:743} INFO - Processing file /home/airflow/.local/lib/python3.7/site-packages/airflow/example_dags/example_sensor_decorator.py for tasks to queue
[2023-04-22T23:24:34.915+0000] {logging_mixin.py:137} INFO - [2023-04-22T23:24:34.915+0000] {dagbag.py:532} INFO - Filling up the DagBag from /home/airflow/.local/lib/python3.7/site-packages/airflow/example_dags/example_sensor_decorator.py
[2023-04-22T23:24:34.938+0000] {processor.py:753} INFO - DAG(s) dict_keys(['example_sensor_decorator']) retrieved from /home/airflow/.local/lib/python3.7/site-packages/airflow/example_dags/example_sensor_decorator.py
[2023-04-22T23:24:34.957+0000] {logging_mixin.py:137} INFO - [2023-04-22T23:24:34.957+0000] {dag.py:2705} INFO - Sync 1 DAGs
[2023-04-22T23:24:34.972+0000] {logging_mixin.py:137} INFO - [2023-04-22T23:24:34.971+0000] {dag.py:3456} INFO - Setting next_dagrun for example_sensor_decorator to None, run_after=None
[2023-04-22T23:24:34.984+0000] {processor.py:175} INFO - Processing /home/airflow/.local/lib/python3.7/site-packages/airflow/example_dags/example_sensor_decorator.py took 0.076 seconds
[2023-04-22T23:25:05.175+0000] {processor.py:153} INFO - Started process (PID=610) to work on /home/airflow/.local/lib/python3.7/site-packages/airflow/example_dags/example_sensor_decorator.py
[2023-04-22T23:25:05.178+0000] {processor.py:743} INFO - Processing file /home/airflow/.local/lib/python3.7/site-packages/airflow/example_dags/example_sensor_decorator.py for tasks to queue
[2023-04-22T23:25:05.179+0000] {logging_mixin.py:137} INFO - [2023-04-22T23:25:05.179+0000] {dagbag.py:532} INFO - Filling up the DagBag from /home/airflow/.local/lib/python3.7/site-packages/airflow/example_dags/example_sensor_decorator.py
[2023-04-22T23:25:05.206+0000] {processor.py:753} INFO - DAG(s) dict_keys(['example_sensor_decorator']) retrieved from /home/airflow/.local/lib/python3.7/site-packages/airflow/example_dags/example_sensor_decorator.py
[2023-04-22T23:25:05.245+0000] {logging_mixin.py:137} INFO - [2023-04-22T23:25:05.245+0000] {dag.py:2705} INFO - Sync 1 DAGs
[2023-04-22T23:25:05.285+0000] {logging_mixin.py:137} INFO - [2023-04-22T23:25:05.285+0000] {dag.py:3456} INFO - Setting next_dagrun for example_sensor_decorator to None, run_after=None
[2023-04-22T23:25:05.304+0000] {processor.py:175} INFO - Processing /home/airflow/.local/lib/python3.7/site-packages/airflow/example_dags/example_sensor_decorator.py took 0.136 seconds
[2023-04-22T23:25:35.733+0000] {processor.py:153} INFO - Started process (PID=662) to work on /home/airflow/.local/lib/python3.7/site-packages/airflow/example_dags/example_sensor_decorator.py
[2023-04-22T23:25:35.735+0000] {processor.py:743} INFO - Processing file /home/airflow/.local/lib/python3.7/site-packages/airflow/example_dags/example_sensor_decorator.py for tasks to queue
[2023-04-22T23:25:35.736+0000] {logging_mixin.py:137} INFO - [2023-04-22T23:25:35.736+0000] {dagbag.py:532} INFO - Filling up the DagBag from /home/airflow/.local/lib/python3.7/site-packages/airflow/example_dags/example_sensor_decorator.py
[2023-04-22T23:25:35.762+0000] {processor.py:753} INFO - DAG(s) dict_keys(['example_sensor_decorator']) retrieved from /home/airflow/.local/lib/python3.7/site-packages/airflow/example_dags/example_sensor_decorator.py
[2023-04-22T23:25:35.783+0000] {logging_mixin.py:137} INFO - [2023-04-22T23:25:35.783+0000] {dag.py:2705} INFO - Sync 1 DAGs
[2023-04-22T23:25:35.800+0000] {logging_mixin.py:137} INFO - [2023-04-22T23:25:35.800+0000] {dag.py:3456} INFO - Setting next_dagrun for example_sensor_decorator to None, run_after=None
[2023-04-22T23:25:35.813+0000] {processor.py:175} INFO - Processing /home/airflow/.local/lib/python3.7/site-packages/airflow/example_dags/example_sensor_decorator.py took 0.085 seconds
[2023-04-22T23:26:06.092+0000] {processor.py:153} INFO - Started process (PID=713) to work on /home/airflow/.local/lib/python3.7/site-packages/airflow/example_dags/example_sensor_decorator.py
[2023-04-22T23:26:06.095+0000] {processor.py:743} INFO - Processing file /home/airflow/.local/lib/python3.7/site-packages/airflow/example_dags/example_sensor_decorator.py for tasks to queue
[2023-04-22T23:26:06.096+0000] {logging_mixin.py:137} INFO - [2023-04-22T23:26:06.096+0000] {dagbag.py:532} INFO - Filling up the DagBag from /home/airflow/.local/lib/python3.7/site-packages/airflow/example_dags/example_sensor_decorator.py
[2023-04-22T23:26:06.119+0000] {processor.py:753} INFO - DAG(s) dict_keys(['example_sensor_decorator']) retrieved from /home/airflow/.local/lib/python3.7/site-packages/airflow/example_dags/example_sensor_decorator.py
[2023-04-22T23:26:06.140+0000] {logging_mixin.py:137} INFO - [2023-04-22T23:26:06.140+0000] {dag.py:2705} INFO - Sync 1 DAGs
[2023-04-22T23:26:06.155+0000] {logging_mixin.py:137} INFO - [2023-04-22T23:26:06.155+0000] {dag.py:3456} INFO - Setting next_dagrun for example_sensor_decorator to None, run_after=None
[2023-04-22T23:26:06.169+0000] {processor.py:175} INFO - Processing /home/airflow/.local/lib/python3.7/site-packages/airflow/example_dags/example_sensor_decorator.py took 0.082 seconds
[2023-04-22T23:26:36.504+0000] {processor.py:153} INFO - Started process (PID=763) to work on /home/airflow/.local/lib/python3.7/site-packages/airflow/example_dags/example_sensor_decorator.py
[2023-04-22T23:26:36.506+0000] {processor.py:743} INFO - Processing file /home/airflow/.local/lib/python3.7/site-packages/airflow/example_dags/example_sensor_decorator.py for tasks to queue
[2023-04-22T23:26:36.507+0000] {logging_mixin.py:137} INFO - [2023-04-22T23:26:36.507+0000] {dagbag.py:532} INFO - Filling up the DagBag from /home/airflow/.local/lib/python3.7/site-packages/airflow/example_dags/example_sensor_decorator.py
[2023-04-22T23:26:36.530+0000] {processor.py:753} INFO - DAG(s) dict_keys(['example_sensor_decorator']) retrieved from /home/airflow/.local/lib/python3.7/site-packages/airflow/example_dags/example_sensor_decorator.py
[2023-04-22T23:26:36.550+0000] {logging_mixin.py:137} INFO - [2023-04-22T23:26:36.550+0000] {dag.py:2705} INFO - Sync 1 DAGs
[2023-04-22T23:26:36.566+0000] {logging_mixin.py:137} INFO - [2023-04-22T23:26:36.566+0000] {dag.py:3456} INFO - Setting next_dagrun for example_sensor_decorator to None, run_after=None
[2023-04-22T23:26:36.577+0000] {processor.py:175} INFO - Processing /home/airflow/.local/lib/python3.7/site-packages/airflow/example_dags/example_sensor_decorator.py took 0.077 seconds
[2023-04-22T23:27:07.248+0000] {processor.py:153} INFO - Started process (PID=814) to work on /home/airflow/.local/lib/python3.7/site-packages/airflow/example_dags/example_sensor_decorator.py
[2023-04-22T23:27:07.250+0000] {processor.py:743} INFO - Processing file /home/airflow/.local/lib/python3.7/site-packages/airflow/example_dags/example_sensor_decorator.py for tasks to queue
[2023-04-22T23:27:07.251+0000] {logging_mixin.py:137} INFO - [2023-04-22T23:27:07.251+0000] {dagbag.py:532} INFO - Filling up the DagBag from /home/airflow/.local/lib/python3.7/site-packages/airflow/example_dags/example_sensor_decorator.py
[2023-04-22T23:27:07.272+0000] {processor.py:753} INFO - DAG(s) dict_keys(['example_sensor_decorator']) retrieved from /home/airflow/.local/lib/python3.7/site-packages/airflow/example_dags/example_sensor_decorator.py
[2023-04-22T23:27:07.291+0000] {logging_mixin.py:137} INFO - [2023-04-22T23:27:07.291+0000] {dag.py:2705} INFO - Sync 1 DAGs
[2023-04-22T23:27:07.307+0000] {logging_mixin.py:137} INFO - [2023-04-22T23:27:07.307+0000] {dag.py:3456} INFO - Setting next_dagrun for example_sensor_decorator to None, run_after=None
[2023-04-22T23:27:07.318+0000] {processor.py:175} INFO - Processing /home/airflow/.local/lib/python3.7/site-packages/airflow/example_dags/example_sensor_decorator.py took 0.074 seconds
[2023-04-22T23:27:37.790+0000] {processor.py:153} INFO - Started process (PID=866) to work on /home/airflow/.local/lib/python3.7/site-packages/airflow/example_dags/example_sensor_decorator.py
[2023-04-22T23:27:37.792+0000] {processor.py:743} INFO - Processing file /home/airflow/.local/lib/python3.7/site-packages/airflow/example_dags/example_sensor_decorator.py for tasks to queue
[2023-04-22T23:27:37.793+0000] {logging_mixin.py:137} INFO - [2023-04-22T23:27:37.793+0000] {dagbag.py:532} INFO - Filling up the DagBag from /home/airflow/.local/lib/python3.7/site-packages/airflow/example_dags/example_sensor_decorator.py
[2023-04-22T23:27:37.813+0000] {processor.py:753} INFO - DAG(s) dict_keys(['example_sensor_decorator']) retrieved from /home/airflow/.local/lib/python3.7/site-packages/airflow/example_dags/example_sensor_decorator.py
[2023-04-22T23:27:37.833+0000] {logging_mixin.py:137} INFO - [2023-04-22T23:27:37.833+0000] {dag.py:2705} INFO - Sync 1 DAGs
[2023-04-22T23:27:37.847+0000] {logging_mixin.py:137} INFO - [2023-04-22T23:27:37.847+0000] {dag.py:3456} INFO - Setting next_dagrun for example_sensor_decorator to None, run_after=None
[2023-04-22T23:27:37.859+0000] {processor.py:175} INFO - Processing /home/airflow/.local/lib/python3.7/site-packages/airflow/example_dags/example_sensor_decorator.py took 0.074 seconds
[2023-04-22T23:29:54.474+0000] {processor.py:153} INFO - Started process (PID=48) to work on /home/airflow/.local/lib/python3.7/site-packages/airflow/example_dags/example_sensor_decorator.py
[2023-04-22T23:29:54.477+0000] {processor.py:743} INFO - Processing file /home/airflow/.local/lib/python3.7/site-packages/airflow/example_dags/example_sensor_decorator.py for tasks to queue
[2023-04-22T23:29:54.479+0000] {logging_mixin.py:137} INFO - [2023-04-22T23:29:54.479+0000] {dagbag.py:532} INFO - Filling up the DagBag from /home/airflow/.local/lib/python3.7/site-packages/airflow/example_dags/example_sensor_decorator.py
[2023-04-22T23:29:54.551+0000] {processor.py:753} INFO - DAG(s) dict_keys(['example_sensor_decorator']) retrieved from /home/airflow/.local/lib/python3.7/site-packages/airflow/example_dags/example_sensor_decorator.py
[2023-04-22T23:29:54.575+0000] {logging_mixin.py:137} INFO - [2023-04-22T23:29:54.575+0000] {dag.py:2705} INFO - Sync 1 DAGs
[2023-04-22T23:29:54.605+0000] {logging_mixin.py:137} INFO - [2023-04-22T23:29:54.605+0000] {dag.py:3456} INFO - Setting next_dagrun for example_sensor_decorator to None, run_after=None
[2023-04-22T23:29:54.636+0000] {processor.py:175} INFO - Processing /home/airflow/.local/lib/python3.7/site-packages/airflow/example_dags/example_sensor_decorator.py took 0.169 seconds
[2023-04-22T23:30:25.242+0000] {processor.py:153} INFO - Started process (PID=98) to work on /home/airflow/.local/lib/python3.7/site-packages/airflow/example_dags/example_sensor_decorator.py
[2023-04-22T23:30:25.243+0000] {processor.py:743} INFO - Processing file /home/airflow/.local/lib/python3.7/site-packages/airflow/example_dags/example_sensor_decorator.py for tasks to queue
[2023-04-22T23:30:25.244+0000] {logging_mixin.py:137} INFO - [2023-04-22T23:30:25.244+0000] {dagbag.py:532} INFO - Filling up the DagBag from /home/airflow/.local/lib/python3.7/site-packages/airflow/example_dags/example_sensor_decorator.py
[2023-04-22T23:30:25.260+0000] {processor.py:753} INFO - DAG(s) dict_keys(['example_sensor_decorator']) retrieved from /home/airflow/.local/lib/python3.7/site-packages/airflow/example_dags/example_sensor_decorator.py
[2023-04-22T23:30:25.281+0000] {logging_mixin.py:137} INFO - [2023-04-22T23:30:25.281+0000] {dag.py:2705} INFO - Sync 1 DAGs
[2023-04-22T23:30:25.297+0000] {logging_mixin.py:137} INFO - [2023-04-22T23:30:25.297+0000] {dag.py:3456} INFO - Setting next_dagrun for example_sensor_decorator to None, run_after=None
[2023-04-22T23:30:25.308+0000] {processor.py:175} INFO - Processing /home/airflow/.local/lib/python3.7/site-packages/airflow/example_dags/example_sensor_decorator.py took 0.069 seconds
[2023-04-22T23:30:55.686+0000] {processor.py:153} INFO - Started process (PID=149) to work on /home/airflow/.local/lib/python3.7/site-packages/airflow/example_dags/example_sensor_decorator.py
[2023-04-22T23:30:55.687+0000] {processor.py:743} INFO - Processing file /home/airflow/.local/lib/python3.7/site-packages/airflow/example_dags/example_sensor_decorator.py for tasks to queue
[2023-04-22T23:30:55.688+0000] {logging_mixin.py:137} INFO - [2023-04-22T23:30:55.688+0000] {dagbag.py:532} INFO - Filling up the DagBag from /home/airflow/.local/lib/python3.7/site-packages/airflow/example_dags/example_sensor_decorator.py
[2023-04-22T23:30:55.705+0000] {processor.py:753} INFO - DAG(s) dict_keys(['example_sensor_decorator']) retrieved from /home/airflow/.local/lib/python3.7/site-packages/airflow/example_dags/example_sensor_decorator.py
[2023-04-22T23:30:55.727+0000] {logging_mixin.py:137} INFO - [2023-04-22T23:30:55.727+0000] {dag.py:2705} INFO - Sync 1 DAGs
[2023-04-22T23:30:55.743+0000] {logging_mixin.py:137} INFO - [2023-04-22T23:30:55.743+0000] {dag.py:3456} INFO - Setting next_dagrun for example_sensor_decorator to None, run_after=None
[2023-04-22T23:30:55.754+0000] {processor.py:175} INFO - Processing /home/airflow/.local/lib/python3.7/site-packages/airflow/example_dags/example_sensor_decorator.py took 0.071 seconds
[2023-04-22T23:31:26.456+0000] {processor.py:153} INFO - Started process (PID=200) to work on /home/airflow/.local/lib/python3.7/site-packages/airflow/example_dags/example_sensor_decorator.py
[2023-04-22T23:31:26.459+0000] {processor.py:743} INFO - Processing file /home/airflow/.local/lib/python3.7/site-packages/airflow/example_dags/example_sensor_decorator.py for tasks to queue
[2023-04-22T23:31:26.462+0000] {logging_mixin.py:137} INFO - [2023-04-22T23:31:26.461+0000] {dagbag.py:532} INFO - Filling up the DagBag from /home/airflow/.local/lib/python3.7/site-packages/airflow/example_dags/example_sensor_decorator.py
[2023-04-22T23:31:26.481+0000] {processor.py:753} INFO - DAG(s) dict_keys(['example_sensor_decorator']) retrieved from /home/airflow/.local/lib/python3.7/site-packages/airflow/example_dags/example_sensor_decorator.py
[2023-04-22T23:31:26.516+0000] {logging_mixin.py:137} INFO - [2023-04-22T23:31:26.516+0000] {dag.py:2705} INFO - Sync 1 DAGs
[2023-04-22T23:31:26.535+0000] {logging_mixin.py:137} INFO - [2023-04-22T23:31:26.535+0000] {dag.py:3456} INFO - Setting next_dagrun for example_sensor_decorator to None, run_after=None
[2023-04-22T23:31:26.552+0000] {processor.py:175} INFO - Processing /home/airflow/.local/lib/python3.7/site-packages/airflow/example_dags/example_sensor_decorator.py took 0.099 seconds
[2023-04-22T23:31:56.978+0000] {processor.py:153} INFO - Started process (PID=251) to work on /home/airflow/.local/lib/python3.7/site-packages/airflow/example_dags/example_sensor_decorator.py
[2023-04-22T23:31:56.979+0000] {processor.py:743} INFO - Processing file /home/airflow/.local/lib/python3.7/site-packages/airflow/example_dags/example_sensor_decorator.py for tasks to queue
[2023-04-22T23:31:56.980+0000] {logging_mixin.py:137} INFO - [2023-04-22T23:31:56.979+0000] {dagbag.py:532} INFO - Filling up the DagBag from /home/airflow/.local/lib/python3.7/site-packages/airflow/example_dags/example_sensor_decorator.py
[2023-04-22T23:31:56.999+0000] {processor.py:753} INFO - DAG(s) dict_keys(['example_sensor_decorator']) retrieved from /home/airflow/.local/lib/python3.7/site-packages/airflow/example_dags/example_sensor_decorator.py
[2023-04-22T23:31:57.026+0000] {logging_mixin.py:137} INFO - [2023-04-22T23:31:57.026+0000] {dag.py:2705} INFO - Sync 1 DAGs
[2023-04-22T23:31:57.045+0000] {logging_mixin.py:137} INFO - [2023-04-22T23:31:57.045+0000] {dag.py:3456} INFO - Setting next_dagrun for example_sensor_decorator to None, run_after=None
[2023-04-22T23:31:57.058+0000] {processor.py:175} INFO - Processing /home/airflow/.local/lib/python3.7/site-packages/airflow/example_dags/example_sensor_decorator.py took 0.084 seconds
[2023-04-22T23:32:28.227+0000] {processor.py:153} INFO - Started process (PID=302) to work on /home/airflow/.local/lib/python3.7/site-packages/airflow/example_dags/example_sensor_decorator.py
[2023-04-22T23:32:28.232+0000] {processor.py:743} INFO - Processing file /home/airflow/.local/lib/python3.7/site-packages/airflow/example_dags/example_sensor_decorator.py for tasks to queue
[2023-04-22T23:32:28.234+0000] {logging_mixin.py:137} INFO - [2023-04-22T23:32:28.233+0000] {dagbag.py:532} INFO - Filling up the DagBag from /home/airflow/.local/lib/python3.7/site-packages/airflow/example_dags/example_sensor_decorator.py
[2023-04-22T23:32:28.290+0000] {processor.py:753} INFO - DAG(s) dict_keys(['example_sensor_decorator']) retrieved from /home/airflow/.local/lib/python3.7/site-packages/airflow/example_dags/example_sensor_decorator.py
[2023-04-22T23:32:28.320+0000] {logging_mixin.py:137} INFO - [2023-04-22T23:32:28.320+0000] {dag.py:2705} INFO - Sync 1 DAGs
[2023-04-22T23:32:28.342+0000] {logging_mixin.py:137} INFO - [2023-04-22T23:32:28.342+0000] {dag.py:3456} INFO - Setting next_dagrun for example_sensor_decorator to None, run_after=None
[2023-04-22T23:32:28.359+0000] {processor.py:175} INFO - Processing /home/airflow/.local/lib/python3.7/site-packages/airflow/example_dags/example_sensor_decorator.py took 0.136 seconds
[2023-04-22T23:32:59.607+0000] {processor.py:153} INFO - Started process (PID=353) to work on /home/airflow/.local/lib/python3.7/site-packages/airflow/example_dags/example_sensor_decorator.py
[2023-04-22T23:32:59.609+0000] {processor.py:743} INFO - Processing file /home/airflow/.local/lib/python3.7/site-packages/airflow/example_dags/example_sensor_decorator.py for tasks to queue
[2023-04-22T23:32:59.610+0000] {logging_mixin.py:137} INFO - [2023-04-22T23:32:59.610+0000] {dagbag.py:532} INFO - Filling up the DagBag from /home/airflow/.local/lib/python3.7/site-packages/airflow/example_dags/example_sensor_decorator.py
[2023-04-22T23:32:59.627+0000] {processor.py:753} INFO - DAG(s) dict_keys(['example_sensor_decorator']) retrieved from /home/airflow/.local/lib/python3.7/site-packages/airflow/example_dags/example_sensor_decorator.py
[2023-04-22T23:32:59.650+0000] {logging_mixin.py:137} INFO - [2023-04-22T23:32:59.650+0000] {dag.py:2705} INFO - Sync 1 DAGs
[2023-04-22T23:32:59.701+0000] {logging_mixin.py:137} INFO - [2023-04-22T23:32:59.701+0000] {dag.py:3456} INFO - Setting next_dagrun for example_sensor_decorator to None, run_after=None
[2023-04-22T23:32:59.718+0000] {processor.py:175} INFO - Processing /home/airflow/.local/lib/python3.7/site-packages/airflow/example_dags/example_sensor_decorator.py took 0.113 seconds
[2023-04-22T23:33:30.524+0000] {processor.py:153} INFO - Started process (PID=403) to work on /home/airflow/.local/lib/python3.7/site-packages/airflow/example_dags/example_sensor_decorator.py
[2023-04-22T23:33:30.526+0000] {processor.py:743} INFO - Processing file /home/airflow/.local/lib/python3.7/site-packages/airflow/example_dags/example_sensor_decorator.py for tasks to queue
[2023-04-22T23:33:30.527+0000] {logging_mixin.py:137} INFO - [2023-04-22T23:33:30.527+0000] {dagbag.py:532} INFO - Filling up the DagBag from /home/airflow/.local/lib/python3.7/site-packages/airflow/example_dags/example_sensor_decorator.py
[2023-04-22T23:33:30.544+0000] {processor.py:753} INFO - DAG(s) dict_keys(['example_sensor_decorator']) retrieved from /home/airflow/.local/lib/python3.7/site-packages/airflow/example_dags/example_sensor_decorator.py
[2023-04-22T23:33:30.566+0000] {logging_mixin.py:137} INFO - [2023-04-22T23:33:30.566+0000] {dag.py:2705} INFO - Sync 1 DAGs
[2023-04-22T23:33:30.586+0000] {logging_mixin.py:137} INFO - [2023-04-22T23:33:30.585+0000] {dag.py:3456} INFO - Setting next_dagrun for example_sensor_decorator to None, run_after=None
[2023-04-22T23:33:30.627+0000] {processor.py:175} INFO - Processing /home/airflow/.local/lib/python3.7/site-packages/airflow/example_dags/example_sensor_decorator.py took 0.106 seconds
[2023-04-22T23:34:00.762+0000] {processor.py:153} INFO - Started process (PID=454) to work on /home/airflow/.local/lib/python3.7/site-packages/airflow/example_dags/example_sensor_decorator.py
[2023-04-22T23:34:00.763+0000] {processor.py:743} INFO - Processing file /home/airflow/.local/lib/python3.7/site-packages/airflow/example_dags/example_sensor_decorator.py for tasks to queue
[2023-04-22T23:34:00.764+0000] {logging_mixin.py:137} INFO - [2023-04-22T23:34:00.764+0000] {dagbag.py:532} INFO - Filling up the DagBag from /home/airflow/.local/lib/python3.7/site-packages/airflow/example_dags/example_sensor_decorator.py
[2023-04-22T23:34:00.778+0000] {processor.py:753} INFO - DAG(s) dict_keys(['example_sensor_decorator']) retrieved from /home/airflow/.local/lib/python3.7/site-packages/airflow/example_dags/example_sensor_decorator.py
[2023-04-22T23:34:00.796+0000] {logging_mixin.py:137} INFO - [2023-04-22T23:34:00.796+0000] {dag.py:2705} INFO - Sync 1 DAGs
[2023-04-22T23:34:00.811+0000] {logging_mixin.py:137} INFO - [2023-04-22T23:34:00.811+0000] {dag.py:3456} INFO - Setting next_dagrun for example_sensor_decorator to None, run_after=None
[2023-04-22T23:34:00.821+0000] {processor.py:175} INFO - Processing /home/airflow/.local/lib/python3.7/site-packages/airflow/example_dags/example_sensor_decorator.py took 0.062 seconds
[2023-04-22T23:38:44.356+0000] {processor.py:153} INFO - Started process (PID=47) to work on /home/airflow/.local/lib/python3.7/site-packages/airflow/example_dags/example_sensor_decorator.py
[2023-04-22T23:38:44.358+0000] {processor.py:743} INFO - Processing file /home/airflow/.local/lib/python3.7/site-packages/airflow/example_dags/example_sensor_decorator.py for tasks to queue
[2023-04-22T23:38:44.360+0000] {logging_mixin.py:137} INFO - [2023-04-22T23:38:44.360+0000] {dagbag.py:532} INFO - Filling up the DagBag from /home/airflow/.local/lib/python3.7/site-packages/airflow/example_dags/example_sensor_decorator.py
[2023-04-22T23:38:44.407+0000] {processor.py:753} INFO - DAG(s) dict_keys(['example_sensor_decorator']) retrieved from /home/airflow/.local/lib/python3.7/site-packages/airflow/example_dags/example_sensor_decorator.py
[2023-04-22T23:38:44.443+0000] {logging_mixin.py:137} INFO - [2023-04-22T23:38:44.443+0000] {dag.py:2705} INFO - Sync 1 DAGs
[2023-04-22T23:38:44.489+0000] {logging_mixin.py:137} INFO - [2023-04-22T23:38:44.489+0000] {dag.py:3456} INFO - Setting next_dagrun for example_sensor_decorator to None, run_after=None
[2023-04-22T23:38:44.510+0000] {processor.py:175} INFO - Processing /home/airflow/.local/lib/python3.7/site-packages/airflow/example_dags/example_sensor_decorator.py took 0.160 seconds
[2023-04-22T23:39:15.404+0000] {processor.py:153} INFO - Started process (PID=98) to work on /home/airflow/.local/lib/python3.7/site-packages/airflow/example_dags/example_sensor_decorator.py
[2023-04-22T23:39:15.406+0000] {processor.py:743} INFO - Processing file /home/airflow/.local/lib/python3.7/site-packages/airflow/example_dags/example_sensor_decorator.py for tasks to queue
[2023-04-22T23:39:15.406+0000] {logging_mixin.py:137} INFO - [2023-04-22T23:39:15.406+0000] {dagbag.py:532} INFO - Filling up the DagBag from /home/airflow/.local/lib/python3.7/site-packages/airflow/example_dags/example_sensor_decorator.py
[2023-04-22T23:39:15.421+0000] {processor.py:753} INFO - DAG(s) dict_keys(['example_sensor_decorator']) retrieved from /home/airflow/.local/lib/python3.7/site-packages/airflow/example_dags/example_sensor_decorator.py
[2023-04-22T23:39:15.439+0000] {logging_mixin.py:137} INFO - [2023-04-22T23:39:15.439+0000] {dag.py:2705} INFO - Sync 1 DAGs
[2023-04-22T23:39:15.454+0000] {logging_mixin.py:137} INFO - [2023-04-22T23:39:15.454+0000] {dag.py:3456} INFO - Setting next_dagrun for example_sensor_decorator to None, run_after=None
[2023-04-22T23:39:15.465+0000] {processor.py:175} INFO - Processing /home/airflow/.local/lib/python3.7/site-packages/airflow/example_dags/example_sensor_decorator.py took 0.064 seconds
[2023-04-22T23:39:46.367+0000] {processor.py:153} INFO - Started process (PID=149) to work on /home/airflow/.local/lib/python3.7/site-packages/airflow/example_dags/example_sensor_decorator.py
[2023-04-22T23:39:46.368+0000] {processor.py:743} INFO - Processing file /home/airflow/.local/lib/python3.7/site-packages/airflow/example_dags/example_sensor_decorator.py for tasks to queue
[2023-04-22T23:39:46.369+0000] {logging_mixin.py:137} INFO - [2023-04-22T23:39:46.369+0000] {dagbag.py:532} INFO - Filling up the DagBag from /home/airflow/.local/lib/python3.7/site-packages/airflow/example_dags/example_sensor_decorator.py
[2023-04-22T23:39:46.385+0000] {processor.py:753} INFO - DAG(s) dict_keys(['example_sensor_decorator']) retrieved from /home/airflow/.local/lib/python3.7/site-packages/airflow/example_dags/example_sensor_decorator.py
[2023-04-22T23:39:46.405+0000] {logging_mixin.py:137} INFO - [2023-04-22T23:39:46.405+0000] {dag.py:2705} INFO - Sync 1 DAGs
[2023-04-22T23:39:46.421+0000] {logging_mixin.py:137} INFO - [2023-04-22T23:39:46.421+0000] {dag.py:3456} INFO - Setting next_dagrun for example_sensor_decorator to None, run_after=None
[2023-04-22T23:39:46.432+0000] {processor.py:175} INFO - Processing /home/airflow/.local/lib/python3.7/site-packages/airflow/example_dags/example_sensor_decorator.py took 0.068 seconds
[2023-04-22T23:40:16.603+0000] {processor.py:153} INFO - Started process (PID=200) to work on /home/airflow/.local/lib/python3.7/site-packages/airflow/example_dags/example_sensor_decorator.py
[2023-04-22T23:40:16.604+0000] {processor.py:743} INFO - Processing file /home/airflow/.local/lib/python3.7/site-packages/airflow/example_dags/example_sensor_decorator.py for tasks to queue
[2023-04-22T23:40:16.605+0000] {logging_mixin.py:137} INFO - [2023-04-22T23:40:16.605+0000] {dagbag.py:532} INFO - Filling up the DagBag from /home/airflow/.local/lib/python3.7/site-packages/airflow/example_dags/example_sensor_decorator.py
[2023-04-22T23:40:16.628+0000] {processor.py:753} INFO - DAG(s) dict_keys(['example_sensor_decorator']) retrieved from /home/airflow/.local/lib/python3.7/site-packages/airflow/example_dags/example_sensor_decorator.py
[2023-04-22T23:40:16.654+0000] {logging_mixin.py:137} INFO - [2023-04-22T23:40:16.654+0000] {dag.py:2705} INFO - Sync 1 DAGs
[2023-04-22T23:40:16.680+0000] {logging_mixin.py:137} INFO - [2023-04-22T23:40:16.680+0000] {dag.py:3456} INFO - Setting next_dagrun for example_sensor_decorator to None, run_after=None
[2023-04-22T23:40:16.695+0000] {processor.py:175} INFO - Processing /home/airflow/.local/lib/python3.7/site-packages/airflow/example_dags/example_sensor_decorator.py took 0.094 seconds
[2023-04-22T23:40:47.408+0000] {processor.py:153} INFO - Started process (PID=251) to work on /home/airflow/.local/lib/python3.7/site-packages/airflow/example_dags/example_sensor_decorator.py
[2023-04-22T23:40:47.411+0000] {processor.py:743} INFO - Processing file /home/airflow/.local/lib/python3.7/site-packages/airflow/example_dags/example_sensor_decorator.py for tasks to queue
[2023-04-22T23:40:47.412+0000] {logging_mixin.py:137} INFO - [2023-04-22T23:40:47.412+0000] {dagbag.py:532} INFO - Filling up the DagBag from /home/airflow/.local/lib/python3.7/site-packages/airflow/example_dags/example_sensor_decorator.py
[2023-04-22T23:40:47.430+0000] {processor.py:753} INFO - DAG(s) dict_keys(['example_sensor_decorator']) retrieved from /home/airflow/.local/lib/python3.7/site-packages/airflow/example_dags/example_sensor_decorator.py
[2023-04-22T23:40:47.450+0000] {logging_mixin.py:137} INFO - [2023-04-22T23:40:47.450+0000] {dag.py:2705} INFO - Sync 1 DAGs
[2023-04-22T23:40:47.469+0000] {logging_mixin.py:137} INFO - [2023-04-22T23:40:47.469+0000] {dag.py:3456} INFO - Setting next_dagrun for example_sensor_decorator to None, run_after=None
[2023-04-22T23:40:47.482+0000] {processor.py:175} INFO - Processing /home/airflow/.local/lib/python3.7/site-packages/airflow/example_dags/example_sensor_decorator.py took 0.079 seconds
[2023-04-22T23:41:18.131+0000] {processor.py:153} INFO - Started process (PID=302) to work on /home/airflow/.local/lib/python3.7/site-packages/airflow/example_dags/example_sensor_decorator.py
[2023-04-22T23:41:18.133+0000] {processor.py:743} INFO - Processing file /home/airflow/.local/lib/python3.7/site-packages/airflow/example_dags/example_sensor_decorator.py for tasks to queue
[2023-04-22T23:41:18.134+0000] {logging_mixin.py:137} INFO - [2023-04-22T23:41:18.134+0000] {dagbag.py:532} INFO - Filling up the DagBag from /home/airflow/.local/lib/python3.7/site-packages/airflow/example_dags/example_sensor_decorator.py
[2023-04-22T23:41:18.164+0000] {processor.py:753} INFO - DAG(s) dict_keys(['example_sensor_decorator']) retrieved from /home/airflow/.local/lib/python3.7/site-packages/airflow/example_dags/example_sensor_decorator.py
[2023-04-22T23:41:18.191+0000] {logging_mixin.py:137} INFO - [2023-04-22T23:41:18.191+0000] {dag.py:2705} INFO - Sync 1 DAGs
[2023-04-22T23:41:18.229+0000] {logging_mixin.py:137} INFO - [2023-04-22T23:41:18.229+0000] {dag.py:3456} INFO - Setting next_dagrun for example_sensor_decorator to None, run_after=None
[2023-04-22T23:41:18.249+0000] {processor.py:175} INFO - Processing /home/airflow/.local/lib/python3.7/site-packages/airflow/example_dags/example_sensor_decorator.py took 0.123 seconds
[2023-04-22T23:41:49.217+0000] {processor.py:153} INFO - Started process (PID=353) to work on /home/airflow/.local/lib/python3.7/site-packages/airflow/example_dags/example_sensor_decorator.py
[2023-04-22T23:41:49.224+0000] {processor.py:743} INFO - Processing file /home/airflow/.local/lib/python3.7/site-packages/airflow/example_dags/example_sensor_decorator.py for tasks to queue
[2023-04-22T23:41:49.225+0000] {logging_mixin.py:137} INFO - [2023-04-22T23:41:49.225+0000] {dagbag.py:532} INFO - Filling up the DagBag from /home/airflow/.local/lib/python3.7/site-packages/airflow/example_dags/example_sensor_decorator.py
[2023-04-22T23:41:49.266+0000] {processor.py:753} INFO - DAG(s) dict_keys(['example_sensor_decorator']) retrieved from /home/airflow/.local/lib/python3.7/site-packages/airflow/example_dags/example_sensor_decorator.py
[2023-04-22T23:41:49.313+0000] {logging_mixin.py:137} INFO - [2023-04-22T23:41:49.313+0000] {dag.py:2705} INFO - Sync 1 DAGs
[2023-04-22T23:41:49.343+0000] {logging_mixin.py:137} INFO - [2023-04-22T23:41:49.343+0000] {dag.py:3456} INFO - Setting next_dagrun for example_sensor_decorator to None, run_after=None
[2023-04-22T23:41:49.358+0000] {processor.py:175} INFO - Processing /home/airflow/.local/lib/python3.7/site-packages/airflow/example_dags/example_sensor_decorator.py took 0.145 seconds
[2023-04-22T23:42:19.709+0000] {processor.py:153} INFO - Started process (PID=404) to work on /home/airflow/.local/lib/python3.7/site-packages/airflow/example_dags/example_sensor_decorator.py
[2023-04-22T23:42:19.710+0000] {processor.py:743} INFO - Processing file /home/airflow/.local/lib/python3.7/site-packages/airflow/example_dags/example_sensor_decorator.py for tasks to queue
[2023-04-22T23:42:19.711+0000] {logging_mixin.py:137} INFO - [2023-04-22T23:42:19.711+0000] {dagbag.py:532} INFO - Filling up the DagBag from /home/airflow/.local/lib/python3.7/site-packages/airflow/example_dags/example_sensor_decorator.py
[2023-04-22T23:42:19.726+0000] {processor.py:753} INFO - DAG(s) dict_keys(['example_sensor_decorator']) retrieved from /home/airflow/.local/lib/python3.7/site-packages/airflow/example_dags/example_sensor_decorator.py
[2023-04-22T23:42:19.744+0000] {logging_mixin.py:137} INFO - [2023-04-22T23:42:19.744+0000] {dag.py:2705} INFO - Sync 1 DAGs
[2023-04-22T23:42:19.759+0000] {logging_mixin.py:137} INFO - [2023-04-22T23:42:19.759+0000] {dag.py:3456} INFO - Setting next_dagrun for example_sensor_decorator to None, run_after=None
[2023-04-22T23:42:19.770+0000] {processor.py:175} INFO - Processing /home/airflow/.local/lib/python3.7/site-packages/airflow/example_dags/example_sensor_decorator.py took 0.064 seconds
[2023-04-22T23:43:06.656+0000] {processor.py:153} INFO - Started process (PID=47) to work on /home/airflow/.local/lib/python3.7/site-packages/airflow/example_dags/example_sensor_decorator.py
[2023-04-22T23:43:06.658+0000] {processor.py:743} INFO - Processing file /home/airflow/.local/lib/python3.7/site-packages/airflow/example_dags/example_sensor_decorator.py for tasks to queue
[2023-04-22T23:43:06.659+0000] {logging_mixin.py:137} INFO - [2023-04-22T23:43:06.659+0000] {dagbag.py:532} INFO - Filling up the DagBag from /home/airflow/.local/lib/python3.7/site-packages/airflow/example_dags/example_sensor_decorator.py
[2023-04-22T23:43:06.703+0000] {processor.py:753} INFO - DAG(s) dict_keys(['example_sensor_decorator']) retrieved from /home/airflow/.local/lib/python3.7/site-packages/airflow/example_dags/example_sensor_decorator.py
[2023-04-22T23:43:06.737+0000] {logging_mixin.py:137} INFO - [2023-04-22T23:43:06.737+0000] {dag.py:2705} INFO - Sync 1 DAGs
[2023-04-22T23:43:06.767+0000] {logging_mixin.py:137} INFO - [2023-04-22T23:43:06.767+0000] {dag.py:3456} INFO - Setting next_dagrun for example_sensor_decorator to None, run_after=None
[2023-04-22T23:43:06.786+0000] {processor.py:175} INFO - Processing /home/airflow/.local/lib/python3.7/site-packages/airflow/example_dags/example_sensor_decorator.py took 0.141 seconds
[2023-04-22T23:43:37.189+0000] {processor.py:153} INFO - Started process (PID=98) to work on /home/airflow/.local/lib/python3.7/site-packages/airflow/example_dags/example_sensor_decorator.py
[2023-04-22T23:43:37.191+0000] {processor.py:743} INFO - Processing file /home/airflow/.local/lib/python3.7/site-packages/airflow/example_dags/example_sensor_decorator.py for tasks to queue
[2023-04-22T23:43:37.191+0000] {logging_mixin.py:137} INFO - [2023-04-22T23:43:37.191+0000] {dagbag.py:532} INFO - Filling up the DagBag from /home/airflow/.local/lib/python3.7/site-packages/airflow/example_dags/example_sensor_decorator.py
[2023-04-22T23:43:37.208+0000] {processor.py:753} INFO - DAG(s) dict_keys(['example_sensor_decorator']) retrieved from /home/airflow/.local/lib/python3.7/site-packages/airflow/example_dags/example_sensor_decorator.py
[2023-04-22T23:43:37.227+0000] {logging_mixin.py:137} INFO - [2023-04-22T23:43:37.227+0000] {dag.py:2705} INFO - Sync 1 DAGs
[2023-04-22T23:43:37.243+0000] {logging_mixin.py:137} INFO - [2023-04-22T23:43:37.243+0000] {dag.py:3456} INFO - Setting next_dagrun for example_sensor_decorator to None, run_after=None
[2023-04-22T23:43:37.256+0000] {processor.py:175} INFO - Processing /home/airflow/.local/lib/python3.7/site-packages/airflow/example_dags/example_sensor_decorator.py took 0.070 seconds
[2023-04-22T23:44:30.331+0000] {processor.py:153} INFO - Started process (PID=47) to work on /home/airflow/.local/lib/python3.7/site-packages/airflow/example_dags/example_sensor_decorator.py
[2023-04-22T23:44:30.333+0000] {processor.py:743} INFO - Processing file /home/airflow/.local/lib/python3.7/site-packages/airflow/example_dags/example_sensor_decorator.py for tasks to queue
[2023-04-22T23:44:30.335+0000] {logging_mixin.py:137} INFO - [2023-04-22T23:44:30.335+0000] {dagbag.py:532} INFO - Filling up the DagBag from /home/airflow/.local/lib/python3.7/site-packages/airflow/example_dags/example_sensor_decorator.py
[2023-04-22T23:44:30.366+0000] {processor.py:753} INFO - DAG(s) dict_keys(['example_sensor_decorator']) retrieved from /home/airflow/.local/lib/python3.7/site-packages/airflow/example_dags/example_sensor_decorator.py
[2023-04-22T23:44:30.381+0000] {logging_mixin.py:137} INFO - [2023-04-22T23:44:30.381+0000] {dag.py:2705} INFO - Sync 1 DAGs
[2023-04-22T23:44:30.427+0000] {logging_mixin.py:137} INFO - [2023-04-22T23:44:30.426+0000] {dag.py:3456} INFO - Setting next_dagrun for example_sensor_decorator to None, run_after=None
[2023-04-22T23:44:30.461+0000] {processor.py:175} INFO - Processing /home/airflow/.local/lib/python3.7/site-packages/airflow/example_dags/example_sensor_decorator.py took 0.135 seconds
[2023-04-22T23:46:54.393+0000] {processor.py:153} INFO - Started process (PID=48) to work on /home/airflow/.local/lib/python3.7/site-packages/airflow/example_dags/example_sensor_decorator.py
[2023-04-22T23:46:54.395+0000] {processor.py:743} INFO - Processing file /home/airflow/.local/lib/python3.7/site-packages/airflow/example_dags/example_sensor_decorator.py for tasks to queue
[2023-04-22T23:46:54.396+0000] {logging_mixin.py:137} INFO - [2023-04-22T23:46:54.396+0000] {dagbag.py:532} INFO - Filling up the DagBag from /home/airflow/.local/lib/python3.7/site-packages/airflow/example_dags/example_sensor_decorator.py
[2023-04-22T23:46:54.447+0000] {processor.py:753} INFO - DAG(s) dict_keys(['example_sensor_decorator']) retrieved from /home/airflow/.local/lib/python3.7/site-packages/airflow/example_dags/example_sensor_decorator.py
[2023-04-22T23:46:54.479+0000] {logging_mixin.py:137} INFO - [2023-04-22T23:46:54.478+0000] {dag.py:2705} INFO - Sync 1 DAGs
[2023-04-22T23:46:54.508+0000] {logging_mixin.py:137} INFO - [2023-04-22T23:46:54.507+0000] {dag.py:3456} INFO - Setting next_dagrun for example_sensor_decorator to None, run_after=None
[2023-04-22T23:46:54.540+0000] {processor.py:175} INFO - Processing /home/airflow/.local/lib/python3.7/site-packages/airflow/example_dags/example_sensor_decorator.py took 0.152 seconds
[2023-04-22T23:47:25.415+0000] {processor.py:153} INFO - Started process (PID=99) to work on /home/airflow/.local/lib/python3.7/site-packages/airflow/example_dags/example_sensor_decorator.py
[2023-04-22T23:47:25.416+0000] {processor.py:743} INFO - Processing file /home/airflow/.local/lib/python3.7/site-packages/airflow/example_dags/example_sensor_decorator.py for tasks to queue
[2023-04-22T23:47:25.417+0000] {logging_mixin.py:137} INFO - [2023-04-22T23:47:25.417+0000] {dagbag.py:532} INFO - Filling up the DagBag from /home/airflow/.local/lib/python3.7/site-packages/airflow/example_dags/example_sensor_decorator.py
[2023-04-22T23:47:25.433+0000] {processor.py:753} INFO - DAG(s) dict_keys(['example_sensor_decorator']) retrieved from /home/airflow/.local/lib/python3.7/site-packages/airflow/example_dags/example_sensor_decorator.py
[2023-04-22T23:47:25.451+0000] {logging_mixin.py:137} INFO - [2023-04-22T23:47:25.451+0000] {dag.py:2705} INFO - Sync 1 DAGs
[2023-04-22T23:47:25.467+0000] {logging_mixin.py:137} INFO - [2023-04-22T23:47:25.467+0000] {dag.py:3456} INFO - Setting next_dagrun for example_sensor_decorator to None, run_after=None
[2023-04-22T23:47:25.478+0000] {processor.py:175} INFO - Processing /home/airflow/.local/lib/python3.7/site-packages/airflow/example_dags/example_sensor_decorator.py took 0.066 seconds
[2023-04-22T23:47:56.017+0000] {processor.py:153} INFO - Started process (PID=150) to work on /home/airflow/.local/lib/python3.7/site-packages/airflow/example_dags/example_sensor_decorator.py
[2023-04-22T23:47:56.018+0000] {processor.py:743} INFO - Processing file /home/airflow/.local/lib/python3.7/site-packages/airflow/example_dags/example_sensor_decorator.py for tasks to queue
[2023-04-22T23:47:56.019+0000] {logging_mixin.py:137} INFO - [2023-04-22T23:47:56.019+0000] {dagbag.py:532} INFO - Filling up the DagBag from /home/airflow/.local/lib/python3.7/site-packages/airflow/example_dags/example_sensor_decorator.py
[2023-04-22T23:47:56.038+0000] {processor.py:753} INFO - DAG(s) dict_keys(['example_sensor_decorator']) retrieved from /home/airflow/.local/lib/python3.7/site-packages/airflow/example_dags/example_sensor_decorator.py
[2023-04-22T23:47:56.061+0000] {logging_mixin.py:137} INFO - [2023-04-22T23:47:56.061+0000] {dag.py:2705} INFO - Sync 1 DAGs
[2023-04-22T23:47:56.077+0000] {logging_mixin.py:137} INFO - [2023-04-22T23:47:56.077+0000] {dag.py:3456} INFO - Setting next_dagrun for example_sensor_decorator to None, run_after=None
[2023-04-22T23:47:56.088+0000] {processor.py:175} INFO - Processing /home/airflow/.local/lib/python3.7/site-packages/airflow/example_dags/example_sensor_decorator.py took 0.074 seconds
[2023-04-22T23:48:26.461+0000] {processor.py:153} INFO - Started process (PID=201) to work on /home/airflow/.local/lib/python3.7/site-packages/airflow/example_dags/example_sensor_decorator.py
[2023-04-22T23:48:26.462+0000] {processor.py:743} INFO - Processing file /home/airflow/.local/lib/python3.7/site-packages/airflow/example_dags/example_sensor_decorator.py for tasks to queue
[2023-04-22T23:48:26.463+0000] {logging_mixin.py:137} INFO - [2023-04-22T23:48:26.463+0000] {dagbag.py:532} INFO - Filling up the DagBag from /home/airflow/.local/lib/python3.7/site-packages/airflow/example_dags/example_sensor_decorator.py
[2023-04-22T23:48:26.479+0000] {processor.py:753} INFO - DAG(s) dict_keys(['example_sensor_decorator']) retrieved from /home/airflow/.local/lib/python3.7/site-packages/airflow/example_dags/example_sensor_decorator.py
[2023-04-22T23:48:26.498+0000] {logging_mixin.py:137} INFO - [2023-04-22T23:48:26.497+0000] {dag.py:2705} INFO - Sync 1 DAGs
[2023-04-22T23:48:26.513+0000] {logging_mixin.py:137} INFO - [2023-04-22T23:48:26.513+0000] {dag.py:3456} INFO - Setting next_dagrun for example_sensor_decorator to None, run_after=None
[2023-04-22T23:48:26.525+0000] {processor.py:175} INFO - Processing /home/airflow/.local/lib/python3.7/site-packages/airflow/example_dags/example_sensor_decorator.py took 0.067 seconds
[2023-04-22T23:48:56.861+0000] {processor.py:153} INFO - Started process (PID=252) to work on /home/airflow/.local/lib/python3.7/site-packages/airflow/example_dags/example_sensor_decorator.py
[2023-04-22T23:48:56.862+0000] {processor.py:743} INFO - Processing file /home/airflow/.local/lib/python3.7/site-packages/airflow/example_dags/example_sensor_decorator.py for tasks to queue
[2023-04-22T23:48:56.863+0000] {logging_mixin.py:137} INFO - [2023-04-22T23:48:56.862+0000] {dagbag.py:532} INFO - Filling up the DagBag from /home/airflow/.local/lib/python3.7/site-packages/airflow/example_dags/example_sensor_decorator.py
[2023-04-22T23:48:56.878+0000] {processor.py:753} INFO - DAG(s) dict_keys(['example_sensor_decorator']) retrieved from /home/airflow/.local/lib/python3.7/site-packages/airflow/example_dags/example_sensor_decorator.py
[2023-04-22T23:48:56.897+0000] {logging_mixin.py:137} INFO - [2023-04-22T23:48:56.897+0000] {dag.py:2705} INFO - Sync 1 DAGs
[2023-04-22T23:48:56.912+0000] {logging_mixin.py:137} INFO - [2023-04-22T23:48:56.912+0000] {dag.py:3456} INFO - Setting next_dagrun for example_sensor_decorator to None, run_after=None
[2023-04-22T23:48:56.923+0000] {processor.py:175} INFO - Processing /home/airflow/.local/lib/python3.7/site-packages/airflow/example_dags/example_sensor_decorator.py took 0.065 seconds
[2023-04-22T23:49:27.674+0000] {processor.py:153} INFO - Started process (PID=303) to work on /home/airflow/.local/lib/python3.7/site-packages/airflow/example_dags/example_sensor_decorator.py
[2023-04-22T23:49:27.675+0000] {processor.py:743} INFO - Processing file /home/airflow/.local/lib/python3.7/site-packages/airflow/example_dags/example_sensor_decorator.py for tasks to queue
[2023-04-22T23:49:27.676+0000] {logging_mixin.py:137} INFO - [2023-04-22T23:49:27.676+0000] {dagbag.py:532} INFO - Filling up the DagBag from /home/airflow/.local/lib/python3.7/site-packages/airflow/example_dags/example_sensor_decorator.py
[2023-04-22T23:49:27.693+0000] {processor.py:753} INFO - DAG(s) dict_keys(['example_sensor_decorator']) retrieved from /home/airflow/.local/lib/python3.7/site-packages/airflow/example_dags/example_sensor_decorator.py
[2023-04-22T23:49:27.717+0000] {logging_mixin.py:137} INFO - [2023-04-22T23:49:27.717+0000] {dag.py:2705} INFO - Sync 1 DAGs
[2023-04-22T23:49:27.734+0000] {logging_mixin.py:137} INFO - [2023-04-22T23:49:27.734+0000] {dag.py:3456} INFO - Setting next_dagrun for example_sensor_decorator to None, run_after=None
[2023-04-22T23:49:27.746+0000] {processor.py:175} INFO - Processing /home/airflow/.local/lib/python3.7/site-packages/airflow/example_dags/example_sensor_decorator.py took 0.075 seconds
[2023-04-22T23:49:58.306+0000] {processor.py:153} INFO - Started process (PID=355) to work on /home/airflow/.local/lib/python3.7/site-packages/airflow/example_dags/example_sensor_decorator.py
[2023-04-22T23:49:58.308+0000] {processor.py:743} INFO - Processing file /home/airflow/.local/lib/python3.7/site-packages/airflow/example_dags/example_sensor_decorator.py for tasks to queue
[2023-04-22T23:49:58.309+0000] {logging_mixin.py:137} INFO - [2023-04-22T23:49:58.309+0000] {dagbag.py:532} INFO - Filling up the DagBag from /home/airflow/.local/lib/python3.7/site-packages/airflow/example_dags/example_sensor_decorator.py
[2023-04-22T23:49:58.336+0000] {processor.py:753} INFO - DAG(s) dict_keys(['example_sensor_decorator']) retrieved from /home/airflow/.local/lib/python3.7/site-packages/airflow/example_dags/example_sensor_decorator.py
[2023-04-22T23:49:58.357+0000] {logging_mixin.py:137} INFO - [2023-04-22T23:49:58.357+0000] {dag.py:2705} INFO - Sync 1 DAGs
[2023-04-22T23:49:58.380+0000] {logging_mixin.py:137} INFO - [2023-04-22T23:49:58.380+0000] {dag.py:3456} INFO - Setting next_dagrun for example_sensor_decorator to None, run_after=None
[2023-04-22T23:49:58.395+0000] {processor.py:175} INFO - Processing /home/airflow/.local/lib/python3.7/site-packages/airflow/example_dags/example_sensor_decorator.py took 0.093 seconds
[2023-04-22T23:50:28.827+0000] {processor.py:153} INFO - Started process (PID=407) to work on /home/airflow/.local/lib/python3.7/site-packages/airflow/example_dags/example_sensor_decorator.py
[2023-04-22T23:50:28.830+0000] {processor.py:743} INFO - Processing file /home/airflow/.local/lib/python3.7/site-packages/airflow/example_dags/example_sensor_decorator.py for tasks to queue
[2023-04-22T23:50:28.831+0000] {logging_mixin.py:137} INFO - [2023-04-22T23:50:28.831+0000] {dagbag.py:532} INFO - Filling up the DagBag from /home/airflow/.local/lib/python3.7/site-packages/airflow/example_dags/example_sensor_decorator.py
[2023-04-22T23:50:28.857+0000] {processor.py:753} INFO - DAG(s) dict_keys(['example_sensor_decorator']) retrieved from /home/airflow/.local/lib/python3.7/site-packages/airflow/example_dags/example_sensor_decorator.py
[2023-04-22T23:50:28.895+0000] {logging_mixin.py:137} INFO - [2023-04-22T23:50:28.895+0000] {dag.py:2705} INFO - Sync 1 DAGs
[2023-04-22T23:50:28.929+0000] {logging_mixin.py:137} INFO - [2023-04-22T23:50:28.929+0000] {dag.py:3456} INFO - Setting next_dagrun for example_sensor_decorator to None, run_after=None
[2023-04-22T23:50:28.946+0000] {processor.py:175} INFO - Processing /home/airflow/.local/lib/python3.7/site-packages/airflow/example_dags/example_sensor_decorator.py took 0.126 seconds
