[2023-04-22T22:50:10.591+0000] {processor.py:153} INFO - Started process (PID=58) to work on /home/airflow/.local/lib/python3.7/site-packages/airflow/example_dags/example_task_group.py
[2023-04-22T22:50:10.597+0000] {processor.py:743} INFO - Processing file /home/airflow/.local/lib/python3.7/site-packages/airflow/example_dags/example_task_group.py for tasks to queue
[2023-04-22T22:50:10.599+0000] {logging_mixin.py:137} INFO - [2023-04-22T22:50:10.598+0000] {dagbag.py:532} INFO - Filling up the DagBag from /home/airflow/.local/lib/python3.7/site-packages/airflow/example_dags/example_task_group.py
[2023-04-22T22:50:10.677+0000] {processor.py:753} INFO - DAG(s) dict_keys(['example_task_group']) retrieved from /home/airflow/.local/lib/python3.7/site-packages/airflow/example_dags/example_task_group.py
[2023-04-22T22:50:10.738+0000] {logging_mixin.py:137} INFO - [2023-04-22T22:50:10.738+0000] {dag.py:2705} INFO - Sync 1 DAGs
[2023-04-22T22:50:10.807+0000] {logging_mixin.py:137} INFO - [2023-04-22T22:50:10.807+0000] {dag.py:3456} INFO - Setting next_dagrun for example_task_group to 2023-04-21T22:50:10.797028+00:00, run_after=2023-04-22T22:50:10.797028+00:00
[2023-04-22T22:50:10.854+0000] {processor.py:175} INFO - Processing /home/airflow/.local/lib/python3.7/site-packages/airflow/example_dags/example_task_group.py took 0.267 seconds
[2023-04-22T22:50:41.413+0000] {processor.py:153} INFO - Started process (PID=109) to work on /home/airflow/.local/lib/python3.7/site-packages/airflow/example_dags/example_task_group.py
[2023-04-22T22:50:41.414+0000] {processor.py:743} INFO - Processing file /home/airflow/.local/lib/python3.7/site-packages/airflow/example_dags/example_task_group.py for tasks to queue
[2023-04-22T22:50:41.415+0000] {logging_mixin.py:137} INFO - [2023-04-22T22:50:41.415+0000] {dagbag.py:532} INFO - Filling up the DagBag from /home/airflow/.local/lib/python3.7/site-packages/airflow/example_dags/example_task_group.py
[2023-04-22T22:50:41.426+0000] {processor.py:753} INFO - DAG(s) dict_keys(['example_task_group']) retrieved from /home/airflow/.local/lib/python3.7/site-packages/airflow/example_dags/example_task_group.py
[2023-04-22T22:50:41.445+0000] {logging_mixin.py:137} INFO - [2023-04-22T22:50:41.445+0000] {dag.py:2705} INFO - Sync 1 DAGs
[2023-04-22T22:50:41.462+0000] {logging_mixin.py:137} INFO - [2023-04-22T22:50:41.462+0000] {dag.py:3456} INFO - Setting next_dagrun for example_task_group to 2023-04-21T22:50:41.462569+00:00, run_after=2023-04-22T22:50:41.462569+00:00
[2023-04-22T22:50:41.474+0000] {processor.py:175} INFO - Processing /home/airflow/.local/lib/python3.7/site-packages/airflow/example_dags/example_task_group.py took 0.064 seconds
[2023-04-22T22:51:12.405+0000] {processor.py:153} INFO - Started process (PID=160) to work on /home/airflow/.local/lib/python3.7/site-packages/airflow/example_dags/example_task_group.py
[2023-04-22T22:51:12.406+0000] {processor.py:743} INFO - Processing file /home/airflow/.local/lib/python3.7/site-packages/airflow/example_dags/example_task_group.py for tasks to queue
[2023-04-22T22:51:12.407+0000] {logging_mixin.py:137} INFO - [2023-04-22T22:51:12.407+0000] {dagbag.py:532} INFO - Filling up the DagBag from /home/airflow/.local/lib/python3.7/site-packages/airflow/example_dags/example_task_group.py
[2023-04-22T22:51:12.418+0000] {processor.py:753} INFO - DAG(s) dict_keys(['example_task_group']) retrieved from /home/airflow/.local/lib/python3.7/site-packages/airflow/example_dags/example_task_group.py
[2023-04-22T22:51:12.439+0000] {logging_mixin.py:137} INFO - [2023-04-22T22:51:12.439+0000] {dag.py:2705} INFO - Sync 1 DAGs
[2023-04-22T22:51:12.457+0000] {logging_mixin.py:137} INFO - [2023-04-22T22:51:12.457+0000] {dag.py:3456} INFO - Setting next_dagrun for example_task_group to 2023-04-21T22:51:12.456938+00:00, run_after=2023-04-22T22:51:12.456938+00:00
[2023-04-22T22:51:12.468+0000] {processor.py:175} INFO - Processing /home/airflow/.local/lib/python3.7/site-packages/airflow/example_dags/example_task_group.py took 0.066 seconds
[2023-04-22T22:51:42.777+0000] {processor.py:153} INFO - Started process (PID=210) to work on /home/airflow/.local/lib/python3.7/site-packages/airflow/example_dags/example_task_group.py
[2023-04-22T22:51:42.778+0000] {processor.py:743} INFO - Processing file /home/airflow/.local/lib/python3.7/site-packages/airflow/example_dags/example_task_group.py for tasks to queue
[2023-04-22T22:51:42.779+0000] {logging_mixin.py:137} INFO - [2023-04-22T22:51:42.779+0000] {dagbag.py:532} INFO - Filling up the DagBag from /home/airflow/.local/lib/python3.7/site-packages/airflow/example_dags/example_task_group.py
[2023-04-22T22:51:42.791+0000] {processor.py:753} INFO - DAG(s) dict_keys(['example_task_group']) retrieved from /home/airflow/.local/lib/python3.7/site-packages/airflow/example_dags/example_task_group.py
[2023-04-22T22:51:42.812+0000] {logging_mixin.py:137} INFO - [2023-04-22T22:51:42.812+0000] {dag.py:2705} INFO - Sync 1 DAGs
[2023-04-22T22:51:42.827+0000] {logging_mixin.py:137} INFO - [2023-04-22T22:51:42.827+0000] {dag.py:3456} INFO - Setting next_dagrun for example_task_group to 2023-04-21T22:51:42.827656+00:00, run_after=2023-04-22T22:51:42.827656+00:00
[2023-04-22T22:51:42.842+0000] {processor.py:175} INFO - Processing /home/airflow/.local/lib/python3.7/site-packages/airflow/example_dags/example_task_group.py took 0.068 seconds
[2023-04-22T22:52:13.255+0000] {processor.py:153} INFO - Started process (PID=260) to work on /home/airflow/.local/lib/python3.7/site-packages/airflow/example_dags/example_task_group.py
[2023-04-22T22:52:13.257+0000] {processor.py:743} INFO - Processing file /home/airflow/.local/lib/python3.7/site-packages/airflow/example_dags/example_task_group.py for tasks to queue
[2023-04-22T22:52:13.257+0000] {logging_mixin.py:137} INFO - [2023-04-22T22:52:13.257+0000] {dagbag.py:532} INFO - Filling up the DagBag from /home/airflow/.local/lib/python3.7/site-packages/airflow/example_dags/example_task_group.py
[2023-04-22T22:52:13.270+0000] {processor.py:753} INFO - DAG(s) dict_keys(['example_task_group']) retrieved from /home/airflow/.local/lib/python3.7/site-packages/airflow/example_dags/example_task_group.py
[2023-04-22T22:52:13.290+0000] {logging_mixin.py:137} INFO - [2023-04-22T22:52:13.290+0000] {dag.py:2705} INFO - Sync 1 DAGs
[2023-04-22T22:52:13.305+0000] {logging_mixin.py:137} INFO - [2023-04-22T22:52:13.305+0000] {dag.py:3456} INFO - Setting next_dagrun for example_task_group to 2023-04-21T22:52:13.305670+00:00, run_after=2023-04-22T22:52:13.305670+00:00
[2023-04-22T22:52:13.317+0000] {processor.py:175} INFO - Processing /home/airflow/.local/lib/python3.7/site-packages/airflow/example_dags/example_task_group.py took 0.064 seconds
[2023-04-22T22:52:43.630+0000] {processor.py:153} INFO - Started process (PID=311) to work on /home/airflow/.local/lib/python3.7/site-packages/airflow/example_dags/example_task_group.py
[2023-04-22T22:52:43.632+0000] {processor.py:743} INFO - Processing file /home/airflow/.local/lib/python3.7/site-packages/airflow/example_dags/example_task_group.py for tasks to queue
[2023-04-22T22:52:43.633+0000] {logging_mixin.py:137} INFO - [2023-04-22T22:52:43.633+0000] {dagbag.py:532} INFO - Filling up the DagBag from /home/airflow/.local/lib/python3.7/site-packages/airflow/example_dags/example_task_group.py
[2023-04-22T22:52:43.645+0000] {processor.py:753} INFO - DAG(s) dict_keys(['example_task_group']) retrieved from /home/airflow/.local/lib/python3.7/site-packages/airflow/example_dags/example_task_group.py
[2023-04-22T22:52:43.666+0000] {logging_mixin.py:137} INFO - [2023-04-22T22:52:43.666+0000] {dag.py:2705} INFO - Sync 1 DAGs
[2023-04-22T22:52:43.683+0000] {logging_mixin.py:137} INFO - [2023-04-22T22:52:43.683+0000] {dag.py:3456} INFO - Setting next_dagrun for example_task_group to 2023-04-21T22:52:43.683106+00:00, run_after=2023-04-22T22:52:43.683106+00:00
[2023-04-22T22:52:43.694+0000] {processor.py:175} INFO - Processing /home/airflow/.local/lib/python3.7/site-packages/airflow/example_dags/example_task_group.py took 0.066 seconds
[2023-04-22T22:53:13.863+0000] {processor.py:153} INFO - Started process (PID=363) to work on /home/airflow/.local/lib/python3.7/site-packages/airflow/example_dags/example_task_group.py
[2023-04-22T22:53:13.865+0000] {processor.py:743} INFO - Processing file /home/airflow/.local/lib/python3.7/site-packages/airflow/example_dags/example_task_group.py for tasks to queue
[2023-04-22T22:53:13.865+0000] {logging_mixin.py:137} INFO - [2023-04-22T22:53:13.865+0000] {dagbag.py:532} INFO - Filling up the DagBag from /home/airflow/.local/lib/python3.7/site-packages/airflow/example_dags/example_task_group.py
[2023-04-22T22:53:13.878+0000] {processor.py:753} INFO - DAG(s) dict_keys(['example_task_group']) retrieved from /home/airflow/.local/lib/python3.7/site-packages/airflow/example_dags/example_task_group.py
[2023-04-22T22:53:13.897+0000] {logging_mixin.py:137} INFO - [2023-04-22T22:53:13.897+0000] {dag.py:2705} INFO - Sync 1 DAGs
[2023-04-22T22:53:13.913+0000] {logging_mixin.py:137} INFO - [2023-04-22T22:53:13.913+0000] {dag.py:3456} INFO - Setting next_dagrun for example_task_group to 2023-04-21T22:53:13.913273+00:00, run_after=2023-04-22T22:53:13.913273+00:00
[2023-04-22T22:53:13.924+0000] {processor.py:175} INFO - Processing /home/airflow/.local/lib/python3.7/site-packages/airflow/example_dags/example_task_group.py took 0.064 seconds
[2023-04-22T22:53:44.676+0000] {processor.py:153} INFO - Started process (PID=414) to work on /home/airflow/.local/lib/python3.7/site-packages/airflow/example_dags/example_task_group.py
[2023-04-22T22:53:44.677+0000] {processor.py:743} INFO - Processing file /home/airflow/.local/lib/python3.7/site-packages/airflow/example_dags/example_task_group.py for tasks to queue
[2023-04-22T22:53:44.678+0000] {logging_mixin.py:137} INFO - [2023-04-22T22:53:44.678+0000] {dagbag.py:532} INFO - Filling up the DagBag from /home/airflow/.local/lib/python3.7/site-packages/airflow/example_dags/example_task_group.py
[2023-04-22T22:53:44.690+0000] {processor.py:753} INFO - DAG(s) dict_keys(['example_task_group']) retrieved from /home/airflow/.local/lib/python3.7/site-packages/airflow/example_dags/example_task_group.py
[2023-04-22T22:53:44.711+0000] {logging_mixin.py:137} INFO - [2023-04-22T22:53:44.711+0000] {dag.py:2705} INFO - Sync 1 DAGs
[2023-04-22T22:53:44.727+0000] {logging_mixin.py:137} INFO - [2023-04-22T22:53:44.727+0000] {dag.py:3456} INFO - Setting next_dagrun for example_task_group to 2023-04-21T22:53:44.726815+00:00, run_after=2023-04-22T22:53:44.726815+00:00
[2023-04-22T22:53:44.737+0000] {processor.py:175} INFO - Processing /home/airflow/.local/lib/python3.7/site-packages/airflow/example_dags/example_task_group.py took 0.064 seconds
[2023-04-22T23:03:13.500+0000] {processor.py:153} INFO - Started process (PID=58) to work on /home/airflow/.local/lib/python3.7/site-packages/airflow/example_dags/example_task_group.py
[2023-04-22T23:03:13.501+0000] {processor.py:743} INFO - Processing file /home/airflow/.local/lib/python3.7/site-packages/airflow/example_dags/example_task_group.py for tasks to queue
[2023-04-22T23:03:13.502+0000] {logging_mixin.py:137} INFO - [2023-04-22T23:03:13.502+0000] {dagbag.py:532} INFO - Filling up the DagBag from /home/airflow/.local/lib/python3.7/site-packages/airflow/example_dags/example_task_group.py
[2023-04-22T23:03:13.516+0000] {processor.py:753} INFO - DAG(s) dict_keys(['example_task_group']) retrieved from /home/airflow/.local/lib/python3.7/site-packages/airflow/example_dags/example_task_group.py
[2023-04-22T23:03:13.615+0000] {logging_mixin.py:137} INFO - [2023-04-22T23:03:13.615+0000] {manager.py:504} INFO - Created Permission View: can read on DAG:example_task_group
[2023-04-22T23:03:13.621+0000] {logging_mixin.py:137} INFO - [2023-04-22T23:03:13.621+0000] {manager.py:504} INFO - Created Permission View: can delete on DAG:example_task_group
[2023-04-22T23:03:13.625+0000] {logging_mixin.py:137} INFO - [2023-04-22T23:03:13.625+0000] {manager.py:504} INFO - Created Permission View: can edit on DAG:example_task_group
[2023-04-22T23:03:13.626+0000] {logging_mixin.py:137} INFO - [2023-04-22T23:03:13.625+0000] {dag.py:2705} INFO - Sync 1 DAGs
[2023-04-22T23:03:13.634+0000] {logging_mixin.py:137} INFO - [2023-04-22T23:03:13.634+0000] {dag.py:2726} INFO - Creating ORM DAG for example_task_group
[2023-04-22T23:03:13.643+0000] {logging_mixin.py:137} INFO - [2023-04-22T23:03:13.643+0000] {dag.py:3456} INFO - Setting next_dagrun for example_task_group to 2023-04-21T23:03:13.643011+00:00, run_after=2023-04-22T23:03:13.643011+00:00
[2023-04-22T23:03:13.657+0000] {processor.py:175} INFO - Processing /home/airflow/.local/lib/python3.7/site-packages/airflow/example_dags/example_task_group.py took 0.160 seconds
[2023-04-22T23:03:43.877+0000] {processor.py:153} INFO - Started process (PID=109) to work on /home/airflow/.local/lib/python3.7/site-packages/airflow/example_dags/example_task_group.py
[2023-04-22T23:03:43.878+0000] {processor.py:743} INFO - Processing file /home/airflow/.local/lib/python3.7/site-packages/airflow/example_dags/example_task_group.py for tasks to queue
[2023-04-22T23:03:43.879+0000] {logging_mixin.py:137} INFO - [2023-04-22T23:03:43.879+0000] {dagbag.py:532} INFO - Filling up the DagBag from /home/airflow/.local/lib/python3.7/site-packages/airflow/example_dags/example_task_group.py
[2023-04-22T23:03:43.891+0000] {processor.py:753} INFO - DAG(s) dict_keys(['example_task_group']) retrieved from /home/airflow/.local/lib/python3.7/site-packages/airflow/example_dags/example_task_group.py
[2023-04-22T23:03:43.915+0000] {logging_mixin.py:137} INFO - [2023-04-22T23:03:43.915+0000] {dag.py:2705} INFO - Sync 1 DAGs
[2023-04-22T23:03:43.932+0000] {logging_mixin.py:137} INFO - [2023-04-22T23:03:43.932+0000] {dag.py:3456} INFO - Setting next_dagrun for example_task_group to 2023-04-21T23:03:43.932190+00:00, run_after=2023-04-22T23:03:43.932190+00:00
[2023-04-22T23:03:43.944+0000] {processor.py:175} INFO - Processing /home/airflow/.local/lib/python3.7/site-packages/airflow/example_dags/example_task_group.py took 0.069 seconds
[2023-04-22T23:04:14.441+0000] {processor.py:153} INFO - Started process (PID=160) to work on /home/airflow/.local/lib/python3.7/site-packages/airflow/example_dags/example_task_group.py
[2023-04-22T23:04:14.443+0000] {processor.py:743} INFO - Processing file /home/airflow/.local/lib/python3.7/site-packages/airflow/example_dags/example_task_group.py for tasks to queue
[2023-04-22T23:04:14.444+0000] {logging_mixin.py:137} INFO - [2023-04-22T23:04:14.443+0000] {dagbag.py:532} INFO - Filling up the DagBag from /home/airflow/.local/lib/python3.7/site-packages/airflow/example_dags/example_task_group.py
[2023-04-22T23:04:14.455+0000] {processor.py:753} INFO - DAG(s) dict_keys(['example_task_group']) retrieved from /home/airflow/.local/lib/python3.7/site-packages/airflow/example_dags/example_task_group.py
[2023-04-22T23:04:14.476+0000] {logging_mixin.py:137} INFO - [2023-04-22T23:04:14.476+0000] {dag.py:2705} INFO - Sync 1 DAGs
[2023-04-22T23:04:14.493+0000] {logging_mixin.py:137} INFO - [2023-04-22T23:04:14.493+0000] {dag.py:3456} INFO - Setting next_dagrun for example_task_group to 2023-04-21T23:04:14.493126+00:00, run_after=2023-04-22T23:04:14.493126+00:00
[2023-04-22T23:04:14.504+0000] {processor.py:175} INFO - Processing /home/airflow/.local/lib/python3.7/site-packages/airflow/example_dags/example_task_group.py took 0.066 seconds
[2023-04-22T23:04:45.050+0000] {processor.py:153} INFO - Started process (PID=211) to work on /home/airflow/.local/lib/python3.7/site-packages/airflow/example_dags/example_task_group.py
[2023-04-22T23:04:45.052+0000] {processor.py:743} INFO - Processing file /home/airflow/.local/lib/python3.7/site-packages/airflow/example_dags/example_task_group.py for tasks to queue
[2023-04-22T23:04:45.053+0000] {logging_mixin.py:137} INFO - [2023-04-22T23:04:45.053+0000] {dagbag.py:532} INFO - Filling up the DagBag from /home/airflow/.local/lib/python3.7/site-packages/airflow/example_dags/example_task_group.py
[2023-04-22T23:04:45.066+0000] {processor.py:753} INFO - DAG(s) dict_keys(['example_task_group']) retrieved from /home/airflow/.local/lib/python3.7/site-packages/airflow/example_dags/example_task_group.py
[2023-04-22T23:04:45.088+0000] {logging_mixin.py:137} INFO - [2023-04-22T23:04:45.088+0000] {dag.py:2705} INFO - Sync 1 DAGs
[2023-04-22T23:04:45.105+0000] {logging_mixin.py:137} INFO - [2023-04-22T23:04:45.104+0000] {dag.py:3456} INFO - Setting next_dagrun for example_task_group to 2023-04-21T23:04:45.104746+00:00, run_after=2023-04-22T23:04:45.104746+00:00
[2023-04-22T23:04:45.116+0000] {processor.py:175} INFO - Processing /home/airflow/.local/lib/python3.7/site-packages/airflow/example_dags/example_task_group.py took 0.069 seconds
[2023-04-22T23:05:15.614+0000] {processor.py:153} INFO - Started process (PID=262) to work on /home/airflow/.local/lib/python3.7/site-packages/airflow/example_dags/example_task_group.py
[2023-04-22T23:05:15.616+0000] {processor.py:743} INFO - Processing file /home/airflow/.local/lib/python3.7/site-packages/airflow/example_dags/example_task_group.py for tasks to queue
[2023-04-22T23:05:15.618+0000] {logging_mixin.py:137} INFO - [2023-04-22T23:05:15.617+0000] {dagbag.py:532} INFO - Filling up the DagBag from /home/airflow/.local/lib/python3.7/site-packages/airflow/example_dags/example_task_group.py
[2023-04-22T23:05:15.631+0000] {processor.py:753} INFO - DAG(s) dict_keys(['example_task_group']) retrieved from /home/airflow/.local/lib/python3.7/site-packages/airflow/example_dags/example_task_group.py
[2023-04-22T23:05:15.652+0000] {logging_mixin.py:137} INFO - [2023-04-22T23:05:15.652+0000] {dag.py:2705} INFO - Sync 1 DAGs
[2023-04-22T23:05:15.668+0000] {logging_mixin.py:137} INFO - [2023-04-22T23:05:15.668+0000] {dag.py:3456} INFO - Setting next_dagrun for example_task_group to 2023-04-21T23:05:15.668536+00:00, run_after=2023-04-22T23:05:15.668536+00:00
[2023-04-22T23:05:15.681+0000] {processor.py:175} INFO - Processing /home/airflow/.local/lib/python3.7/site-packages/airflow/example_dags/example_task_group.py took 0.070 seconds
[2023-04-22T23:05:45.854+0000] {processor.py:153} INFO - Started process (PID=314) to work on /home/airflow/.local/lib/python3.7/site-packages/airflow/example_dags/example_task_group.py
[2023-04-22T23:05:45.855+0000] {processor.py:743} INFO - Processing file /home/airflow/.local/lib/python3.7/site-packages/airflow/example_dags/example_task_group.py for tasks to queue
[2023-04-22T23:05:45.856+0000] {logging_mixin.py:137} INFO - [2023-04-22T23:05:45.856+0000] {dagbag.py:532} INFO - Filling up the DagBag from /home/airflow/.local/lib/python3.7/site-packages/airflow/example_dags/example_task_group.py
[2023-04-22T23:05:45.868+0000] {processor.py:753} INFO - DAG(s) dict_keys(['example_task_group']) retrieved from /home/airflow/.local/lib/python3.7/site-packages/airflow/example_dags/example_task_group.py
[2023-04-22T23:05:45.890+0000] {logging_mixin.py:137} INFO - [2023-04-22T23:05:45.889+0000] {dag.py:2705} INFO - Sync 1 DAGs
[2023-04-22T23:05:45.906+0000] {logging_mixin.py:137} INFO - [2023-04-22T23:05:45.905+0000] {dag.py:3456} INFO - Setting next_dagrun for example_task_group to 2023-04-21T23:05:45.905756+00:00, run_after=2023-04-22T23:05:45.905756+00:00
[2023-04-22T23:05:45.917+0000] {processor.py:175} INFO - Processing /home/airflow/.local/lib/python3.7/site-packages/airflow/example_dags/example_task_group.py took 0.066 seconds
[2023-04-22T23:06:16.034+0000] {processor.py:153} INFO - Started process (PID=365) to work on /home/airflow/.local/lib/python3.7/site-packages/airflow/example_dags/example_task_group.py
[2023-04-22T23:06:16.035+0000] {processor.py:743} INFO - Processing file /home/airflow/.local/lib/python3.7/site-packages/airflow/example_dags/example_task_group.py for tasks to queue
[2023-04-22T23:06:16.037+0000] {logging_mixin.py:137} INFO - [2023-04-22T23:06:16.037+0000] {dagbag.py:532} INFO - Filling up the DagBag from /home/airflow/.local/lib/python3.7/site-packages/airflow/example_dags/example_task_group.py
[2023-04-22T23:06:16.051+0000] {processor.py:753} INFO - DAG(s) dict_keys(['example_task_group']) retrieved from /home/airflow/.local/lib/python3.7/site-packages/airflow/example_dags/example_task_group.py
[2023-04-22T23:06:16.073+0000] {logging_mixin.py:137} INFO - [2023-04-22T23:06:16.073+0000] {dag.py:2705} INFO - Sync 1 DAGs
[2023-04-22T23:06:16.090+0000] {logging_mixin.py:137} INFO - [2023-04-22T23:06:16.090+0000] {dag.py:3456} INFO - Setting next_dagrun for example_task_group to 2023-04-21T23:06:16.089997+00:00, run_after=2023-04-22T23:06:16.089997+00:00
[2023-04-22T23:06:16.101+0000] {processor.py:175} INFO - Processing /home/airflow/.local/lib/python3.7/site-packages/airflow/example_dags/example_task_group.py took 0.071 seconds
[2023-04-22T23:06:46.923+0000] {processor.py:153} INFO - Started process (PID=417) to work on /home/airflow/.local/lib/python3.7/site-packages/airflow/example_dags/example_task_group.py
[2023-04-22T23:06:46.924+0000] {processor.py:743} INFO - Processing file /home/airflow/.local/lib/python3.7/site-packages/airflow/example_dags/example_task_group.py for tasks to queue
[2023-04-22T23:06:46.925+0000] {logging_mixin.py:137} INFO - [2023-04-22T23:06:46.925+0000] {dagbag.py:532} INFO - Filling up the DagBag from /home/airflow/.local/lib/python3.7/site-packages/airflow/example_dags/example_task_group.py
[2023-04-22T23:06:46.936+0000] {processor.py:753} INFO - DAG(s) dict_keys(['example_task_group']) retrieved from /home/airflow/.local/lib/python3.7/site-packages/airflow/example_dags/example_task_group.py
[2023-04-22T23:06:46.955+0000] {logging_mixin.py:137} INFO - [2023-04-22T23:06:46.955+0000] {dag.py:2705} INFO - Sync 1 DAGs
[2023-04-22T23:06:46.971+0000] {logging_mixin.py:137} INFO - [2023-04-22T23:06:46.971+0000] {dag.py:3456} INFO - Setting next_dagrun for example_task_group to 2023-04-21T23:06:46.970918+00:00, run_after=2023-04-22T23:06:46.970918+00:00
[2023-04-22T23:06:46.983+0000] {processor.py:175} INFO - Processing /home/airflow/.local/lib/python3.7/site-packages/airflow/example_dags/example_task_group.py took 0.063 seconds
[2023-04-22T23:12:38.297+0000] {processor.py:153} INFO - Started process (PID=58) to work on /home/airflow/.local/lib/python3.7/site-packages/airflow/example_dags/example_task_group.py
[2023-04-22T23:12:38.298+0000] {processor.py:743} INFO - Processing file /home/airflow/.local/lib/python3.7/site-packages/airflow/example_dags/example_task_group.py for tasks to queue
[2023-04-22T23:12:38.299+0000] {logging_mixin.py:137} INFO - [2023-04-22T23:12:38.299+0000] {dagbag.py:532} INFO - Filling up the DagBag from /home/airflow/.local/lib/python3.7/site-packages/airflow/example_dags/example_task_group.py
[2023-04-22T23:12:38.313+0000] {processor.py:753} INFO - DAG(s) dict_keys(['example_task_group']) retrieved from /home/airflow/.local/lib/python3.7/site-packages/airflow/example_dags/example_task_group.py
[2023-04-22T23:12:38.417+0000] {logging_mixin.py:137} INFO - [2023-04-22T23:12:38.417+0000] {manager.py:504} INFO - Created Permission View: can edit on DAG:example_task_group
[2023-04-22T23:12:38.431+0000] {logging_mixin.py:137} INFO - [2023-04-22T23:12:38.431+0000] {manager.py:504} INFO - Created Permission View: can read on DAG:example_task_group
[2023-04-22T23:12:38.436+0000] {logging_mixin.py:137} INFO - [2023-04-22T23:12:38.436+0000] {manager.py:504} INFO - Created Permission View: can delete on DAG:example_task_group
[2023-04-22T23:12:38.437+0000] {logging_mixin.py:137} INFO - [2023-04-22T23:12:38.437+0000] {dag.py:2705} INFO - Sync 1 DAGs
[2023-04-22T23:12:38.450+0000] {logging_mixin.py:137} INFO - [2023-04-22T23:12:38.450+0000] {dag.py:2726} INFO - Creating ORM DAG for example_task_group
[2023-04-22T23:12:38.462+0000] {logging_mixin.py:137} INFO - [2023-04-22T23:12:38.462+0000] {dag.py:3456} INFO - Setting next_dagrun for example_task_group to 2023-04-21T23:12:38.462308+00:00, run_after=2023-04-22T23:12:38.462308+00:00
[2023-04-22T23:12:38.482+0000] {processor.py:175} INFO - Processing /home/airflow/.local/lib/python3.7/site-packages/airflow/example_dags/example_task_group.py took 0.188 seconds
[2023-04-22T23:13:08.543+0000] {processor.py:153} INFO - Started process (PID=109) to work on /home/airflow/.local/lib/python3.7/site-packages/airflow/example_dags/example_task_group.py
[2023-04-22T23:13:08.544+0000] {processor.py:743} INFO - Processing file /home/airflow/.local/lib/python3.7/site-packages/airflow/example_dags/example_task_group.py for tasks to queue
[2023-04-22T23:13:08.545+0000] {logging_mixin.py:137} INFO - [2023-04-22T23:13:08.545+0000] {dagbag.py:532} INFO - Filling up the DagBag from /home/airflow/.local/lib/python3.7/site-packages/airflow/example_dags/example_task_group.py
[2023-04-22T23:13:08.556+0000] {processor.py:753} INFO - DAG(s) dict_keys(['example_task_group']) retrieved from /home/airflow/.local/lib/python3.7/site-packages/airflow/example_dags/example_task_group.py
[2023-04-22T23:13:08.576+0000] {logging_mixin.py:137} INFO - [2023-04-22T23:13:08.576+0000] {dag.py:2705} INFO - Sync 1 DAGs
[2023-04-22T23:13:08.593+0000] {logging_mixin.py:137} INFO - [2023-04-22T23:13:08.593+0000] {dag.py:3456} INFO - Setting next_dagrun for example_task_group to 2023-04-21T23:13:08.593034+00:00, run_after=2023-04-22T23:13:08.593034+00:00
[2023-04-22T23:13:08.603+0000] {processor.py:175} INFO - Processing /home/airflow/.local/lib/python3.7/site-packages/airflow/example_dags/example_task_group.py took 0.063 seconds
[2023-04-22T23:13:38.978+0000] {processor.py:153} INFO - Started process (PID=160) to work on /home/airflow/.local/lib/python3.7/site-packages/airflow/example_dags/example_task_group.py
[2023-04-22T23:13:38.979+0000] {processor.py:743} INFO - Processing file /home/airflow/.local/lib/python3.7/site-packages/airflow/example_dags/example_task_group.py for tasks to queue
[2023-04-22T23:13:38.980+0000] {logging_mixin.py:137} INFO - [2023-04-22T23:13:38.980+0000] {dagbag.py:532} INFO - Filling up the DagBag from /home/airflow/.local/lib/python3.7/site-packages/airflow/example_dags/example_task_group.py
[2023-04-22T23:13:38.991+0000] {processor.py:753} INFO - DAG(s) dict_keys(['example_task_group']) retrieved from /home/airflow/.local/lib/python3.7/site-packages/airflow/example_dags/example_task_group.py
[2023-04-22T23:13:39.011+0000] {logging_mixin.py:137} INFO - [2023-04-22T23:13:39.011+0000] {dag.py:2705} INFO - Sync 1 DAGs
[2023-04-22T23:13:39.026+0000] {logging_mixin.py:137} INFO - [2023-04-22T23:13:39.026+0000] {dag.py:3456} INFO - Setting next_dagrun for example_task_group to 2023-04-21T23:13:39.026491+00:00, run_after=2023-04-22T23:13:39.026491+00:00
[2023-04-22T23:13:39.038+0000] {processor.py:175} INFO - Processing /home/airflow/.local/lib/python3.7/site-packages/airflow/example_dags/example_task_group.py took 0.063 seconds
[2023-04-22T23:14:09.378+0000] {processor.py:153} INFO - Started process (PID=212) to work on /home/airflow/.local/lib/python3.7/site-packages/airflow/example_dags/example_task_group.py
[2023-04-22T23:14:09.379+0000] {processor.py:743} INFO - Processing file /home/airflow/.local/lib/python3.7/site-packages/airflow/example_dags/example_task_group.py for tasks to queue
[2023-04-22T23:14:09.380+0000] {logging_mixin.py:137} INFO - [2023-04-22T23:14:09.380+0000] {dagbag.py:532} INFO - Filling up the DagBag from /home/airflow/.local/lib/python3.7/site-packages/airflow/example_dags/example_task_group.py
[2023-04-22T23:14:09.391+0000] {processor.py:753} INFO - DAG(s) dict_keys(['example_task_group']) retrieved from /home/airflow/.local/lib/python3.7/site-packages/airflow/example_dags/example_task_group.py
[2023-04-22T23:14:09.411+0000] {logging_mixin.py:137} INFO - [2023-04-22T23:14:09.411+0000] {dag.py:2705} INFO - Sync 1 DAGs
[2023-04-22T23:14:09.426+0000] {logging_mixin.py:137} INFO - [2023-04-22T23:14:09.426+0000] {dag.py:3456} INFO - Setting next_dagrun for example_task_group to 2023-04-21T23:14:09.426191+00:00, run_after=2023-04-22T23:14:09.426191+00:00
[2023-04-22T23:14:09.438+0000] {processor.py:175} INFO - Processing /home/airflow/.local/lib/python3.7/site-packages/airflow/example_dags/example_task_group.py took 0.064 seconds
[2023-04-22T23:14:39.729+0000] {processor.py:153} INFO - Started process (PID=263) to work on /home/airflow/.local/lib/python3.7/site-packages/airflow/example_dags/example_task_group.py
[2023-04-22T23:14:39.730+0000] {processor.py:743} INFO - Processing file /home/airflow/.local/lib/python3.7/site-packages/airflow/example_dags/example_task_group.py for tasks to queue
[2023-04-22T23:14:39.731+0000] {logging_mixin.py:137} INFO - [2023-04-22T23:14:39.731+0000] {dagbag.py:532} INFO - Filling up the DagBag from /home/airflow/.local/lib/python3.7/site-packages/airflow/example_dags/example_task_group.py
[2023-04-22T23:14:39.745+0000] {processor.py:753} INFO - DAG(s) dict_keys(['example_task_group']) retrieved from /home/airflow/.local/lib/python3.7/site-packages/airflow/example_dags/example_task_group.py
[2023-04-22T23:14:39.767+0000] {logging_mixin.py:137} INFO - [2023-04-22T23:14:39.767+0000] {dag.py:2705} INFO - Sync 1 DAGs
[2023-04-22T23:14:39.788+0000] {logging_mixin.py:137} INFO - [2023-04-22T23:14:39.788+0000] {dag.py:3456} INFO - Setting next_dagrun for example_task_group to 2023-04-21T23:14:39.788280+00:00, run_after=2023-04-22T23:14:39.788280+00:00
[2023-04-22T23:14:39.802+0000] {processor.py:175} INFO - Processing /home/airflow/.local/lib/python3.7/site-packages/airflow/example_dags/example_task_group.py took 0.076 seconds
[2023-04-22T23:15:10.258+0000] {processor.py:153} INFO - Started process (PID=313) to work on /home/airflow/.local/lib/python3.7/site-packages/airflow/example_dags/example_task_group.py
[2023-04-22T23:15:10.259+0000] {processor.py:743} INFO - Processing file /home/airflow/.local/lib/python3.7/site-packages/airflow/example_dags/example_task_group.py for tasks to queue
[2023-04-22T23:15:10.260+0000] {logging_mixin.py:137} INFO - [2023-04-22T23:15:10.260+0000] {dagbag.py:532} INFO - Filling up the DagBag from /home/airflow/.local/lib/python3.7/site-packages/airflow/example_dags/example_task_group.py
[2023-04-22T23:15:10.270+0000] {processor.py:753} INFO - DAG(s) dict_keys(['example_task_group']) retrieved from /home/airflow/.local/lib/python3.7/site-packages/airflow/example_dags/example_task_group.py
[2023-04-22T23:15:10.291+0000] {logging_mixin.py:137} INFO - [2023-04-22T23:15:10.291+0000] {dag.py:2705} INFO - Sync 1 DAGs
[2023-04-22T23:15:10.326+0000] {logging_mixin.py:137} INFO - [2023-04-22T23:15:10.326+0000] {dag.py:3456} INFO - Setting next_dagrun for example_task_group to 2023-04-21T23:15:10.325689+00:00, run_after=2023-04-22T23:15:10.325689+00:00
[2023-04-22T23:15:10.351+0000] {processor.py:175} INFO - Processing /home/airflow/.local/lib/python3.7/site-packages/airflow/example_dags/example_task_group.py took 0.096 seconds
[2023-04-22T23:15:40.721+0000] {processor.py:153} INFO - Started process (PID=364) to work on /home/airflow/.local/lib/python3.7/site-packages/airflow/example_dags/example_task_group.py
[2023-04-22T23:15:40.724+0000] {processor.py:743} INFO - Processing file /home/airflow/.local/lib/python3.7/site-packages/airflow/example_dags/example_task_group.py for tasks to queue
[2023-04-22T23:15:40.725+0000] {logging_mixin.py:137} INFO - [2023-04-22T23:15:40.725+0000] {dagbag.py:532} INFO - Filling up the DagBag from /home/airflow/.local/lib/python3.7/site-packages/airflow/example_dags/example_task_group.py
[2023-04-22T23:15:40.748+0000] {processor.py:753} INFO - DAG(s) dict_keys(['example_task_group']) retrieved from /home/airflow/.local/lib/python3.7/site-packages/airflow/example_dags/example_task_group.py
[2023-04-22T23:15:40.778+0000] {logging_mixin.py:137} INFO - [2023-04-22T23:15:40.778+0000] {dag.py:2705} INFO - Sync 1 DAGs
[2023-04-22T23:15:40.798+0000] {logging_mixin.py:137} INFO - [2023-04-22T23:15:40.798+0000] {dag.py:3456} INFO - Setting next_dagrun for example_task_group to 2023-04-21T23:15:40.798086+00:00, run_after=2023-04-22T23:15:40.798086+00:00
[2023-04-22T23:15:40.815+0000] {processor.py:175} INFO - Processing /home/airflow/.local/lib/python3.7/site-packages/airflow/example_dags/example_task_group.py took 0.098 seconds
[2023-04-22T23:16:11.301+0000] {processor.py:153} INFO - Started process (PID=415) to work on /home/airflow/.local/lib/python3.7/site-packages/airflow/example_dags/example_task_group.py
[2023-04-22T23:16:11.302+0000] {processor.py:743} INFO - Processing file /home/airflow/.local/lib/python3.7/site-packages/airflow/example_dags/example_task_group.py for tasks to queue
[2023-04-22T23:16:11.303+0000] {logging_mixin.py:137} INFO - [2023-04-22T23:16:11.303+0000] {dagbag.py:532} INFO - Filling up the DagBag from /home/airflow/.local/lib/python3.7/site-packages/airflow/example_dags/example_task_group.py
[2023-04-22T23:16:11.314+0000] {processor.py:753} INFO - DAG(s) dict_keys(['example_task_group']) retrieved from /home/airflow/.local/lib/python3.7/site-packages/airflow/example_dags/example_task_group.py
[2023-04-22T23:16:11.333+0000] {logging_mixin.py:137} INFO - [2023-04-22T23:16:11.333+0000] {dag.py:2705} INFO - Sync 1 DAGs
[2023-04-22T23:16:11.348+0000] {logging_mixin.py:137} INFO - [2023-04-22T23:16:11.348+0000] {dag.py:3456} INFO - Setting next_dagrun for example_task_group to 2023-04-21T23:16:11.348489+00:00, run_after=2023-04-22T23:16:11.348489+00:00
[2023-04-22T23:16:11.360+0000] {processor.py:175} INFO - Processing /home/airflow/.local/lib/python3.7/site-packages/airflow/example_dags/example_task_group.py took 0.061 seconds
[2023-04-22T23:16:41.536+0000] {processor.py:153} INFO - Started process (PID=466) to work on /home/airflow/.local/lib/python3.7/site-packages/airflow/example_dags/example_task_group.py
[2023-04-22T23:16:41.537+0000] {processor.py:743} INFO - Processing file /home/airflow/.local/lib/python3.7/site-packages/airflow/example_dags/example_task_group.py for tasks to queue
[2023-04-22T23:16:41.538+0000] {logging_mixin.py:137} INFO - [2023-04-22T23:16:41.538+0000] {dagbag.py:532} INFO - Filling up the DagBag from /home/airflow/.local/lib/python3.7/site-packages/airflow/example_dags/example_task_group.py
[2023-04-22T23:16:41.549+0000] {processor.py:753} INFO - DAG(s) dict_keys(['example_task_group']) retrieved from /home/airflow/.local/lib/python3.7/site-packages/airflow/example_dags/example_task_group.py
[2023-04-22T23:16:41.568+0000] {logging_mixin.py:137} INFO - [2023-04-22T23:16:41.568+0000] {dag.py:2705} INFO - Sync 1 DAGs
[2023-04-22T23:16:41.583+0000] {logging_mixin.py:137} INFO - [2023-04-22T23:16:41.583+0000] {dag.py:3456} INFO - Setting next_dagrun for example_task_group to 2023-04-21T23:16:41.583457+00:00, run_after=2023-04-22T23:16:41.583457+00:00
[2023-04-22T23:16:41.597+0000] {processor.py:175} INFO - Processing /home/airflow/.local/lib/python3.7/site-packages/airflow/example_dags/example_task_group.py took 0.064 seconds
[2023-04-22T23:17:12.011+0000] {processor.py:153} INFO - Started process (PID=517) to work on /home/airflow/.local/lib/python3.7/site-packages/airflow/example_dags/example_task_group.py
[2023-04-22T23:17:12.012+0000] {processor.py:743} INFO - Processing file /home/airflow/.local/lib/python3.7/site-packages/airflow/example_dags/example_task_group.py for tasks to queue
[2023-04-22T23:17:12.013+0000] {logging_mixin.py:137} INFO - [2023-04-22T23:17:12.013+0000] {dagbag.py:532} INFO - Filling up the DagBag from /home/airflow/.local/lib/python3.7/site-packages/airflow/example_dags/example_task_group.py
[2023-04-22T23:17:12.024+0000] {processor.py:753} INFO - DAG(s) dict_keys(['example_task_group']) retrieved from /home/airflow/.local/lib/python3.7/site-packages/airflow/example_dags/example_task_group.py
[2023-04-22T23:17:12.043+0000] {logging_mixin.py:137} INFO - [2023-04-22T23:17:12.043+0000] {dag.py:2705} INFO - Sync 1 DAGs
[2023-04-22T23:17:12.061+0000] {logging_mixin.py:137} INFO - [2023-04-22T23:17:12.060+0000] {dag.py:3456} INFO - Setting next_dagrun for example_task_group to 2023-04-21T23:17:12.060669+00:00, run_after=2023-04-22T23:17:12.060669+00:00
[2023-04-22T23:17:12.073+0000] {processor.py:175} INFO - Processing /home/airflow/.local/lib/python3.7/site-packages/airflow/example_dags/example_task_group.py took 0.065 seconds
[2023-04-22T23:17:43.163+0000] {processor.py:153} INFO - Started process (PID=568) to work on /home/airflow/.local/lib/python3.7/site-packages/airflow/example_dags/example_task_group.py
[2023-04-22T23:17:43.179+0000] {processor.py:743} INFO - Processing file /home/airflow/.local/lib/python3.7/site-packages/airflow/example_dags/example_task_group.py for tasks to queue
[2023-04-22T23:17:43.186+0000] {logging_mixin.py:137} INFO - [2023-04-22T23:17:43.186+0000] {dagbag.py:532} INFO - Filling up the DagBag from /home/airflow/.local/lib/python3.7/site-packages/airflow/example_dags/example_task_group.py
[2023-04-22T23:17:43.202+0000] {processor.py:753} INFO - DAG(s) dict_keys(['example_task_group']) retrieved from /home/airflow/.local/lib/python3.7/site-packages/airflow/example_dags/example_task_group.py
[2023-04-22T23:17:43.226+0000] {logging_mixin.py:137} INFO - [2023-04-22T23:17:43.226+0000] {dag.py:2705} INFO - Sync 1 DAGs
[2023-04-22T23:17:43.255+0000] {logging_mixin.py:137} INFO - [2023-04-22T23:17:43.255+0000] {dag.py:3456} INFO - Setting next_dagrun for example_task_group to 2023-04-21T23:17:43.255439+00:00, run_after=2023-04-22T23:17:43.255439+00:00
[2023-04-22T23:17:43.275+0000] {processor.py:175} INFO - Processing /home/airflow/.local/lib/python3.7/site-packages/airflow/example_dags/example_task_group.py took 0.116 seconds
[2023-04-22T23:18:13.374+0000] {processor.py:153} INFO - Started process (PID=619) to work on /home/airflow/.local/lib/python3.7/site-packages/airflow/example_dags/example_task_group.py
[2023-04-22T23:18:13.377+0000] {processor.py:743} INFO - Processing file /home/airflow/.local/lib/python3.7/site-packages/airflow/example_dags/example_task_group.py for tasks to queue
[2023-04-22T23:18:13.379+0000] {logging_mixin.py:137} INFO - [2023-04-22T23:18:13.379+0000] {dagbag.py:532} INFO - Filling up the DagBag from /home/airflow/.local/lib/python3.7/site-packages/airflow/example_dags/example_task_group.py
[2023-04-22T23:18:13.413+0000] {processor.py:753} INFO - DAG(s) dict_keys(['example_task_group']) retrieved from /home/airflow/.local/lib/python3.7/site-packages/airflow/example_dags/example_task_group.py
[2023-04-22T23:18:13.445+0000] {logging_mixin.py:137} INFO - [2023-04-22T23:18:13.444+0000] {dag.py:2705} INFO - Sync 1 DAGs
[2023-04-22T23:18:13.472+0000] {logging_mixin.py:137} INFO - [2023-04-22T23:18:13.472+0000] {dag.py:3456} INFO - Setting next_dagrun for example_task_group to 2023-04-21T23:18:13.472030+00:00, run_after=2023-04-22T23:18:13.472030+00:00
[2023-04-22T23:18:13.499+0000] {processor.py:175} INFO - Processing /home/airflow/.local/lib/python3.7/site-packages/airflow/example_dags/example_task_group.py took 0.130 seconds
[2023-04-22T23:19:30.427+0000] {processor.py:153} INFO - Started process (PID=58) to work on /home/airflow/.local/lib/python3.7/site-packages/airflow/example_dags/example_task_group.py
[2023-04-22T23:19:30.433+0000] {processor.py:743} INFO - Processing file /home/airflow/.local/lib/python3.7/site-packages/airflow/example_dags/example_task_group.py for tasks to queue
[2023-04-22T23:19:30.436+0000] {logging_mixin.py:137} INFO - [2023-04-22T23:19:30.436+0000] {dagbag.py:532} INFO - Filling up the DagBag from /home/airflow/.local/lib/python3.7/site-packages/airflow/example_dags/example_task_group.py
[2023-04-22T23:19:30.471+0000] {processor.py:753} INFO - DAG(s) dict_keys(['example_task_group']) retrieved from /home/airflow/.local/lib/python3.7/site-packages/airflow/example_dags/example_task_group.py
[2023-04-22T23:19:30.503+0000] {logging_mixin.py:137} INFO - [2023-04-22T23:19:30.503+0000] {dag.py:2705} INFO - Sync 1 DAGs
[2023-04-22T23:19:30.536+0000] {logging_mixin.py:137} INFO - [2023-04-22T23:19:30.536+0000] {dag.py:3456} INFO - Setting next_dagrun for example_task_group to 2023-04-21T23:19:30.535595+00:00, run_after=2023-04-22T23:19:30.535595+00:00
[2023-04-22T23:19:30.568+0000] {processor.py:175} INFO - Processing /home/airflow/.local/lib/python3.7/site-packages/airflow/example_dags/example_task_group.py took 0.161 seconds
[2023-04-22T23:20:01.013+0000] {processor.py:153} INFO - Started process (PID=109) to work on /home/airflow/.local/lib/python3.7/site-packages/airflow/example_dags/example_task_group.py
[2023-04-22T23:20:01.014+0000] {processor.py:743} INFO - Processing file /home/airflow/.local/lib/python3.7/site-packages/airflow/example_dags/example_task_group.py for tasks to queue
[2023-04-22T23:20:01.015+0000] {logging_mixin.py:137} INFO - [2023-04-22T23:20:01.015+0000] {dagbag.py:532} INFO - Filling up the DagBag from /home/airflow/.local/lib/python3.7/site-packages/airflow/example_dags/example_task_group.py
[2023-04-22T23:20:01.026+0000] {processor.py:753} INFO - DAG(s) dict_keys(['example_task_group']) retrieved from /home/airflow/.local/lib/python3.7/site-packages/airflow/example_dags/example_task_group.py
[2023-04-22T23:20:01.047+0000] {logging_mixin.py:137} INFO - [2023-04-22T23:20:01.047+0000] {dag.py:2705} INFO - Sync 1 DAGs
[2023-04-22T23:20:01.064+0000] {logging_mixin.py:137} INFO - [2023-04-22T23:20:01.064+0000] {dag.py:3456} INFO - Setting next_dagrun for example_task_group to 2023-04-21T23:20:01.064463+00:00, run_after=2023-04-22T23:20:01.064463+00:00
[2023-04-22T23:20:01.076+0000] {processor.py:175} INFO - Processing /home/airflow/.local/lib/python3.7/site-packages/airflow/example_dags/example_task_group.py took 0.065 seconds
[2023-04-22T23:20:31.323+0000] {processor.py:153} INFO - Started process (PID=160) to work on /home/airflow/.local/lib/python3.7/site-packages/airflow/example_dags/example_task_group.py
[2023-04-22T23:20:31.324+0000] {processor.py:743} INFO - Processing file /home/airflow/.local/lib/python3.7/site-packages/airflow/example_dags/example_task_group.py for tasks to queue
[2023-04-22T23:20:31.325+0000] {logging_mixin.py:137} INFO - [2023-04-22T23:20:31.325+0000] {dagbag.py:532} INFO - Filling up the DagBag from /home/airflow/.local/lib/python3.7/site-packages/airflow/example_dags/example_task_group.py
[2023-04-22T23:20:31.337+0000] {processor.py:753} INFO - DAG(s) dict_keys(['example_task_group']) retrieved from /home/airflow/.local/lib/python3.7/site-packages/airflow/example_dags/example_task_group.py
[2023-04-22T23:20:31.358+0000] {logging_mixin.py:137} INFO - [2023-04-22T23:20:31.358+0000] {dag.py:2705} INFO - Sync 1 DAGs
[2023-04-22T23:20:31.375+0000] {logging_mixin.py:137} INFO - [2023-04-22T23:20:31.375+0000] {dag.py:3456} INFO - Setting next_dagrun for example_task_group to 2023-04-21T23:20:31.375063+00:00, run_after=2023-04-22T23:20:31.375063+00:00
[2023-04-22T23:20:31.392+0000] {processor.py:175} INFO - Processing /home/airflow/.local/lib/python3.7/site-packages/airflow/example_dags/example_task_group.py took 0.073 seconds
[2023-04-22T23:21:02.420+0000] {processor.py:153} INFO - Started process (PID=211) to work on /home/airflow/.local/lib/python3.7/site-packages/airflow/example_dags/example_task_group.py
[2023-04-22T23:21:02.422+0000] {processor.py:743} INFO - Processing file /home/airflow/.local/lib/python3.7/site-packages/airflow/example_dags/example_task_group.py for tasks to queue
[2023-04-22T23:21:02.422+0000] {logging_mixin.py:137} INFO - [2023-04-22T23:21:02.422+0000] {dagbag.py:532} INFO - Filling up the DagBag from /home/airflow/.local/lib/python3.7/site-packages/airflow/example_dags/example_task_group.py
[2023-04-22T23:21:02.434+0000] {processor.py:753} INFO - DAG(s) dict_keys(['example_task_group']) retrieved from /home/airflow/.local/lib/python3.7/site-packages/airflow/example_dags/example_task_group.py
[2023-04-22T23:21:02.460+0000] {logging_mixin.py:137} INFO - [2023-04-22T23:21:02.460+0000] {dag.py:2705} INFO - Sync 1 DAGs
[2023-04-22T23:21:02.477+0000] {logging_mixin.py:137} INFO - [2023-04-22T23:21:02.477+0000] {dag.py:3456} INFO - Setting next_dagrun for example_task_group to 2023-04-21T23:21:02.476933+00:00, run_after=2023-04-22T23:21:02.476933+00:00
[2023-04-22T23:21:02.488+0000] {processor.py:175} INFO - Processing /home/airflow/.local/lib/python3.7/site-packages/airflow/example_dags/example_task_group.py took 0.070 seconds
[2023-04-22T23:21:32.651+0000] {processor.py:153} INFO - Started process (PID=262) to work on /home/airflow/.local/lib/python3.7/site-packages/airflow/example_dags/example_task_group.py
[2023-04-22T23:21:32.653+0000] {processor.py:743} INFO - Processing file /home/airflow/.local/lib/python3.7/site-packages/airflow/example_dags/example_task_group.py for tasks to queue
[2023-04-22T23:21:32.653+0000] {logging_mixin.py:137} INFO - [2023-04-22T23:21:32.653+0000] {dagbag.py:532} INFO - Filling up the DagBag from /home/airflow/.local/lib/python3.7/site-packages/airflow/example_dags/example_task_group.py
[2023-04-22T23:21:32.665+0000] {processor.py:753} INFO - DAG(s) dict_keys(['example_task_group']) retrieved from /home/airflow/.local/lib/python3.7/site-packages/airflow/example_dags/example_task_group.py
[2023-04-22T23:21:32.685+0000] {logging_mixin.py:137} INFO - [2023-04-22T23:21:32.685+0000] {dag.py:2705} INFO - Sync 1 DAGs
[2023-04-22T23:21:32.700+0000] {logging_mixin.py:137} INFO - [2023-04-22T23:21:32.700+0000] {dag.py:3456} INFO - Setting next_dagrun for example_task_group to 2023-04-21T23:21:32.700655+00:00, run_after=2023-04-22T23:21:32.700655+00:00
[2023-04-22T23:21:32.712+0000] {processor.py:175} INFO - Processing /home/airflow/.local/lib/python3.7/site-packages/airflow/example_dags/example_task_group.py took 0.064 seconds
[2023-04-22T23:22:03.125+0000] {processor.py:153} INFO - Started process (PID=313) to work on /home/airflow/.local/lib/python3.7/site-packages/airflow/example_dags/example_task_group.py
[2023-04-22T23:22:03.126+0000] {processor.py:743} INFO - Processing file /home/airflow/.local/lib/python3.7/site-packages/airflow/example_dags/example_task_group.py for tasks to queue
[2023-04-22T23:22:03.127+0000] {logging_mixin.py:137} INFO - [2023-04-22T23:22:03.127+0000] {dagbag.py:532} INFO - Filling up the DagBag from /home/airflow/.local/lib/python3.7/site-packages/airflow/example_dags/example_task_group.py
[2023-04-22T23:22:03.138+0000] {processor.py:753} INFO - DAG(s) dict_keys(['example_task_group']) retrieved from /home/airflow/.local/lib/python3.7/site-packages/airflow/example_dags/example_task_group.py
[2023-04-22T23:22:03.157+0000] {logging_mixin.py:137} INFO - [2023-04-22T23:22:03.157+0000] {dag.py:2705} INFO - Sync 1 DAGs
[2023-04-22T23:22:03.173+0000] {logging_mixin.py:137} INFO - [2023-04-22T23:22:03.173+0000] {dag.py:3456} INFO - Setting next_dagrun for example_task_group to 2023-04-21T23:22:03.173536+00:00, run_after=2023-04-22T23:22:03.173536+00:00
[2023-04-22T23:22:03.186+0000] {processor.py:175} INFO - Processing /home/airflow/.local/lib/python3.7/site-packages/airflow/example_dags/example_task_group.py took 0.064 seconds
[2023-04-22T23:22:34.265+0000] {processor.py:153} INFO - Started process (PID=365) to work on /home/airflow/.local/lib/python3.7/site-packages/airflow/example_dags/example_task_group.py
[2023-04-22T23:22:34.266+0000] {processor.py:743} INFO - Processing file /home/airflow/.local/lib/python3.7/site-packages/airflow/example_dags/example_task_group.py for tasks to queue
[2023-04-22T23:22:34.267+0000] {logging_mixin.py:137} INFO - [2023-04-22T23:22:34.267+0000] {dagbag.py:532} INFO - Filling up the DagBag from /home/airflow/.local/lib/python3.7/site-packages/airflow/example_dags/example_task_group.py
[2023-04-22T23:22:34.279+0000] {processor.py:753} INFO - DAG(s) dict_keys(['example_task_group']) retrieved from /home/airflow/.local/lib/python3.7/site-packages/airflow/example_dags/example_task_group.py
[2023-04-22T23:22:34.300+0000] {logging_mixin.py:137} INFO - [2023-04-22T23:22:34.300+0000] {dag.py:2705} INFO - Sync 1 DAGs
[2023-04-22T23:22:34.317+0000] {logging_mixin.py:137} INFO - [2023-04-22T23:22:34.317+0000] {dag.py:3456} INFO - Setting next_dagrun for example_task_group to 2023-04-21T23:22:34.317460+00:00, run_after=2023-04-22T23:22:34.317460+00:00
[2023-04-22T23:22:34.333+0000] {processor.py:175} INFO - Processing /home/airflow/.local/lib/python3.7/site-packages/airflow/example_dags/example_task_group.py took 0.071 seconds
[2023-04-22T23:23:04.955+0000] {processor.py:153} INFO - Started process (PID=415) to work on /home/airflow/.local/lib/python3.7/site-packages/airflow/example_dags/example_task_group.py
[2023-04-22T23:23:04.957+0000] {processor.py:743} INFO - Processing file /home/airflow/.local/lib/python3.7/site-packages/airflow/example_dags/example_task_group.py for tasks to queue
[2023-04-22T23:23:04.958+0000] {logging_mixin.py:137} INFO - [2023-04-22T23:23:04.958+0000] {dagbag.py:532} INFO - Filling up the DagBag from /home/airflow/.local/lib/python3.7/site-packages/airflow/example_dags/example_task_group.py
[2023-04-22T23:23:04.971+0000] {processor.py:753} INFO - DAG(s) dict_keys(['example_task_group']) retrieved from /home/airflow/.local/lib/python3.7/site-packages/airflow/example_dags/example_task_group.py
[2023-04-22T23:23:04.995+0000] {logging_mixin.py:137} INFO - [2023-04-22T23:23:04.995+0000] {dag.py:2705} INFO - Sync 1 DAGs
[2023-04-22T23:23:05.015+0000] {logging_mixin.py:137} INFO - [2023-04-22T23:23:05.015+0000] {dag.py:3456} INFO - Setting next_dagrun for example_task_group to 2023-04-21T23:23:05.015317+00:00, run_after=2023-04-22T23:23:05.015317+00:00
[2023-04-22T23:23:05.029+0000] {processor.py:175} INFO - Processing /home/airflow/.local/lib/python3.7/site-packages/airflow/example_dags/example_task_group.py took 0.077 seconds
[2023-04-22T23:23:35.082+0000] {processor.py:153} INFO - Started process (PID=466) to work on /home/airflow/.local/lib/python3.7/site-packages/airflow/example_dags/example_task_group.py
[2023-04-22T23:23:35.083+0000] {processor.py:743} INFO - Processing file /home/airflow/.local/lib/python3.7/site-packages/airflow/example_dags/example_task_group.py for tasks to queue
[2023-04-22T23:23:35.084+0000] {logging_mixin.py:137} INFO - [2023-04-22T23:23:35.084+0000] {dagbag.py:532} INFO - Filling up the DagBag from /home/airflow/.local/lib/python3.7/site-packages/airflow/example_dags/example_task_group.py
[2023-04-22T23:23:35.101+0000] {processor.py:753} INFO - DAG(s) dict_keys(['example_task_group']) retrieved from /home/airflow/.local/lib/python3.7/site-packages/airflow/example_dags/example_task_group.py
[2023-04-22T23:23:35.152+0000] {logging_mixin.py:137} INFO - [2023-04-22T23:23:35.151+0000] {dag.py:2705} INFO - Sync 1 DAGs
[2023-04-22T23:23:35.188+0000] {logging_mixin.py:137} INFO - [2023-04-22T23:23:35.188+0000] {dag.py:3456} INFO - Setting next_dagrun for example_task_group to 2023-04-21T23:23:35.188057+00:00, run_after=2023-04-22T23:23:35.188057+00:00
[2023-04-22T23:23:35.208+0000] {processor.py:175} INFO - Processing /home/airflow/.local/lib/python3.7/site-packages/airflow/example_dags/example_task_group.py took 0.130 seconds
[2023-04-22T23:24:06.205+0000] {processor.py:153} INFO - Started process (PID=517) to work on /home/airflow/.local/lib/python3.7/site-packages/airflow/example_dags/example_task_group.py
[2023-04-22T23:24:06.206+0000] {processor.py:743} INFO - Processing file /home/airflow/.local/lib/python3.7/site-packages/airflow/example_dags/example_task_group.py for tasks to queue
[2023-04-22T23:24:06.207+0000] {logging_mixin.py:137} INFO - [2023-04-22T23:24:06.207+0000] {dagbag.py:532} INFO - Filling up the DagBag from /home/airflow/.local/lib/python3.7/site-packages/airflow/example_dags/example_task_group.py
[2023-04-22T23:24:06.223+0000] {processor.py:753} INFO - DAG(s) dict_keys(['example_task_group']) retrieved from /home/airflow/.local/lib/python3.7/site-packages/airflow/example_dags/example_task_group.py
[2023-04-22T23:24:06.245+0000] {logging_mixin.py:137} INFO - [2023-04-22T23:24:06.245+0000] {dag.py:2705} INFO - Sync 1 DAGs
[2023-04-22T23:24:06.261+0000] {logging_mixin.py:137} INFO - [2023-04-22T23:24:06.261+0000] {dag.py:3456} INFO - Setting next_dagrun for example_task_group to 2023-04-21T23:24:06.261024+00:00, run_after=2023-04-22T23:24:06.261024+00:00
[2023-04-22T23:24:06.272+0000] {processor.py:175} INFO - Processing /home/airflow/.local/lib/python3.7/site-packages/airflow/example_dags/example_task_group.py took 0.071 seconds
[2023-04-22T23:24:36.402+0000] {processor.py:153} INFO - Started process (PID=568) to work on /home/airflow/.local/lib/python3.7/site-packages/airflow/example_dags/example_task_group.py
[2023-04-22T23:24:36.404+0000] {processor.py:743} INFO - Processing file /home/airflow/.local/lib/python3.7/site-packages/airflow/example_dags/example_task_group.py for tasks to queue
[2023-04-22T23:24:36.405+0000] {logging_mixin.py:137} INFO - [2023-04-22T23:24:36.405+0000] {dagbag.py:532} INFO - Filling up the DagBag from /home/airflow/.local/lib/python3.7/site-packages/airflow/example_dags/example_task_group.py
[2023-04-22T23:24:36.427+0000] {processor.py:753} INFO - DAG(s) dict_keys(['example_task_group']) retrieved from /home/airflow/.local/lib/python3.7/site-packages/airflow/example_dags/example_task_group.py
[2023-04-22T23:24:36.494+0000] {logging_mixin.py:137} INFO - [2023-04-22T23:24:36.493+0000] {dag.py:2705} INFO - Sync 1 DAGs
[2023-04-22T23:24:36.527+0000] {logging_mixin.py:137} INFO - [2023-04-22T23:24:36.526+0000] {dag.py:3456} INFO - Setting next_dagrun for example_task_group to 2023-04-21T23:24:36.525207+00:00, run_after=2023-04-22T23:24:36.525207+00:00
[2023-04-22T23:24:36.561+0000] {processor.py:175} INFO - Processing /home/airflow/.local/lib/python3.7/site-packages/airflow/example_dags/example_task_group.py took 0.164 seconds
[2023-04-22T23:25:06.720+0000] {processor.py:153} INFO - Started process (PID=619) to work on /home/airflow/.local/lib/python3.7/site-packages/airflow/example_dags/example_task_group.py
[2023-04-22T23:25:06.722+0000] {processor.py:743} INFO - Processing file /home/airflow/.local/lib/python3.7/site-packages/airflow/example_dags/example_task_group.py for tasks to queue
[2023-04-22T23:25:06.723+0000] {logging_mixin.py:137} INFO - [2023-04-22T23:25:06.723+0000] {dagbag.py:532} INFO - Filling up the DagBag from /home/airflow/.local/lib/python3.7/site-packages/airflow/example_dags/example_task_group.py
[2023-04-22T23:25:06.740+0000] {processor.py:753} INFO - DAG(s) dict_keys(['example_task_group']) retrieved from /home/airflow/.local/lib/python3.7/site-packages/airflow/example_dags/example_task_group.py
[2023-04-22T23:25:06.764+0000] {logging_mixin.py:137} INFO - [2023-04-22T23:25:06.764+0000] {dag.py:2705} INFO - Sync 1 DAGs
[2023-04-22T23:25:06.780+0000] {logging_mixin.py:137} INFO - [2023-04-22T23:25:06.780+0000] {dag.py:3456} INFO - Setting next_dagrun for example_task_group to 2023-04-21T23:25:06.779948+00:00, run_after=2023-04-22T23:25:06.779948+00:00
[2023-04-22T23:25:06.792+0000] {processor.py:175} INFO - Processing /home/airflow/.local/lib/python3.7/site-packages/airflow/example_dags/example_task_group.py took 0.077 seconds
[2023-04-22T23:25:37.246+0000] {processor.py:153} INFO - Started process (PID=671) to work on /home/airflow/.local/lib/python3.7/site-packages/airflow/example_dags/example_task_group.py
[2023-04-22T23:25:37.248+0000] {processor.py:743} INFO - Processing file /home/airflow/.local/lib/python3.7/site-packages/airflow/example_dags/example_task_group.py for tasks to queue
[2023-04-22T23:25:37.249+0000] {logging_mixin.py:137} INFO - [2023-04-22T23:25:37.249+0000] {dagbag.py:532} INFO - Filling up the DagBag from /home/airflow/.local/lib/python3.7/site-packages/airflow/example_dags/example_task_group.py
[2023-04-22T23:25:37.271+0000] {processor.py:753} INFO - DAG(s) dict_keys(['example_task_group']) retrieved from /home/airflow/.local/lib/python3.7/site-packages/airflow/example_dags/example_task_group.py
[2023-04-22T23:25:37.312+0000] {logging_mixin.py:137} INFO - [2023-04-22T23:25:37.312+0000] {dag.py:2705} INFO - Sync 1 DAGs
[2023-04-22T23:25:37.346+0000] {logging_mixin.py:137} INFO - [2023-04-22T23:25:37.346+0000] {dag.py:3456} INFO - Setting next_dagrun for example_task_group to 2023-04-21T23:25:37.345836+00:00, run_after=2023-04-22T23:25:37.345836+00:00
[2023-04-22T23:25:37.367+0000] {processor.py:175} INFO - Processing /home/airflow/.local/lib/python3.7/site-packages/airflow/example_dags/example_task_group.py took 0.126 seconds
[2023-04-22T23:26:07.507+0000] {processor.py:153} INFO - Started process (PID=722) to work on /home/airflow/.local/lib/python3.7/site-packages/airflow/example_dags/example_task_group.py
[2023-04-22T23:26:07.509+0000] {processor.py:743} INFO - Processing file /home/airflow/.local/lib/python3.7/site-packages/airflow/example_dags/example_task_group.py for tasks to queue
[2023-04-22T23:26:07.510+0000] {logging_mixin.py:137} INFO - [2023-04-22T23:26:07.510+0000] {dagbag.py:532} INFO - Filling up the DagBag from /home/airflow/.local/lib/python3.7/site-packages/airflow/example_dags/example_task_group.py
[2023-04-22T23:26:07.528+0000] {processor.py:753} INFO - DAG(s) dict_keys(['example_task_group']) retrieved from /home/airflow/.local/lib/python3.7/site-packages/airflow/example_dags/example_task_group.py
[2023-04-22T23:26:07.551+0000] {logging_mixin.py:137} INFO - [2023-04-22T23:26:07.551+0000] {dag.py:2705} INFO - Sync 1 DAGs
[2023-04-22T23:26:07.567+0000] {logging_mixin.py:137} INFO - [2023-04-22T23:26:07.567+0000] {dag.py:3456} INFO - Setting next_dagrun for example_task_group to 2023-04-21T23:26:07.566972+00:00, run_after=2023-04-22T23:26:07.566972+00:00
[2023-04-22T23:26:07.578+0000] {processor.py:175} INFO - Processing /home/airflow/.local/lib/python3.7/site-packages/airflow/example_dags/example_task_group.py took 0.077 seconds
[2023-04-22T23:26:37.957+0000] {processor.py:153} INFO - Started process (PID=772) to work on /home/airflow/.local/lib/python3.7/site-packages/airflow/example_dags/example_task_group.py
[2023-04-22T23:26:37.958+0000] {processor.py:743} INFO - Processing file /home/airflow/.local/lib/python3.7/site-packages/airflow/example_dags/example_task_group.py for tasks to queue
[2023-04-22T23:26:37.959+0000] {logging_mixin.py:137} INFO - [2023-04-22T23:26:37.959+0000] {dagbag.py:532} INFO - Filling up the DagBag from /home/airflow/.local/lib/python3.7/site-packages/airflow/example_dags/example_task_group.py
[2023-04-22T23:26:37.973+0000] {processor.py:753} INFO - DAG(s) dict_keys(['example_task_group']) retrieved from /home/airflow/.local/lib/python3.7/site-packages/airflow/example_dags/example_task_group.py
[2023-04-22T23:26:37.994+0000] {logging_mixin.py:137} INFO - [2023-04-22T23:26:37.994+0000] {dag.py:2705} INFO - Sync 1 DAGs
[2023-04-22T23:26:38.010+0000] {logging_mixin.py:137} INFO - [2023-04-22T23:26:38.010+0000] {dag.py:3456} INFO - Setting next_dagrun for example_task_group to 2023-04-21T23:26:38.010059+00:00, run_after=2023-04-22T23:26:38.010059+00:00
[2023-04-22T23:26:38.023+0000] {processor.py:175} INFO - Processing /home/airflow/.local/lib/python3.7/site-packages/airflow/example_dags/example_task_group.py took 0.069 seconds
[2023-04-22T23:27:08.718+0000] {processor.py:153} INFO - Started process (PID=823) to work on /home/airflow/.local/lib/python3.7/site-packages/airflow/example_dags/example_task_group.py
[2023-04-22T23:27:08.720+0000] {processor.py:743} INFO - Processing file /home/airflow/.local/lib/python3.7/site-packages/airflow/example_dags/example_task_group.py for tasks to queue
[2023-04-22T23:27:08.721+0000] {logging_mixin.py:137} INFO - [2023-04-22T23:27:08.721+0000] {dagbag.py:532} INFO - Filling up the DagBag from /home/airflow/.local/lib/python3.7/site-packages/airflow/example_dags/example_task_group.py
[2023-04-22T23:27:08.740+0000] {processor.py:753} INFO - DAG(s) dict_keys(['example_task_group']) retrieved from /home/airflow/.local/lib/python3.7/site-packages/airflow/example_dags/example_task_group.py
[2023-04-22T23:27:08.765+0000] {logging_mixin.py:137} INFO - [2023-04-22T23:27:08.765+0000] {dag.py:2705} INFO - Sync 1 DAGs
[2023-04-22T23:27:08.781+0000] {logging_mixin.py:137} INFO - [2023-04-22T23:27:08.781+0000] {dag.py:3456} INFO - Setting next_dagrun for example_task_group to 2023-04-21T23:27:08.781706+00:00, run_after=2023-04-22T23:27:08.781706+00:00
[2023-04-22T23:27:08.794+0000] {processor.py:175} INFO - Processing /home/airflow/.local/lib/python3.7/site-packages/airflow/example_dags/example_task_group.py took 0.084 seconds
[2023-04-22T23:27:39.244+0000] {processor.py:153} INFO - Started process (PID=875) to work on /home/airflow/.local/lib/python3.7/site-packages/airflow/example_dags/example_task_group.py
[2023-04-22T23:27:39.246+0000] {processor.py:743} INFO - Processing file /home/airflow/.local/lib/python3.7/site-packages/airflow/example_dags/example_task_group.py for tasks to queue
[2023-04-22T23:27:39.248+0000] {logging_mixin.py:137} INFO - [2023-04-22T23:27:39.248+0000] {dagbag.py:532} INFO - Filling up the DagBag from /home/airflow/.local/lib/python3.7/site-packages/airflow/example_dags/example_task_group.py
[2023-04-22T23:27:39.268+0000] {processor.py:753} INFO - DAG(s) dict_keys(['example_task_group']) retrieved from /home/airflow/.local/lib/python3.7/site-packages/airflow/example_dags/example_task_group.py
[2023-04-22T23:27:39.296+0000] {logging_mixin.py:137} INFO - [2023-04-22T23:27:39.296+0000] {dag.py:2705} INFO - Sync 1 DAGs
[2023-04-22T23:27:39.314+0000] {logging_mixin.py:137} INFO - [2023-04-22T23:27:39.314+0000] {dag.py:3456} INFO - Setting next_dagrun for example_task_group to 2023-04-21T23:27:39.314151+00:00, run_after=2023-04-22T23:27:39.314151+00:00
[2023-04-22T23:27:39.327+0000] {processor.py:175} INFO - Processing /home/airflow/.local/lib/python3.7/site-packages/airflow/example_dags/example_task_group.py took 0.087 seconds
[2023-04-22T23:29:55.419+0000] {processor.py:153} INFO - Started process (PID=57) to work on /home/airflow/.local/lib/python3.7/site-packages/airflow/example_dags/example_task_group.py
[2023-04-22T23:29:55.422+0000] {processor.py:743} INFO - Processing file /home/airflow/.local/lib/python3.7/site-packages/airflow/example_dags/example_task_group.py for tasks to queue
[2023-04-22T23:29:55.425+0000] {logging_mixin.py:137} INFO - [2023-04-22T23:29:55.424+0000] {dagbag.py:532} INFO - Filling up the DagBag from /home/airflow/.local/lib/python3.7/site-packages/airflow/example_dags/example_task_group.py
[2023-04-22T23:29:55.458+0000] {processor.py:753} INFO - DAG(s) dict_keys(['example_task_group']) retrieved from /home/airflow/.local/lib/python3.7/site-packages/airflow/example_dags/example_task_group.py
[2023-04-22T23:29:55.490+0000] {logging_mixin.py:137} INFO - [2023-04-22T23:29:55.489+0000] {dag.py:2705} INFO - Sync 1 DAGs
[2023-04-22T23:29:55.558+0000] {logging_mixin.py:137} INFO - [2023-04-22T23:29:55.558+0000] {dag.py:3456} INFO - Setting next_dagrun for example_task_group to 2023-04-21T23:29:55.555950+00:00, run_after=2023-04-22T23:29:55.555950+00:00
[2023-04-22T23:29:55.580+0000] {processor.py:175} INFO - Processing /home/airflow/.local/lib/python3.7/site-packages/airflow/example_dags/example_task_group.py took 0.166 seconds
[2023-04-22T23:30:25.641+0000] {processor.py:153} INFO - Started process (PID=107) to work on /home/airflow/.local/lib/python3.7/site-packages/airflow/example_dags/example_task_group.py
[2023-04-22T23:30:25.642+0000] {processor.py:743} INFO - Processing file /home/airflow/.local/lib/python3.7/site-packages/airflow/example_dags/example_task_group.py for tasks to queue
[2023-04-22T23:30:25.643+0000] {logging_mixin.py:137} INFO - [2023-04-22T23:30:25.643+0000] {dagbag.py:532} INFO - Filling up the DagBag from /home/airflow/.local/lib/python3.7/site-packages/airflow/example_dags/example_task_group.py
[2023-04-22T23:30:25.654+0000] {processor.py:753} INFO - DAG(s) dict_keys(['example_task_group']) retrieved from /home/airflow/.local/lib/python3.7/site-packages/airflow/example_dags/example_task_group.py
[2023-04-22T23:30:25.674+0000] {logging_mixin.py:137} INFO - [2023-04-22T23:30:25.674+0000] {dag.py:2705} INFO - Sync 1 DAGs
[2023-04-22T23:30:25.691+0000] {logging_mixin.py:137} INFO - [2023-04-22T23:30:25.691+0000] {dag.py:3456} INFO - Setting next_dagrun for example_task_group to 2023-04-21T23:30:25.690802+00:00, run_after=2023-04-22T23:30:25.690802+00:00
[2023-04-22T23:30:25.701+0000] {processor.py:175} INFO - Processing /home/airflow/.local/lib/python3.7/site-packages/airflow/example_dags/example_task_group.py took 0.063 seconds
[2023-04-22T23:30:56.138+0000] {processor.py:153} INFO - Started process (PID=158) to work on /home/airflow/.local/lib/python3.7/site-packages/airflow/example_dags/example_task_group.py
[2023-04-22T23:30:56.140+0000] {processor.py:743} INFO - Processing file /home/airflow/.local/lib/python3.7/site-packages/airflow/example_dags/example_task_group.py for tasks to queue
[2023-04-22T23:30:56.141+0000] {logging_mixin.py:137} INFO - [2023-04-22T23:30:56.141+0000] {dagbag.py:532} INFO - Filling up the DagBag from /home/airflow/.local/lib/python3.7/site-packages/airflow/example_dags/example_task_group.py
[2023-04-22T23:30:56.151+0000] {processor.py:753} INFO - DAG(s) dict_keys(['example_task_group']) retrieved from /home/airflow/.local/lib/python3.7/site-packages/airflow/example_dags/example_task_group.py
[2023-04-22T23:30:56.170+0000] {logging_mixin.py:137} INFO - [2023-04-22T23:30:56.170+0000] {dag.py:2705} INFO - Sync 1 DAGs
[2023-04-22T23:30:56.185+0000] {logging_mixin.py:137} INFO - [2023-04-22T23:30:56.185+0000] {dag.py:3456} INFO - Setting next_dagrun for example_task_group to 2023-04-21T23:30:56.185426+00:00, run_after=2023-04-22T23:30:56.185426+00:00
[2023-04-22T23:30:56.197+0000] {processor.py:175} INFO - Processing /home/airflow/.local/lib/python3.7/site-packages/airflow/example_dags/example_task_group.py took 0.062 seconds
[2023-04-22T23:31:27.022+0000] {processor.py:153} INFO - Started process (PID=209) to work on /home/airflow/.local/lib/python3.7/site-packages/airflow/example_dags/example_task_group.py
[2023-04-22T23:31:27.024+0000] {processor.py:743} INFO - Processing file /home/airflow/.local/lib/python3.7/site-packages/airflow/example_dags/example_task_group.py for tasks to queue
[2023-04-22T23:31:27.025+0000] {logging_mixin.py:137} INFO - [2023-04-22T23:31:27.025+0000] {dagbag.py:532} INFO - Filling up the DagBag from /home/airflow/.local/lib/python3.7/site-packages/airflow/example_dags/example_task_group.py
[2023-04-22T23:31:27.041+0000] {processor.py:753} INFO - DAG(s) dict_keys(['example_task_group']) retrieved from /home/airflow/.local/lib/python3.7/site-packages/airflow/example_dags/example_task_group.py
[2023-04-22T23:31:27.066+0000] {logging_mixin.py:137} INFO - [2023-04-22T23:31:27.066+0000] {dag.py:2705} INFO - Sync 1 DAGs
[2023-04-22T23:31:27.085+0000] {logging_mixin.py:137} INFO - [2023-04-22T23:31:27.085+0000] {dag.py:3456} INFO - Setting next_dagrun for example_task_group to 2023-04-21T23:31:27.084902+00:00, run_after=2023-04-22T23:31:27.084902+00:00
[2023-04-22T23:31:27.104+0000] {processor.py:175} INFO - Processing /home/airflow/.local/lib/python3.7/site-packages/airflow/example_dags/example_task_group.py took 0.084 seconds
[2023-04-22T23:31:57.590+0000] {processor.py:153} INFO - Started process (PID=260) to work on /home/airflow/.local/lib/python3.7/site-packages/airflow/example_dags/example_task_group.py
[2023-04-22T23:31:57.591+0000] {processor.py:743} INFO - Processing file /home/airflow/.local/lib/python3.7/site-packages/airflow/example_dags/example_task_group.py for tasks to queue
[2023-04-22T23:31:57.592+0000] {logging_mixin.py:137} INFO - [2023-04-22T23:31:57.592+0000] {dagbag.py:532} INFO - Filling up the DagBag from /home/airflow/.local/lib/python3.7/site-packages/airflow/example_dags/example_task_group.py
[2023-04-22T23:31:57.604+0000] {processor.py:753} INFO - DAG(s) dict_keys(['example_task_group']) retrieved from /home/airflow/.local/lib/python3.7/site-packages/airflow/example_dags/example_task_group.py
[2023-04-22T23:31:57.623+0000] {logging_mixin.py:137} INFO - [2023-04-22T23:31:57.623+0000] {dag.py:2705} INFO - Sync 1 DAGs
[2023-04-22T23:31:57.641+0000] {logging_mixin.py:137} INFO - [2023-04-22T23:31:57.641+0000] {dag.py:3456} INFO - Setting next_dagrun for example_task_group to 2023-04-21T23:31:57.640930+00:00, run_after=2023-04-22T23:31:57.640930+00:00
[2023-04-22T23:31:57.653+0000] {processor.py:175} INFO - Processing /home/airflow/.local/lib/python3.7/site-packages/airflow/example_dags/example_task_group.py took 0.066 seconds
[2023-04-22T23:32:28.853+0000] {processor.py:153} INFO - Started process (PID=311) to work on /home/airflow/.local/lib/python3.7/site-packages/airflow/example_dags/example_task_group.py
[2023-04-22T23:32:28.855+0000] {processor.py:743} INFO - Processing file /home/airflow/.local/lib/python3.7/site-packages/airflow/example_dags/example_task_group.py for tasks to queue
[2023-04-22T23:32:28.855+0000] {logging_mixin.py:137} INFO - [2023-04-22T23:32:28.855+0000] {dagbag.py:532} INFO - Filling up the DagBag from /home/airflow/.local/lib/python3.7/site-packages/airflow/example_dags/example_task_group.py
[2023-04-22T23:32:28.866+0000] {processor.py:753} INFO - DAG(s) dict_keys(['example_task_group']) retrieved from /home/airflow/.local/lib/python3.7/site-packages/airflow/example_dags/example_task_group.py
[2023-04-22T23:32:28.886+0000] {logging_mixin.py:137} INFO - [2023-04-22T23:32:28.886+0000] {dag.py:2705} INFO - Sync 1 DAGs
[2023-04-22T23:32:28.904+0000] {logging_mixin.py:137} INFO - [2023-04-22T23:32:28.904+0000] {dag.py:3456} INFO - Setting next_dagrun for example_task_group to 2023-04-21T23:32:28.904189+00:00, run_after=2023-04-22T23:32:28.904189+00:00
[2023-04-22T23:32:28.918+0000] {processor.py:175} INFO - Processing /home/airflow/.local/lib/python3.7/site-packages/airflow/example_dags/example_task_group.py took 0.067 seconds
[2023-04-22T23:33:00.286+0000] {processor.py:153} INFO - Started process (PID=362) to work on /home/airflow/.local/lib/python3.7/site-packages/airflow/example_dags/example_task_group.py
[2023-04-22T23:33:00.288+0000] {processor.py:743} INFO - Processing file /home/airflow/.local/lib/python3.7/site-packages/airflow/example_dags/example_task_group.py for tasks to queue
[2023-04-22T23:33:00.289+0000] {logging_mixin.py:137} INFO - [2023-04-22T23:33:00.289+0000] {dagbag.py:532} INFO - Filling up the DagBag from /home/airflow/.local/lib/python3.7/site-packages/airflow/example_dags/example_task_group.py
[2023-04-22T23:33:00.302+0000] {processor.py:753} INFO - DAG(s) dict_keys(['example_task_group']) retrieved from /home/airflow/.local/lib/python3.7/site-packages/airflow/example_dags/example_task_group.py
[2023-04-22T23:33:00.331+0000] {logging_mixin.py:137} INFO - [2023-04-22T23:33:00.331+0000] {dag.py:2705} INFO - Sync 1 DAGs
[2023-04-22T23:33:00.352+0000] {logging_mixin.py:137} INFO - [2023-04-22T23:33:00.352+0000] {dag.py:3456} INFO - Setting next_dagrun for example_task_group to 2023-04-21T23:33:00.352032+00:00, run_after=2023-04-22T23:33:00.352032+00:00
[2023-04-22T23:33:00.367+0000] {processor.py:175} INFO - Processing /home/airflow/.local/lib/python3.7/site-packages/airflow/example_dags/example_task_group.py took 0.087 seconds
[2023-04-22T23:33:31.187+0000] {processor.py:153} INFO - Started process (PID=412) to work on /home/airflow/.local/lib/python3.7/site-packages/airflow/example_dags/example_task_group.py
[2023-04-22T23:33:31.188+0000] {processor.py:743} INFO - Processing file /home/airflow/.local/lib/python3.7/site-packages/airflow/example_dags/example_task_group.py for tasks to queue
[2023-04-22T23:33:31.189+0000] {logging_mixin.py:137} INFO - [2023-04-22T23:33:31.189+0000] {dagbag.py:532} INFO - Filling up the DagBag from /home/airflow/.local/lib/python3.7/site-packages/airflow/example_dags/example_task_group.py
[2023-04-22T23:33:31.202+0000] {processor.py:753} INFO - DAG(s) dict_keys(['example_task_group']) retrieved from /home/airflow/.local/lib/python3.7/site-packages/airflow/example_dags/example_task_group.py
[2023-04-22T23:33:31.233+0000] {logging_mixin.py:137} INFO - [2023-04-22T23:33:31.233+0000] {dag.py:2705} INFO - Sync 1 DAGs
[2023-04-22T23:33:31.252+0000] {logging_mixin.py:137} INFO - [2023-04-22T23:33:31.251+0000] {dag.py:3456} INFO - Setting next_dagrun for example_task_group to 2023-04-21T23:33:31.251747+00:00, run_after=2023-04-22T23:33:31.251747+00:00
[2023-04-22T23:33:31.271+0000] {processor.py:175} INFO - Processing /home/airflow/.local/lib/python3.7/site-packages/airflow/example_dags/example_task_group.py took 0.087 seconds
[2023-04-22T23:38:45.389+0000] {processor.py:153} INFO - Started process (PID=56) to work on /home/airflow/.local/lib/python3.7/site-packages/airflow/example_dags/example_task_group.py
[2023-04-22T23:38:45.392+0000] {processor.py:743} INFO - Processing file /home/airflow/.local/lib/python3.7/site-packages/airflow/example_dags/example_task_group.py for tasks to queue
[2023-04-22T23:38:45.394+0000] {logging_mixin.py:137} INFO - [2023-04-22T23:38:45.394+0000] {dagbag.py:532} INFO - Filling up the DagBag from /home/airflow/.local/lib/python3.7/site-packages/airflow/example_dags/example_task_group.py
[2023-04-22T23:38:45.420+0000] {processor.py:753} INFO - DAG(s) dict_keys(['example_task_group']) retrieved from /home/airflow/.local/lib/python3.7/site-packages/airflow/example_dags/example_task_group.py
[2023-04-22T23:38:45.442+0000] {logging_mixin.py:137} INFO - [2023-04-22T23:38:45.442+0000] {dag.py:2705} INFO - Sync 1 DAGs
[2023-04-22T23:38:45.487+0000] {logging_mixin.py:137} INFO - [2023-04-22T23:38:45.486+0000] {dag.py:3456} INFO - Setting next_dagrun for example_task_group to 2023-04-21T23:38:45.486434+00:00, run_after=2023-04-22T23:38:45.486434+00:00
[2023-04-22T23:38:45.506+0000] {processor.py:175} INFO - Processing /home/airflow/.local/lib/python3.7/site-packages/airflow/example_dags/example_task_group.py took 0.127 seconds
[2023-04-22T23:39:15.825+0000] {processor.py:153} INFO - Started process (PID=107) to work on /home/airflow/.local/lib/python3.7/site-packages/airflow/example_dags/example_task_group.py
[2023-04-22T23:39:15.826+0000] {processor.py:743} INFO - Processing file /home/airflow/.local/lib/python3.7/site-packages/airflow/example_dags/example_task_group.py for tasks to queue
[2023-04-22T23:39:15.827+0000] {logging_mixin.py:137} INFO - [2023-04-22T23:39:15.827+0000] {dagbag.py:532} INFO - Filling up the DagBag from /home/airflow/.local/lib/python3.7/site-packages/airflow/example_dags/example_task_group.py
[2023-04-22T23:39:15.838+0000] {processor.py:753} INFO - DAG(s) dict_keys(['example_task_group']) retrieved from /home/airflow/.local/lib/python3.7/site-packages/airflow/example_dags/example_task_group.py
[2023-04-22T23:39:15.858+0000] {logging_mixin.py:137} INFO - [2023-04-22T23:39:15.858+0000] {dag.py:2705} INFO - Sync 1 DAGs
[2023-04-22T23:39:15.875+0000] {logging_mixin.py:137} INFO - [2023-04-22T23:39:15.875+0000] {dag.py:3456} INFO - Setting next_dagrun for example_task_group to 2023-04-21T23:39:15.874937+00:00, run_after=2023-04-22T23:39:15.874937+00:00
[2023-04-22T23:39:15.886+0000] {processor.py:175} INFO - Processing /home/airflow/.local/lib/python3.7/site-packages/airflow/example_dags/example_task_group.py took 0.063 seconds
[2023-04-22T23:39:46.789+0000] {processor.py:153} INFO - Started process (PID=158) to work on /home/airflow/.local/lib/python3.7/site-packages/airflow/example_dags/example_task_group.py
[2023-04-22T23:39:46.790+0000] {processor.py:743} INFO - Processing file /home/airflow/.local/lib/python3.7/site-packages/airflow/example_dags/example_task_group.py for tasks to queue
[2023-04-22T23:39:46.791+0000] {logging_mixin.py:137} INFO - [2023-04-22T23:39:46.791+0000] {dagbag.py:532} INFO - Filling up the DagBag from /home/airflow/.local/lib/python3.7/site-packages/airflow/example_dags/example_task_group.py
[2023-04-22T23:39:46.802+0000] {processor.py:753} INFO - DAG(s) dict_keys(['example_task_group']) retrieved from /home/airflow/.local/lib/python3.7/site-packages/airflow/example_dags/example_task_group.py
[2023-04-22T23:39:46.823+0000] {logging_mixin.py:137} INFO - [2023-04-22T23:39:46.823+0000] {dag.py:2705} INFO - Sync 1 DAGs
[2023-04-22T23:39:46.839+0000] {logging_mixin.py:137} INFO - [2023-04-22T23:39:46.839+0000] {dag.py:3456} INFO - Setting next_dagrun for example_task_group to 2023-04-21T23:39:46.838831+00:00, run_after=2023-04-22T23:39:46.838831+00:00
[2023-04-22T23:39:46.850+0000] {processor.py:175} INFO - Processing /home/airflow/.local/lib/python3.7/site-packages/airflow/example_dags/example_task_group.py took 0.064 seconds
[2023-04-22T23:40:17.058+0000] {processor.py:153} INFO - Started process (PID=209) to work on /home/airflow/.local/lib/python3.7/site-packages/airflow/example_dags/example_task_group.py
[2023-04-22T23:40:17.059+0000] {processor.py:743} INFO - Processing file /home/airflow/.local/lib/python3.7/site-packages/airflow/example_dags/example_task_group.py for tasks to queue
[2023-04-22T23:40:17.060+0000] {logging_mixin.py:137} INFO - [2023-04-22T23:40:17.060+0000] {dagbag.py:532} INFO - Filling up the DagBag from /home/airflow/.local/lib/python3.7/site-packages/airflow/example_dags/example_task_group.py
[2023-04-22T23:40:17.071+0000] {processor.py:753} INFO - DAG(s) dict_keys(['example_task_group']) retrieved from /home/airflow/.local/lib/python3.7/site-packages/airflow/example_dags/example_task_group.py
[2023-04-22T23:40:17.094+0000] {logging_mixin.py:137} INFO - [2023-04-22T23:40:17.094+0000] {dag.py:2705} INFO - Sync 1 DAGs
[2023-04-22T23:40:17.110+0000] {logging_mixin.py:137} INFO - [2023-04-22T23:40:17.110+0000] {dag.py:3456} INFO - Setting next_dagrun for example_task_group to 2023-04-21T23:40:17.110292+00:00, run_after=2023-04-22T23:40:17.110292+00:00
[2023-04-22T23:40:17.121+0000] {processor.py:175} INFO - Processing /home/airflow/.local/lib/python3.7/site-packages/airflow/example_dags/example_task_group.py took 0.066 seconds
[2023-04-22T23:40:47.831+0000] {processor.py:153} INFO - Started process (PID=260) to work on /home/airflow/.local/lib/python3.7/site-packages/airflow/example_dags/example_task_group.py
[2023-04-22T23:40:47.832+0000] {processor.py:743} INFO - Processing file /home/airflow/.local/lib/python3.7/site-packages/airflow/example_dags/example_task_group.py for tasks to queue
[2023-04-22T23:40:47.833+0000] {logging_mixin.py:137} INFO - [2023-04-22T23:40:47.833+0000] {dagbag.py:532} INFO - Filling up the DagBag from /home/airflow/.local/lib/python3.7/site-packages/airflow/example_dags/example_task_group.py
[2023-04-22T23:40:47.846+0000] {processor.py:753} INFO - DAG(s) dict_keys(['example_task_group']) retrieved from /home/airflow/.local/lib/python3.7/site-packages/airflow/example_dags/example_task_group.py
[2023-04-22T23:40:47.866+0000] {logging_mixin.py:137} INFO - [2023-04-22T23:40:47.866+0000] {dag.py:2705} INFO - Sync 1 DAGs
[2023-04-22T23:40:47.882+0000] {logging_mixin.py:137} INFO - [2023-04-22T23:40:47.882+0000] {dag.py:3456} INFO - Setting next_dagrun for example_task_group to 2023-04-21T23:40:47.882519+00:00, run_after=2023-04-22T23:40:47.882519+00:00
[2023-04-22T23:40:47.893+0000] {processor.py:175} INFO - Processing /home/airflow/.local/lib/python3.7/site-packages/airflow/example_dags/example_task_group.py took 0.065 seconds
[2023-04-22T23:41:18.743+0000] {processor.py:153} INFO - Started process (PID=311) to work on /home/airflow/.local/lib/python3.7/site-packages/airflow/example_dags/example_task_group.py
[2023-04-22T23:41:18.746+0000] {processor.py:743} INFO - Processing file /home/airflow/.local/lib/python3.7/site-packages/airflow/example_dags/example_task_group.py for tasks to queue
[2023-04-22T23:41:18.747+0000] {logging_mixin.py:137} INFO - [2023-04-22T23:41:18.747+0000] {dagbag.py:532} INFO - Filling up the DagBag from /home/airflow/.local/lib/python3.7/site-packages/airflow/example_dags/example_task_group.py
[2023-04-22T23:41:18.768+0000] {processor.py:753} INFO - DAG(s) dict_keys(['example_task_group']) retrieved from /home/airflow/.local/lib/python3.7/site-packages/airflow/example_dags/example_task_group.py
[2023-04-22T23:41:18.835+0000] {logging_mixin.py:137} INFO - [2023-04-22T23:41:18.835+0000] {dag.py:2705} INFO - Sync 1 DAGs
[2023-04-22T23:41:18.884+0000] {logging_mixin.py:137} INFO - [2023-04-22T23:41:18.884+0000] {dag.py:3456} INFO - Setting next_dagrun for example_task_group to 2023-04-21T23:41:18.884389+00:00, run_after=2023-04-22T23:41:18.884389+00:00
[2023-04-22T23:41:18.905+0000] {processor.py:175} INFO - Processing /home/airflow/.local/lib/python3.7/site-packages/airflow/example_dags/example_task_group.py took 0.165 seconds
[2023-04-22T23:41:49.870+0000] {processor.py:153} INFO - Started process (PID=362) to work on /home/airflow/.local/lib/python3.7/site-packages/airflow/example_dags/example_task_group.py
[2023-04-22T23:41:49.880+0000] {processor.py:743} INFO - Processing file /home/airflow/.local/lib/python3.7/site-packages/airflow/example_dags/example_task_group.py for tasks to queue
[2023-04-22T23:41:49.881+0000] {logging_mixin.py:137} INFO - [2023-04-22T23:41:49.881+0000] {dagbag.py:532} INFO - Filling up the DagBag from /home/airflow/.local/lib/python3.7/site-packages/airflow/example_dags/example_task_group.py
[2023-04-22T23:41:49.903+0000] {processor.py:753} INFO - DAG(s) dict_keys(['example_task_group']) retrieved from /home/airflow/.local/lib/python3.7/site-packages/airflow/example_dags/example_task_group.py
[2023-04-22T23:41:49.930+0000] {logging_mixin.py:137} INFO - [2023-04-22T23:41:49.930+0000] {dag.py:2705} INFO - Sync 1 DAGs
[2023-04-22T23:41:49.949+0000] {logging_mixin.py:137} INFO - [2023-04-22T23:41:49.948+0000] {dag.py:3456} INFO - Setting next_dagrun for example_task_group to 2023-04-21T23:41:49.948694+00:00, run_after=2023-04-22T23:41:49.948694+00:00
[2023-04-22T23:41:49.962+0000] {processor.py:175} INFO - Processing /home/airflow/.local/lib/python3.7/site-packages/airflow/example_dags/example_task_group.py took 0.097 seconds
[2023-04-22T23:42:20.062+0000] {processor.py:153} INFO - Started process (PID=413) to work on /home/airflow/.local/lib/python3.7/site-packages/airflow/example_dags/example_task_group.py
[2023-04-22T23:42:20.063+0000] {processor.py:743} INFO - Processing file /home/airflow/.local/lib/python3.7/site-packages/airflow/example_dags/example_task_group.py for tasks to queue
[2023-04-22T23:42:20.064+0000] {logging_mixin.py:137} INFO - [2023-04-22T23:42:20.064+0000] {dagbag.py:532} INFO - Filling up the DagBag from /home/airflow/.local/lib/python3.7/site-packages/airflow/example_dags/example_task_group.py
[2023-04-22T23:42:20.074+0000] {processor.py:753} INFO - DAG(s) dict_keys(['example_task_group']) retrieved from /home/airflow/.local/lib/python3.7/site-packages/airflow/example_dags/example_task_group.py
[2023-04-22T23:42:20.093+0000] {logging_mixin.py:137} INFO - [2023-04-22T23:42:20.093+0000] {dag.py:2705} INFO - Sync 1 DAGs
[2023-04-22T23:42:20.114+0000] {logging_mixin.py:137} INFO - [2023-04-22T23:42:20.114+0000] {dag.py:3456} INFO - Setting next_dagrun for example_task_group to 2023-04-21T23:42:20.114212+00:00, run_after=2023-04-22T23:42:20.114212+00:00
[2023-04-22T23:42:20.149+0000] {processor.py:175} INFO - Processing /home/airflow/.local/lib/python3.7/site-packages/airflow/example_dags/example_task_group.py took 0.090 seconds
[2023-04-22T23:43:07.441+0000] {processor.py:153} INFO - Started process (PID=56) to work on /home/airflow/.local/lib/python3.7/site-packages/airflow/example_dags/example_task_group.py
[2023-04-22T23:43:07.443+0000] {processor.py:743} INFO - Processing file /home/airflow/.local/lib/python3.7/site-packages/airflow/example_dags/example_task_group.py for tasks to queue
[2023-04-22T23:43:07.444+0000] {logging_mixin.py:137} INFO - [2023-04-22T23:43:07.444+0000] {dagbag.py:532} INFO - Filling up the DagBag from /home/airflow/.local/lib/python3.7/site-packages/airflow/example_dags/example_task_group.py
[2023-04-22T23:43:07.471+0000] {processor.py:753} INFO - DAG(s) dict_keys(['example_task_group']) retrieved from /home/airflow/.local/lib/python3.7/site-packages/airflow/example_dags/example_task_group.py
[2023-04-22T23:43:07.510+0000] {logging_mixin.py:137} INFO - [2023-04-22T23:43:07.510+0000] {dag.py:2705} INFO - Sync 1 DAGs
[2023-04-22T23:43:07.548+0000] {logging_mixin.py:137} INFO - [2023-04-22T23:43:07.548+0000] {dag.py:3456} INFO - Setting next_dagrun for example_task_group to 2023-04-21T23:43:07.548447+00:00, run_after=2023-04-22T23:43:07.548447+00:00
[2023-04-22T23:43:07.591+0000] {processor.py:175} INFO - Processing /home/airflow/.local/lib/python3.7/site-packages/airflow/example_dags/example_task_group.py took 0.156 seconds
[2023-04-22T23:43:37.684+0000] {processor.py:153} INFO - Started process (PID=107) to work on /home/airflow/.local/lib/python3.7/site-packages/airflow/example_dags/example_task_group.py
[2023-04-22T23:43:37.686+0000] {processor.py:743} INFO - Processing file /home/airflow/.local/lib/python3.7/site-packages/airflow/example_dags/example_task_group.py for tasks to queue
[2023-04-22T23:43:37.686+0000] {logging_mixin.py:137} INFO - [2023-04-22T23:43:37.686+0000] {dagbag.py:532} INFO - Filling up the DagBag from /home/airflow/.local/lib/python3.7/site-packages/airflow/example_dags/example_task_group.py
[2023-04-22T23:43:37.697+0000] {processor.py:753} INFO - DAG(s) dict_keys(['example_task_group']) retrieved from /home/airflow/.local/lib/python3.7/site-packages/airflow/example_dags/example_task_group.py
[2023-04-22T23:43:37.718+0000] {logging_mixin.py:137} INFO - [2023-04-22T23:43:37.718+0000] {dag.py:2705} INFO - Sync 1 DAGs
[2023-04-22T23:43:37.734+0000] {logging_mixin.py:137} INFO - [2023-04-22T23:43:37.734+0000] {dag.py:3456} INFO - Setting next_dagrun for example_task_group to 2023-04-21T23:43:37.734243+00:00, run_after=2023-04-22T23:43:37.734243+00:00
[2023-04-22T23:43:37.745+0000] {processor.py:175} INFO - Processing /home/airflow/.local/lib/python3.7/site-packages/airflow/example_dags/example_task_group.py took 0.064 seconds
[2023-04-22T23:44:31.101+0000] {processor.py:153} INFO - Started process (PID=56) to work on /home/airflow/.local/lib/python3.7/site-packages/airflow/example_dags/example_task_group.py
[2023-04-22T23:44:31.104+0000] {processor.py:743} INFO - Processing file /home/airflow/.local/lib/python3.7/site-packages/airflow/example_dags/example_task_group.py for tasks to queue
[2023-04-22T23:44:31.105+0000] {logging_mixin.py:137} INFO - [2023-04-22T23:44:31.105+0000] {dagbag.py:532} INFO - Filling up the DagBag from /home/airflow/.local/lib/python3.7/site-packages/airflow/example_dags/example_task_group.py
[2023-04-22T23:44:31.140+0000] {processor.py:753} INFO - DAG(s) dict_keys(['example_task_group']) retrieved from /home/airflow/.local/lib/python3.7/site-packages/airflow/example_dags/example_task_group.py
[2023-04-22T23:44:31.163+0000] {logging_mixin.py:137} INFO - [2023-04-22T23:44:31.163+0000] {dag.py:2705} INFO - Sync 1 DAGs
[2023-04-22T23:44:31.201+0000] {logging_mixin.py:137} INFO - [2023-04-22T23:44:31.201+0000] {dag.py:3456} INFO - Setting next_dagrun for example_task_group to 2023-04-21T23:44:31.200570+00:00, run_after=2023-04-22T23:44:31.200570+00:00
[2023-04-22T23:44:31.221+0000] {processor.py:175} INFO - Processing /home/airflow/.local/lib/python3.7/site-packages/airflow/example_dags/example_task_group.py took 0.129 seconds
[2023-04-22T23:46:55.355+0000] {processor.py:153} INFO - Started process (PID=57) to work on /home/airflow/.local/lib/python3.7/site-packages/airflow/example_dags/example_task_group.py
[2023-04-22T23:46:55.358+0000] {processor.py:743} INFO - Processing file /home/airflow/.local/lib/python3.7/site-packages/airflow/example_dags/example_task_group.py for tasks to queue
[2023-04-22T23:46:55.359+0000] {logging_mixin.py:137} INFO - [2023-04-22T23:46:55.359+0000] {dagbag.py:532} INFO - Filling up the DagBag from /home/airflow/.local/lib/python3.7/site-packages/airflow/example_dags/example_task_group.py
[2023-04-22T23:46:55.400+0000] {processor.py:753} INFO - DAG(s) dict_keys(['example_task_group']) retrieved from /home/airflow/.local/lib/python3.7/site-packages/airflow/example_dags/example_task_group.py
[2023-04-22T23:46:55.431+0000] {logging_mixin.py:137} INFO - [2023-04-22T23:46:55.430+0000] {dag.py:2705} INFO - Sync 1 DAGs
[2023-04-22T23:46:55.466+0000] {logging_mixin.py:137} INFO - [2023-04-22T23:46:55.466+0000] {dag.py:3456} INFO - Setting next_dagrun for example_task_group to 2023-04-21T23:46:55.465847+00:00, run_after=2023-04-22T23:46:55.465847+00:00
[2023-04-22T23:46:55.504+0000] {processor.py:175} INFO - Processing /home/airflow/.local/lib/python3.7/site-packages/airflow/example_dags/example_task_group.py took 0.153 seconds
[2023-04-22T23:47:25.810+0000] {processor.py:153} INFO - Started process (PID=108) to work on /home/airflow/.local/lib/python3.7/site-packages/airflow/example_dags/example_task_group.py
[2023-04-22T23:47:25.812+0000] {processor.py:743} INFO - Processing file /home/airflow/.local/lib/python3.7/site-packages/airflow/example_dags/example_task_group.py for tasks to queue
[2023-04-22T23:47:25.813+0000] {logging_mixin.py:137} INFO - [2023-04-22T23:47:25.813+0000] {dagbag.py:532} INFO - Filling up the DagBag from /home/airflow/.local/lib/python3.7/site-packages/airflow/example_dags/example_task_group.py
[2023-04-22T23:47:25.825+0000] {processor.py:753} INFO - DAG(s) dict_keys(['example_task_group']) retrieved from /home/airflow/.local/lib/python3.7/site-packages/airflow/example_dags/example_task_group.py
[2023-04-22T23:47:25.846+0000] {logging_mixin.py:137} INFO - [2023-04-22T23:47:25.846+0000] {dag.py:2705} INFO - Sync 1 DAGs
[2023-04-22T23:47:25.863+0000] {logging_mixin.py:137} INFO - [2023-04-22T23:47:25.863+0000] {dag.py:3456} INFO - Setting next_dagrun for example_task_group to 2023-04-21T23:47:25.863401+00:00, run_after=2023-04-22T23:47:25.863401+00:00
[2023-04-22T23:47:25.875+0000] {processor.py:175} INFO - Processing /home/airflow/.local/lib/python3.7/site-packages/airflow/example_dags/example_task_group.py took 0.067 seconds
[2023-04-22T23:47:56.384+0000] {processor.py:153} INFO - Started process (PID=159) to work on /home/airflow/.local/lib/python3.7/site-packages/airflow/example_dags/example_task_group.py
[2023-04-22T23:47:56.385+0000] {processor.py:743} INFO - Processing file /home/airflow/.local/lib/python3.7/site-packages/airflow/example_dags/example_task_group.py for tasks to queue
[2023-04-22T23:47:56.386+0000] {logging_mixin.py:137} INFO - [2023-04-22T23:47:56.386+0000] {dagbag.py:532} INFO - Filling up the DagBag from /home/airflow/.local/lib/python3.7/site-packages/airflow/example_dags/example_task_group.py
[2023-04-22T23:47:56.397+0000] {processor.py:753} INFO - DAG(s) dict_keys(['example_task_group']) retrieved from /home/airflow/.local/lib/python3.7/site-packages/airflow/example_dags/example_task_group.py
[2023-04-22T23:47:56.417+0000] {logging_mixin.py:137} INFO - [2023-04-22T23:47:56.417+0000] {dag.py:2705} INFO - Sync 1 DAGs
[2023-04-22T23:47:56.433+0000] {logging_mixin.py:137} INFO - [2023-04-22T23:47:56.432+0000] {dag.py:3456} INFO - Setting next_dagrun for example_task_group to 2023-04-21T23:47:56.432714+00:00, run_after=2023-04-22T23:47:56.432714+00:00
[2023-04-22T23:47:56.445+0000] {processor.py:175} INFO - Processing /home/airflow/.local/lib/python3.7/site-packages/airflow/example_dags/example_task_group.py took 0.064 seconds
[2023-04-22T23:48:26.910+0000] {processor.py:153} INFO - Started process (PID=210) to work on /home/airflow/.local/lib/python3.7/site-packages/airflow/example_dags/example_task_group.py
[2023-04-22T23:48:26.911+0000] {processor.py:743} INFO - Processing file /home/airflow/.local/lib/python3.7/site-packages/airflow/example_dags/example_task_group.py for tasks to queue
[2023-04-22T23:48:26.912+0000] {logging_mixin.py:137} INFO - [2023-04-22T23:48:26.912+0000] {dagbag.py:532} INFO - Filling up the DagBag from /home/airflow/.local/lib/python3.7/site-packages/airflow/example_dags/example_task_group.py
[2023-04-22T23:48:26.923+0000] {processor.py:753} INFO - DAG(s) dict_keys(['example_task_group']) retrieved from /home/airflow/.local/lib/python3.7/site-packages/airflow/example_dags/example_task_group.py
[2023-04-22T23:48:26.943+0000] {logging_mixin.py:137} INFO - [2023-04-22T23:48:26.943+0000] {dag.py:2705} INFO - Sync 1 DAGs
[2023-04-22T23:48:26.958+0000] {logging_mixin.py:137} INFO - [2023-04-22T23:48:26.958+0000] {dag.py:3456} INFO - Setting next_dagrun for example_task_group to 2023-04-21T23:48:26.958625+00:00, run_after=2023-04-22T23:48:26.958625+00:00
[2023-04-22T23:48:26.971+0000] {processor.py:175} INFO - Processing /home/airflow/.local/lib/python3.7/site-packages/airflow/example_dags/example_task_group.py took 0.064 seconds
[2023-04-22T23:48:57.305+0000] {processor.py:153} INFO - Started process (PID=261) to work on /home/airflow/.local/lib/python3.7/site-packages/airflow/example_dags/example_task_group.py
[2023-04-22T23:48:57.306+0000] {processor.py:743} INFO - Processing file /home/airflow/.local/lib/python3.7/site-packages/airflow/example_dags/example_task_group.py for tasks to queue
[2023-04-22T23:48:57.307+0000] {logging_mixin.py:137} INFO - [2023-04-22T23:48:57.307+0000] {dagbag.py:532} INFO - Filling up the DagBag from /home/airflow/.local/lib/python3.7/site-packages/airflow/example_dags/example_task_group.py
[2023-04-22T23:48:57.319+0000] {processor.py:753} INFO - DAG(s) dict_keys(['example_task_group']) retrieved from /home/airflow/.local/lib/python3.7/site-packages/airflow/example_dags/example_task_group.py
[2023-04-22T23:48:57.340+0000] {logging_mixin.py:137} INFO - [2023-04-22T23:48:57.340+0000] {dag.py:2705} INFO - Sync 1 DAGs
[2023-04-22T23:48:57.356+0000] {logging_mixin.py:137} INFO - [2023-04-22T23:48:57.356+0000] {dag.py:3456} INFO - Setting next_dagrun for example_task_group to 2023-04-21T23:48:57.356332+00:00, run_after=2023-04-22T23:48:57.356332+00:00
[2023-04-22T23:48:57.373+0000] {processor.py:175} INFO - Processing /home/airflow/.local/lib/python3.7/site-packages/airflow/example_dags/example_task_group.py took 0.072 seconds
[2023-04-22T23:49:28.123+0000] {processor.py:153} INFO - Started process (PID=312) to work on /home/airflow/.local/lib/python3.7/site-packages/airflow/example_dags/example_task_group.py
[2023-04-22T23:49:28.124+0000] {processor.py:743} INFO - Processing file /home/airflow/.local/lib/python3.7/site-packages/airflow/example_dags/example_task_group.py for tasks to queue
[2023-04-22T23:49:28.125+0000] {logging_mixin.py:137} INFO - [2023-04-22T23:49:28.125+0000] {dagbag.py:532} INFO - Filling up the DagBag from /home/airflow/.local/lib/python3.7/site-packages/airflow/example_dags/example_task_group.py
[2023-04-22T23:49:28.140+0000] {processor.py:753} INFO - DAG(s) dict_keys(['example_task_group']) retrieved from /home/airflow/.local/lib/python3.7/site-packages/airflow/example_dags/example_task_group.py
[2023-04-22T23:49:28.169+0000] {logging_mixin.py:137} INFO - [2023-04-22T23:49:28.169+0000] {dag.py:2705} INFO - Sync 1 DAGs
[2023-04-22T23:49:28.191+0000] {logging_mixin.py:137} INFO - [2023-04-22T23:49:28.191+0000] {dag.py:3456} INFO - Setting next_dagrun for example_task_group to 2023-04-21T23:49:28.191216+00:00, run_after=2023-04-22T23:49:28.191216+00:00
[2023-04-22T23:49:28.205+0000] {processor.py:175} INFO - Processing /home/airflow/.local/lib/python3.7/site-packages/airflow/example_dags/example_task_group.py took 0.085 seconds
[2023-04-22T23:49:58.822+0000] {processor.py:153} INFO - Started process (PID=364) to work on /home/airflow/.local/lib/python3.7/site-packages/airflow/example_dags/example_task_group.py
[2023-04-22T23:49:58.824+0000] {processor.py:743} INFO - Processing file /home/airflow/.local/lib/python3.7/site-packages/airflow/example_dags/example_task_group.py for tasks to queue
[2023-04-22T23:49:58.825+0000] {logging_mixin.py:137} INFO - [2023-04-22T23:49:58.825+0000] {dagbag.py:532} INFO - Filling up the DagBag from /home/airflow/.local/lib/python3.7/site-packages/airflow/example_dags/example_task_group.py
[2023-04-22T23:49:58.842+0000] {processor.py:753} INFO - DAG(s) dict_keys(['example_task_group']) retrieved from /home/airflow/.local/lib/python3.7/site-packages/airflow/example_dags/example_task_group.py
[2023-04-22T23:49:58.866+0000] {logging_mixin.py:137} INFO - [2023-04-22T23:49:58.866+0000] {dag.py:2705} INFO - Sync 1 DAGs
[2023-04-22T23:49:58.886+0000] {logging_mixin.py:137} INFO - [2023-04-22T23:49:58.886+0000] {dag.py:3456} INFO - Setting next_dagrun for example_task_group to 2023-04-21T23:49:58.885798+00:00, run_after=2023-04-22T23:49:58.885798+00:00
[2023-04-22T23:49:58.899+0000] {processor.py:175} INFO - Processing /home/airflow/.local/lib/python3.7/site-packages/airflow/example_dags/example_task_group.py took 0.083 seconds
[2023-04-22T23:50:29.576+0000] {processor.py:153} INFO - Started process (PID=416) to work on /home/airflow/.local/lib/python3.7/site-packages/airflow/example_dags/example_task_group.py
[2023-04-22T23:50:29.578+0000] {processor.py:743} INFO - Processing file /home/airflow/.local/lib/python3.7/site-packages/airflow/example_dags/example_task_group.py for tasks to queue
[2023-04-22T23:50:29.579+0000] {logging_mixin.py:137} INFO - [2023-04-22T23:50:29.579+0000] {dagbag.py:532} INFO - Filling up the DagBag from /home/airflow/.local/lib/python3.7/site-packages/airflow/example_dags/example_task_group.py
[2023-04-22T23:50:29.595+0000] {processor.py:753} INFO - DAG(s) dict_keys(['example_task_group']) retrieved from /home/airflow/.local/lib/python3.7/site-packages/airflow/example_dags/example_task_group.py
[2023-04-22T23:50:29.639+0000] {logging_mixin.py:137} INFO - [2023-04-22T23:50:29.639+0000] {dag.py:2705} INFO - Sync 1 DAGs
[2023-04-22T23:50:29.664+0000] {logging_mixin.py:137} INFO - [2023-04-22T23:50:29.664+0000] {dag.py:3456} INFO - Setting next_dagrun for example_task_group to 2023-04-21T23:50:29.664343+00:00, run_after=2023-04-22T23:50:29.664343+00:00
[2023-04-22T23:50:29.681+0000] {processor.py:175} INFO - Processing /home/airflow/.local/lib/python3.7/site-packages/airflow/example_dags/example_task_group.py took 0.109 seconds
