[2023-04-22T22:50:12.525+0000] {processor.py:153} INFO - Started process (PID=70) to work on /home/airflow/.local/lib/python3.7/site-packages/airflow/example_dags/example_sensors.py
[2023-04-22T22:50:12.527+0000] {processor.py:743} INFO - Processing file /home/airflow/.local/lib/python3.7/site-packages/airflow/example_dags/example_sensors.py for tasks to queue
[2023-04-22T22:50:12.530+0000] {logging_mixin.py:137} INFO - [2023-04-22T22:50:12.528+0000] {dagbag.py:532} INFO - Filling up the DagBag from /home/airflow/.local/lib/python3.7/site-packages/airflow/example_dags/example_sensors.py
[2023-04-22T22:50:12.586+0000] {processor.py:753} INFO - DAG(s) dict_keys(['example_sensors']) retrieved from /home/airflow/.local/lib/python3.7/site-packages/airflow/example_dags/example_sensors.py
[2023-04-22T22:50:12.624+0000] {logging_mixin.py:137} INFO - [2023-04-22T22:50:12.623+0000] {dag.py:2705} INFO - Sync 1 DAGs
[2023-04-22T22:50:12.695+0000] {logging_mixin.py:137} INFO - [2023-04-22T22:50:12.695+0000] {dag.py:3456} INFO - Setting next_dagrun for example_sensors to None, run_after=None
[2023-04-22T22:50:12.754+0000] {processor.py:175} INFO - Processing /home/airflow/.local/lib/python3.7/site-packages/airflow/example_dags/example_sensors.py took 0.238 seconds
[2023-04-22T22:50:43.069+0000] {processor.py:153} INFO - Started process (PID=121) to work on /home/airflow/.local/lib/python3.7/site-packages/airflow/example_dags/example_sensors.py
[2023-04-22T22:50:43.070+0000] {processor.py:743} INFO - Processing file /home/airflow/.local/lib/python3.7/site-packages/airflow/example_dags/example_sensors.py for tasks to queue
[2023-04-22T22:50:43.071+0000] {logging_mixin.py:137} INFO - [2023-04-22T22:50:43.071+0000] {dagbag.py:532} INFO - Filling up the DagBag from /home/airflow/.local/lib/python3.7/site-packages/airflow/example_dags/example_sensors.py
[2023-04-22T22:50:43.086+0000] {processor.py:753} INFO - DAG(s) dict_keys(['example_sensors']) retrieved from /home/airflow/.local/lib/python3.7/site-packages/airflow/example_dags/example_sensors.py
[2023-04-22T22:50:43.107+0000] {logging_mixin.py:137} INFO - [2023-04-22T22:50:43.107+0000] {dag.py:2705} INFO - Sync 1 DAGs
[2023-04-22T22:50:43.124+0000] {logging_mixin.py:137} INFO - [2023-04-22T22:50:43.124+0000] {dag.py:3456} INFO - Setting next_dagrun for example_sensors to None, run_after=None
[2023-04-22T22:50:43.135+0000] {processor.py:175} INFO - Processing /home/airflow/.local/lib/python3.7/site-packages/airflow/example_dags/example_sensors.py took 0.068 seconds
[2023-04-22T22:51:13.994+0000] {processor.py:153} INFO - Started process (PID=172) to work on /home/airflow/.local/lib/python3.7/site-packages/airflow/example_dags/example_sensors.py
[2023-04-22T22:51:13.998+0000] {processor.py:743} INFO - Processing file /home/airflow/.local/lib/python3.7/site-packages/airflow/example_dags/example_sensors.py for tasks to queue
[2023-04-22T22:51:13.999+0000] {logging_mixin.py:137} INFO - [2023-04-22T22:51:13.999+0000] {dagbag.py:532} INFO - Filling up the DagBag from /home/airflow/.local/lib/python3.7/site-packages/airflow/example_dags/example_sensors.py
[2023-04-22T22:51:14.013+0000] {processor.py:753} INFO - DAG(s) dict_keys(['example_sensors']) retrieved from /home/airflow/.local/lib/python3.7/site-packages/airflow/example_dags/example_sensors.py
[2023-04-22T22:51:14.035+0000] {logging_mixin.py:137} INFO - [2023-04-22T22:51:14.035+0000] {dag.py:2705} INFO - Sync 1 DAGs
[2023-04-22T22:51:14.050+0000] {logging_mixin.py:137} INFO - [2023-04-22T22:51:14.050+0000] {dag.py:3456} INFO - Setting next_dagrun for example_sensors to None, run_after=None
[2023-04-22T22:51:14.061+0000] {processor.py:175} INFO - Processing /home/airflow/.local/lib/python3.7/site-packages/airflow/example_dags/example_sensors.py took 0.069 seconds
[2023-04-22T22:51:44.399+0000] {processor.py:153} INFO - Started process (PID=222) to work on /home/airflow/.local/lib/python3.7/site-packages/airflow/example_dags/example_sensors.py
[2023-04-22T22:51:44.400+0000] {processor.py:743} INFO - Processing file /home/airflow/.local/lib/python3.7/site-packages/airflow/example_dags/example_sensors.py for tasks to queue
[2023-04-22T22:51:44.401+0000] {logging_mixin.py:137} INFO - [2023-04-22T22:51:44.401+0000] {dagbag.py:532} INFO - Filling up the DagBag from /home/airflow/.local/lib/python3.7/site-packages/airflow/example_dags/example_sensors.py
[2023-04-22T22:51:44.417+0000] {processor.py:753} INFO - DAG(s) dict_keys(['example_sensors']) retrieved from /home/airflow/.local/lib/python3.7/site-packages/airflow/example_dags/example_sensors.py
[2023-04-22T22:51:44.437+0000] {logging_mixin.py:137} INFO - [2023-04-22T22:51:44.437+0000] {dag.py:2705} INFO - Sync 1 DAGs
[2023-04-22T22:51:44.453+0000] {logging_mixin.py:137} INFO - [2023-04-22T22:51:44.453+0000] {dag.py:3456} INFO - Setting next_dagrun for example_sensors to None, run_after=None
[2023-04-22T22:51:44.464+0000] {processor.py:175} INFO - Processing /home/airflow/.local/lib/python3.7/site-packages/airflow/example_dags/example_sensors.py took 0.068 seconds
[2023-04-22T22:52:14.829+0000] {processor.py:153} INFO - Started process (PID=272) to work on /home/airflow/.local/lib/python3.7/site-packages/airflow/example_dags/example_sensors.py
[2023-04-22T22:52:14.830+0000] {processor.py:743} INFO - Processing file /home/airflow/.local/lib/python3.7/site-packages/airflow/example_dags/example_sensors.py for tasks to queue
[2023-04-22T22:52:14.831+0000] {logging_mixin.py:137} INFO - [2023-04-22T22:52:14.830+0000] {dagbag.py:532} INFO - Filling up the DagBag from /home/airflow/.local/lib/python3.7/site-packages/airflow/example_dags/example_sensors.py
[2023-04-22T22:52:14.845+0000] {processor.py:753} INFO - DAG(s) dict_keys(['example_sensors']) retrieved from /home/airflow/.local/lib/python3.7/site-packages/airflow/example_dags/example_sensors.py
[2023-04-22T22:52:14.866+0000] {logging_mixin.py:137} INFO - [2023-04-22T22:52:14.866+0000] {dag.py:2705} INFO - Sync 1 DAGs
[2023-04-22T22:52:14.882+0000] {logging_mixin.py:137} INFO - [2023-04-22T22:52:14.882+0000] {dag.py:3456} INFO - Setting next_dagrun for example_sensors to None, run_after=None
[2023-04-22T22:52:14.893+0000] {processor.py:175} INFO - Processing /home/airflow/.local/lib/python3.7/site-packages/airflow/example_dags/example_sensors.py took 0.067 seconds
[2023-04-22T22:52:45.234+0000] {processor.py:153} INFO - Started process (PID=323) to work on /home/airflow/.local/lib/python3.7/site-packages/airflow/example_dags/example_sensors.py
[2023-04-22T22:52:45.235+0000] {processor.py:743} INFO - Processing file /home/airflow/.local/lib/python3.7/site-packages/airflow/example_dags/example_sensors.py for tasks to queue
[2023-04-22T22:52:45.236+0000] {logging_mixin.py:137} INFO - [2023-04-22T22:52:45.235+0000] {dagbag.py:532} INFO - Filling up the DagBag from /home/airflow/.local/lib/python3.7/site-packages/airflow/example_dags/example_sensors.py
[2023-04-22T22:52:45.250+0000] {processor.py:753} INFO - DAG(s) dict_keys(['example_sensors']) retrieved from /home/airflow/.local/lib/python3.7/site-packages/airflow/example_dags/example_sensors.py
[2023-04-22T22:52:45.283+0000] {logging_mixin.py:137} INFO - [2023-04-22T22:52:45.282+0000] {dag.py:2705} INFO - Sync 1 DAGs
[2023-04-22T22:52:45.309+0000] {logging_mixin.py:137} INFO - [2023-04-22T22:52:45.309+0000] {dag.py:3456} INFO - Setting next_dagrun for example_sensors to None, run_after=None
[2023-04-22T22:52:45.321+0000] {processor.py:175} INFO - Processing /home/airflow/.local/lib/python3.7/site-packages/airflow/example_dags/example_sensors.py took 0.090 seconds
[2023-04-22T22:53:15.538+0000] {processor.py:153} INFO - Started process (PID=375) to work on /home/airflow/.local/lib/python3.7/site-packages/airflow/example_dags/example_sensors.py
[2023-04-22T22:53:15.540+0000] {processor.py:743} INFO - Processing file /home/airflow/.local/lib/python3.7/site-packages/airflow/example_dags/example_sensors.py for tasks to queue
[2023-04-22T22:53:15.540+0000] {logging_mixin.py:137} INFO - [2023-04-22T22:53:15.540+0000] {dagbag.py:532} INFO - Filling up the DagBag from /home/airflow/.local/lib/python3.7/site-packages/airflow/example_dags/example_sensors.py
[2023-04-22T22:53:15.554+0000] {processor.py:753} INFO - DAG(s) dict_keys(['example_sensors']) retrieved from /home/airflow/.local/lib/python3.7/site-packages/airflow/example_dags/example_sensors.py
[2023-04-22T22:53:15.574+0000] {logging_mixin.py:137} INFO - [2023-04-22T22:53:15.574+0000] {dag.py:2705} INFO - Sync 1 DAGs
[2023-04-22T22:53:15.589+0000] {logging_mixin.py:137} INFO - [2023-04-22T22:53:15.589+0000] {dag.py:3456} INFO - Setting next_dagrun for example_sensors to None, run_after=None
[2023-04-22T22:53:15.600+0000] {processor.py:175} INFO - Processing /home/airflow/.local/lib/python3.7/site-packages/airflow/example_dags/example_sensors.py took 0.064 seconds
[2023-04-22T22:53:46.288+0000] {processor.py:153} INFO - Started process (PID=426) to work on /home/airflow/.local/lib/python3.7/site-packages/airflow/example_dags/example_sensors.py
[2023-04-22T22:53:46.290+0000] {processor.py:743} INFO - Processing file /home/airflow/.local/lib/python3.7/site-packages/airflow/example_dags/example_sensors.py for tasks to queue
[2023-04-22T22:53:46.290+0000] {logging_mixin.py:137} INFO - [2023-04-22T22:53:46.290+0000] {dagbag.py:532} INFO - Filling up the DagBag from /home/airflow/.local/lib/python3.7/site-packages/airflow/example_dags/example_sensors.py
[2023-04-22T22:53:46.305+0000] {processor.py:753} INFO - DAG(s) dict_keys(['example_sensors']) retrieved from /home/airflow/.local/lib/python3.7/site-packages/airflow/example_dags/example_sensors.py
[2023-04-22T22:53:46.332+0000] {logging_mixin.py:137} INFO - [2023-04-22T22:53:46.331+0000] {dag.py:2705} INFO - Sync 1 DAGs
[2023-04-22T22:53:46.347+0000] {logging_mixin.py:137} INFO - [2023-04-22T22:53:46.347+0000] {dag.py:3456} INFO - Setting next_dagrun for example_sensors to None, run_after=None
[2023-04-22T22:53:46.359+0000] {processor.py:175} INFO - Processing /home/airflow/.local/lib/python3.7/site-packages/airflow/example_dags/example_sensors.py took 0.074 seconds
[2023-04-22T23:03:14.746+0000] {processor.py:153} INFO - Started process (PID=70) to work on /home/airflow/.local/lib/python3.7/site-packages/airflow/example_dags/example_sensors.py
[2023-04-22T23:03:14.747+0000] {processor.py:743} INFO - Processing file /home/airflow/.local/lib/python3.7/site-packages/airflow/example_dags/example_sensors.py for tasks to queue
[2023-04-22T23:03:14.748+0000] {logging_mixin.py:137} INFO - [2023-04-22T23:03:14.748+0000] {dagbag.py:532} INFO - Filling up the DagBag from /home/airflow/.local/lib/python3.7/site-packages/airflow/example_dags/example_sensors.py
[2023-04-22T23:03:14.769+0000] {processor.py:753} INFO - DAG(s) dict_keys(['example_sensors']) retrieved from /home/airflow/.local/lib/python3.7/site-packages/airflow/example_dags/example_sensors.py
[2023-04-22T23:03:14.850+0000] {logging_mixin.py:137} INFO - [2023-04-22T23:03:14.850+0000] {manager.py:504} INFO - Created Permission View: can read on DAG:example_sensors
[2023-04-22T23:03:14.856+0000] {logging_mixin.py:137} INFO - [2023-04-22T23:03:14.856+0000] {manager.py:504} INFO - Created Permission View: can delete on DAG:example_sensors
[2023-04-22T23:03:14.860+0000] {logging_mixin.py:137} INFO - [2023-04-22T23:03:14.860+0000] {manager.py:504} INFO - Created Permission View: can edit on DAG:example_sensors
[2023-04-22T23:03:14.861+0000] {logging_mixin.py:137} INFO - [2023-04-22T23:03:14.861+0000] {dag.py:2705} INFO - Sync 1 DAGs
[2023-04-22T23:03:14.868+0000] {logging_mixin.py:137} INFO - [2023-04-22T23:03:14.868+0000] {dag.py:2726} INFO - Creating ORM DAG for example_sensors
[2023-04-22T23:03:14.876+0000] {logging_mixin.py:137} INFO - [2023-04-22T23:03:14.876+0000] {dag.py:3456} INFO - Setting next_dagrun for example_sensors to None, run_after=None
[2023-04-22T23:03:14.886+0000] {processor.py:175} INFO - Processing /home/airflow/.local/lib/python3.7/site-packages/airflow/example_dags/example_sensors.py took 0.144 seconds
[2023-04-22T23:03:45.472+0000] {processor.py:153} INFO - Started process (PID=121) to work on /home/airflow/.local/lib/python3.7/site-packages/airflow/example_dags/example_sensors.py
[2023-04-22T23:03:45.475+0000] {processor.py:743} INFO - Processing file /home/airflow/.local/lib/python3.7/site-packages/airflow/example_dags/example_sensors.py for tasks to queue
[2023-04-22T23:03:45.476+0000] {logging_mixin.py:137} INFO - [2023-04-22T23:03:45.476+0000] {dagbag.py:532} INFO - Filling up the DagBag from /home/airflow/.local/lib/python3.7/site-packages/airflow/example_dags/example_sensors.py
[2023-04-22T23:03:45.508+0000] {processor.py:753} INFO - DAG(s) dict_keys(['example_sensors']) retrieved from /home/airflow/.local/lib/python3.7/site-packages/airflow/example_dags/example_sensors.py
[2023-04-22T23:03:45.540+0000] {logging_mixin.py:137} INFO - [2023-04-22T23:03:45.540+0000] {dag.py:2705} INFO - Sync 1 DAGs
[2023-04-22T23:03:45.559+0000] {logging_mixin.py:137} INFO - [2023-04-22T23:03:45.559+0000] {dag.py:3456} INFO - Setting next_dagrun for example_sensors to None, run_after=None
[2023-04-22T23:03:45.578+0000] {processor.py:175} INFO - Processing /home/airflow/.local/lib/python3.7/site-packages/airflow/example_dags/example_sensors.py took 0.110 seconds
[2023-04-22T23:04:16.114+0000] {processor.py:153} INFO - Started process (PID=172) to work on /home/airflow/.local/lib/python3.7/site-packages/airflow/example_dags/example_sensors.py
[2023-04-22T23:04:16.115+0000] {processor.py:743} INFO - Processing file /home/airflow/.local/lib/python3.7/site-packages/airflow/example_dags/example_sensors.py for tasks to queue
[2023-04-22T23:04:16.116+0000] {logging_mixin.py:137} INFO - [2023-04-22T23:04:16.116+0000] {dagbag.py:532} INFO - Filling up the DagBag from /home/airflow/.local/lib/python3.7/site-packages/airflow/example_dags/example_sensors.py
[2023-04-22T23:04:16.131+0000] {processor.py:753} INFO - DAG(s) dict_keys(['example_sensors']) retrieved from /home/airflow/.local/lib/python3.7/site-packages/airflow/example_dags/example_sensors.py
[2023-04-22T23:04:16.154+0000] {logging_mixin.py:137} INFO - [2023-04-22T23:04:16.154+0000] {dag.py:2705} INFO - Sync 1 DAGs
[2023-04-22T23:04:16.171+0000] {logging_mixin.py:137} INFO - [2023-04-22T23:04:16.171+0000] {dag.py:3456} INFO - Setting next_dagrun for example_sensors to None, run_after=None
[2023-04-22T23:04:16.183+0000] {processor.py:175} INFO - Processing /home/airflow/.local/lib/python3.7/site-packages/airflow/example_dags/example_sensors.py took 0.072 seconds
[2023-04-22T23:04:46.655+0000] {processor.py:153} INFO - Started process (PID=223) to work on /home/airflow/.local/lib/python3.7/site-packages/airflow/example_dags/example_sensors.py
[2023-04-22T23:04:46.656+0000] {processor.py:743} INFO - Processing file /home/airflow/.local/lib/python3.7/site-packages/airflow/example_dags/example_sensors.py for tasks to queue
[2023-04-22T23:04:46.657+0000] {logging_mixin.py:137} INFO - [2023-04-22T23:04:46.657+0000] {dagbag.py:532} INFO - Filling up the DagBag from /home/airflow/.local/lib/python3.7/site-packages/airflow/example_dags/example_sensors.py
[2023-04-22T23:04:46.671+0000] {processor.py:753} INFO - DAG(s) dict_keys(['example_sensors']) retrieved from /home/airflow/.local/lib/python3.7/site-packages/airflow/example_dags/example_sensors.py
[2023-04-22T23:04:46.693+0000] {logging_mixin.py:137} INFO - [2023-04-22T23:04:46.693+0000] {dag.py:2705} INFO - Sync 1 DAGs
[2023-04-22T23:04:46.710+0000] {logging_mixin.py:137} INFO - [2023-04-22T23:04:46.709+0000] {dag.py:3456} INFO - Setting next_dagrun for example_sensors to None, run_after=None
[2023-04-22T23:04:46.721+0000] {processor.py:175} INFO - Processing /home/airflow/.local/lib/python3.7/site-packages/airflow/example_dags/example_sensors.py took 0.069 seconds
[2023-04-22T23:05:17.266+0000] {processor.py:153} INFO - Started process (PID=274) to work on /home/airflow/.local/lib/python3.7/site-packages/airflow/example_dags/example_sensors.py
[2023-04-22T23:05:17.267+0000] {processor.py:743} INFO - Processing file /home/airflow/.local/lib/python3.7/site-packages/airflow/example_dags/example_sensors.py for tasks to queue
[2023-04-22T23:05:17.268+0000] {logging_mixin.py:137} INFO - [2023-04-22T23:05:17.268+0000] {dagbag.py:532} INFO - Filling up the DagBag from /home/airflow/.local/lib/python3.7/site-packages/airflow/example_dags/example_sensors.py
[2023-04-22T23:05:17.283+0000] {processor.py:753} INFO - DAG(s) dict_keys(['example_sensors']) retrieved from /home/airflow/.local/lib/python3.7/site-packages/airflow/example_dags/example_sensors.py
[2023-04-22T23:05:17.306+0000] {logging_mixin.py:137} INFO - [2023-04-22T23:05:17.305+0000] {dag.py:2705} INFO - Sync 1 DAGs
[2023-04-22T23:05:17.322+0000] {logging_mixin.py:137} INFO - [2023-04-22T23:05:17.321+0000] {dag.py:3456} INFO - Setting next_dagrun for example_sensors to None, run_after=None
[2023-04-22T23:05:17.335+0000] {processor.py:175} INFO - Processing /home/airflow/.local/lib/python3.7/site-packages/airflow/example_dags/example_sensors.py took 0.072 seconds
[2023-04-22T23:05:47.549+0000] {processor.py:153} INFO - Started process (PID=326) to work on /home/airflow/.local/lib/python3.7/site-packages/airflow/example_dags/example_sensors.py
[2023-04-22T23:05:47.550+0000] {processor.py:743} INFO - Processing file /home/airflow/.local/lib/python3.7/site-packages/airflow/example_dags/example_sensors.py for tasks to queue
[2023-04-22T23:05:47.551+0000] {logging_mixin.py:137} INFO - [2023-04-22T23:05:47.551+0000] {dagbag.py:532} INFO - Filling up the DagBag from /home/airflow/.local/lib/python3.7/site-packages/airflow/example_dags/example_sensors.py
[2023-04-22T23:05:47.565+0000] {processor.py:753} INFO - DAG(s) dict_keys(['example_sensors']) retrieved from /home/airflow/.local/lib/python3.7/site-packages/airflow/example_dags/example_sensors.py
[2023-04-22T23:05:47.587+0000] {logging_mixin.py:137} INFO - [2023-04-22T23:05:47.587+0000] {dag.py:2705} INFO - Sync 1 DAGs
[2023-04-22T23:05:47.602+0000] {logging_mixin.py:137} INFO - [2023-04-22T23:05:47.602+0000] {dag.py:3456} INFO - Setting next_dagrun for example_sensors to None, run_after=None
[2023-04-22T23:05:47.614+0000] {processor.py:175} INFO - Processing /home/airflow/.local/lib/python3.7/site-packages/airflow/example_dags/example_sensors.py took 0.068 seconds
[2023-04-22T23:06:17.689+0000] {processor.py:153} INFO - Started process (PID=377) to work on /home/airflow/.local/lib/python3.7/site-packages/airflow/example_dags/example_sensors.py
[2023-04-22T23:06:17.690+0000] {processor.py:743} INFO - Processing file /home/airflow/.local/lib/python3.7/site-packages/airflow/example_dags/example_sensors.py for tasks to queue
[2023-04-22T23:06:17.691+0000] {logging_mixin.py:137} INFO - [2023-04-22T23:06:17.691+0000] {dagbag.py:532} INFO - Filling up the DagBag from /home/airflow/.local/lib/python3.7/site-packages/airflow/example_dags/example_sensors.py
[2023-04-22T23:06:17.705+0000] {processor.py:753} INFO - DAG(s) dict_keys(['example_sensors']) retrieved from /home/airflow/.local/lib/python3.7/site-packages/airflow/example_dags/example_sensors.py
[2023-04-22T23:06:17.725+0000] {logging_mixin.py:137} INFO - [2023-04-22T23:06:17.725+0000] {dag.py:2705} INFO - Sync 1 DAGs
[2023-04-22T23:06:17.739+0000] {logging_mixin.py:137} INFO - [2023-04-22T23:06:17.739+0000] {dag.py:3456} INFO - Setting next_dagrun for example_sensors to None, run_after=None
[2023-04-22T23:06:17.749+0000] {processor.py:175} INFO - Processing /home/airflow/.local/lib/python3.7/site-packages/airflow/example_dags/example_sensors.py took 0.063 seconds
[2023-04-22T23:06:48.502+0000] {processor.py:153} INFO - Started process (PID=429) to work on /home/airflow/.local/lib/python3.7/site-packages/airflow/example_dags/example_sensors.py
[2023-04-22T23:06:48.503+0000] {processor.py:743} INFO - Processing file /home/airflow/.local/lib/python3.7/site-packages/airflow/example_dags/example_sensors.py for tasks to queue
[2023-04-22T23:06:48.504+0000] {logging_mixin.py:137} INFO - [2023-04-22T23:06:48.504+0000] {dagbag.py:532} INFO - Filling up the DagBag from /home/airflow/.local/lib/python3.7/site-packages/airflow/example_dags/example_sensors.py
[2023-04-22T23:06:48.518+0000] {processor.py:753} INFO - DAG(s) dict_keys(['example_sensors']) retrieved from /home/airflow/.local/lib/python3.7/site-packages/airflow/example_dags/example_sensors.py
[2023-04-22T23:06:48.539+0000] {logging_mixin.py:137} INFO - [2023-04-22T23:06:48.539+0000] {dag.py:2705} INFO - Sync 1 DAGs
[2023-04-22T23:06:48.555+0000] {logging_mixin.py:137} INFO - [2023-04-22T23:06:48.555+0000] {dag.py:3456} INFO - Setting next_dagrun for example_sensors to None, run_after=None
[2023-04-22T23:06:48.568+0000] {processor.py:175} INFO - Processing /home/airflow/.local/lib/python3.7/site-packages/airflow/example_dags/example_sensors.py took 0.069 seconds
[2023-04-22T23:12:39.669+0000] {processor.py:153} INFO - Started process (PID=70) to work on /home/airflow/.local/lib/python3.7/site-packages/airflow/example_dags/example_sensors.py
[2023-04-22T23:12:39.670+0000] {processor.py:743} INFO - Processing file /home/airflow/.local/lib/python3.7/site-packages/airflow/example_dags/example_sensors.py for tasks to queue
[2023-04-22T23:12:39.671+0000] {logging_mixin.py:137} INFO - [2023-04-22T23:12:39.671+0000] {dagbag.py:532} INFO - Filling up the DagBag from /home/airflow/.local/lib/python3.7/site-packages/airflow/example_dags/example_sensors.py
[2023-04-22T23:12:39.691+0000] {processor.py:753} INFO - DAG(s) dict_keys(['example_sensors']) retrieved from /home/airflow/.local/lib/python3.7/site-packages/airflow/example_dags/example_sensors.py
[2023-04-22T23:12:39.803+0000] {logging_mixin.py:137} INFO - [2023-04-22T23:12:39.802+0000] {manager.py:504} INFO - Created Permission View: can edit on DAG:example_sensors
[2023-04-22T23:12:39.819+0000] {logging_mixin.py:137} INFO - [2023-04-22T23:12:39.819+0000] {manager.py:504} INFO - Created Permission View: can read on DAG:example_sensors
[2023-04-22T23:12:39.827+0000] {logging_mixin.py:137} INFO - [2023-04-22T23:12:39.827+0000] {manager.py:504} INFO - Created Permission View: can delete on DAG:example_sensors
[2023-04-22T23:12:39.829+0000] {logging_mixin.py:137} INFO - [2023-04-22T23:12:39.829+0000] {dag.py:2705} INFO - Sync 1 DAGs
[2023-04-22T23:12:39.839+0000] {logging_mixin.py:137} INFO - [2023-04-22T23:12:39.839+0000] {dag.py:2726} INFO - Creating ORM DAG for example_sensors
[2023-04-22T23:12:39.861+0000] {logging_mixin.py:137} INFO - [2023-04-22T23:12:39.861+0000] {dag.py:3456} INFO - Setting next_dagrun for example_sensors to None, run_after=None
[2023-04-22T23:12:39.883+0000] {processor.py:175} INFO - Processing /home/airflow/.local/lib/python3.7/site-packages/airflow/example_dags/example_sensors.py took 0.217 seconds
[2023-04-22T23:13:10.115+0000] {processor.py:153} INFO - Started process (PID=121) to work on /home/airflow/.local/lib/python3.7/site-packages/airflow/example_dags/example_sensors.py
[2023-04-22T23:13:10.116+0000] {processor.py:743} INFO - Processing file /home/airflow/.local/lib/python3.7/site-packages/airflow/example_dags/example_sensors.py for tasks to queue
[2023-04-22T23:13:10.117+0000] {logging_mixin.py:137} INFO - [2023-04-22T23:13:10.117+0000] {dagbag.py:532} INFO - Filling up the DagBag from /home/airflow/.local/lib/python3.7/site-packages/airflow/example_dags/example_sensors.py
[2023-04-22T23:13:10.131+0000] {processor.py:753} INFO - DAG(s) dict_keys(['example_sensors']) retrieved from /home/airflow/.local/lib/python3.7/site-packages/airflow/example_dags/example_sensors.py
[2023-04-22T23:13:10.152+0000] {logging_mixin.py:137} INFO - [2023-04-22T23:13:10.152+0000] {dag.py:2705} INFO - Sync 1 DAGs
[2023-04-22T23:13:10.169+0000] {logging_mixin.py:137} INFO - [2023-04-22T23:13:10.169+0000] {dag.py:3456} INFO - Setting next_dagrun for example_sensors to None, run_after=None
[2023-04-22T23:13:10.181+0000] {processor.py:175} INFO - Processing /home/airflow/.local/lib/python3.7/site-packages/airflow/example_dags/example_sensors.py took 0.068 seconds
[2023-04-22T23:13:40.593+0000] {processor.py:153} INFO - Started process (PID=172) to work on /home/airflow/.local/lib/python3.7/site-packages/airflow/example_dags/example_sensors.py
[2023-04-22T23:13:40.594+0000] {processor.py:743} INFO - Processing file /home/airflow/.local/lib/python3.7/site-packages/airflow/example_dags/example_sensors.py for tasks to queue
[2023-04-22T23:13:40.595+0000] {logging_mixin.py:137} INFO - [2023-04-22T23:13:40.594+0000] {dagbag.py:532} INFO - Filling up the DagBag from /home/airflow/.local/lib/python3.7/site-packages/airflow/example_dags/example_sensors.py
[2023-04-22T23:13:40.607+0000] {processor.py:753} INFO - DAG(s) dict_keys(['example_sensors']) retrieved from /home/airflow/.local/lib/python3.7/site-packages/airflow/example_dags/example_sensors.py
[2023-04-22T23:13:40.629+0000] {logging_mixin.py:137} INFO - [2023-04-22T23:13:40.629+0000] {dag.py:2705} INFO - Sync 1 DAGs
[2023-04-22T23:13:40.644+0000] {logging_mixin.py:137} INFO - [2023-04-22T23:13:40.644+0000] {dag.py:3456} INFO - Setting next_dagrun for example_sensors to None, run_after=None
[2023-04-22T23:13:40.655+0000] {processor.py:175} INFO - Processing /home/airflow/.local/lib/python3.7/site-packages/airflow/example_dags/example_sensors.py took 0.065 seconds
[2023-04-22T23:14:11.023+0000] {processor.py:153} INFO - Started process (PID=224) to work on /home/airflow/.local/lib/python3.7/site-packages/airflow/example_dags/example_sensors.py
[2023-04-22T23:14:11.025+0000] {processor.py:743} INFO - Processing file /home/airflow/.local/lib/python3.7/site-packages/airflow/example_dags/example_sensors.py for tasks to queue
[2023-04-22T23:14:11.025+0000] {logging_mixin.py:137} INFO - [2023-04-22T23:14:11.025+0000] {dagbag.py:532} INFO - Filling up the DagBag from /home/airflow/.local/lib/python3.7/site-packages/airflow/example_dags/example_sensors.py
[2023-04-22T23:14:11.039+0000] {processor.py:753} INFO - DAG(s) dict_keys(['example_sensors']) retrieved from /home/airflow/.local/lib/python3.7/site-packages/airflow/example_dags/example_sensors.py
[2023-04-22T23:14:11.060+0000] {logging_mixin.py:137} INFO - [2023-04-22T23:14:11.060+0000] {dag.py:2705} INFO - Sync 1 DAGs
[2023-04-22T23:14:11.076+0000] {logging_mixin.py:137} INFO - [2023-04-22T23:14:11.076+0000] {dag.py:3456} INFO - Setting next_dagrun for example_sensors to None, run_after=None
[2023-04-22T23:14:11.087+0000] {processor.py:175} INFO - Processing /home/airflow/.local/lib/python3.7/site-packages/airflow/example_dags/example_sensors.py took 0.067 seconds
[2023-04-22T23:14:41.377+0000] {processor.py:153} INFO - Started process (PID=275) to work on /home/airflow/.local/lib/python3.7/site-packages/airflow/example_dags/example_sensors.py
[2023-04-22T23:14:41.378+0000] {processor.py:743} INFO - Processing file /home/airflow/.local/lib/python3.7/site-packages/airflow/example_dags/example_sensors.py for tasks to queue
[2023-04-22T23:14:41.379+0000] {logging_mixin.py:137} INFO - [2023-04-22T23:14:41.379+0000] {dagbag.py:532} INFO - Filling up the DagBag from /home/airflow/.local/lib/python3.7/site-packages/airflow/example_dags/example_sensors.py
[2023-04-22T23:14:41.391+0000] {processor.py:753} INFO - DAG(s) dict_keys(['example_sensors']) retrieved from /home/airflow/.local/lib/python3.7/site-packages/airflow/example_dags/example_sensors.py
[2023-04-22T23:14:41.412+0000] {logging_mixin.py:137} INFO - [2023-04-22T23:14:41.412+0000] {dag.py:2705} INFO - Sync 1 DAGs
[2023-04-22T23:14:41.428+0000] {logging_mixin.py:137} INFO - [2023-04-22T23:14:41.428+0000] {dag.py:3456} INFO - Setting next_dagrun for example_sensors to None, run_after=None
[2023-04-22T23:14:41.439+0000] {processor.py:175} INFO - Processing /home/airflow/.local/lib/python3.7/site-packages/airflow/example_dags/example_sensors.py took 0.065 seconds
[2023-04-22T23:15:11.900+0000] {processor.py:153} INFO - Started process (PID=325) to work on /home/airflow/.local/lib/python3.7/site-packages/airflow/example_dags/example_sensors.py
[2023-04-22T23:15:11.901+0000] {processor.py:743} INFO - Processing file /home/airflow/.local/lib/python3.7/site-packages/airflow/example_dags/example_sensors.py for tasks to queue
[2023-04-22T23:15:11.902+0000] {logging_mixin.py:137} INFO - [2023-04-22T23:15:11.901+0000] {dagbag.py:532} INFO - Filling up the DagBag from /home/airflow/.local/lib/python3.7/site-packages/airflow/example_dags/example_sensors.py
[2023-04-22T23:15:11.915+0000] {processor.py:753} INFO - DAG(s) dict_keys(['example_sensors']) retrieved from /home/airflow/.local/lib/python3.7/site-packages/airflow/example_dags/example_sensors.py
[2023-04-22T23:15:11.937+0000] {logging_mixin.py:137} INFO - [2023-04-22T23:15:11.937+0000] {dag.py:2705} INFO - Sync 1 DAGs
[2023-04-22T23:15:11.953+0000] {logging_mixin.py:137} INFO - [2023-04-22T23:15:11.953+0000] {dag.py:3456} INFO - Setting next_dagrun for example_sensors to None, run_after=None
[2023-04-22T23:15:11.965+0000] {processor.py:175} INFO - Processing /home/airflow/.local/lib/python3.7/site-packages/airflow/example_dags/example_sensors.py took 0.068 seconds
[2023-04-22T23:15:42.355+0000] {processor.py:153} INFO - Started process (PID=376) to work on /home/airflow/.local/lib/python3.7/site-packages/airflow/example_dags/example_sensors.py
[2023-04-22T23:15:42.356+0000] {processor.py:743} INFO - Processing file /home/airflow/.local/lib/python3.7/site-packages/airflow/example_dags/example_sensors.py for tasks to queue
[2023-04-22T23:15:42.357+0000] {logging_mixin.py:137} INFO - [2023-04-22T23:15:42.357+0000] {dagbag.py:532} INFO - Filling up the DagBag from /home/airflow/.local/lib/python3.7/site-packages/airflow/example_dags/example_sensors.py
[2023-04-22T23:15:42.371+0000] {processor.py:753} INFO - DAG(s) dict_keys(['example_sensors']) retrieved from /home/airflow/.local/lib/python3.7/site-packages/airflow/example_dags/example_sensors.py
[2023-04-22T23:15:42.392+0000] {logging_mixin.py:137} INFO - [2023-04-22T23:15:42.392+0000] {dag.py:2705} INFO - Sync 1 DAGs
[2023-04-22T23:15:42.407+0000] {logging_mixin.py:137} INFO - [2023-04-22T23:15:42.407+0000] {dag.py:3456} INFO - Setting next_dagrun for example_sensors to None, run_after=None
[2023-04-22T23:15:42.422+0000] {processor.py:175} INFO - Processing /home/airflow/.local/lib/python3.7/site-packages/airflow/example_dags/example_sensors.py took 0.070 seconds
[2023-04-22T23:16:12.933+0000] {processor.py:153} INFO - Started process (PID=427) to work on /home/airflow/.local/lib/python3.7/site-packages/airflow/example_dags/example_sensors.py
[2023-04-22T23:16:12.934+0000] {processor.py:743} INFO - Processing file /home/airflow/.local/lib/python3.7/site-packages/airflow/example_dags/example_sensors.py for tasks to queue
[2023-04-22T23:16:12.935+0000] {logging_mixin.py:137} INFO - [2023-04-22T23:16:12.935+0000] {dagbag.py:532} INFO - Filling up the DagBag from /home/airflow/.local/lib/python3.7/site-packages/airflow/example_dags/example_sensors.py
[2023-04-22T23:16:12.947+0000] {processor.py:753} INFO - DAG(s) dict_keys(['example_sensors']) retrieved from /home/airflow/.local/lib/python3.7/site-packages/airflow/example_dags/example_sensors.py
[2023-04-22T23:16:12.968+0000] {logging_mixin.py:137} INFO - [2023-04-22T23:16:12.968+0000] {dag.py:2705} INFO - Sync 1 DAGs
[2023-04-22T23:16:12.982+0000] {logging_mixin.py:137} INFO - [2023-04-22T23:16:12.982+0000] {dag.py:3456} INFO - Setting next_dagrun for example_sensors to None, run_after=None
[2023-04-22T23:16:12.992+0000] {processor.py:175} INFO - Processing /home/airflow/.local/lib/python3.7/site-packages/airflow/example_dags/example_sensors.py took 0.061 seconds
[2023-04-22T23:16:43.224+0000] {processor.py:153} INFO - Started process (PID=478) to work on /home/airflow/.local/lib/python3.7/site-packages/airflow/example_dags/example_sensors.py
[2023-04-22T23:16:43.225+0000] {processor.py:743} INFO - Processing file /home/airflow/.local/lib/python3.7/site-packages/airflow/example_dags/example_sensors.py for tasks to queue
[2023-04-22T23:16:43.226+0000] {logging_mixin.py:137} INFO - [2023-04-22T23:16:43.226+0000] {dagbag.py:532} INFO - Filling up the DagBag from /home/airflow/.local/lib/python3.7/site-packages/airflow/example_dags/example_sensors.py
[2023-04-22T23:16:43.239+0000] {processor.py:753} INFO - DAG(s) dict_keys(['example_sensors']) retrieved from /home/airflow/.local/lib/python3.7/site-packages/airflow/example_dags/example_sensors.py
[2023-04-22T23:16:43.260+0000] {logging_mixin.py:137} INFO - [2023-04-22T23:16:43.260+0000] {dag.py:2705} INFO - Sync 1 DAGs
[2023-04-22T23:16:43.275+0000] {logging_mixin.py:137} INFO - [2023-04-22T23:16:43.275+0000] {dag.py:3456} INFO - Setting next_dagrun for example_sensors to None, run_after=None
[2023-04-22T23:16:43.286+0000] {processor.py:175} INFO - Processing /home/airflow/.local/lib/python3.7/site-packages/airflow/example_dags/example_sensors.py took 0.065 seconds
[2023-04-22T23:17:13.815+0000] {processor.py:153} INFO - Started process (PID=529) to work on /home/airflow/.local/lib/python3.7/site-packages/airflow/example_dags/example_sensors.py
[2023-04-22T23:17:13.816+0000] {processor.py:743} INFO - Processing file /home/airflow/.local/lib/python3.7/site-packages/airflow/example_dags/example_sensors.py for tasks to queue
[2023-04-22T23:17:13.817+0000] {logging_mixin.py:137} INFO - [2023-04-22T23:17:13.817+0000] {dagbag.py:532} INFO - Filling up the DagBag from /home/airflow/.local/lib/python3.7/site-packages/airflow/example_dags/example_sensors.py
[2023-04-22T23:17:13.837+0000] {processor.py:753} INFO - DAG(s) dict_keys(['example_sensors']) retrieved from /home/airflow/.local/lib/python3.7/site-packages/airflow/example_dags/example_sensors.py
[2023-04-22T23:17:13.867+0000] {logging_mixin.py:137} INFO - [2023-04-22T23:17:13.867+0000] {dag.py:2705} INFO - Sync 1 DAGs
[2023-04-22T23:17:13.883+0000] {logging_mixin.py:137} INFO - [2023-04-22T23:17:13.883+0000] {dag.py:3456} INFO - Setting next_dagrun for example_sensors to None, run_after=None
[2023-04-22T23:17:13.894+0000] {processor.py:175} INFO - Processing /home/airflow/.local/lib/python3.7/site-packages/airflow/example_dags/example_sensors.py took 0.083 seconds
[2023-04-22T23:17:44.455+0000] {processor.py:153} INFO - Started process (PID=580) to work on /home/airflow/.local/lib/python3.7/site-packages/airflow/example_dags/example_sensors.py
[2023-04-22T23:17:44.456+0000] {processor.py:743} INFO - Processing file /home/airflow/.local/lib/python3.7/site-packages/airflow/example_dags/example_sensors.py for tasks to queue
[2023-04-22T23:17:44.457+0000] {logging_mixin.py:137} INFO - [2023-04-22T23:17:44.457+0000] {dagbag.py:532} INFO - Filling up the DagBag from /home/airflow/.local/lib/python3.7/site-packages/airflow/example_dags/example_sensors.py
[2023-04-22T23:17:44.484+0000] {processor.py:753} INFO - DAG(s) dict_keys(['example_sensors']) retrieved from /home/airflow/.local/lib/python3.7/site-packages/airflow/example_dags/example_sensors.py
[2023-04-22T23:17:44.513+0000] {logging_mixin.py:137} INFO - [2023-04-22T23:17:44.513+0000] {dag.py:2705} INFO - Sync 1 DAGs
[2023-04-22T23:17:44.536+0000] {logging_mixin.py:137} INFO - [2023-04-22T23:17:44.536+0000] {dag.py:3456} INFO - Setting next_dagrun for example_sensors to None, run_after=None
[2023-04-22T23:17:44.555+0000] {processor.py:175} INFO - Processing /home/airflow/.local/lib/python3.7/site-packages/airflow/example_dags/example_sensors.py took 0.104 seconds
[2023-04-22T23:18:15.136+0000] {processor.py:153} INFO - Started process (PID=631) to work on /home/airflow/.local/lib/python3.7/site-packages/airflow/example_dags/example_sensors.py
[2023-04-22T23:18:15.137+0000] {processor.py:743} INFO - Processing file /home/airflow/.local/lib/python3.7/site-packages/airflow/example_dags/example_sensors.py for tasks to queue
[2023-04-22T23:18:15.138+0000] {logging_mixin.py:137} INFO - [2023-04-22T23:18:15.138+0000] {dagbag.py:532} INFO - Filling up the DagBag from /home/airflow/.local/lib/python3.7/site-packages/airflow/example_dags/example_sensors.py
[2023-04-22T23:18:15.153+0000] {processor.py:753} INFO - DAG(s) dict_keys(['example_sensors']) retrieved from /home/airflow/.local/lib/python3.7/site-packages/airflow/example_dags/example_sensors.py
[2023-04-22T23:18:15.181+0000] {logging_mixin.py:137} INFO - [2023-04-22T23:18:15.181+0000] {dag.py:2705} INFO - Sync 1 DAGs
[2023-04-22T23:18:15.235+0000] {logging_mixin.py:137} INFO - [2023-04-22T23:18:15.235+0000] {dag.py:3456} INFO - Setting next_dagrun for example_sensors to None, run_after=None
[2023-04-22T23:18:15.255+0000] {processor.py:175} INFO - Processing /home/airflow/.local/lib/python3.7/site-packages/airflow/example_dags/example_sensors.py took 0.123 seconds
[2023-04-22T23:19:31.643+0000] {processor.py:153} INFO - Started process (PID=70) to work on /home/airflow/.local/lib/python3.7/site-packages/airflow/example_dags/example_sensors.py
[2023-04-22T23:19:31.645+0000] {processor.py:743} INFO - Processing file /home/airflow/.local/lib/python3.7/site-packages/airflow/example_dags/example_sensors.py for tasks to queue
[2023-04-22T23:19:31.656+0000] {logging_mixin.py:137} INFO - [2023-04-22T23:19:31.655+0000] {dagbag.py:532} INFO - Filling up the DagBag from /home/airflow/.local/lib/python3.7/site-packages/airflow/example_dags/example_sensors.py
[2023-04-22T23:19:31.725+0000] {processor.py:753} INFO - DAG(s) dict_keys(['example_sensors']) retrieved from /home/airflow/.local/lib/python3.7/site-packages/airflow/example_dags/example_sensors.py
[2023-04-22T23:19:31.755+0000] {logging_mixin.py:137} INFO - [2023-04-22T23:19:31.755+0000] {dag.py:2705} INFO - Sync 1 DAGs
[2023-04-22T23:19:31.797+0000] {logging_mixin.py:137} INFO - [2023-04-22T23:19:31.797+0000] {dag.py:3456} INFO - Setting next_dagrun for example_sensors to None, run_after=None
[2023-04-22T23:19:31.819+0000] {processor.py:175} INFO - Processing /home/airflow/.local/lib/python3.7/site-packages/airflow/example_dags/example_sensors.py took 0.190 seconds
[2023-04-22T23:20:02.644+0000] {processor.py:153} INFO - Started process (PID=121) to work on /home/airflow/.local/lib/python3.7/site-packages/airflow/example_dags/example_sensors.py
[2023-04-22T23:20:02.645+0000] {processor.py:743} INFO - Processing file /home/airflow/.local/lib/python3.7/site-packages/airflow/example_dags/example_sensors.py for tasks to queue
[2023-04-22T23:20:02.646+0000] {logging_mixin.py:137} INFO - [2023-04-22T23:20:02.646+0000] {dagbag.py:532} INFO - Filling up the DagBag from /home/airflow/.local/lib/python3.7/site-packages/airflow/example_dags/example_sensors.py
[2023-04-22T23:20:02.661+0000] {processor.py:753} INFO - DAG(s) dict_keys(['example_sensors']) retrieved from /home/airflow/.local/lib/python3.7/site-packages/airflow/example_dags/example_sensors.py
[2023-04-22T23:20:02.686+0000] {logging_mixin.py:137} INFO - [2023-04-22T23:20:02.686+0000] {dag.py:2705} INFO - Sync 1 DAGs
[2023-04-22T23:20:02.703+0000] {logging_mixin.py:137} INFO - [2023-04-22T23:20:02.703+0000] {dag.py:3456} INFO - Setting next_dagrun for example_sensors to None, run_after=None
[2023-04-22T23:20:02.716+0000] {processor.py:175} INFO - Processing /home/airflow/.local/lib/python3.7/site-packages/airflow/example_dags/example_sensors.py took 0.075 seconds
[2023-04-22T23:20:32.914+0000] {processor.py:153} INFO - Started process (PID=172) to work on /home/airflow/.local/lib/python3.7/site-packages/airflow/example_dags/example_sensors.py
[2023-04-22T23:20:32.915+0000] {processor.py:743} INFO - Processing file /home/airflow/.local/lib/python3.7/site-packages/airflow/example_dags/example_sensors.py for tasks to queue
[2023-04-22T23:20:32.916+0000] {logging_mixin.py:137} INFO - [2023-04-22T23:20:32.916+0000] {dagbag.py:532} INFO - Filling up the DagBag from /home/airflow/.local/lib/python3.7/site-packages/airflow/example_dags/example_sensors.py
[2023-04-22T23:20:32.929+0000] {processor.py:753} INFO - DAG(s) dict_keys(['example_sensors']) retrieved from /home/airflow/.local/lib/python3.7/site-packages/airflow/example_dags/example_sensors.py
[2023-04-22T23:20:32.950+0000] {logging_mixin.py:137} INFO - [2023-04-22T23:20:32.950+0000] {dag.py:2705} INFO - Sync 1 DAGs
[2023-04-22T23:20:32.964+0000] {logging_mixin.py:137} INFO - [2023-04-22T23:20:32.964+0000] {dag.py:3456} INFO - Setting next_dagrun for example_sensors to None, run_after=None
[2023-04-22T23:20:32.974+0000] {processor.py:175} INFO - Processing /home/airflow/.local/lib/python3.7/site-packages/airflow/example_dags/example_sensors.py took 0.063 seconds
[2023-04-22T23:21:04.015+0000] {processor.py:153} INFO - Started process (PID=223) to work on /home/airflow/.local/lib/python3.7/site-packages/airflow/example_dags/example_sensors.py
[2023-04-22T23:21:04.016+0000] {processor.py:743} INFO - Processing file /home/airflow/.local/lib/python3.7/site-packages/airflow/example_dags/example_sensors.py for tasks to queue
[2023-04-22T23:21:04.017+0000] {logging_mixin.py:137} INFO - [2023-04-22T23:21:04.017+0000] {dagbag.py:532} INFO - Filling up the DagBag from /home/airflow/.local/lib/python3.7/site-packages/airflow/example_dags/example_sensors.py
[2023-04-22T23:21:04.030+0000] {processor.py:753} INFO - DAG(s) dict_keys(['example_sensors']) retrieved from /home/airflow/.local/lib/python3.7/site-packages/airflow/example_dags/example_sensors.py
[2023-04-22T23:21:04.051+0000] {logging_mixin.py:137} INFO - [2023-04-22T23:21:04.050+0000] {dag.py:2705} INFO - Sync 1 DAGs
[2023-04-22T23:21:04.069+0000] {logging_mixin.py:137} INFO - [2023-04-22T23:21:04.068+0000] {dag.py:3456} INFO - Setting next_dagrun for example_sensors to None, run_after=None
[2023-04-22T23:21:04.085+0000] {processor.py:175} INFO - Processing /home/airflow/.local/lib/python3.7/site-packages/airflow/example_dags/example_sensors.py took 0.073 seconds
[2023-04-22T23:21:34.230+0000] {processor.py:153} INFO - Started process (PID=274) to work on /home/airflow/.local/lib/python3.7/site-packages/airflow/example_dags/example_sensors.py
[2023-04-22T23:21:34.231+0000] {processor.py:743} INFO - Processing file /home/airflow/.local/lib/python3.7/site-packages/airflow/example_dags/example_sensors.py for tasks to queue
[2023-04-22T23:21:34.232+0000] {logging_mixin.py:137} INFO - [2023-04-22T23:21:34.232+0000] {dagbag.py:532} INFO - Filling up the DagBag from /home/airflow/.local/lib/python3.7/site-packages/airflow/example_dags/example_sensors.py
[2023-04-22T23:21:34.245+0000] {processor.py:753} INFO - DAG(s) dict_keys(['example_sensors']) retrieved from /home/airflow/.local/lib/python3.7/site-packages/airflow/example_dags/example_sensors.py
[2023-04-22T23:21:34.266+0000] {logging_mixin.py:137} INFO - [2023-04-22T23:21:34.265+0000] {dag.py:2705} INFO - Sync 1 DAGs
[2023-04-22T23:21:34.282+0000] {logging_mixin.py:137} INFO - [2023-04-22T23:21:34.282+0000] {dag.py:3456} INFO - Setting next_dagrun for example_sensors to None, run_after=None
[2023-04-22T23:21:34.293+0000] {processor.py:175} INFO - Processing /home/airflow/.local/lib/python3.7/site-packages/airflow/example_dags/example_sensors.py took 0.065 seconds
[2023-04-22T23:22:04.748+0000] {processor.py:153} INFO - Started process (PID=325) to work on /home/airflow/.local/lib/python3.7/site-packages/airflow/example_dags/example_sensors.py
[2023-04-22T23:22:04.749+0000] {processor.py:743} INFO - Processing file /home/airflow/.local/lib/python3.7/site-packages/airflow/example_dags/example_sensors.py for tasks to queue
[2023-04-22T23:22:04.750+0000] {logging_mixin.py:137} INFO - [2023-04-22T23:22:04.750+0000] {dagbag.py:532} INFO - Filling up the DagBag from /home/airflow/.local/lib/python3.7/site-packages/airflow/example_dags/example_sensors.py
[2023-04-22T23:22:04.763+0000] {processor.py:753} INFO - DAG(s) dict_keys(['example_sensors']) retrieved from /home/airflow/.local/lib/python3.7/site-packages/airflow/example_dags/example_sensors.py
[2023-04-22T23:22:04.784+0000] {logging_mixin.py:137} INFO - [2023-04-22T23:22:04.784+0000] {dag.py:2705} INFO - Sync 1 DAGs
[2023-04-22T23:22:04.805+0000] {logging_mixin.py:137} INFO - [2023-04-22T23:22:04.805+0000] {dag.py:3456} INFO - Setting next_dagrun for example_sensors to None, run_after=None
[2023-04-22T23:22:04.819+0000] {processor.py:175} INFO - Processing /home/airflow/.local/lib/python3.7/site-packages/airflow/example_dags/example_sensors.py took 0.073 seconds
[2023-04-22T23:22:34.882+0000] {processor.py:153} INFO - Started process (PID=377) to work on /home/airflow/.local/lib/python3.7/site-packages/airflow/example_dags/example_sensors.py
[2023-04-22T23:22:34.883+0000] {processor.py:743} INFO - Processing file /home/airflow/.local/lib/python3.7/site-packages/airflow/example_dags/example_sensors.py for tasks to queue
[2023-04-22T23:22:34.885+0000] {logging_mixin.py:137} INFO - [2023-04-22T23:22:34.884+0000] {dagbag.py:532} INFO - Filling up the DagBag from /home/airflow/.local/lib/python3.7/site-packages/airflow/example_dags/example_sensors.py
[2023-04-22T23:22:34.904+0000] {processor.py:753} INFO - DAG(s) dict_keys(['example_sensors']) retrieved from /home/airflow/.local/lib/python3.7/site-packages/airflow/example_dags/example_sensors.py
[2023-04-22T23:22:34.926+0000] {logging_mixin.py:137} INFO - [2023-04-22T23:22:34.926+0000] {dag.py:2705} INFO - Sync 1 DAGs
[2023-04-22T23:22:34.940+0000] {logging_mixin.py:137} INFO - [2023-04-22T23:22:34.940+0000] {dag.py:3456} INFO - Setting next_dagrun for example_sensors to None, run_after=None
[2023-04-22T23:22:34.951+0000] {processor.py:175} INFO - Processing /home/airflow/.local/lib/python3.7/site-packages/airflow/example_dags/example_sensors.py took 0.072 seconds
[2023-04-22T23:23:05.564+0000] {processor.py:153} INFO - Started process (PID=427) to work on /home/airflow/.local/lib/python3.7/site-packages/airflow/example_dags/example_sensors.py
[2023-04-22T23:23:05.565+0000] {processor.py:743} INFO - Processing file /home/airflow/.local/lib/python3.7/site-packages/airflow/example_dags/example_sensors.py for tasks to queue
[2023-04-22T23:23:05.566+0000] {logging_mixin.py:137} INFO - [2023-04-22T23:23:05.566+0000] {dagbag.py:532} INFO - Filling up the DagBag from /home/airflow/.local/lib/python3.7/site-packages/airflow/example_dags/example_sensors.py
[2023-04-22T23:23:05.579+0000] {processor.py:753} INFO - DAG(s) dict_keys(['example_sensors']) retrieved from /home/airflow/.local/lib/python3.7/site-packages/airflow/example_dags/example_sensors.py
[2023-04-22T23:23:05.600+0000] {logging_mixin.py:137} INFO - [2023-04-22T23:23:05.600+0000] {dag.py:2705} INFO - Sync 1 DAGs
[2023-04-22T23:23:05.616+0000] {logging_mixin.py:137} INFO - [2023-04-22T23:23:05.616+0000] {dag.py:3456} INFO - Setting next_dagrun for example_sensors to None, run_after=None
[2023-04-22T23:23:05.629+0000] {processor.py:175} INFO - Processing /home/airflow/.local/lib/python3.7/site-packages/airflow/example_dags/example_sensors.py took 0.068 seconds
[2023-04-22T23:23:35.987+0000] {processor.py:153} INFO - Started process (PID=478) to work on /home/airflow/.local/lib/python3.7/site-packages/airflow/example_dags/example_sensors.py
[2023-04-22T23:23:35.989+0000] {processor.py:743} INFO - Processing file /home/airflow/.local/lib/python3.7/site-packages/airflow/example_dags/example_sensors.py for tasks to queue
[2023-04-22T23:23:35.990+0000] {logging_mixin.py:137} INFO - [2023-04-22T23:23:35.990+0000] {dagbag.py:532} INFO - Filling up the DagBag from /home/airflow/.local/lib/python3.7/site-packages/airflow/example_dags/example_sensors.py
[2023-04-22T23:23:36.011+0000] {processor.py:753} INFO - DAG(s) dict_keys(['example_sensors']) retrieved from /home/airflow/.local/lib/python3.7/site-packages/airflow/example_dags/example_sensors.py
[2023-04-22T23:23:36.059+0000] {logging_mixin.py:137} INFO - [2023-04-22T23:23:36.058+0000] {dag.py:2705} INFO - Sync 1 DAGs
[2023-04-22T23:23:36.083+0000] {logging_mixin.py:137} INFO - [2023-04-22T23:23:36.083+0000] {dag.py:3456} INFO - Setting next_dagrun for example_sensors to None, run_after=None
[2023-04-22T23:23:36.095+0000] {processor.py:175} INFO - Processing /home/airflow/.local/lib/python3.7/site-packages/airflow/example_dags/example_sensors.py took 0.116 seconds
[2023-04-22T23:24:06.903+0000] {processor.py:153} INFO - Started process (PID=529) to work on /home/airflow/.local/lib/python3.7/site-packages/airflow/example_dags/example_sensors.py
[2023-04-22T23:24:06.904+0000] {processor.py:743} INFO - Processing file /home/airflow/.local/lib/python3.7/site-packages/airflow/example_dags/example_sensors.py for tasks to queue
[2023-04-22T23:24:06.905+0000] {logging_mixin.py:137} INFO - [2023-04-22T23:24:06.905+0000] {dagbag.py:532} INFO - Filling up the DagBag from /home/airflow/.local/lib/python3.7/site-packages/airflow/example_dags/example_sensors.py
[2023-04-22T23:24:06.920+0000] {processor.py:753} INFO - DAG(s) dict_keys(['example_sensors']) retrieved from /home/airflow/.local/lib/python3.7/site-packages/airflow/example_dags/example_sensors.py
[2023-04-22T23:24:06.947+0000] {logging_mixin.py:137} INFO - [2023-04-22T23:24:06.947+0000] {dag.py:2705} INFO - Sync 1 DAGs
[2023-04-22T23:24:06.965+0000] {logging_mixin.py:137} INFO - [2023-04-22T23:24:06.965+0000] {dag.py:3456} INFO - Setting next_dagrun for example_sensors to None, run_after=None
[2023-04-22T23:24:06.981+0000] {processor.py:175} INFO - Processing /home/airflow/.local/lib/python3.7/site-packages/airflow/example_dags/example_sensors.py took 0.081 seconds
[2023-04-22T23:24:37.263+0000] {processor.py:153} INFO - Started process (PID=580) to work on /home/airflow/.local/lib/python3.7/site-packages/airflow/example_dags/example_sensors.py
[2023-04-22T23:24:37.264+0000] {processor.py:743} INFO - Processing file /home/airflow/.local/lib/python3.7/site-packages/airflow/example_dags/example_sensors.py for tasks to queue
[2023-04-22T23:24:37.264+0000] {logging_mixin.py:137} INFO - [2023-04-22T23:24:37.264+0000] {dagbag.py:532} INFO - Filling up the DagBag from /home/airflow/.local/lib/python3.7/site-packages/airflow/example_dags/example_sensors.py
[2023-04-22T23:24:37.279+0000] {processor.py:753} INFO - DAG(s) dict_keys(['example_sensors']) retrieved from /home/airflow/.local/lib/python3.7/site-packages/airflow/example_dags/example_sensors.py
[2023-04-22T23:24:37.300+0000] {logging_mixin.py:137} INFO - [2023-04-22T23:24:37.299+0000] {dag.py:2705} INFO - Sync 1 DAGs
[2023-04-22T23:24:37.314+0000] {logging_mixin.py:137} INFO - [2023-04-22T23:24:37.314+0000] {dag.py:3456} INFO - Setting next_dagrun for example_sensors to None, run_after=None
[2023-04-22T23:24:37.325+0000] {processor.py:175} INFO - Processing /home/airflow/.local/lib/python3.7/site-packages/airflow/example_dags/example_sensors.py took 0.065 seconds
[2023-04-22T23:25:07.379+0000] {processor.py:153} INFO - Started process (PID=631) to work on /home/airflow/.local/lib/python3.7/site-packages/airflow/example_dags/example_sensors.py
[2023-04-22T23:25:07.381+0000] {processor.py:743} INFO - Processing file /home/airflow/.local/lib/python3.7/site-packages/airflow/example_dags/example_sensors.py for tasks to queue
[2023-04-22T23:25:07.381+0000] {logging_mixin.py:137} INFO - [2023-04-22T23:25:07.381+0000] {dagbag.py:532} INFO - Filling up the DagBag from /home/airflow/.local/lib/python3.7/site-packages/airflow/example_dags/example_sensors.py
[2023-04-22T23:25:07.396+0000] {processor.py:753} INFO - DAG(s) dict_keys(['example_sensors']) retrieved from /home/airflow/.local/lib/python3.7/site-packages/airflow/example_dags/example_sensors.py
[2023-04-22T23:25:07.421+0000] {logging_mixin.py:137} INFO - [2023-04-22T23:25:07.421+0000] {dag.py:2705} INFO - Sync 1 DAGs
[2023-04-22T23:25:07.439+0000] {logging_mixin.py:137} INFO - [2023-04-22T23:25:07.439+0000] {dag.py:3456} INFO - Setting next_dagrun for example_sensors to None, run_after=None
[2023-04-22T23:25:07.452+0000] {processor.py:175} INFO - Processing /home/airflow/.local/lib/python3.7/site-packages/airflow/example_dags/example_sensors.py took 0.077 seconds
[2023-04-22T23:25:38.173+0000] {processor.py:153} INFO - Started process (PID=683) to work on /home/airflow/.local/lib/python3.7/site-packages/airflow/example_dags/example_sensors.py
[2023-04-22T23:25:38.175+0000] {processor.py:743} INFO - Processing file /home/airflow/.local/lib/python3.7/site-packages/airflow/example_dags/example_sensors.py for tasks to queue
[2023-04-22T23:25:38.176+0000] {logging_mixin.py:137} INFO - [2023-04-22T23:25:38.176+0000] {dagbag.py:532} INFO - Filling up the DagBag from /home/airflow/.local/lib/python3.7/site-packages/airflow/example_dags/example_sensors.py
[2023-04-22T23:25:38.191+0000] {processor.py:753} INFO - DAG(s) dict_keys(['example_sensors']) retrieved from /home/airflow/.local/lib/python3.7/site-packages/airflow/example_dags/example_sensors.py
[2023-04-22T23:25:38.219+0000] {logging_mixin.py:137} INFO - [2023-04-22T23:25:38.219+0000] {dag.py:2705} INFO - Sync 1 DAGs
[2023-04-22T23:25:38.245+0000] {logging_mixin.py:137} INFO - [2023-04-22T23:25:38.245+0000] {dag.py:3456} INFO - Setting next_dagrun for example_sensors to None, run_after=None
[2023-04-22T23:25:38.259+0000] {processor.py:175} INFO - Processing /home/airflow/.local/lib/python3.7/site-packages/airflow/example_dags/example_sensors.py took 0.089 seconds
[2023-04-22T23:26:09.083+0000] {processor.py:153} INFO - Started process (PID=734) to work on /home/airflow/.local/lib/python3.7/site-packages/airflow/example_dags/example_sensors.py
[2023-04-22T23:26:09.084+0000] {processor.py:743} INFO - Processing file /home/airflow/.local/lib/python3.7/site-packages/airflow/example_dags/example_sensors.py for tasks to queue
[2023-04-22T23:26:09.085+0000] {logging_mixin.py:137} INFO - [2023-04-22T23:26:09.085+0000] {dagbag.py:532} INFO - Filling up the DagBag from /home/airflow/.local/lib/python3.7/site-packages/airflow/example_dags/example_sensors.py
[2023-04-22T23:26:09.098+0000] {processor.py:753} INFO - DAG(s) dict_keys(['example_sensors']) retrieved from /home/airflow/.local/lib/python3.7/site-packages/airflow/example_dags/example_sensors.py
[2023-04-22T23:26:09.119+0000] {logging_mixin.py:137} INFO - [2023-04-22T23:26:09.119+0000] {dag.py:2705} INFO - Sync 1 DAGs
[2023-04-22T23:26:09.134+0000] {logging_mixin.py:137} INFO - [2023-04-22T23:26:09.134+0000] {dag.py:3456} INFO - Setting next_dagrun for example_sensors to None, run_after=None
[2023-04-22T23:26:09.146+0000] {processor.py:175} INFO - Processing /home/airflow/.local/lib/python3.7/site-packages/airflow/example_dags/example_sensors.py took 0.066 seconds
[2023-04-22T23:26:39.672+0000] {processor.py:153} INFO - Started process (PID=784) to work on /home/airflow/.local/lib/python3.7/site-packages/airflow/example_dags/example_sensors.py
[2023-04-22T23:26:39.673+0000] {processor.py:743} INFO - Processing file /home/airflow/.local/lib/python3.7/site-packages/airflow/example_dags/example_sensors.py for tasks to queue
[2023-04-22T23:26:39.674+0000] {logging_mixin.py:137} INFO - [2023-04-22T23:26:39.674+0000] {dagbag.py:532} INFO - Filling up the DagBag from /home/airflow/.local/lib/python3.7/site-packages/airflow/example_dags/example_sensors.py
[2023-04-22T23:26:39.687+0000] {processor.py:753} INFO - DAG(s) dict_keys(['example_sensors']) retrieved from /home/airflow/.local/lib/python3.7/site-packages/airflow/example_dags/example_sensors.py
[2023-04-22T23:26:39.711+0000] {logging_mixin.py:137} INFO - [2023-04-22T23:26:39.711+0000] {dag.py:2705} INFO - Sync 1 DAGs
[2023-04-22T23:26:39.731+0000] {logging_mixin.py:137} INFO - [2023-04-22T23:26:39.731+0000] {dag.py:3456} INFO - Setting next_dagrun for example_sensors to None, run_after=None
[2023-04-22T23:26:39.745+0000] {processor.py:175} INFO - Processing /home/airflow/.local/lib/python3.7/site-packages/airflow/example_dags/example_sensors.py took 0.075 seconds
[2023-04-22T23:27:10.414+0000] {processor.py:153} INFO - Started process (PID=835) to work on /home/airflow/.local/lib/python3.7/site-packages/airflow/example_dags/example_sensors.py
[2023-04-22T23:27:10.416+0000] {processor.py:743} INFO - Processing file /home/airflow/.local/lib/python3.7/site-packages/airflow/example_dags/example_sensors.py for tasks to queue
[2023-04-22T23:27:10.416+0000] {logging_mixin.py:137} INFO - [2023-04-22T23:27:10.416+0000] {dagbag.py:532} INFO - Filling up the DagBag from /home/airflow/.local/lib/python3.7/site-packages/airflow/example_dags/example_sensors.py
[2023-04-22T23:27:10.432+0000] {processor.py:753} INFO - DAG(s) dict_keys(['example_sensors']) retrieved from /home/airflow/.local/lib/python3.7/site-packages/airflow/example_dags/example_sensors.py
[2023-04-22T23:27:10.453+0000] {logging_mixin.py:137} INFO - [2023-04-22T23:27:10.453+0000] {dag.py:2705} INFO - Sync 1 DAGs
[2023-04-22T23:27:10.470+0000] {logging_mixin.py:137} INFO - [2023-04-22T23:27:10.470+0000] {dag.py:3456} INFO - Setting next_dagrun for example_sensors to None, run_after=None
[2023-04-22T23:27:10.482+0000] {processor.py:175} INFO - Processing /home/airflow/.local/lib/python3.7/site-packages/airflow/example_dags/example_sensors.py took 0.071 seconds
[2023-04-22T23:27:40.805+0000] {processor.py:153} INFO - Started process (PID=887) to work on /home/airflow/.local/lib/python3.7/site-packages/airflow/example_dags/example_sensors.py
[2023-04-22T23:27:40.807+0000] {processor.py:743} INFO - Processing file /home/airflow/.local/lib/python3.7/site-packages/airflow/example_dags/example_sensors.py for tasks to queue
[2023-04-22T23:27:40.808+0000] {logging_mixin.py:137} INFO - [2023-04-22T23:27:40.808+0000] {dagbag.py:532} INFO - Filling up the DagBag from /home/airflow/.local/lib/python3.7/site-packages/airflow/example_dags/example_sensors.py
[2023-04-22T23:27:40.821+0000] {processor.py:753} INFO - DAG(s) dict_keys(['example_sensors']) retrieved from /home/airflow/.local/lib/python3.7/site-packages/airflow/example_dags/example_sensors.py
[2023-04-22T23:27:40.843+0000] {logging_mixin.py:137} INFO - [2023-04-22T23:27:40.843+0000] {dag.py:2705} INFO - Sync 1 DAGs
[2023-04-22T23:27:40.858+0000] {logging_mixin.py:137} INFO - [2023-04-22T23:27:40.858+0000] {dag.py:3456} INFO - Setting next_dagrun for example_sensors to None, run_after=None
[2023-04-22T23:27:40.870+0000] {processor.py:175} INFO - Processing /home/airflow/.local/lib/python3.7/site-packages/airflow/example_dags/example_sensors.py took 0.068 seconds
[2023-04-22T23:29:56.471+0000] {processor.py:153} INFO - Started process (PID=69) to work on /home/airflow/.local/lib/python3.7/site-packages/airflow/example_dags/example_sensors.py
[2023-04-22T23:29:56.473+0000] {processor.py:743} INFO - Processing file /home/airflow/.local/lib/python3.7/site-packages/airflow/example_dags/example_sensors.py for tasks to queue
[2023-04-22T23:29:56.474+0000] {logging_mixin.py:137} INFO - [2023-04-22T23:29:56.474+0000] {dagbag.py:532} INFO - Filling up the DagBag from /home/airflow/.local/lib/python3.7/site-packages/airflow/example_dags/example_sensors.py
[2023-04-22T23:29:56.492+0000] {processor.py:753} INFO - DAG(s) dict_keys(['example_sensors']) retrieved from /home/airflow/.local/lib/python3.7/site-packages/airflow/example_dags/example_sensors.py
[2023-04-22T23:29:56.506+0000] {logging_mixin.py:137} INFO - [2023-04-22T23:29:56.506+0000] {dag.py:2705} INFO - Sync 1 DAGs
[2023-04-22T23:29:56.528+0000] {logging_mixin.py:137} INFO - [2023-04-22T23:29:56.527+0000] {dag.py:3456} INFO - Setting next_dagrun for example_sensors to None, run_after=None
[2023-04-22T23:29:56.545+0000] {processor.py:175} INFO - Processing /home/airflow/.local/lib/python3.7/site-packages/airflow/example_dags/example_sensors.py took 0.077 seconds
[2023-04-22T23:30:27.246+0000] {processor.py:153} INFO - Started process (PID=119) to work on /home/airflow/.local/lib/python3.7/site-packages/airflow/example_dags/example_sensors.py
[2023-04-22T23:30:27.247+0000] {processor.py:743} INFO - Processing file /home/airflow/.local/lib/python3.7/site-packages/airflow/example_dags/example_sensors.py for tasks to queue
[2023-04-22T23:30:27.248+0000] {logging_mixin.py:137} INFO - [2023-04-22T23:30:27.248+0000] {dagbag.py:532} INFO - Filling up the DagBag from /home/airflow/.local/lib/python3.7/site-packages/airflow/example_dags/example_sensors.py
[2023-04-22T23:30:27.261+0000] {processor.py:753} INFO - DAG(s) dict_keys(['example_sensors']) retrieved from /home/airflow/.local/lib/python3.7/site-packages/airflow/example_dags/example_sensors.py
[2023-04-22T23:30:27.283+0000] {logging_mixin.py:137} INFO - [2023-04-22T23:30:27.283+0000] {dag.py:2705} INFO - Sync 1 DAGs
[2023-04-22T23:30:27.299+0000] {logging_mixin.py:137} INFO - [2023-04-22T23:30:27.299+0000] {dag.py:3456} INFO - Setting next_dagrun for example_sensors to None, run_after=None
[2023-04-22T23:30:27.311+0000] {processor.py:175} INFO - Processing /home/airflow/.local/lib/python3.7/site-packages/airflow/example_dags/example_sensors.py took 0.068 seconds
[2023-04-22T23:30:57.764+0000] {processor.py:153} INFO - Started process (PID=170) to work on /home/airflow/.local/lib/python3.7/site-packages/airflow/example_dags/example_sensors.py
[2023-04-22T23:30:57.765+0000] {processor.py:743} INFO - Processing file /home/airflow/.local/lib/python3.7/site-packages/airflow/example_dags/example_sensors.py for tasks to queue
[2023-04-22T23:30:57.766+0000] {logging_mixin.py:137} INFO - [2023-04-22T23:30:57.766+0000] {dagbag.py:532} INFO - Filling up the DagBag from /home/airflow/.local/lib/python3.7/site-packages/airflow/example_dags/example_sensors.py
[2023-04-22T23:30:57.780+0000] {processor.py:753} INFO - DAG(s) dict_keys(['example_sensors']) retrieved from /home/airflow/.local/lib/python3.7/site-packages/airflow/example_dags/example_sensors.py
[2023-04-22T23:30:57.801+0000] {logging_mixin.py:137} INFO - [2023-04-22T23:30:57.801+0000] {dag.py:2705} INFO - Sync 1 DAGs
[2023-04-22T23:30:57.816+0000] {logging_mixin.py:137} INFO - [2023-04-22T23:30:57.816+0000] {dag.py:3456} INFO - Setting next_dagrun for example_sensors to None, run_after=None
[2023-04-22T23:30:57.830+0000] {processor.py:175} INFO - Processing /home/airflow/.local/lib/python3.7/site-packages/airflow/example_dags/example_sensors.py took 0.068 seconds
[2023-04-22T23:31:28.627+0000] {processor.py:153} INFO - Started process (PID=221) to work on /home/airflow/.local/lib/python3.7/site-packages/airflow/example_dags/example_sensors.py
[2023-04-22T23:31:28.629+0000] {processor.py:743} INFO - Processing file /home/airflow/.local/lib/python3.7/site-packages/airflow/example_dags/example_sensors.py for tasks to queue
[2023-04-22T23:31:28.630+0000] {logging_mixin.py:137} INFO - [2023-04-22T23:31:28.630+0000] {dagbag.py:532} INFO - Filling up the DagBag from /home/airflow/.local/lib/python3.7/site-packages/airflow/example_dags/example_sensors.py
[2023-04-22T23:31:28.643+0000] {processor.py:753} INFO - DAG(s) dict_keys(['example_sensors']) retrieved from /home/airflow/.local/lib/python3.7/site-packages/airflow/example_dags/example_sensors.py
[2023-04-22T23:31:28.666+0000] {logging_mixin.py:137} INFO - [2023-04-22T23:31:28.666+0000] {dag.py:2705} INFO - Sync 1 DAGs
[2023-04-22T23:31:28.683+0000] {logging_mixin.py:137} INFO - [2023-04-22T23:31:28.683+0000] {dag.py:3456} INFO - Setting next_dagrun for example_sensors to None, run_after=None
[2023-04-22T23:31:28.694+0000] {processor.py:175} INFO - Processing /home/airflow/.local/lib/python3.7/site-packages/airflow/example_dags/example_sensors.py took 0.070 seconds
[2023-04-22T23:31:59.482+0000] {processor.py:153} INFO - Started process (PID=272) to work on /home/airflow/.local/lib/python3.7/site-packages/airflow/example_dags/example_sensors.py
[2023-04-22T23:31:59.484+0000] {processor.py:743} INFO - Processing file /home/airflow/.local/lib/python3.7/site-packages/airflow/example_dags/example_sensors.py for tasks to queue
[2023-04-22T23:31:59.484+0000] {logging_mixin.py:137} INFO - [2023-04-22T23:31:59.484+0000] {dagbag.py:532} INFO - Filling up the DagBag from /home/airflow/.local/lib/python3.7/site-packages/airflow/example_dags/example_sensors.py
[2023-04-22T23:31:59.499+0000] {processor.py:753} INFO - DAG(s) dict_keys(['example_sensors']) retrieved from /home/airflow/.local/lib/python3.7/site-packages/airflow/example_dags/example_sensors.py
[2023-04-22T23:31:59.519+0000] {logging_mixin.py:137} INFO - [2023-04-22T23:31:59.519+0000] {dag.py:2705} INFO - Sync 1 DAGs
[2023-04-22T23:31:59.534+0000] {logging_mixin.py:137} INFO - [2023-04-22T23:31:59.534+0000] {dag.py:3456} INFO - Setting next_dagrun for example_sensors to None, run_after=None
[2023-04-22T23:31:59.546+0000] {processor.py:175} INFO - Processing /home/airflow/.local/lib/python3.7/site-packages/airflow/example_dags/example_sensors.py took 0.067 seconds
[2023-04-22T23:32:30.484+0000] {processor.py:153} INFO - Started process (PID=323) to work on /home/airflow/.local/lib/python3.7/site-packages/airflow/example_dags/example_sensors.py
[2023-04-22T23:32:30.485+0000] {processor.py:743} INFO - Processing file /home/airflow/.local/lib/python3.7/site-packages/airflow/example_dags/example_sensors.py for tasks to queue
[2023-04-22T23:32:30.486+0000] {logging_mixin.py:137} INFO - [2023-04-22T23:32:30.486+0000] {dagbag.py:532} INFO - Filling up the DagBag from /home/airflow/.local/lib/python3.7/site-packages/airflow/example_dags/example_sensors.py
[2023-04-22T23:32:30.500+0000] {processor.py:753} INFO - DAG(s) dict_keys(['example_sensors']) retrieved from /home/airflow/.local/lib/python3.7/site-packages/airflow/example_dags/example_sensors.py
[2023-04-22T23:32:30.522+0000] {logging_mixin.py:137} INFO - [2023-04-22T23:32:30.522+0000] {dag.py:2705} INFO - Sync 1 DAGs
[2023-04-22T23:32:30.537+0000] {logging_mixin.py:137} INFO - [2023-04-22T23:32:30.537+0000] {dag.py:3456} INFO - Setting next_dagrun for example_sensors to None, run_after=None
[2023-04-22T23:32:30.548+0000] {processor.py:175} INFO - Processing /home/airflow/.local/lib/python3.7/site-packages/airflow/example_dags/example_sensors.py took 0.066 seconds
[2023-04-22T23:33:00.916+0000] {processor.py:153} INFO - Started process (PID=374) to work on /home/airflow/.local/lib/python3.7/site-packages/airflow/example_dags/example_sensors.py
[2023-04-22T23:33:00.917+0000] {processor.py:743} INFO - Processing file /home/airflow/.local/lib/python3.7/site-packages/airflow/example_dags/example_sensors.py for tasks to queue
[2023-04-22T23:33:00.918+0000] {logging_mixin.py:137} INFO - [2023-04-22T23:33:00.918+0000] {dagbag.py:532} INFO - Filling up the DagBag from /home/airflow/.local/lib/python3.7/site-packages/airflow/example_dags/example_sensors.py
[2023-04-22T23:33:00.936+0000] {processor.py:753} INFO - DAG(s) dict_keys(['example_sensors']) retrieved from /home/airflow/.local/lib/python3.7/site-packages/airflow/example_dags/example_sensors.py
[2023-04-22T23:33:00.968+0000] {logging_mixin.py:137} INFO - [2023-04-22T23:33:00.968+0000] {dag.py:2705} INFO - Sync 1 DAGs
[2023-04-22T23:33:00.984+0000] {logging_mixin.py:137} INFO - [2023-04-22T23:33:00.984+0000] {dag.py:3456} INFO - Setting next_dagrun for example_sensors to None, run_after=None
[2023-04-22T23:33:00.997+0000] {processor.py:175} INFO - Processing /home/airflow/.local/lib/python3.7/site-packages/airflow/example_dags/example_sensors.py took 0.085 seconds
[2023-04-22T23:33:31.862+0000] {processor.py:153} INFO - Started process (PID=424) to work on /home/airflow/.local/lib/python3.7/site-packages/airflow/example_dags/example_sensors.py
[2023-04-22T23:33:31.864+0000] {processor.py:743} INFO - Processing file /home/airflow/.local/lib/python3.7/site-packages/airflow/example_dags/example_sensors.py for tasks to queue
[2023-04-22T23:33:31.865+0000] {logging_mixin.py:137} INFO - [2023-04-22T23:33:31.865+0000] {dagbag.py:532} INFO - Filling up the DagBag from /home/airflow/.local/lib/python3.7/site-packages/airflow/example_dags/example_sensors.py
[2023-04-22T23:33:31.880+0000] {processor.py:753} INFO - DAG(s) dict_keys(['example_sensors']) retrieved from /home/airflow/.local/lib/python3.7/site-packages/airflow/example_dags/example_sensors.py
[2023-04-22T23:33:31.903+0000] {logging_mixin.py:137} INFO - [2023-04-22T23:33:31.903+0000] {dag.py:2705} INFO - Sync 1 DAGs
[2023-04-22T23:33:31.921+0000] {logging_mixin.py:137} INFO - [2023-04-22T23:33:31.921+0000] {dag.py:3456} INFO - Setting next_dagrun for example_sensors to None, run_after=None
[2023-04-22T23:33:31.938+0000] {processor.py:175} INFO - Processing /home/airflow/.local/lib/python3.7/site-packages/airflow/example_dags/example_sensors.py took 0.079 seconds
[2023-04-22T23:38:46.269+0000] {processor.py:153} INFO - Started process (PID=68) to work on /home/airflow/.local/lib/python3.7/site-packages/airflow/example_dags/example_sensors.py
[2023-04-22T23:38:46.271+0000] {processor.py:743} INFO - Processing file /home/airflow/.local/lib/python3.7/site-packages/airflow/example_dags/example_sensors.py for tasks to queue
[2023-04-22T23:38:46.273+0000] {logging_mixin.py:137} INFO - [2023-04-22T23:38:46.273+0000] {dagbag.py:532} INFO - Filling up the DagBag from /home/airflow/.local/lib/python3.7/site-packages/airflow/example_dags/example_sensors.py
[2023-04-22T23:38:46.291+0000] {processor.py:753} INFO - DAG(s) dict_keys(['example_sensors']) retrieved from /home/airflow/.local/lib/python3.7/site-packages/airflow/example_dags/example_sensors.py
[2023-04-22T23:38:46.305+0000] {logging_mixin.py:137} INFO - [2023-04-22T23:38:46.305+0000] {dag.py:2705} INFO - Sync 1 DAGs
[2023-04-22T23:38:46.325+0000] {logging_mixin.py:137} INFO - [2023-04-22T23:38:46.325+0000] {dag.py:3456} INFO - Setting next_dagrun for example_sensors to None, run_after=None
[2023-04-22T23:38:46.337+0000] {processor.py:175} INFO - Processing /home/airflow/.local/lib/python3.7/site-packages/airflow/example_dags/example_sensors.py took 0.077 seconds
[2023-04-22T23:39:16.401+0000] {processor.py:153} INFO - Started process (PID=119) to work on /home/airflow/.local/lib/python3.7/site-packages/airflow/example_dags/example_sensors.py
[2023-04-22T23:39:16.402+0000] {processor.py:743} INFO - Processing file /home/airflow/.local/lib/python3.7/site-packages/airflow/example_dags/example_sensors.py for tasks to queue
[2023-04-22T23:39:16.404+0000] {logging_mixin.py:137} INFO - [2023-04-22T23:39:16.404+0000] {dagbag.py:532} INFO - Filling up the DagBag from /home/airflow/.local/lib/python3.7/site-packages/airflow/example_dags/example_sensors.py
[2023-04-22T23:39:16.419+0000] {processor.py:753} INFO - DAG(s) dict_keys(['example_sensors']) retrieved from /home/airflow/.local/lib/python3.7/site-packages/airflow/example_dags/example_sensors.py
[2023-04-22T23:39:16.446+0000] {logging_mixin.py:137} INFO - [2023-04-22T23:39:16.446+0000] {dag.py:2705} INFO - Sync 1 DAGs
[2023-04-22T23:39:16.461+0000] {logging_mixin.py:137} INFO - [2023-04-22T23:39:16.461+0000] {dag.py:3456} INFO - Setting next_dagrun for example_sensors to None, run_after=None
[2023-04-22T23:39:16.472+0000] {processor.py:175} INFO - Processing /home/airflow/.local/lib/python3.7/site-packages/airflow/example_dags/example_sensors.py took 0.075 seconds
[2023-04-22T23:39:47.344+0000] {processor.py:153} INFO - Started process (PID=170) to work on /home/airflow/.local/lib/python3.7/site-packages/airflow/example_dags/example_sensors.py
[2023-04-22T23:39:47.345+0000] {processor.py:743} INFO - Processing file /home/airflow/.local/lib/python3.7/site-packages/airflow/example_dags/example_sensors.py for tasks to queue
[2023-04-22T23:39:47.346+0000] {logging_mixin.py:137} INFO - [2023-04-22T23:39:47.346+0000] {dagbag.py:532} INFO - Filling up the DagBag from /home/airflow/.local/lib/python3.7/site-packages/airflow/example_dags/example_sensors.py
[2023-04-22T23:39:47.360+0000] {processor.py:753} INFO - DAG(s) dict_keys(['example_sensors']) retrieved from /home/airflow/.local/lib/python3.7/site-packages/airflow/example_dags/example_sensors.py
[2023-04-22T23:39:47.382+0000] {logging_mixin.py:137} INFO - [2023-04-22T23:39:47.382+0000] {dag.py:2705} INFO - Sync 1 DAGs
[2023-04-22T23:39:47.397+0000] {logging_mixin.py:137} INFO - [2023-04-22T23:39:47.397+0000] {dag.py:3456} INFO - Setting next_dagrun for example_sensors to None, run_after=None
[2023-04-22T23:39:47.408+0000] {processor.py:175} INFO - Processing /home/airflow/.local/lib/python3.7/site-packages/airflow/example_dags/example_sensors.py took 0.067 seconds
[2023-04-22T23:40:17.601+0000] {processor.py:153} INFO - Started process (PID=221) to work on /home/airflow/.local/lib/python3.7/site-packages/airflow/example_dags/example_sensors.py
[2023-04-22T23:40:17.602+0000] {processor.py:743} INFO - Processing file /home/airflow/.local/lib/python3.7/site-packages/airflow/example_dags/example_sensors.py for tasks to queue
[2023-04-22T23:40:17.603+0000] {logging_mixin.py:137} INFO - [2023-04-22T23:40:17.602+0000] {dagbag.py:532} INFO - Filling up the DagBag from /home/airflow/.local/lib/python3.7/site-packages/airflow/example_dags/example_sensors.py
[2023-04-22T23:40:17.617+0000] {processor.py:753} INFO - DAG(s) dict_keys(['example_sensors']) retrieved from /home/airflow/.local/lib/python3.7/site-packages/airflow/example_dags/example_sensors.py
[2023-04-22T23:40:17.639+0000] {logging_mixin.py:137} INFO - [2023-04-22T23:40:17.639+0000] {dag.py:2705} INFO - Sync 1 DAGs
[2023-04-22T23:40:17.654+0000] {logging_mixin.py:137} INFO - [2023-04-22T23:40:17.654+0000] {dag.py:3456} INFO - Setting next_dagrun for example_sensors to None, run_after=None
[2023-04-22T23:40:17.666+0000] {processor.py:175} INFO - Processing /home/airflow/.local/lib/python3.7/site-packages/airflow/example_dags/example_sensors.py took 0.068 seconds
[2023-04-22T23:40:48.383+0000] {processor.py:153} INFO - Started process (PID=272) to work on /home/airflow/.local/lib/python3.7/site-packages/airflow/example_dags/example_sensors.py
[2023-04-22T23:40:48.384+0000] {processor.py:743} INFO - Processing file /home/airflow/.local/lib/python3.7/site-packages/airflow/example_dags/example_sensors.py for tasks to queue
[2023-04-22T23:40:48.386+0000] {logging_mixin.py:137} INFO - [2023-04-22T23:40:48.386+0000] {dagbag.py:532} INFO - Filling up the DagBag from /home/airflow/.local/lib/python3.7/site-packages/airflow/example_dags/example_sensors.py
[2023-04-22T23:40:48.404+0000] {processor.py:753} INFO - DAG(s) dict_keys(['example_sensors']) retrieved from /home/airflow/.local/lib/python3.7/site-packages/airflow/example_dags/example_sensors.py
[2023-04-22T23:40:48.430+0000] {logging_mixin.py:137} INFO - [2023-04-22T23:40:48.430+0000] {dag.py:2705} INFO - Sync 1 DAGs
[2023-04-22T23:40:48.450+0000] {logging_mixin.py:137} INFO - [2023-04-22T23:40:48.450+0000] {dag.py:3456} INFO - Setting next_dagrun for example_sensors to None, run_after=None
[2023-04-22T23:40:48.462+0000] {processor.py:175} INFO - Processing /home/airflow/.local/lib/python3.7/site-packages/airflow/example_dags/example_sensors.py took 0.084 seconds
[2023-04-22T23:41:19.488+0000] {processor.py:153} INFO - Started process (PID=323) to work on /home/airflow/.local/lib/python3.7/site-packages/airflow/example_dags/example_sensors.py
[2023-04-22T23:41:19.489+0000] {processor.py:743} INFO - Processing file /home/airflow/.local/lib/python3.7/site-packages/airflow/example_dags/example_sensors.py for tasks to queue
[2023-04-22T23:41:19.490+0000] {logging_mixin.py:137} INFO - [2023-04-22T23:41:19.490+0000] {dagbag.py:532} INFO - Filling up the DagBag from /home/airflow/.local/lib/python3.7/site-packages/airflow/example_dags/example_sensors.py
[2023-04-22T23:41:19.504+0000] {processor.py:753} INFO - DAG(s) dict_keys(['example_sensors']) retrieved from /home/airflow/.local/lib/python3.7/site-packages/airflow/example_dags/example_sensors.py
[2023-04-22T23:41:19.527+0000] {logging_mixin.py:137} INFO - [2023-04-22T23:41:19.527+0000] {dag.py:2705} INFO - Sync 1 DAGs
[2023-04-22T23:41:19.547+0000] {logging_mixin.py:137} INFO - [2023-04-22T23:41:19.547+0000] {dag.py:3456} INFO - Setting next_dagrun for example_sensors to None, run_after=None
[2023-04-22T23:41:19.559+0000] {processor.py:175} INFO - Processing /home/airflow/.local/lib/python3.7/site-packages/airflow/example_dags/example_sensors.py took 0.074 seconds
[2023-04-22T23:41:50.650+0000] {processor.py:153} INFO - Started process (PID=374) to work on /home/airflow/.local/lib/python3.7/site-packages/airflow/example_dags/example_sensors.py
[2023-04-22T23:41:50.651+0000] {processor.py:743} INFO - Processing file /home/airflow/.local/lib/python3.7/site-packages/airflow/example_dags/example_sensors.py for tasks to queue
[2023-04-22T23:41:50.652+0000] {logging_mixin.py:137} INFO - [2023-04-22T23:41:50.652+0000] {dagbag.py:532} INFO - Filling up the DagBag from /home/airflow/.local/lib/python3.7/site-packages/airflow/example_dags/example_sensors.py
[2023-04-22T23:41:50.670+0000] {processor.py:753} INFO - DAG(s) dict_keys(['example_sensors']) retrieved from /home/airflow/.local/lib/python3.7/site-packages/airflow/example_dags/example_sensors.py
[2023-04-22T23:41:50.699+0000] {logging_mixin.py:137} INFO - [2023-04-22T23:41:50.699+0000] {dag.py:2705} INFO - Sync 1 DAGs
[2023-04-22T23:41:50.718+0000] {logging_mixin.py:137} INFO - [2023-04-22T23:41:50.718+0000] {dag.py:3456} INFO - Setting next_dagrun for example_sensors to None, run_after=None
[2023-04-22T23:41:50.734+0000] {processor.py:175} INFO - Processing /home/airflow/.local/lib/python3.7/site-packages/airflow/example_dags/example_sensors.py took 0.089 seconds
[2023-04-22T23:42:20.906+0000] {processor.py:153} INFO - Started process (PID=425) to work on /home/airflow/.local/lib/python3.7/site-packages/airflow/example_dags/example_sensors.py
[2023-04-22T23:42:20.907+0000] {processor.py:743} INFO - Processing file /home/airflow/.local/lib/python3.7/site-packages/airflow/example_dags/example_sensors.py for tasks to queue
[2023-04-22T23:42:20.908+0000] {logging_mixin.py:137} INFO - [2023-04-22T23:42:20.908+0000] {dagbag.py:532} INFO - Filling up the DagBag from /home/airflow/.local/lib/python3.7/site-packages/airflow/example_dags/example_sensors.py
[2023-04-22T23:42:20.922+0000] {processor.py:753} INFO - DAG(s) dict_keys(['example_sensors']) retrieved from /home/airflow/.local/lib/python3.7/site-packages/airflow/example_dags/example_sensors.py
[2023-04-22T23:42:20.960+0000] {logging_mixin.py:137} INFO - [2023-04-22T23:42:20.960+0000] {dag.py:2705} INFO - Sync 1 DAGs
[2023-04-22T23:42:20.992+0000] {logging_mixin.py:137} INFO - [2023-04-22T23:42:20.992+0000] {dag.py:3456} INFO - Setting next_dagrun for example_sensors to None, run_after=None
[2023-04-22T23:42:21.019+0000] {processor.py:175} INFO - Processing /home/airflow/.local/lib/python3.7/site-packages/airflow/example_dags/example_sensors.py took 0.117 seconds
[2023-04-22T23:43:08.593+0000] {processor.py:153} INFO - Started process (PID=68) to work on /home/airflow/.local/lib/python3.7/site-packages/airflow/example_dags/example_sensors.py
[2023-04-22T23:43:08.595+0000] {processor.py:743} INFO - Processing file /home/airflow/.local/lib/python3.7/site-packages/airflow/example_dags/example_sensors.py for tasks to queue
[2023-04-22T23:43:08.596+0000] {logging_mixin.py:137} INFO - [2023-04-22T23:43:08.596+0000] {dagbag.py:532} INFO - Filling up the DagBag from /home/airflow/.local/lib/python3.7/site-packages/airflow/example_dags/example_sensors.py
[2023-04-22T23:43:08.630+0000] {processor.py:753} INFO - DAG(s) dict_keys(['example_sensors']) retrieved from /home/airflow/.local/lib/python3.7/site-packages/airflow/example_dags/example_sensors.py
[2023-04-22T23:43:08.665+0000] {logging_mixin.py:137} INFO - [2023-04-22T23:43:08.665+0000] {dag.py:2705} INFO - Sync 1 DAGs
[2023-04-22T23:43:08.693+0000] {logging_mixin.py:137} INFO - [2023-04-22T23:43:08.693+0000] {dag.py:3456} INFO - Setting next_dagrun for example_sensors to None, run_after=None
[2023-04-22T23:43:08.707+0000] {processor.py:175} INFO - Processing /home/airflow/.local/lib/python3.7/site-packages/airflow/example_dags/example_sensors.py took 0.117 seconds
[2023-04-22T23:43:39.461+0000] {processor.py:153} INFO - Started process (PID=119) to work on /home/airflow/.local/lib/python3.7/site-packages/airflow/example_dags/example_sensors.py
[2023-04-22T23:43:39.462+0000] {processor.py:743} INFO - Processing file /home/airflow/.local/lib/python3.7/site-packages/airflow/example_dags/example_sensors.py for tasks to queue
[2023-04-22T23:43:39.462+0000] {logging_mixin.py:137} INFO - [2023-04-22T23:43:39.462+0000] {dagbag.py:532} INFO - Filling up the DagBag from /home/airflow/.local/lib/python3.7/site-packages/airflow/example_dags/example_sensors.py
[2023-04-22T23:43:39.479+0000] {processor.py:753} INFO - DAG(s) dict_keys(['example_sensors']) retrieved from /home/airflow/.local/lib/python3.7/site-packages/airflow/example_dags/example_sensors.py
[2023-04-22T23:43:39.504+0000] {logging_mixin.py:137} INFO - [2023-04-22T23:43:39.504+0000] {dag.py:2705} INFO - Sync 1 DAGs
[2023-04-22T23:43:39.519+0000] {logging_mixin.py:137} INFO - [2023-04-22T23:43:39.519+0000] {dag.py:3456} INFO - Setting next_dagrun for example_sensors to None, run_after=None
[2023-04-22T23:43:39.530+0000] {processor.py:175} INFO - Processing /home/airflow/.local/lib/python3.7/site-packages/airflow/example_dags/example_sensors.py took 0.072 seconds
[2023-04-22T23:44:32.315+0000] {processor.py:153} INFO - Started process (PID=68) to work on /home/airflow/.local/lib/python3.7/site-packages/airflow/example_dags/example_sensors.py
[2023-04-22T23:44:32.317+0000] {processor.py:743} INFO - Processing file /home/airflow/.local/lib/python3.7/site-packages/airflow/example_dags/example_sensors.py for tasks to queue
[2023-04-22T23:44:32.318+0000] {logging_mixin.py:137} INFO - [2023-04-22T23:44:32.318+0000] {dagbag.py:532} INFO - Filling up the DagBag from /home/airflow/.local/lib/python3.7/site-packages/airflow/example_dags/example_sensors.py
[2023-04-22T23:44:32.346+0000] {processor.py:753} INFO - DAG(s) dict_keys(['example_sensors']) retrieved from /home/airflow/.local/lib/python3.7/site-packages/airflow/example_dags/example_sensors.py
[2023-04-22T23:44:32.387+0000] {logging_mixin.py:137} INFO - [2023-04-22T23:44:32.387+0000] {dag.py:2705} INFO - Sync 1 DAGs
[2023-04-22T23:44:32.411+0000] {logging_mixin.py:137} INFO - [2023-04-22T23:44:32.411+0000] {dag.py:3456} INFO - Setting next_dagrun for example_sensors to None, run_after=None
[2023-04-22T23:44:32.447+0000] {processor.py:175} INFO - Processing /home/airflow/.local/lib/python3.7/site-packages/airflow/example_dags/example_sensors.py took 0.136 seconds
[2023-04-22T23:46:56.505+0000] {processor.py:153} INFO - Started process (PID=69) to work on /home/airflow/.local/lib/python3.7/site-packages/airflow/example_dags/example_sensors.py
[2023-04-22T23:46:56.506+0000] {processor.py:743} INFO - Processing file /home/airflow/.local/lib/python3.7/site-packages/airflow/example_dags/example_sensors.py for tasks to queue
[2023-04-22T23:46:56.507+0000] {logging_mixin.py:137} INFO - [2023-04-22T23:46:56.507+0000] {dagbag.py:532} INFO - Filling up the DagBag from /home/airflow/.local/lib/python3.7/site-packages/airflow/example_dags/example_sensors.py
[2023-04-22T23:46:56.529+0000] {processor.py:753} INFO - DAG(s) dict_keys(['example_sensors']) retrieved from /home/airflow/.local/lib/python3.7/site-packages/airflow/example_dags/example_sensors.py
[2023-04-22T23:46:56.543+0000] {logging_mixin.py:137} INFO - [2023-04-22T23:46:56.543+0000] {dag.py:2705} INFO - Sync 1 DAGs
[2023-04-22T23:46:56.560+0000] {logging_mixin.py:137} INFO - [2023-04-22T23:46:56.560+0000] {dag.py:3456} INFO - Setting next_dagrun for example_sensors to None, run_after=None
[2023-04-22T23:46:56.575+0000] {processor.py:175} INFO - Processing /home/airflow/.local/lib/python3.7/site-packages/airflow/example_dags/example_sensors.py took 0.074 seconds
[2023-04-22T23:47:27.453+0000] {processor.py:153} INFO - Started process (PID=120) to work on /home/airflow/.local/lib/python3.7/site-packages/airflow/example_dags/example_sensors.py
[2023-04-22T23:47:27.454+0000] {processor.py:743} INFO - Processing file /home/airflow/.local/lib/python3.7/site-packages/airflow/example_dags/example_sensors.py for tasks to queue
[2023-04-22T23:47:27.455+0000] {logging_mixin.py:137} INFO - [2023-04-22T23:47:27.455+0000] {dagbag.py:532} INFO - Filling up the DagBag from /home/airflow/.local/lib/python3.7/site-packages/airflow/example_dags/example_sensors.py
[2023-04-22T23:47:27.469+0000] {processor.py:753} INFO - DAG(s) dict_keys(['example_sensors']) retrieved from /home/airflow/.local/lib/python3.7/site-packages/airflow/example_dags/example_sensors.py
[2023-04-22T23:47:27.492+0000] {logging_mixin.py:137} INFO - [2023-04-22T23:47:27.492+0000] {dag.py:2705} INFO - Sync 1 DAGs
[2023-04-22T23:47:27.518+0000] {logging_mixin.py:137} INFO - [2023-04-22T23:47:27.518+0000] {dag.py:3456} INFO - Setting next_dagrun for example_sensors to None, run_after=None
[2023-04-22T23:47:27.534+0000] {processor.py:175} INFO - Processing /home/airflow/.local/lib/python3.7/site-packages/airflow/example_dags/example_sensors.py took 0.084 seconds
[2023-04-22T23:47:57.982+0000] {processor.py:153} INFO - Started process (PID=171) to work on /home/airflow/.local/lib/python3.7/site-packages/airflow/example_dags/example_sensors.py
[2023-04-22T23:47:57.984+0000] {processor.py:743} INFO - Processing file /home/airflow/.local/lib/python3.7/site-packages/airflow/example_dags/example_sensors.py for tasks to queue
[2023-04-22T23:47:57.984+0000] {logging_mixin.py:137} INFO - [2023-04-22T23:47:57.984+0000] {dagbag.py:532} INFO - Filling up the DagBag from /home/airflow/.local/lib/python3.7/site-packages/airflow/example_dags/example_sensors.py
[2023-04-22T23:47:57.998+0000] {processor.py:753} INFO - DAG(s) dict_keys(['example_sensors']) retrieved from /home/airflow/.local/lib/python3.7/site-packages/airflow/example_dags/example_sensors.py
[2023-04-22T23:47:58.020+0000] {logging_mixin.py:137} INFO - [2023-04-22T23:47:58.020+0000] {dag.py:2705} INFO - Sync 1 DAGs
[2023-04-22T23:47:58.037+0000] {logging_mixin.py:137} INFO - [2023-04-22T23:47:58.037+0000] {dag.py:3456} INFO - Setting next_dagrun for example_sensors to None, run_after=None
[2023-04-22T23:47:58.048+0000] {processor.py:175} INFO - Processing /home/airflow/.local/lib/python3.7/site-packages/airflow/example_dags/example_sensors.py took 0.068 seconds
[2023-04-22T23:48:28.454+0000] {processor.py:153} INFO - Started process (PID=222) to work on /home/airflow/.local/lib/python3.7/site-packages/airflow/example_dags/example_sensors.py
[2023-04-22T23:48:28.455+0000] {processor.py:743} INFO - Processing file /home/airflow/.local/lib/python3.7/site-packages/airflow/example_dags/example_sensors.py for tasks to queue
[2023-04-22T23:48:28.456+0000] {logging_mixin.py:137} INFO - [2023-04-22T23:48:28.456+0000] {dagbag.py:532} INFO - Filling up the DagBag from /home/airflow/.local/lib/python3.7/site-packages/airflow/example_dags/example_sensors.py
[2023-04-22T23:48:28.469+0000] {processor.py:753} INFO - DAG(s) dict_keys(['example_sensors']) retrieved from /home/airflow/.local/lib/python3.7/site-packages/airflow/example_dags/example_sensors.py
[2023-04-22T23:48:28.490+0000] {logging_mixin.py:137} INFO - [2023-04-22T23:48:28.490+0000] {dag.py:2705} INFO - Sync 1 DAGs
[2023-04-22T23:48:28.506+0000] {logging_mixin.py:137} INFO - [2023-04-22T23:48:28.506+0000] {dag.py:3456} INFO - Setting next_dagrun for example_sensors to None, run_after=None
[2023-04-22T23:48:28.519+0000] {processor.py:175} INFO - Processing /home/airflow/.local/lib/python3.7/site-packages/airflow/example_dags/example_sensors.py took 0.068 seconds
[2023-04-22T23:48:58.857+0000] {processor.py:153} INFO - Started process (PID=273) to work on /home/airflow/.local/lib/python3.7/site-packages/airflow/example_dags/example_sensors.py
[2023-04-22T23:48:58.858+0000] {processor.py:743} INFO - Processing file /home/airflow/.local/lib/python3.7/site-packages/airflow/example_dags/example_sensors.py for tasks to queue
[2023-04-22T23:48:58.859+0000] {logging_mixin.py:137} INFO - [2023-04-22T23:48:58.859+0000] {dagbag.py:532} INFO - Filling up the DagBag from /home/airflow/.local/lib/python3.7/site-packages/airflow/example_dags/example_sensors.py
[2023-04-22T23:48:58.873+0000] {processor.py:753} INFO - DAG(s) dict_keys(['example_sensors']) retrieved from /home/airflow/.local/lib/python3.7/site-packages/airflow/example_dags/example_sensors.py
[2023-04-22T23:48:58.894+0000] {logging_mixin.py:137} INFO - [2023-04-22T23:48:58.894+0000] {dag.py:2705} INFO - Sync 1 DAGs
[2023-04-22T23:48:58.910+0000] {logging_mixin.py:137} INFO - [2023-04-22T23:48:58.910+0000] {dag.py:3456} INFO - Setting next_dagrun for example_sensors to None, run_after=None
[2023-04-22T23:48:58.922+0000] {processor.py:175} INFO - Processing /home/airflow/.local/lib/python3.7/site-packages/airflow/example_dags/example_sensors.py took 0.067 seconds
[2023-04-22T23:49:29.741+0000] {processor.py:153} INFO - Started process (PID=324) to work on /home/airflow/.local/lib/python3.7/site-packages/airflow/example_dags/example_sensors.py
[2023-04-22T23:49:29.743+0000] {processor.py:743} INFO - Processing file /home/airflow/.local/lib/python3.7/site-packages/airflow/example_dags/example_sensors.py for tasks to queue
[2023-04-22T23:49:29.744+0000] {logging_mixin.py:137} INFO - [2023-04-22T23:49:29.744+0000] {dagbag.py:532} INFO - Filling up the DagBag from /home/airflow/.local/lib/python3.7/site-packages/airflow/example_dags/example_sensors.py
[2023-04-22T23:49:29.758+0000] {processor.py:753} INFO - DAG(s) dict_keys(['example_sensors']) retrieved from /home/airflow/.local/lib/python3.7/site-packages/airflow/example_dags/example_sensors.py
[2023-04-22T23:49:29.779+0000] {logging_mixin.py:137} INFO - [2023-04-22T23:49:29.779+0000] {dag.py:2705} INFO - Sync 1 DAGs
[2023-04-22T23:49:29.794+0000] {logging_mixin.py:137} INFO - [2023-04-22T23:49:29.794+0000] {dag.py:3456} INFO - Setting next_dagrun for example_sensors to None, run_after=None
[2023-04-22T23:49:29.806+0000] {processor.py:175} INFO - Processing /home/airflow/.local/lib/python3.7/site-packages/airflow/example_dags/example_sensors.py took 0.067 seconds
[2023-04-22T23:50:00.454+0000] {processor.py:153} INFO - Started process (PID=376) to work on /home/airflow/.local/lib/python3.7/site-packages/airflow/example_dags/example_sensors.py
[2023-04-22T23:50:00.455+0000] {processor.py:743} INFO - Processing file /home/airflow/.local/lib/python3.7/site-packages/airflow/example_dags/example_sensors.py for tasks to queue
[2023-04-22T23:50:00.456+0000] {logging_mixin.py:137} INFO - [2023-04-22T23:50:00.456+0000] {dagbag.py:532} INFO - Filling up the DagBag from /home/airflow/.local/lib/python3.7/site-packages/airflow/example_dags/example_sensors.py
[2023-04-22T23:50:00.469+0000] {processor.py:753} INFO - DAG(s) dict_keys(['example_sensors']) retrieved from /home/airflow/.local/lib/python3.7/site-packages/airflow/example_dags/example_sensors.py
[2023-04-22T23:50:00.490+0000] {logging_mixin.py:137} INFO - [2023-04-22T23:50:00.490+0000] {dag.py:2705} INFO - Sync 1 DAGs
[2023-04-22T23:50:00.505+0000] {logging_mixin.py:137} INFO - [2023-04-22T23:50:00.505+0000] {dag.py:3456} INFO - Setting next_dagrun for example_sensors to None, run_after=None
[2023-04-22T23:50:00.517+0000] {processor.py:175} INFO - Processing /home/airflow/.local/lib/python3.7/site-packages/airflow/example_dags/example_sensors.py took 0.065 seconds
[2023-04-22T23:50:31.312+0000] {processor.py:153} INFO - Started process (PID=428) to work on /home/airflow/.local/lib/python3.7/site-packages/airflow/example_dags/example_sensors.py
[2023-04-22T23:50:31.315+0000] {processor.py:743} INFO - Processing file /home/airflow/.local/lib/python3.7/site-packages/airflow/example_dags/example_sensors.py for tasks to queue
[2023-04-22T23:50:31.318+0000] {logging_mixin.py:137} INFO - [2023-04-22T23:50:31.318+0000] {dagbag.py:532} INFO - Filling up the DagBag from /home/airflow/.local/lib/python3.7/site-packages/airflow/example_dags/example_sensors.py
[2023-04-22T23:50:31.343+0000] {processor.py:753} INFO - DAG(s) dict_keys(['example_sensors']) retrieved from /home/airflow/.local/lib/python3.7/site-packages/airflow/example_dags/example_sensors.py
[2023-04-22T23:50:31.368+0000] {logging_mixin.py:137} INFO - [2023-04-22T23:50:31.367+0000] {dag.py:2705} INFO - Sync 1 DAGs
[2023-04-22T23:50:31.383+0000] {logging_mixin.py:137} INFO - [2023-04-22T23:50:31.383+0000] {dag.py:3456} INFO - Setting next_dagrun for example_sensors to None, run_after=None
[2023-04-22T23:50:31.394+0000] {processor.py:175} INFO - Processing /home/airflow/.local/lib/python3.7/site-packages/airflow/example_dags/example_sensors.py took 0.087 seconds
