[2023-04-22T22:50:09.227+0000] {processor.py:153} INFO - Started process (PID=47) to work on /home/airflow/.local/lib/python3.7/site-packages/airflow/example_dags/example_skip_dag.py
[2023-04-22T22:50:09.230+0000] {processor.py:743} INFO - Processing file /home/airflow/.local/lib/python3.7/site-packages/airflow/example_dags/example_skip_dag.py for tasks to queue
[2023-04-22T22:50:09.232+0000] {logging_mixin.py:137} INFO - [2023-04-22T22:50:09.232+0000] {dagbag.py:532} INFO - Filling up the DagBag from /home/airflow/.local/lib/python3.7/site-packages/airflow/example_dags/example_skip_dag.py
[2023-04-22T22:50:09.307+0000] {processor.py:753} INFO - DAG(s) dict_keys(['example_skip_dag']) retrieved from /home/airflow/.local/lib/python3.7/site-packages/airflow/example_dags/example_skip_dag.py
[2023-04-22T22:50:09.373+0000] {logging_mixin.py:137} INFO - [2023-04-22T22:50:09.372+0000] {dag.py:2705} INFO - Sync 1 DAGs
[2023-04-22T22:50:09.418+0000] {logging_mixin.py:137} INFO - [2023-04-22T22:50:09.418+0000] {dag.py:3456} INFO - Setting next_dagrun for example_skip_dag to 2023-04-21T22:50:09.417911+00:00, run_after=2023-04-22T22:50:09.417911+00:00
[2023-04-22T22:50:09.452+0000] {processor.py:175} INFO - Processing /home/airflow/.local/lib/python3.7/site-packages/airflow/example_dags/example_skip_dag.py took 0.248 seconds
[2023-04-22T22:50:39.609+0000] {processor.py:153} INFO - Started process (PID=98) to work on /home/airflow/.local/lib/python3.7/site-packages/airflow/example_dags/example_skip_dag.py
[2023-04-22T22:50:39.610+0000] {processor.py:743} INFO - Processing file /home/airflow/.local/lib/python3.7/site-packages/airflow/example_dags/example_skip_dag.py for tasks to queue
[2023-04-22T22:50:39.611+0000] {logging_mixin.py:137} INFO - [2023-04-22T22:50:39.611+0000] {dagbag.py:532} INFO - Filling up the DagBag from /home/airflow/.local/lib/python3.7/site-packages/airflow/example_dags/example_skip_dag.py
[2023-04-22T22:50:39.626+0000] {processor.py:753} INFO - DAG(s) dict_keys(['example_skip_dag']) retrieved from /home/airflow/.local/lib/python3.7/site-packages/airflow/example_dags/example_skip_dag.py
[2023-04-22T22:50:39.673+0000] {logging_mixin.py:137} INFO - [2023-04-22T22:50:39.673+0000] {dag.py:2705} INFO - Sync 1 DAGs
[2023-04-22T22:50:39.745+0000] {logging_mixin.py:137} INFO - [2023-04-22T22:50:39.745+0000] {dag.py:3456} INFO - Setting next_dagrun for example_skip_dag to 2023-04-21T22:50:39.744621+00:00, run_after=2023-04-22T22:50:39.744621+00:00
[2023-04-22T22:50:39.775+0000] {processor.py:175} INFO - Processing /home/airflow/.local/lib/python3.7/site-packages/airflow/example_dags/example_skip_dag.py took 0.170 seconds
[2023-04-22T22:51:09.887+0000] {processor.py:153} INFO - Started process (PID=149) to work on /home/airflow/.local/lib/python3.7/site-packages/airflow/example_dags/example_skip_dag.py
[2023-04-22T22:51:09.888+0000] {processor.py:743} INFO - Processing file /home/airflow/.local/lib/python3.7/site-packages/airflow/example_dags/example_skip_dag.py for tasks to queue
[2023-04-22T22:51:09.889+0000] {logging_mixin.py:137} INFO - [2023-04-22T22:51:09.889+0000] {dagbag.py:532} INFO - Filling up the DagBag from /home/airflow/.local/lib/python3.7/site-packages/airflow/example_dags/example_skip_dag.py
[2023-04-22T22:51:09.899+0000] {processor.py:753} INFO - DAG(s) dict_keys(['example_skip_dag']) retrieved from /home/airflow/.local/lib/python3.7/site-packages/airflow/example_dags/example_skip_dag.py
[2023-04-22T22:51:09.918+0000] {logging_mixin.py:137} INFO - [2023-04-22T22:51:09.918+0000] {dag.py:2705} INFO - Sync 1 DAGs
[2023-04-22T22:51:09.936+0000] {logging_mixin.py:137} INFO - [2023-04-22T22:51:09.936+0000] {dag.py:3456} INFO - Setting next_dagrun for example_skip_dag to 2023-04-21T22:51:09.936661+00:00, run_after=2023-04-22T22:51:09.936661+00:00
[2023-04-22T22:51:09.949+0000] {processor.py:175} INFO - Processing /home/airflow/.local/lib/python3.7/site-packages/airflow/example_dags/example_skip_dag.py took 0.064 seconds
[2023-04-22T22:51:40.235+0000] {processor.py:153} INFO - Started process (PID=199) to work on /home/airflow/.local/lib/python3.7/site-packages/airflow/example_dags/example_skip_dag.py
[2023-04-22T22:51:40.237+0000] {processor.py:743} INFO - Processing file /home/airflow/.local/lib/python3.7/site-packages/airflow/example_dags/example_skip_dag.py for tasks to queue
[2023-04-22T22:51:40.238+0000] {logging_mixin.py:137} INFO - [2023-04-22T22:51:40.237+0000] {dagbag.py:532} INFO - Filling up the DagBag from /home/airflow/.local/lib/python3.7/site-packages/airflow/example_dags/example_skip_dag.py
[2023-04-22T22:51:40.247+0000] {processor.py:753} INFO - DAG(s) dict_keys(['example_skip_dag']) retrieved from /home/airflow/.local/lib/python3.7/site-packages/airflow/example_dags/example_skip_dag.py
[2023-04-22T22:51:40.267+0000] {logging_mixin.py:137} INFO - [2023-04-22T22:51:40.267+0000] {dag.py:2705} INFO - Sync 1 DAGs
[2023-04-22T22:51:40.284+0000] {logging_mixin.py:137} INFO - [2023-04-22T22:51:40.284+0000] {dag.py:3456} INFO - Setting next_dagrun for example_skip_dag to 2023-04-21T22:51:40.284097+00:00, run_after=2023-04-22T22:51:40.284097+00:00
[2023-04-22T22:51:40.295+0000] {processor.py:175} INFO - Processing /home/airflow/.local/lib/python3.7/site-packages/airflow/example_dags/example_skip_dag.py took 0.063 seconds
[2023-04-22T22:52:10.683+0000] {processor.py:153} INFO - Started process (PID=249) to work on /home/airflow/.local/lib/python3.7/site-packages/airflow/example_dags/example_skip_dag.py
[2023-04-22T22:52:10.684+0000] {processor.py:743} INFO - Processing file /home/airflow/.local/lib/python3.7/site-packages/airflow/example_dags/example_skip_dag.py for tasks to queue
[2023-04-22T22:52:10.685+0000] {logging_mixin.py:137} INFO - [2023-04-22T22:52:10.685+0000] {dagbag.py:532} INFO - Filling up the DagBag from /home/airflow/.local/lib/python3.7/site-packages/airflow/example_dags/example_skip_dag.py
[2023-04-22T22:52:10.697+0000] {processor.py:753} INFO - DAG(s) dict_keys(['example_skip_dag']) retrieved from /home/airflow/.local/lib/python3.7/site-packages/airflow/example_dags/example_skip_dag.py
[2023-04-22T22:52:10.722+0000] {logging_mixin.py:137} INFO - [2023-04-22T22:52:10.722+0000] {dag.py:2705} INFO - Sync 1 DAGs
[2023-04-22T22:52:10.742+0000] {logging_mixin.py:137} INFO - [2023-04-22T22:52:10.742+0000] {dag.py:3456} INFO - Setting next_dagrun for example_skip_dag to 2023-04-21T22:52:10.742207+00:00, run_after=2023-04-22T22:52:10.742207+00:00
[2023-04-22T22:52:10.794+0000] {processor.py:175} INFO - Processing /home/airflow/.local/lib/python3.7/site-packages/airflow/example_dags/example_skip_dag.py took 0.114 seconds
[2023-04-22T22:52:41.090+0000] {processor.py:153} INFO - Started process (PID=300) to work on /home/airflow/.local/lib/python3.7/site-packages/airflow/example_dags/example_skip_dag.py
[2023-04-22T22:52:41.091+0000] {processor.py:743} INFO - Processing file /home/airflow/.local/lib/python3.7/site-packages/airflow/example_dags/example_skip_dag.py for tasks to queue
[2023-04-22T22:52:41.092+0000] {logging_mixin.py:137} INFO - [2023-04-22T22:52:41.092+0000] {dagbag.py:532} INFO - Filling up the DagBag from /home/airflow/.local/lib/python3.7/site-packages/airflow/example_dags/example_skip_dag.py
[2023-04-22T22:52:41.102+0000] {processor.py:753} INFO - DAG(s) dict_keys(['example_skip_dag']) retrieved from /home/airflow/.local/lib/python3.7/site-packages/airflow/example_dags/example_skip_dag.py
[2023-04-22T22:52:41.121+0000] {logging_mixin.py:137} INFO - [2023-04-22T22:52:41.121+0000] {dag.py:2705} INFO - Sync 1 DAGs
[2023-04-22T22:52:41.138+0000] {logging_mixin.py:137} INFO - [2023-04-22T22:52:41.138+0000] {dag.py:3456} INFO - Setting next_dagrun for example_skip_dag to 2023-04-21T22:52:41.138051+00:00, run_after=2023-04-22T22:52:41.138051+00:00
[2023-04-22T22:52:41.150+0000] {processor.py:175} INFO - Processing /home/airflow/.local/lib/python3.7/site-packages/airflow/example_dags/example_skip_dag.py took 0.063 seconds
[2023-04-22T22:53:12.015+0000] {processor.py:153} INFO - Started process (PID=352) to work on /home/airflow/.local/lib/python3.7/site-packages/airflow/example_dags/example_skip_dag.py
[2023-04-22T22:53:12.017+0000] {processor.py:743} INFO - Processing file /home/airflow/.local/lib/python3.7/site-packages/airflow/example_dags/example_skip_dag.py for tasks to queue
[2023-04-22T22:53:12.019+0000] {logging_mixin.py:137} INFO - [2023-04-22T22:53:12.019+0000] {dagbag.py:532} INFO - Filling up the DagBag from /home/airflow/.local/lib/python3.7/site-packages/airflow/example_dags/example_skip_dag.py
[2023-04-22T22:53:12.035+0000] {processor.py:753} INFO - DAG(s) dict_keys(['example_skip_dag']) retrieved from /home/airflow/.local/lib/python3.7/site-packages/airflow/example_dags/example_skip_dag.py
[2023-04-22T22:53:12.090+0000] {logging_mixin.py:137} INFO - [2023-04-22T22:53:12.090+0000] {dag.py:2705} INFO - Sync 1 DAGs
[2023-04-22T22:53:12.142+0000] {logging_mixin.py:137} INFO - [2023-04-22T22:53:12.142+0000] {dag.py:3456} INFO - Setting next_dagrun for example_skip_dag to 2023-04-21T22:53:12.140712+00:00, run_after=2023-04-22T22:53:12.140712+00:00
[2023-04-22T22:53:12.171+0000] {processor.py:175} INFO - Processing /home/airflow/.local/lib/python3.7/site-packages/airflow/example_dags/example_skip_dag.py took 0.160 seconds
[2023-04-22T22:53:43.021+0000] {processor.py:153} INFO - Started process (PID=403) to work on /home/airflow/.local/lib/python3.7/site-packages/airflow/example_dags/example_skip_dag.py
[2023-04-22T22:53:43.022+0000] {processor.py:743} INFO - Processing file /home/airflow/.local/lib/python3.7/site-packages/airflow/example_dags/example_skip_dag.py for tasks to queue
[2023-04-22T22:53:43.023+0000] {logging_mixin.py:137} INFO - [2023-04-22T22:53:43.023+0000] {dagbag.py:532} INFO - Filling up the DagBag from /home/airflow/.local/lib/python3.7/site-packages/airflow/example_dags/example_skip_dag.py
[2023-04-22T22:53:43.035+0000] {processor.py:753} INFO - DAG(s) dict_keys(['example_skip_dag']) retrieved from /home/airflow/.local/lib/python3.7/site-packages/airflow/example_dags/example_skip_dag.py
[2023-04-22T22:53:43.058+0000] {logging_mixin.py:137} INFO - [2023-04-22T22:53:43.057+0000] {dag.py:2705} INFO - Sync 1 DAGs
[2023-04-22T22:53:43.081+0000] {logging_mixin.py:137} INFO - [2023-04-22T22:53:43.081+0000] {dag.py:3456} INFO - Setting next_dagrun for example_skip_dag to 2023-04-21T22:53:43.081092+00:00, run_after=2023-04-22T22:53:43.081092+00:00
[2023-04-22T22:53:43.095+0000] {processor.py:175} INFO - Processing /home/airflow/.local/lib/python3.7/site-packages/airflow/example_dags/example_skip_dag.py took 0.078 seconds
[2023-04-22T23:03:11.511+0000] {processor.py:153} INFO - Started process (PID=47) to work on /home/airflow/.local/lib/python3.7/site-packages/airflow/example_dags/example_skip_dag.py
[2023-04-22T23:03:11.512+0000] {processor.py:743} INFO - Processing file /home/airflow/.local/lib/python3.7/site-packages/airflow/example_dags/example_skip_dag.py for tasks to queue
[2023-04-22T23:03:11.513+0000] {logging_mixin.py:137} INFO - [2023-04-22T23:03:11.513+0000] {dagbag.py:532} INFO - Filling up the DagBag from /home/airflow/.local/lib/python3.7/site-packages/airflow/example_dags/example_skip_dag.py
[2023-04-22T23:03:11.540+0000] {processor.py:753} INFO - DAG(s) dict_keys(['example_skip_dag']) retrieved from /home/airflow/.local/lib/python3.7/site-packages/airflow/example_dags/example_skip_dag.py
[2023-04-22T23:03:11.838+0000] {logging_mixin.py:137} INFO - [2023-04-22T23:03:11.837+0000] {manager.py:504} INFO - Created Permission View: can read on DAG:example_skip_dag
[2023-04-22T23:03:11.855+0000] {logging_mixin.py:137} INFO - [2023-04-22T23:03:11.855+0000] {manager.py:504} INFO - Created Permission View: can delete on DAG:example_skip_dag
[2023-04-22T23:03:11.871+0000] {logging_mixin.py:137} INFO - [2023-04-22T23:03:11.871+0000] {manager.py:504} INFO - Created Permission View: can edit on DAG:example_skip_dag
[2023-04-22T23:03:11.880+0000] {logging_mixin.py:137} INFO - [2023-04-22T23:03:11.872+0000] {dag.py:2705} INFO - Sync 1 DAGs
[2023-04-22T23:03:11.923+0000] {logging_mixin.py:137} INFO - [2023-04-22T23:03:11.923+0000] {dag.py:2726} INFO - Creating ORM DAG for example_skip_dag
[2023-04-22T23:03:11.943+0000] {logging_mixin.py:137} INFO - [2023-04-22T23:03:11.943+0000] {dag.py:3456} INFO - Setting next_dagrun for example_skip_dag to 2023-04-21T23:03:11.943520+00:00, run_after=2023-04-22T23:03:11.943520+00:00
[2023-04-22T23:03:11.981+0000] {processor.py:175} INFO - Processing /home/airflow/.local/lib/python3.7/site-packages/airflow/example_dags/example_skip_dag.py took 0.473 seconds
[2023-04-22T23:03:42.329+0000] {processor.py:153} INFO - Started process (PID=98) to work on /home/airflow/.local/lib/python3.7/site-packages/airflow/example_dags/example_skip_dag.py
[2023-04-22T23:03:42.330+0000] {processor.py:743} INFO - Processing file /home/airflow/.local/lib/python3.7/site-packages/airflow/example_dags/example_skip_dag.py for tasks to queue
[2023-04-22T23:03:42.331+0000] {logging_mixin.py:137} INFO - [2023-04-22T23:03:42.331+0000] {dagbag.py:532} INFO - Filling up the DagBag from /home/airflow/.local/lib/python3.7/site-packages/airflow/example_dags/example_skip_dag.py
[2023-04-22T23:03:42.343+0000] {processor.py:753} INFO - DAG(s) dict_keys(['example_skip_dag']) retrieved from /home/airflow/.local/lib/python3.7/site-packages/airflow/example_dags/example_skip_dag.py
[2023-04-22T23:03:42.362+0000] {logging_mixin.py:137} INFO - [2023-04-22T23:03:42.362+0000] {dag.py:2705} INFO - Sync 1 DAGs
[2023-04-22T23:03:42.377+0000] {logging_mixin.py:137} INFO - [2023-04-22T23:03:42.377+0000] {dag.py:3456} INFO - Setting next_dagrun for example_skip_dag to 2023-04-21T23:03:42.377338+00:00, run_after=2023-04-22T23:03:42.377338+00:00
[2023-04-22T23:03:42.390+0000] {processor.py:175} INFO - Processing /home/airflow/.local/lib/python3.7/site-packages/airflow/example_dags/example_skip_dag.py took 0.064 seconds
[2023-04-22T23:04:12.875+0000] {processor.py:153} INFO - Started process (PID=149) to work on /home/airflow/.local/lib/python3.7/site-packages/airflow/example_dags/example_skip_dag.py
[2023-04-22T23:04:12.876+0000] {processor.py:743} INFO - Processing file /home/airflow/.local/lib/python3.7/site-packages/airflow/example_dags/example_skip_dag.py for tasks to queue
[2023-04-22T23:04:12.877+0000] {logging_mixin.py:137} INFO - [2023-04-22T23:04:12.877+0000] {dagbag.py:532} INFO - Filling up the DagBag from /home/airflow/.local/lib/python3.7/site-packages/airflow/example_dags/example_skip_dag.py
[2023-04-22T23:04:12.888+0000] {processor.py:753} INFO - DAG(s) dict_keys(['example_skip_dag']) retrieved from /home/airflow/.local/lib/python3.7/site-packages/airflow/example_dags/example_skip_dag.py
[2023-04-22T23:04:12.908+0000] {logging_mixin.py:137} INFO - [2023-04-22T23:04:12.908+0000] {dag.py:2705} INFO - Sync 1 DAGs
[2023-04-22T23:04:12.924+0000] {logging_mixin.py:137} INFO - [2023-04-22T23:04:12.923+0000] {dag.py:3456} INFO - Setting next_dagrun for example_skip_dag to 2023-04-21T23:04:12.923725+00:00, run_after=2023-04-22T23:04:12.923725+00:00
[2023-04-22T23:04:12.941+0000] {processor.py:175} INFO - Processing /home/airflow/.local/lib/python3.7/site-packages/airflow/example_dags/example_skip_dag.py took 0.069 seconds
[2023-04-22T23:04:43.364+0000] {processor.py:153} INFO - Started process (PID=200) to work on /home/airflow/.local/lib/python3.7/site-packages/airflow/example_dags/example_skip_dag.py
[2023-04-22T23:04:43.365+0000] {processor.py:743} INFO - Processing file /home/airflow/.local/lib/python3.7/site-packages/airflow/example_dags/example_skip_dag.py for tasks to queue
[2023-04-22T23:04:43.366+0000] {logging_mixin.py:137} INFO - [2023-04-22T23:04:43.366+0000] {dagbag.py:532} INFO - Filling up the DagBag from /home/airflow/.local/lib/python3.7/site-packages/airflow/example_dags/example_skip_dag.py
[2023-04-22T23:04:43.378+0000] {processor.py:753} INFO - DAG(s) dict_keys(['example_skip_dag']) retrieved from /home/airflow/.local/lib/python3.7/site-packages/airflow/example_dags/example_skip_dag.py
[2023-04-22T23:04:43.400+0000] {logging_mixin.py:137} INFO - [2023-04-22T23:04:43.400+0000] {dag.py:2705} INFO - Sync 1 DAGs
[2023-04-22T23:04:43.420+0000] {logging_mixin.py:137} INFO - [2023-04-22T23:04:43.420+0000] {dag.py:3456} INFO - Setting next_dagrun for example_skip_dag to 2023-04-21T23:04:43.420177+00:00, run_after=2023-04-22T23:04:43.420177+00:00
[2023-04-22T23:04:43.444+0000] {processor.py:175} INFO - Processing /home/airflow/.local/lib/python3.7/site-packages/airflow/example_dags/example_skip_dag.py took 0.084 seconds
[2023-04-22T23:05:14.062+0000] {processor.py:153} INFO - Started process (PID=251) to work on /home/airflow/.local/lib/python3.7/site-packages/airflow/example_dags/example_skip_dag.py
[2023-04-22T23:05:14.064+0000] {processor.py:743} INFO - Processing file /home/airflow/.local/lib/python3.7/site-packages/airflow/example_dags/example_skip_dag.py for tasks to queue
[2023-04-22T23:05:14.064+0000] {logging_mixin.py:137} INFO - [2023-04-22T23:05:14.064+0000] {dagbag.py:532} INFO - Filling up the DagBag from /home/airflow/.local/lib/python3.7/site-packages/airflow/example_dags/example_skip_dag.py
[2023-04-22T23:05:14.075+0000] {processor.py:753} INFO - DAG(s) dict_keys(['example_skip_dag']) retrieved from /home/airflow/.local/lib/python3.7/site-packages/airflow/example_dags/example_skip_dag.py
[2023-04-22T23:05:14.095+0000] {logging_mixin.py:137} INFO - [2023-04-22T23:05:14.094+0000] {dag.py:2705} INFO - Sync 1 DAGs
[2023-04-22T23:05:14.110+0000] {logging_mixin.py:137} INFO - [2023-04-22T23:05:14.110+0000] {dag.py:3456} INFO - Setting next_dagrun for example_skip_dag to 2023-04-21T23:05:14.110094+00:00, run_after=2023-04-22T23:05:14.110094+00:00
[2023-04-22T23:05:14.121+0000] {processor.py:175} INFO - Processing /home/airflow/.local/lib/python3.7/site-packages/airflow/example_dags/example_skip_dag.py took 0.062 seconds
[2023-04-22T23:05:44.223+0000] {processor.py:153} INFO - Started process (PID=303) to work on /home/airflow/.local/lib/python3.7/site-packages/airflow/example_dags/example_skip_dag.py
[2023-04-22T23:05:44.225+0000] {processor.py:743} INFO - Processing file /home/airflow/.local/lib/python3.7/site-packages/airflow/example_dags/example_skip_dag.py for tasks to queue
[2023-04-22T23:05:44.227+0000] {logging_mixin.py:137} INFO - [2023-04-22T23:05:44.226+0000] {dagbag.py:532} INFO - Filling up the DagBag from /home/airflow/.local/lib/python3.7/site-packages/airflow/example_dags/example_skip_dag.py
[2023-04-22T23:05:44.237+0000] {processor.py:753} INFO - DAG(s) dict_keys(['example_skip_dag']) retrieved from /home/airflow/.local/lib/python3.7/site-packages/airflow/example_dags/example_skip_dag.py
[2023-04-22T23:05:44.260+0000] {logging_mixin.py:137} INFO - [2023-04-22T23:05:44.260+0000] {dag.py:2705} INFO - Sync 1 DAGs
[2023-04-22T23:05:44.277+0000] {logging_mixin.py:137} INFO - [2023-04-22T23:05:44.277+0000] {dag.py:3456} INFO - Setting next_dagrun for example_skip_dag to 2023-04-21T23:05:44.277399+00:00, run_after=2023-04-22T23:05:44.277399+00:00
[2023-04-22T23:05:44.293+0000] {processor.py:175} INFO - Processing /home/airflow/.local/lib/python3.7/site-packages/airflow/example_dags/example_skip_dag.py took 0.073 seconds
[2023-04-22T23:06:14.372+0000] {processor.py:153} INFO - Started process (PID=354) to work on /home/airflow/.local/lib/python3.7/site-packages/airflow/example_dags/example_skip_dag.py
[2023-04-22T23:06:14.373+0000] {processor.py:743} INFO - Processing file /home/airflow/.local/lib/python3.7/site-packages/airflow/example_dags/example_skip_dag.py for tasks to queue
[2023-04-22T23:06:14.374+0000] {logging_mixin.py:137} INFO - [2023-04-22T23:06:14.374+0000] {dagbag.py:532} INFO - Filling up the DagBag from /home/airflow/.local/lib/python3.7/site-packages/airflow/example_dags/example_skip_dag.py
[2023-04-22T23:06:14.385+0000] {processor.py:753} INFO - DAG(s) dict_keys(['example_skip_dag']) retrieved from /home/airflow/.local/lib/python3.7/site-packages/airflow/example_dags/example_skip_dag.py
[2023-04-22T23:06:14.404+0000] {logging_mixin.py:137} INFO - [2023-04-22T23:06:14.404+0000] {dag.py:2705} INFO - Sync 1 DAGs
[2023-04-22T23:06:14.419+0000] {logging_mixin.py:137} INFO - [2023-04-22T23:06:14.419+0000] {dag.py:3456} INFO - Setting next_dagrun for example_skip_dag to 2023-04-21T23:06:14.419116+00:00, run_after=2023-04-22T23:06:14.419116+00:00
[2023-04-22T23:06:14.430+0000] {processor.py:175} INFO - Processing /home/airflow/.local/lib/python3.7/site-packages/airflow/example_dags/example_skip_dag.py took 0.061 seconds
[2023-04-22T23:06:45.309+0000] {processor.py:153} INFO - Started process (PID=406) to work on /home/airflow/.local/lib/python3.7/site-packages/airflow/example_dags/example_skip_dag.py
[2023-04-22T23:06:45.311+0000] {processor.py:743} INFO - Processing file /home/airflow/.local/lib/python3.7/site-packages/airflow/example_dags/example_skip_dag.py for tasks to queue
[2023-04-22T23:06:45.313+0000] {logging_mixin.py:137} INFO - [2023-04-22T23:06:45.313+0000] {dagbag.py:532} INFO - Filling up the DagBag from /home/airflow/.local/lib/python3.7/site-packages/airflow/example_dags/example_skip_dag.py
[2023-04-22T23:06:45.334+0000] {processor.py:753} INFO - DAG(s) dict_keys(['example_skip_dag']) retrieved from /home/airflow/.local/lib/python3.7/site-packages/airflow/example_dags/example_skip_dag.py
[2023-04-22T23:06:45.360+0000] {logging_mixin.py:137} INFO - [2023-04-22T23:06:45.359+0000] {dag.py:2705} INFO - Sync 1 DAGs
[2023-04-22T23:06:45.378+0000] {logging_mixin.py:137} INFO - [2023-04-22T23:06:45.378+0000] {dag.py:3456} INFO - Setting next_dagrun for example_skip_dag to 2023-04-21T23:06:45.378035+00:00, run_after=2023-04-22T23:06:45.378035+00:00
[2023-04-22T23:06:45.391+0000] {processor.py:175} INFO - Processing /home/airflow/.local/lib/python3.7/site-packages/airflow/example_dags/example_skip_dag.py took 0.088 seconds
[2023-04-22T23:12:35.604+0000] {processor.py:153} INFO - Started process (PID=47) to work on /home/airflow/.local/lib/python3.7/site-packages/airflow/example_dags/example_skip_dag.py
[2023-04-22T23:12:35.609+0000] {processor.py:743} INFO - Processing file /home/airflow/.local/lib/python3.7/site-packages/airflow/example_dags/example_skip_dag.py for tasks to queue
[2023-04-22T23:12:35.612+0000] {logging_mixin.py:137} INFO - [2023-04-22T23:12:35.612+0000] {dagbag.py:532} INFO - Filling up the DagBag from /home/airflow/.local/lib/python3.7/site-packages/airflow/example_dags/example_skip_dag.py
[2023-04-22T23:12:35.754+0000] {processor.py:753} INFO - DAG(s) dict_keys(['example_skip_dag']) retrieved from /home/airflow/.local/lib/python3.7/site-packages/airflow/example_dags/example_skip_dag.py
[2023-04-22T23:12:36.089+0000] {logging_mixin.py:137} INFO - [2023-04-22T23:12:36.088+0000] {manager.py:504} INFO - Created Permission View: can edit on DAG:example_skip_dag
[2023-04-22T23:12:36.121+0000] {logging_mixin.py:137} INFO - [2023-04-22T23:12:36.120+0000] {manager.py:504} INFO - Created Permission View: can read on DAG:example_skip_dag
[2023-04-22T23:12:36.143+0000] {logging_mixin.py:137} INFO - [2023-04-22T23:12:36.143+0000] {manager.py:504} INFO - Created Permission View: can delete on DAG:example_skip_dag
[2023-04-22T23:12:36.145+0000] {logging_mixin.py:137} INFO - [2023-04-22T23:12:36.145+0000] {dag.py:2705} INFO - Sync 1 DAGs
[2023-04-22T23:12:36.174+0000] {logging_mixin.py:137} INFO - [2023-04-22T23:12:36.174+0000] {dag.py:2726} INFO - Creating ORM DAG for example_skip_dag
[2023-04-22T23:12:36.204+0000] {logging_mixin.py:137} INFO - [2023-04-22T23:12:36.204+0000] {dag.py:3456} INFO - Setting next_dagrun for example_skip_dag to 2023-04-21T23:12:36.203850+00:00, run_after=2023-04-22T23:12:36.203850+00:00
[2023-04-22T23:12:36.230+0000] {processor.py:175} INFO - Processing /home/airflow/.local/lib/python3.7/site-packages/airflow/example_dags/example_skip_dag.py took 0.652 seconds
[2023-04-22T23:13:07.023+0000] {processor.py:153} INFO - Started process (PID=98) to work on /home/airflow/.local/lib/python3.7/site-packages/airflow/example_dags/example_skip_dag.py
[2023-04-22T23:13:07.024+0000] {processor.py:743} INFO - Processing file /home/airflow/.local/lib/python3.7/site-packages/airflow/example_dags/example_skip_dag.py for tasks to queue
[2023-04-22T23:13:07.027+0000] {logging_mixin.py:137} INFO - [2023-04-22T23:13:07.027+0000] {dagbag.py:532} INFO - Filling up the DagBag from /home/airflow/.local/lib/python3.7/site-packages/airflow/example_dags/example_skip_dag.py
[2023-04-22T23:13:07.046+0000] {processor.py:753} INFO - DAG(s) dict_keys(['example_skip_dag']) retrieved from /home/airflow/.local/lib/python3.7/site-packages/airflow/example_dags/example_skip_dag.py
[2023-04-22T23:13:07.069+0000] {logging_mixin.py:137} INFO - [2023-04-22T23:13:07.069+0000] {dag.py:2705} INFO - Sync 1 DAGs
[2023-04-22T23:13:07.085+0000] {logging_mixin.py:137} INFO - [2023-04-22T23:13:07.085+0000] {dag.py:3456} INFO - Setting next_dagrun for example_skip_dag to 2023-04-21T23:13:07.085263+00:00, run_after=2023-04-22T23:13:07.085263+00:00
[2023-04-22T23:13:07.096+0000] {processor.py:175} INFO - Processing /home/airflow/.local/lib/python3.7/site-packages/airflow/example_dags/example_skip_dag.py took 0.079 seconds
[2023-04-22T23:13:37.470+0000] {processor.py:153} INFO - Started process (PID=149) to work on /home/airflow/.local/lib/python3.7/site-packages/airflow/example_dags/example_skip_dag.py
[2023-04-22T23:13:37.471+0000] {processor.py:743} INFO - Processing file /home/airflow/.local/lib/python3.7/site-packages/airflow/example_dags/example_skip_dag.py for tasks to queue
[2023-04-22T23:13:37.473+0000] {logging_mixin.py:137} INFO - [2023-04-22T23:13:37.473+0000] {dagbag.py:532} INFO - Filling up the DagBag from /home/airflow/.local/lib/python3.7/site-packages/airflow/example_dags/example_skip_dag.py
[2023-04-22T23:13:37.489+0000] {processor.py:753} INFO - DAG(s) dict_keys(['example_skip_dag']) retrieved from /home/airflow/.local/lib/python3.7/site-packages/airflow/example_dags/example_skip_dag.py
[2023-04-22T23:13:37.515+0000] {logging_mixin.py:137} INFO - [2023-04-22T23:13:37.515+0000] {dag.py:2705} INFO - Sync 1 DAGs
[2023-04-22T23:13:37.533+0000] {logging_mixin.py:137} INFO - [2023-04-22T23:13:37.533+0000] {dag.py:3456} INFO - Setting next_dagrun for example_skip_dag to 2023-04-21T23:13:37.533621+00:00, run_after=2023-04-22T23:13:37.533621+00:00
[2023-04-22T23:13:37.546+0000] {processor.py:175} INFO - Processing /home/airflow/.local/lib/python3.7/site-packages/airflow/example_dags/example_skip_dag.py took 0.082 seconds
[2023-04-22T23:14:07.863+0000] {processor.py:153} INFO - Started process (PID=201) to work on /home/airflow/.local/lib/python3.7/site-packages/airflow/example_dags/example_skip_dag.py
[2023-04-22T23:14:07.866+0000] {processor.py:743} INFO - Processing file /home/airflow/.local/lib/python3.7/site-packages/airflow/example_dags/example_skip_dag.py for tasks to queue
[2023-04-22T23:14:07.867+0000] {logging_mixin.py:137} INFO - [2023-04-22T23:14:07.867+0000] {dagbag.py:532} INFO - Filling up the DagBag from /home/airflow/.local/lib/python3.7/site-packages/airflow/example_dags/example_skip_dag.py
[2023-04-22T23:14:07.884+0000] {processor.py:753} INFO - DAG(s) dict_keys(['example_skip_dag']) retrieved from /home/airflow/.local/lib/python3.7/site-packages/airflow/example_dags/example_skip_dag.py
[2023-04-22T23:14:07.909+0000] {logging_mixin.py:137} INFO - [2023-04-22T23:14:07.909+0000] {dag.py:2705} INFO - Sync 1 DAGs
[2023-04-22T23:14:07.925+0000] {logging_mixin.py:137} INFO - [2023-04-22T23:14:07.925+0000] {dag.py:3456} INFO - Setting next_dagrun for example_skip_dag to 2023-04-21T23:14:07.925104+00:00, run_after=2023-04-22T23:14:07.925104+00:00
[2023-04-22T23:14:07.937+0000] {processor.py:175} INFO - Processing /home/airflow/.local/lib/python3.7/site-packages/airflow/example_dags/example_skip_dag.py took 0.079 seconds
[2023-04-22T23:14:38.226+0000] {processor.py:153} INFO - Started process (PID=252) to work on /home/airflow/.local/lib/python3.7/site-packages/airflow/example_dags/example_skip_dag.py
[2023-04-22T23:14:38.229+0000] {processor.py:743} INFO - Processing file /home/airflow/.local/lib/python3.7/site-packages/airflow/example_dags/example_skip_dag.py for tasks to queue
[2023-04-22T23:14:38.230+0000] {logging_mixin.py:137} INFO - [2023-04-22T23:14:38.230+0000] {dagbag.py:532} INFO - Filling up the DagBag from /home/airflow/.local/lib/python3.7/site-packages/airflow/example_dags/example_skip_dag.py
[2023-04-22T23:14:38.246+0000] {processor.py:753} INFO - DAG(s) dict_keys(['example_skip_dag']) retrieved from /home/airflow/.local/lib/python3.7/site-packages/airflow/example_dags/example_skip_dag.py
[2023-04-22T23:14:38.270+0000] {logging_mixin.py:137} INFO - [2023-04-22T23:14:38.270+0000] {dag.py:2705} INFO - Sync 1 DAGs
[2023-04-22T23:14:38.286+0000] {logging_mixin.py:137} INFO - [2023-04-22T23:14:38.286+0000] {dag.py:3456} INFO - Setting next_dagrun for example_skip_dag to 2023-04-21T23:14:38.286455+00:00, run_after=2023-04-22T23:14:38.286455+00:00
[2023-04-22T23:14:38.298+0000] {processor.py:175} INFO - Processing /home/airflow/.local/lib/python3.7/site-packages/airflow/example_dags/example_skip_dag.py took 0.076 seconds
[2023-04-22T23:15:08.666+0000] {processor.py:153} INFO - Started process (PID=302) to work on /home/airflow/.local/lib/python3.7/site-packages/airflow/example_dags/example_skip_dag.py
[2023-04-22T23:15:08.667+0000] {processor.py:743} INFO - Processing file /home/airflow/.local/lib/python3.7/site-packages/airflow/example_dags/example_skip_dag.py for tasks to queue
[2023-04-22T23:15:08.668+0000] {logging_mixin.py:137} INFO - [2023-04-22T23:15:08.668+0000] {dagbag.py:532} INFO - Filling up the DagBag from /home/airflow/.local/lib/python3.7/site-packages/airflow/example_dags/example_skip_dag.py
[2023-04-22T23:15:08.685+0000] {processor.py:753} INFO - DAG(s) dict_keys(['example_skip_dag']) retrieved from /home/airflow/.local/lib/python3.7/site-packages/airflow/example_dags/example_skip_dag.py
[2023-04-22T23:15:08.712+0000] {logging_mixin.py:137} INFO - [2023-04-22T23:15:08.712+0000] {dag.py:2705} INFO - Sync 1 DAGs
[2023-04-22T23:15:08.737+0000] {logging_mixin.py:137} INFO - [2023-04-22T23:15:08.737+0000] {dag.py:3456} INFO - Setting next_dagrun for example_skip_dag to 2023-04-21T23:15:08.737054+00:00, run_after=2023-04-22T23:15:08.737054+00:00
[2023-04-22T23:15:08.750+0000] {processor.py:175} INFO - Processing /home/airflow/.local/lib/python3.7/site-packages/airflow/example_dags/example_skip_dag.py took 0.088 seconds
[2023-04-22T23:15:39.160+0000] {processor.py:153} INFO - Started process (PID=353) to work on /home/airflow/.local/lib/python3.7/site-packages/airflow/example_dags/example_skip_dag.py
[2023-04-22T23:15:39.161+0000] {processor.py:743} INFO - Processing file /home/airflow/.local/lib/python3.7/site-packages/airflow/example_dags/example_skip_dag.py for tasks to queue
[2023-04-22T23:15:39.162+0000] {logging_mixin.py:137} INFO - [2023-04-22T23:15:39.162+0000] {dagbag.py:532} INFO - Filling up the DagBag from /home/airflow/.local/lib/python3.7/site-packages/airflow/example_dags/example_skip_dag.py
[2023-04-22T23:15:39.176+0000] {processor.py:753} INFO - DAG(s) dict_keys(['example_skip_dag']) retrieved from /home/airflow/.local/lib/python3.7/site-packages/airflow/example_dags/example_skip_dag.py
[2023-04-22T23:15:39.198+0000] {logging_mixin.py:137} INFO - [2023-04-22T23:15:39.198+0000] {dag.py:2705} INFO - Sync 1 DAGs
[2023-04-22T23:15:39.217+0000] {logging_mixin.py:137} INFO - [2023-04-22T23:15:39.217+0000] {dag.py:3456} INFO - Setting next_dagrun for example_skip_dag to 2023-04-21T23:15:39.216870+00:00, run_after=2023-04-22T23:15:39.216870+00:00
[2023-04-22T23:15:39.230+0000] {processor.py:175} INFO - Processing /home/airflow/.local/lib/python3.7/site-packages/airflow/example_dags/example_skip_dag.py took 0.074 seconds
[2023-04-22T23:16:09.779+0000] {processor.py:153} INFO - Started process (PID=404) to work on /home/airflow/.local/lib/python3.7/site-packages/airflow/example_dags/example_skip_dag.py
[2023-04-22T23:16:09.781+0000] {processor.py:743} INFO - Processing file /home/airflow/.local/lib/python3.7/site-packages/airflow/example_dags/example_skip_dag.py for tasks to queue
[2023-04-22T23:16:09.783+0000] {logging_mixin.py:137} INFO - [2023-04-22T23:16:09.783+0000] {dagbag.py:532} INFO - Filling up the DagBag from /home/airflow/.local/lib/python3.7/site-packages/airflow/example_dags/example_skip_dag.py
[2023-04-22T23:16:09.800+0000] {processor.py:753} INFO - DAG(s) dict_keys(['example_skip_dag']) retrieved from /home/airflow/.local/lib/python3.7/site-packages/airflow/example_dags/example_skip_dag.py
[2023-04-22T23:16:09.825+0000] {logging_mixin.py:137} INFO - [2023-04-22T23:16:09.825+0000] {dag.py:2705} INFO - Sync 1 DAGs
[2023-04-22T23:16:09.857+0000] {logging_mixin.py:137} INFO - [2023-04-22T23:16:09.857+0000] {dag.py:3456} INFO - Setting next_dagrun for example_skip_dag to 2023-04-21T23:16:09.857132+00:00, run_after=2023-04-22T23:16:09.857132+00:00
[2023-04-22T23:16:09.871+0000] {processor.py:175} INFO - Processing /home/airflow/.local/lib/python3.7/site-packages/airflow/example_dags/example_skip_dag.py took 0.097 seconds
[2023-04-22T23:16:40.035+0000] {processor.py:153} INFO - Started process (PID=455) to work on /home/airflow/.local/lib/python3.7/site-packages/airflow/example_dags/example_skip_dag.py
[2023-04-22T23:16:40.037+0000] {processor.py:743} INFO - Processing file /home/airflow/.local/lib/python3.7/site-packages/airflow/example_dags/example_skip_dag.py for tasks to queue
[2023-04-22T23:16:40.038+0000] {logging_mixin.py:137} INFO - [2023-04-22T23:16:40.038+0000] {dagbag.py:532} INFO - Filling up the DagBag from /home/airflow/.local/lib/python3.7/site-packages/airflow/example_dags/example_skip_dag.py
[2023-04-22T23:16:40.052+0000] {processor.py:753} INFO - DAG(s) dict_keys(['example_skip_dag']) retrieved from /home/airflow/.local/lib/python3.7/site-packages/airflow/example_dags/example_skip_dag.py
[2023-04-22T23:16:40.075+0000] {logging_mixin.py:137} INFO - [2023-04-22T23:16:40.075+0000] {dag.py:2705} INFO - Sync 1 DAGs
[2023-04-22T23:16:40.093+0000] {logging_mixin.py:137} INFO - [2023-04-22T23:16:40.093+0000] {dag.py:3456} INFO - Setting next_dagrun for example_skip_dag to 2023-04-21T23:16:40.093472+00:00, run_after=2023-04-22T23:16:40.093472+00:00
[2023-04-22T23:16:40.106+0000] {processor.py:175} INFO - Processing /home/airflow/.local/lib/python3.7/site-packages/airflow/example_dags/example_skip_dag.py took 0.076 seconds
[2023-04-22T23:17:10.424+0000] {processor.py:153} INFO - Started process (PID=506) to work on /home/airflow/.local/lib/python3.7/site-packages/airflow/example_dags/example_skip_dag.py
[2023-04-22T23:17:10.426+0000] {processor.py:743} INFO - Processing file /home/airflow/.local/lib/python3.7/site-packages/airflow/example_dags/example_skip_dag.py for tasks to queue
[2023-04-22T23:17:10.427+0000] {logging_mixin.py:137} INFO - [2023-04-22T23:17:10.427+0000] {dagbag.py:532} INFO - Filling up the DagBag from /home/airflow/.local/lib/python3.7/site-packages/airflow/example_dags/example_skip_dag.py
[2023-04-22T23:17:10.440+0000] {processor.py:753} INFO - DAG(s) dict_keys(['example_skip_dag']) retrieved from /home/airflow/.local/lib/python3.7/site-packages/airflow/example_dags/example_skip_dag.py
[2023-04-22T23:17:10.480+0000] {logging_mixin.py:137} INFO - [2023-04-22T23:17:10.480+0000] {dag.py:2705} INFO - Sync 1 DAGs
[2023-04-22T23:17:10.512+0000] {logging_mixin.py:137} INFO - [2023-04-22T23:17:10.512+0000] {dag.py:3456} INFO - Setting next_dagrun for example_skip_dag to 2023-04-21T23:17:10.511687+00:00, run_after=2023-04-22T23:17:10.511687+00:00
[2023-04-22T23:17:10.528+0000] {processor.py:175} INFO - Processing /home/airflow/.local/lib/python3.7/site-packages/airflow/example_dags/example_skip_dag.py took 0.107 seconds
[2023-04-22T23:17:41.290+0000] {processor.py:153} INFO - Started process (PID=557) to work on /home/airflow/.local/lib/python3.7/site-packages/airflow/example_dags/example_skip_dag.py
[2023-04-22T23:17:41.291+0000] {processor.py:743} INFO - Processing file /home/airflow/.local/lib/python3.7/site-packages/airflow/example_dags/example_skip_dag.py for tasks to queue
[2023-04-22T23:17:41.292+0000] {logging_mixin.py:137} INFO - [2023-04-22T23:17:41.292+0000] {dagbag.py:532} INFO - Filling up the DagBag from /home/airflow/.local/lib/python3.7/site-packages/airflow/example_dags/example_skip_dag.py
[2023-04-22T23:17:41.304+0000] {processor.py:753} INFO - DAG(s) dict_keys(['example_skip_dag']) retrieved from /home/airflow/.local/lib/python3.7/site-packages/airflow/example_dags/example_skip_dag.py
[2023-04-22T23:17:41.329+0000] {logging_mixin.py:137} INFO - [2023-04-22T23:17:41.329+0000] {dag.py:2705} INFO - Sync 1 DAGs
[2023-04-22T23:17:41.359+0000] {logging_mixin.py:137} INFO - [2023-04-22T23:17:41.359+0000] {dag.py:3456} INFO - Setting next_dagrun for example_skip_dag to 2023-04-21T23:17:41.359477+00:00, run_after=2023-04-22T23:17:41.359477+00:00
[2023-04-22T23:17:41.385+0000] {processor.py:175} INFO - Processing /home/airflow/.local/lib/python3.7/site-packages/airflow/example_dags/example_skip_dag.py took 0.100 seconds
[2023-04-22T23:18:11.764+0000] {processor.py:153} INFO - Started process (PID=608) to work on /home/airflow/.local/lib/python3.7/site-packages/airflow/example_dags/example_skip_dag.py
[2023-04-22T23:18:11.765+0000] {processor.py:743} INFO - Processing file /home/airflow/.local/lib/python3.7/site-packages/airflow/example_dags/example_skip_dag.py for tasks to queue
[2023-04-22T23:18:11.766+0000] {logging_mixin.py:137} INFO - [2023-04-22T23:18:11.766+0000] {dagbag.py:532} INFO - Filling up the DagBag from /home/airflow/.local/lib/python3.7/site-packages/airflow/example_dags/example_skip_dag.py
[2023-04-22T23:18:11.777+0000] {processor.py:753} INFO - DAG(s) dict_keys(['example_skip_dag']) retrieved from /home/airflow/.local/lib/python3.7/site-packages/airflow/example_dags/example_skip_dag.py
[2023-04-22T23:18:11.797+0000] {logging_mixin.py:137} INFO - [2023-04-22T23:18:11.797+0000] {dag.py:2705} INFO - Sync 1 DAGs
[2023-04-22T23:18:11.817+0000] {logging_mixin.py:137} INFO - [2023-04-22T23:18:11.817+0000] {dag.py:3456} INFO - Setting next_dagrun for example_skip_dag to 2023-04-21T23:18:11.816782+00:00, run_after=2023-04-22T23:18:11.816782+00:00
[2023-04-22T23:18:11.832+0000] {processor.py:175} INFO - Processing /home/airflow/.local/lib/python3.7/site-packages/airflow/example_dags/example_skip_dag.py took 0.070 seconds
[2023-04-22T23:19:29.273+0000] {processor.py:153} INFO - Started process (PID=47) to work on /home/airflow/.local/lib/python3.7/site-packages/airflow/example_dags/example_skip_dag.py
[2023-04-22T23:19:29.275+0000] {processor.py:743} INFO - Processing file /home/airflow/.local/lib/python3.7/site-packages/airflow/example_dags/example_skip_dag.py for tasks to queue
[2023-04-22T23:19:29.276+0000] {logging_mixin.py:137} INFO - [2023-04-22T23:19:29.276+0000] {dagbag.py:532} INFO - Filling up the DagBag from /home/airflow/.local/lib/python3.7/site-packages/airflow/example_dags/example_skip_dag.py
[2023-04-22T23:19:29.314+0000] {processor.py:753} INFO - DAG(s) dict_keys(['example_skip_dag']) retrieved from /home/airflow/.local/lib/python3.7/site-packages/airflow/example_dags/example_skip_dag.py
[2023-04-22T23:19:29.336+0000] {logging_mixin.py:137} INFO - [2023-04-22T23:19:29.336+0000] {dag.py:2705} INFO - Sync 1 DAGs
[2023-04-22T23:19:29.367+0000] {logging_mixin.py:137} INFO - [2023-04-22T23:19:29.367+0000] {dag.py:3456} INFO - Setting next_dagrun for example_skip_dag to 2023-04-21T23:19:29.366978+00:00, run_after=2023-04-22T23:19:29.366978+00:00
[2023-04-22T23:19:29.390+0000] {processor.py:175} INFO - Processing /home/airflow/.local/lib/python3.7/site-packages/airflow/example_dags/example_skip_dag.py took 0.121 seconds
[2023-04-22T23:19:59.492+0000] {processor.py:153} INFO - Started process (PID=98) to work on /home/airflow/.local/lib/python3.7/site-packages/airflow/example_dags/example_skip_dag.py
[2023-04-22T23:19:59.494+0000] {processor.py:743} INFO - Processing file /home/airflow/.local/lib/python3.7/site-packages/airflow/example_dags/example_skip_dag.py for tasks to queue
[2023-04-22T23:19:59.494+0000] {logging_mixin.py:137} INFO - [2023-04-22T23:19:59.494+0000] {dagbag.py:532} INFO - Filling up the DagBag from /home/airflow/.local/lib/python3.7/site-packages/airflow/example_dags/example_skip_dag.py
[2023-04-22T23:19:59.504+0000] {processor.py:753} INFO - DAG(s) dict_keys(['example_skip_dag']) retrieved from /home/airflow/.local/lib/python3.7/site-packages/airflow/example_dags/example_skip_dag.py
[2023-04-22T23:19:59.523+0000] {logging_mixin.py:137} INFO - [2023-04-22T23:19:59.523+0000] {dag.py:2705} INFO - Sync 1 DAGs
[2023-04-22T23:19:59.538+0000] {logging_mixin.py:137} INFO - [2023-04-22T23:19:59.538+0000] {dag.py:3456} INFO - Setting next_dagrun for example_skip_dag to 2023-04-21T23:19:59.538672+00:00, run_after=2023-04-22T23:19:59.538672+00:00
[2023-04-22T23:19:59.549+0000] {processor.py:175} INFO - Processing /home/airflow/.local/lib/python3.7/site-packages/airflow/example_dags/example_skip_dag.py took 0.059 seconds
[2023-04-22T23:20:29.705+0000] {processor.py:153} INFO - Started process (PID=149) to work on /home/airflow/.local/lib/python3.7/site-packages/airflow/example_dags/example_skip_dag.py
[2023-04-22T23:20:29.706+0000] {processor.py:743} INFO - Processing file /home/airflow/.local/lib/python3.7/site-packages/airflow/example_dags/example_skip_dag.py for tasks to queue
[2023-04-22T23:20:29.707+0000] {logging_mixin.py:137} INFO - [2023-04-22T23:20:29.707+0000] {dagbag.py:532} INFO - Filling up the DagBag from /home/airflow/.local/lib/python3.7/site-packages/airflow/example_dags/example_skip_dag.py
[2023-04-22T23:20:29.716+0000] {processor.py:753} INFO - DAG(s) dict_keys(['example_skip_dag']) retrieved from /home/airflow/.local/lib/python3.7/site-packages/airflow/example_dags/example_skip_dag.py
[2023-04-22T23:20:29.735+0000] {logging_mixin.py:137} INFO - [2023-04-22T23:20:29.735+0000] {dag.py:2705} INFO - Sync 1 DAGs
[2023-04-22T23:20:29.752+0000] {logging_mixin.py:137} INFO - [2023-04-22T23:20:29.752+0000] {dag.py:3456} INFO - Setting next_dagrun for example_skip_dag to 2023-04-21T23:20:29.752238+00:00, run_after=2023-04-22T23:20:29.752238+00:00
[2023-04-22T23:20:29.764+0000] {processor.py:175} INFO - Processing /home/airflow/.local/lib/python3.7/site-packages/airflow/example_dags/example_skip_dag.py took 0.061 seconds
[2023-04-22T23:20:59.810+0000] {processor.py:153} INFO - Started process (PID=200) to work on /home/airflow/.local/lib/python3.7/site-packages/airflow/example_dags/example_skip_dag.py
[2023-04-22T23:20:59.812+0000] {processor.py:743} INFO - Processing file /home/airflow/.local/lib/python3.7/site-packages/airflow/example_dags/example_skip_dag.py for tasks to queue
[2023-04-22T23:20:59.813+0000] {logging_mixin.py:137} INFO - [2023-04-22T23:20:59.813+0000] {dagbag.py:532} INFO - Filling up the DagBag from /home/airflow/.local/lib/python3.7/site-packages/airflow/example_dags/example_skip_dag.py
[2023-04-22T23:20:59.823+0000] {processor.py:753} INFO - DAG(s) dict_keys(['example_skip_dag']) retrieved from /home/airflow/.local/lib/python3.7/site-packages/airflow/example_dags/example_skip_dag.py
[2023-04-22T23:20:59.843+0000] {logging_mixin.py:137} INFO - [2023-04-22T23:20:59.843+0000] {dag.py:2705} INFO - Sync 1 DAGs
[2023-04-22T23:20:59.860+0000] {logging_mixin.py:137} INFO - [2023-04-22T23:20:59.860+0000] {dag.py:3456} INFO - Setting next_dagrun for example_skip_dag to 2023-04-21T23:20:59.859926+00:00, run_after=2023-04-22T23:20:59.859926+00:00
[2023-04-22T23:20:59.873+0000] {processor.py:175} INFO - Processing /home/airflow/.local/lib/python3.7/site-packages/airflow/example_dags/example_skip_dag.py took 0.066 seconds
[2023-04-22T23:21:29.982+0000] {processor.py:153} INFO - Started process (PID=251) to work on /home/airflow/.local/lib/python3.7/site-packages/airflow/example_dags/example_skip_dag.py
[2023-04-22T23:21:29.983+0000] {processor.py:743} INFO - Processing file /home/airflow/.local/lib/python3.7/site-packages/airflow/example_dags/example_skip_dag.py for tasks to queue
[2023-04-22T23:21:29.984+0000] {logging_mixin.py:137} INFO - [2023-04-22T23:21:29.984+0000] {dagbag.py:532} INFO - Filling up the DagBag from /home/airflow/.local/lib/python3.7/site-packages/airflow/example_dags/example_skip_dag.py
[2023-04-22T23:21:29.994+0000] {processor.py:753} INFO - DAG(s) dict_keys(['example_skip_dag']) retrieved from /home/airflow/.local/lib/python3.7/site-packages/airflow/example_dags/example_skip_dag.py
[2023-04-22T23:21:30.013+0000] {logging_mixin.py:137} INFO - [2023-04-22T23:21:30.013+0000] {dag.py:2705} INFO - Sync 1 DAGs
[2023-04-22T23:21:30.033+0000] {logging_mixin.py:137} INFO - [2023-04-22T23:21:30.033+0000] {dag.py:3456} INFO - Setting next_dagrun for example_skip_dag to 2023-04-21T23:21:30.033274+00:00, run_after=2023-04-22T23:21:30.033274+00:00
[2023-04-22T23:21:30.048+0000] {processor.py:175} INFO - Processing /home/airflow/.local/lib/python3.7/site-packages/airflow/example_dags/example_skip_dag.py took 0.069 seconds
[2023-04-22T23:22:00.491+0000] {processor.py:153} INFO - Started process (PID=302) to work on /home/airflow/.local/lib/python3.7/site-packages/airflow/example_dags/example_skip_dag.py
[2023-04-22T23:22:00.492+0000] {processor.py:743} INFO - Processing file /home/airflow/.local/lib/python3.7/site-packages/airflow/example_dags/example_skip_dag.py for tasks to queue
[2023-04-22T23:22:00.493+0000] {logging_mixin.py:137} INFO - [2023-04-22T23:22:00.493+0000] {dagbag.py:532} INFO - Filling up the DagBag from /home/airflow/.local/lib/python3.7/site-packages/airflow/example_dags/example_skip_dag.py
[2023-04-22T23:22:00.509+0000] {processor.py:753} INFO - DAG(s) dict_keys(['example_skip_dag']) retrieved from /home/airflow/.local/lib/python3.7/site-packages/airflow/example_dags/example_skip_dag.py
[2023-04-22T23:22:00.565+0000] {logging_mixin.py:137} INFO - [2023-04-22T23:22:00.565+0000] {dag.py:2705} INFO - Sync 1 DAGs
[2023-04-22T23:22:00.592+0000] {logging_mixin.py:137} INFO - [2023-04-22T23:22:00.592+0000] {dag.py:3456} INFO - Setting next_dagrun for example_skip_dag to 2023-04-21T23:22:00.592019+00:00, run_after=2023-04-22T23:22:00.592019+00:00
[2023-04-22T23:22:00.608+0000] {processor.py:175} INFO - Processing /home/airflow/.local/lib/python3.7/site-packages/airflow/example_dags/example_skip_dag.py took 0.120 seconds
[2023-04-22T23:22:30.657+0000] {processor.py:153} INFO - Started process (PID=354) to work on /home/airflow/.local/lib/python3.7/site-packages/airflow/example_dags/example_skip_dag.py
[2023-04-22T23:22:30.658+0000] {processor.py:743} INFO - Processing file /home/airflow/.local/lib/python3.7/site-packages/airflow/example_dags/example_skip_dag.py for tasks to queue
[2023-04-22T23:22:30.659+0000] {logging_mixin.py:137} INFO - [2023-04-22T23:22:30.658+0000] {dagbag.py:532} INFO - Filling up the DagBag from /home/airflow/.local/lib/python3.7/site-packages/airflow/example_dags/example_skip_dag.py
[2023-04-22T23:22:30.668+0000] {processor.py:753} INFO - DAG(s) dict_keys(['example_skip_dag']) retrieved from /home/airflow/.local/lib/python3.7/site-packages/airflow/example_dags/example_skip_dag.py
[2023-04-22T23:22:30.688+0000] {logging_mixin.py:137} INFO - [2023-04-22T23:22:30.687+0000] {dag.py:2705} INFO - Sync 1 DAGs
[2023-04-22T23:22:30.705+0000] {logging_mixin.py:137} INFO - [2023-04-22T23:22:30.705+0000] {dag.py:3456} INFO - Setting next_dagrun for example_skip_dag to 2023-04-21T23:22:30.704952+00:00, run_after=2023-04-22T23:22:30.704952+00:00
[2023-04-22T23:22:30.717+0000] {processor.py:175} INFO - Processing /home/airflow/.local/lib/python3.7/site-packages/airflow/example_dags/example_skip_dag.py took 0.064 seconds
[2023-04-22T23:23:01.131+0000] {processor.py:153} INFO - Started process (PID=404) to work on /home/airflow/.local/lib/python3.7/site-packages/airflow/example_dags/example_skip_dag.py
[2023-04-22T23:23:01.132+0000] {processor.py:743} INFO - Processing file /home/airflow/.local/lib/python3.7/site-packages/airflow/example_dags/example_skip_dag.py for tasks to queue
[2023-04-22T23:23:01.133+0000] {logging_mixin.py:137} INFO - [2023-04-22T23:23:01.133+0000] {dagbag.py:532} INFO - Filling up the DagBag from /home/airflow/.local/lib/python3.7/site-packages/airflow/example_dags/example_skip_dag.py
[2023-04-22T23:23:01.143+0000] {processor.py:753} INFO - DAG(s) dict_keys(['example_skip_dag']) retrieved from /home/airflow/.local/lib/python3.7/site-packages/airflow/example_dags/example_skip_dag.py
[2023-04-22T23:23:01.163+0000] {logging_mixin.py:137} INFO - [2023-04-22T23:23:01.162+0000] {dag.py:2705} INFO - Sync 1 DAGs
[2023-04-22T23:23:01.178+0000] {logging_mixin.py:137} INFO - [2023-04-22T23:23:01.178+0000] {dag.py:3456} INFO - Setting next_dagrun for example_skip_dag to 2023-04-21T23:23:01.177876+00:00, run_after=2023-04-22T23:23:01.177876+00:00
[2023-04-22T23:23:01.190+0000] {processor.py:175} INFO - Processing /home/airflow/.local/lib/python3.7/site-packages/airflow/example_dags/example_skip_dag.py took 0.061 seconds
[2023-04-22T23:23:31.397+0000] {processor.py:153} INFO - Started process (PID=455) to work on /home/airflow/.local/lib/python3.7/site-packages/airflow/example_dags/example_skip_dag.py
[2023-04-22T23:23:31.398+0000] {processor.py:743} INFO - Processing file /home/airflow/.local/lib/python3.7/site-packages/airflow/example_dags/example_skip_dag.py for tasks to queue
[2023-04-22T23:23:31.399+0000] {logging_mixin.py:137} INFO - [2023-04-22T23:23:31.399+0000] {dagbag.py:532} INFO - Filling up the DagBag from /home/airflow/.local/lib/python3.7/site-packages/airflow/example_dags/example_skip_dag.py
[2023-04-22T23:23:31.409+0000] {processor.py:753} INFO - DAG(s) dict_keys(['example_skip_dag']) retrieved from /home/airflow/.local/lib/python3.7/site-packages/airflow/example_dags/example_skip_dag.py
[2023-04-22T23:23:31.429+0000] {logging_mixin.py:137} INFO - [2023-04-22T23:23:31.428+0000] {dag.py:2705} INFO - Sync 1 DAGs
[2023-04-22T23:23:31.444+0000] {logging_mixin.py:137} INFO - [2023-04-22T23:23:31.444+0000] {dag.py:3456} INFO - Setting next_dagrun for example_skip_dag to 2023-04-21T23:23:31.444355+00:00, run_after=2023-04-22T23:23:31.444355+00:00
[2023-04-22T23:23:31.456+0000] {processor.py:175} INFO - Processing /home/airflow/.local/lib/python3.7/site-packages/airflow/example_dags/example_skip_dag.py took 0.062 seconds
[2023-04-22T23:24:01.573+0000] {processor.py:153} INFO - Started process (PID=506) to work on /home/airflow/.local/lib/python3.7/site-packages/airflow/example_dags/example_skip_dag.py
[2023-04-22T23:24:01.574+0000] {processor.py:743} INFO - Processing file /home/airflow/.local/lib/python3.7/site-packages/airflow/example_dags/example_skip_dag.py for tasks to queue
[2023-04-22T23:24:01.575+0000] {logging_mixin.py:137} INFO - [2023-04-22T23:24:01.575+0000] {dagbag.py:532} INFO - Filling up the DagBag from /home/airflow/.local/lib/python3.7/site-packages/airflow/example_dags/example_skip_dag.py
[2023-04-22T23:24:01.585+0000] {processor.py:753} INFO - DAG(s) dict_keys(['example_skip_dag']) retrieved from /home/airflow/.local/lib/python3.7/site-packages/airflow/example_dags/example_skip_dag.py
[2023-04-22T23:24:01.605+0000] {logging_mixin.py:137} INFO - [2023-04-22T23:24:01.604+0000] {dag.py:2705} INFO - Sync 1 DAGs
[2023-04-22T23:24:01.620+0000] {logging_mixin.py:137} INFO - [2023-04-22T23:24:01.620+0000] {dag.py:3456} INFO - Setting next_dagrun for example_skip_dag to 2023-04-21T23:24:01.620336+00:00, run_after=2023-04-22T23:24:01.620336+00:00
[2023-04-22T23:24:01.632+0000] {processor.py:175} INFO - Processing /home/airflow/.local/lib/python3.7/site-packages/airflow/example_dags/example_skip_dag.py took 0.061 seconds
[2023-04-22T23:24:31.754+0000] {processor.py:153} INFO - Started process (PID=557) to work on /home/airflow/.local/lib/python3.7/site-packages/airflow/example_dags/example_skip_dag.py
[2023-04-22T23:24:31.755+0000] {processor.py:743} INFO - Processing file /home/airflow/.local/lib/python3.7/site-packages/airflow/example_dags/example_skip_dag.py for tasks to queue
[2023-04-22T23:24:31.756+0000] {logging_mixin.py:137} INFO - [2023-04-22T23:24:31.756+0000] {dagbag.py:532} INFO - Filling up the DagBag from /home/airflow/.local/lib/python3.7/site-packages/airflow/example_dags/example_skip_dag.py
[2023-04-22T23:24:31.766+0000] {processor.py:753} INFO - DAG(s) dict_keys(['example_skip_dag']) retrieved from /home/airflow/.local/lib/python3.7/site-packages/airflow/example_dags/example_skip_dag.py
[2023-04-22T23:24:31.786+0000] {logging_mixin.py:137} INFO - [2023-04-22T23:24:31.786+0000] {dag.py:2705} INFO - Sync 1 DAGs
[2023-04-22T23:24:31.801+0000] {logging_mixin.py:137} INFO - [2023-04-22T23:24:31.801+0000] {dag.py:3456} INFO - Setting next_dagrun for example_skip_dag to 2023-04-21T23:24:31.801688+00:00, run_after=2023-04-22T23:24:31.801688+00:00
[2023-04-22T23:24:31.813+0000] {processor.py:175} INFO - Processing /home/airflow/.local/lib/python3.7/site-packages/airflow/example_dags/example_skip_dag.py took 0.063 seconds
[2023-04-22T23:25:01.998+0000] {processor.py:153} INFO - Started process (PID=608) to work on /home/airflow/.local/lib/python3.7/site-packages/airflow/example_dags/example_skip_dag.py
[2023-04-22T23:25:01.999+0000] {processor.py:743} INFO - Processing file /home/airflow/.local/lib/python3.7/site-packages/airflow/example_dags/example_skip_dag.py for tasks to queue
[2023-04-22T23:25:02.000+0000] {logging_mixin.py:137} INFO - [2023-04-22T23:25:02.000+0000] {dagbag.py:532} INFO - Filling up the DagBag from /home/airflow/.local/lib/python3.7/site-packages/airflow/example_dags/example_skip_dag.py
[2023-04-22T23:25:02.011+0000] {processor.py:753} INFO - DAG(s) dict_keys(['example_skip_dag']) retrieved from /home/airflow/.local/lib/python3.7/site-packages/airflow/example_dags/example_skip_dag.py
[2023-04-22T23:25:02.032+0000] {logging_mixin.py:137} INFO - [2023-04-22T23:25:02.032+0000] {dag.py:2705} INFO - Sync 1 DAGs
[2023-04-22T23:25:02.047+0000] {logging_mixin.py:137} INFO - [2023-04-22T23:25:02.047+0000] {dag.py:3456} INFO - Setting next_dagrun for example_skip_dag to 2023-04-21T23:25:02.046919+00:00, run_after=2023-04-22T23:25:02.046919+00:00
[2023-04-22T23:25:02.057+0000] {processor.py:175} INFO - Processing /home/airflow/.local/lib/python3.7/site-packages/airflow/example_dags/example_skip_dag.py took 0.063 seconds
[2023-04-22T23:25:32.598+0000] {processor.py:153} INFO - Started process (PID=660) to work on /home/airflow/.local/lib/python3.7/site-packages/airflow/example_dags/example_skip_dag.py
[2023-04-22T23:25:32.599+0000] {processor.py:743} INFO - Processing file /home/airflow/.local/lib/python3.7/site-packages/airflow/example_dags/example_skip_dag.py for tasks to queue
[2023-04-22T23:25:32.600+0000] {logging_mixin.py:137} INFO - [2023-04-22T23:25:32.599+0000] {dagbag.py:532} INFO - Filling up the DagBag from /home/airflow/.local/lib/python3.7/site-packages/airflow/example_dags/example_skip_dag.py
[2023-04-22T23:25:32.609+0000] {processor.py:753} INFO - DAG(s) dict_keys(['example_skip_dag']) retrieved from /home/airflow/.local/lib/python3.7/site-packages/airflow/example_dags/example_skip_dag.py
[2023-04-22T23:25:32.628+0000] {logging_mixin.py:137} INFO - [2023-04-22T23:25:32.628+0000] {dag.py:2705} INFO - Sync 1 DAGs
[2023-04-22T23:25:32.645+0000] {logging_mixin.py:137} INFO - [2023-04-22T23:25:32.645+0000] {dag.py:3456} INFO - Setting next_dagrun for example_skip_dag to 2023-04-21T23:25:32.645333+00:00, run_after=2023-04-22T23:25:32.645333+00:00
[2023-04-22T23:25:32.655+0000] {processor.py:175} INFO - Processing /home/airflow/.local/lib/python3.7/site-packages/airflow/example_dags/example_skip_dag.py took 0.060 seconds
[2023-04-22T23:26:02.965+0000] {processor.py:153} INFO - Started process (PID=711) to work on /home/airflow/.local/lib/python3.7/site-packages/airflow/example_dags/example_skip_dag.py
[2023-04-22T23:26:02.966+0000] {processor.py:743} INFO - Processing file /home/airflow/.local/lib/python3.7/site-packages/airflow/example_dags/example_skip_dag.py for tasks to queue
[2023-04-22T23:26:02.967+0000] {logging_mixin.py:137} INFO - [2023-04-22T23:26:02.967+0000] {dagbag.py:532} INFO - Filling up the DagBag from /home/airflow/.local/lib/python3.7/site-packages/airflow/example_dags/example_skip_dag.py
[2023-04-22T23:26:02.977+0000] {processor.py:753} INFO - DAG(s) dict_keys(['example_skip_dag']) retrieved from /home/airflow/.local/lib/python3.7/site-packages/airflow/example_dags/example_skip_dag.py
[2023-04-22T23:26:02.996+0000] {logging_mixin.py:137} INFO - [2023-04-22T23:26:02.996+0000] {dag.py:2705} INFO - Sync 1 DAGs
[2023-04-22T23:26:03.013+0000] {logging_mixin.py:137} INFO - [2023-04-22T23:26:03.013+0000] {dag.py:3456} INFO - Setting next_dagrun for example_skip_dag to 2023-04-21T23:26:03.013032+00:00, run_after=2023-04-22T23:26:03.013032+00:00
[2023-04-22T23:26:03.023+0000] {processor.py:175} INFO - Processing /home/airflow/.local/lib/python3.7/site-packages/airflow/example_dags/example_skip_dag.py took 0.061 seconds
[2023-04-22T23:26:33.360+0000] {processor.py:153} INFO - Started process (PID=761) to work on /home/airflow/.local/lib/python3.7/site-packages/airflow/example_dags/example_skip_dag.py
[2023-04-22T23:26:33.361+0000] {processor.py:743} INFO - Processing file /home/airflow/.local/lib/python3.7/site-packages/airflow/example_dags/example_skip_dag.py for tasks to queue
[2023-04-22T23:26:33.362+0000] {logging_mixin.py:137} INFO - [2023-04-22T23:26:33.362+0000] {dagbag.py:532} INFO - Filling up the DagBag from /home/airflow/.local/lib/python3.7/site-packages/airflow/example_dags/example_skip_dag.py
[2023-04-22T23:26:33.373+0000] {processor.py:753} INFO - DAG(s) dict_keys(['example_skip_dag']) retrieved from /home/airflow/.local/lib/python3.7/site-packages/airflow/example_dags/example_skip_dag.py
[2023-04-22T23:26:33.392+0000] {logging_mixin.py:137} INFO - [2023-04-22T23:26:33.392+0000] {dag.py:2705} INFO - Sync 1 DAGs
[2023-04-22T23:26:33.410+0000] {logging_mixin.py:137} INFO - [2023-04-22T23:26:33.410+0000] {dag.py:3456} INFO - Setting next_dagrun for example_skip_dag to 2023-04-21T23:26:33.409927+00:00, run_after=2023-04-22T23:26:33.409927+00:00
[2023-04-22T23:26:33.420+0000] {processor.py:175} INFO - Processing /home/airflow/.local/lib/python3.7/site-packages/airflow/example_dags/example_skip_dag.py took 0.063 seconds
[2023-04-22T23:27:04.122+0000] {processor.py:153} INFO - Started process (PID=812) to work on /home/airflow/.local/lib/python3.7/site-packages/airflow/example_dags/example_skip_dag.py
[2023-04-22T23:27:04.123+0000] {processor.py:743} INFO - Processing file /home/airflow/.local/lib/python3.7/site-packages/airflow/example_dags/example_skip_dag.py for tasks to queue
[2023-04-22T23:27:04.124+0000] {logging_mixin.py:137} INFO - [2023-04-22T23:27:04.124+0000] {dagbag.py:532} INFO - Filling up the DagBag from /home/airflow/.local/lib/python3.7/site-packages/airflow/example_dags/example_skip_dag.py
[2023-04-22T23:27:04.134+0000] {processor.py:753} INFO - DAG(s) dict_keys(['example_skip_dag']) retrieved from /home/airflow/.local/lib/python3.7/site-packages/airflow/example_dags/example_skip_dag.py
[2023-04-22T23:27:04.158+0000] {logging_mixin.py:137} INFO - [2023-04-22T23:27:04.158+0000] {dag.py:2705} INFO - Sync 1 DAGs
[2023-04-22T23:27:04.179+0000] {logging_mixin.py:137} INFO - [2023-04-22T23:27:04.179+0000] {dag.py:3456} INFO - Setting next_dagrun for example_skip_dag to 2023-04-21T23:27:04.178774+00:00, run_after=2023-04-22T23:27:04.178774+00:00
[2023-04-22T23:27:04.195+0000] {processor.py:175} INFO - Processing /home/airflow/.local/lib/python3.7/site-packages/airflow/example_dags/example_skip_dag.py took 0.077 seconds
[2023-04-22T23:27:34.671+0000] {processor.py:153} INFO - Started process (PID=864) to work on /home/airflow/.local/lib/python3.7/site-packages/airflow/example_dags/example_skip_dag.py
[2023-04-22T23:27:34.672+0000] {processor.py:743} INFO - Processing file /home/airflow/.local/lib/python3.7/site-packages/airflow/example_dags/example_skip_dag.py for tasks to queue
[2023-04-22T23:27:34.673+0000] {logging_mixin.py:137} INFO - [2023-04-22T23:27:34.673+0000] {dagbag.py:532} INFO - Filling up the DagBag from /home/airflow/.local/lib/python3.7/site-packages/airflow/example_dags/example_skip_dag.py
[2023-04-22T23:27:34.684+0000] {processor.py:753} INFO - DAG(s) dict_keys(['example_skip_dag']) retrieved from /home/airflow/.local/lib/python3.7/site-packages/airflow/example_dags/example_skip_dag.py
[2023-04-22T23:27:34.704+0000] {logging_mixin.py:137} INFO - [2023-04-22T23:27:34.704+0000] {dag.py:2705} INFO - Sync 1 DAGs
[2023-04-22T23:27:34.721+0000] {logging_mixin.py:137} INFO - [2023-04-22T23:27:34.721+0000] {dag.py:3456} INFO - Setting next_dagrun for example_skip_dag to 2023-04-21T23:27:34.721177+00:00, run_after=2023-04-22T23:27:34.721177+00:00
[2023-04-22T23:27:34.733+0000] {processor.py:175} INFO - Processing /home/airflow/.local/lib/python3.7/site-packages/airflow/example_dags/example_skip_dag.py took 0.064 seconds
[2023-04-22T23:29:54.311+0000] {processor.py:153} INFO - Started process (PID=46) to work on /home/airflow/.local/lib/python3.7/site-packages/airflow/example_dags/example_skip_dag.py
[2023-04-22T23:29:54.316+0000] {processor.py:743} INFO - Processing file /home/airflow/.local/lib/python3.7/site-packages/airflow/example_dags/example_skip_dag.py for tasks to queue
[2023-04-22T23:29:54.319+0000] {logging_mixin.py:137} INFO - [2023-04-22T23:29:54.319+0000] {dagbag.py:532} INFO - Filling up the DagBag from /home/airflow/.local/lib/python3.7/site-packages/airflow/example_dags/example_skip_dag.py
[2023-04-22T23:29:54.350+0000] {processor.py:753} INFO - DAG(s) dict_keys(['example_skip_dag']) retrieved from /home/airflow/.local/lib/python3.7/site-packages/airflow/example_dags/example_skip_dag.py
[2023-04-22T23:29:54.377+0000] {logging_mixin.py:137} INFO - [2023-04-22T23:29:54.377+0000] {dag.py:2705} INFO - Sync 1 DAGs
[2023-04-22T23:29:54.409+0000] {logging_mixin.py:137} INFO - [2023-04-22T23:29:54.409+0000] {dag.py:3456} INFO - Setting next_dagrun for example_skip_dag to 2023-04-21T23:29:54.409269+00:00, run_after=2023-04-22T23:29:54.409269+00:00
[2023-04-22T23:29:54.431+0000] {processor.py:175} INFO - Processing /home/airflow/.local/lib/python3.7/site-packages/airflow/example_dags/example_skip_dag.py took 0.145 seconds
[2023-04-22T23:30:25.136+0000] {processor.py:153} INFO - Started process (PID=96) to work on /home/airflow/.local/lib/python3.7/site-packages/airflow/example_dags/example_skip_dag.py
[2023-04-22T23:30:25.137+0000] {processor.py:743} INFO - Processing file /home/airflow/.local/lib/python3.7/site-packages/airflow/example_dags/example_skip_dag.py for tasks to queue
[2023-04-22T23:30:25.138+0000] {logging_mixin.py:137} INFO - [2023-04-22T23:30:25.138+0000] {dagbag.py:532} INFO - Filling up the DagBag from /home/airflow/.local/lib/python3.7/site-packages/airflow/example_dags/example_skip_dag.py
[2023-04-22T23:30:25.148+0000] {processor.py:753} INFO - DAG(s) dict_keys(['example_skip_dag']) retrieved from /home/airflow/.local/lib/python3.7/site-packages/airflow/example_dags/example_skip_dag.py
[2023-04-22T23:30:25.171+0000] {logging_mixin.py:137} INFO - [2023-04-22T23:30:25.171+0000] {dag.py:2705} INFO - Sync 1 DAGs
[2023-04-22T23:30:25.197+0000] {logging_mixin.py:137} INFO - [2023-04-22T23:30:25.197+0000] {dag.py:3456} INFO - Setting next_dagrun for example_skip_dag to 2023-04-21T23:30:25.197148+00:00, run_after=2023-04-22T23:30:25.197148+00:00
[2023-04-22T23:30:25.215+0000] {processor.py:175} INFO - Processing /home/airflow/.local/lib/python3.7/site-packages/airflow/example_dags/example_skip_dag.py took 0.082 seconds
[2023-04-22T23:30:55.596+0000] {processor.py:153} INFO - Started process (PID=147) to work on /home/airflow/.local/lib/python3.7/site-packages/airflow/example_dags/example_skip_dag.py
[2023-04-22T23:30:55.597+0000] {processor.py:743} INFO - Processing file /home/airflow/.local/lib/python3.7/site-packages/airflow/example_dags/example_skip_dag.py for tasks to queue
[2023-04-22T23:30:55.598+0000] {logging_mixin.py:137} INFO - [2023-04-22T23:30:55.597+0000] {dagbag.py:532} INFO - Filling up the DagBag from /home/airflow/.local/lib/python3.7/site-packages/airflow/example_dags/example_skip_dag.py
[2023-04-22T23:30:55.609+0000] {processor.py:753} INFO - DAG(s) dict_keys(['example_skip_dag']) retrieved from /home/airflow/.local/lib/python3.7/site-packages/airflow/example_dags/example_skip_dag.py
[2023-04-22T23:30:55.629+0000] {logging_mixin.py:137} INFO - [2023-04-22T23:30:55.629+0000] {dag.py:2705} INFO - Sync 1 DAGs
[2023-04-22T23:30:55.645+0000] {logging_mixin.py:137} INFO - [2023-04-22T23:30:55.645+0000] {dag.py:3456} INFO - Setting next_dagrun for example_skip_dag to 2023-04-21T23:30:55.645554+00:00, run_after=2023-04-22T23:30:55.645554+00:00
[2023-04-22T23:30:55.661+0000] {processor.py:175} INFO - Processing /home/airflow/.local/lib/python3.7/site-packages/airflow/example_dags/example_skip_dag.py took 0.068 seconds
[2023-04-22T23:31:26.293+0000] {processor.py:153} INFO - Started process (PID=198) to work on /home/airflow/.local/lib/python3.7/site-packages/airflow/example_dags/example_skip_dag.py
[2023-04-22T23:31:26.296+0000] {processor.py:743} INFO - Processing file /home/airflow/.local/lib/python3.7/site-packages/airflow/example_dags/example_skip_dag.py for tasks to queue
[2023-04-22T23:31:26.297+0000] {logging_mixin.py:137} INFO - [2023-04-22T23:31:26.297+0000] {dagbag.py:532} INFO - Filling up the DagBag from /home/airflow/.local/lib/python3.7/site-packages/airflow/example_dags/example_skip_dag.py
[2023-04-22T23:31:26.311+0000] {processor.py:753} INFO - DAG(s) dict_keys(['example_skip_dag']) retrieved from /home/airflow/.local/lib/python3.7/site-packages/airflow/example_dags/example_skip_dag.py
[2023-04-22T23:31:26.353+0000] {logging_mixin.py:137} INFO - [2023-04-22T23:31:26.353+0000] {dag.py:2705} INFO - Sync 1 DAGs
[2023-04-22T23:31:26.375+0000] {logging_mixin.py:137} INFO - [2023-04-22T23:31:26.375+0000] {dag.py:3456} INFO - Setting next_dagrun for example_skip_dag to 2023-04-21T23:31:26.374790+00:00, run_after=2023-04-22T23:31:26.374790+00:00
[2023-04-22T23:31:26.413+0000] {processor.py:175} INFO - Processing /home/airflow/.local/lib/python3.7/site-packages/airflow/example_dags/example_skip_dag.py took 0.126 seconds
[2023-04-22T23:31:56.872+0000] {processor.py:153} INFO - Started process (PID=249) to work on /home/airflow/.local/lib/python3.7/site-packages/airflow/example_dags/example_skip_dag.py
[2023-04-22T23:31:56.873+0000] {processor.py:743} INFO - Processing file /home/airflow/.local/lib/python3.7/site-packages/airflow/example_dags/example_skip_dag.py for tasks to queue
[2023-04-22T23:31:56.875+0000] {logging_mixin.py:137} INFO - [2023-04-22T23:31:56.875+0000] {dagbag.py:532} INFO - Filling up the DagBag from /home/airflow/.local/lib/python3.7/site-packages/airflow/example_dags/example_skip_dag.py
[2023-04-22T23:31:56.897+0000] {processor.py:753} INFO - DAG(s) dict_keys(['example_skip_dag']) retrieved from /home/airflow/.local/lib/python3.7/site-packages/airflow/example_dags/example_skip_dag.py
[2023-04-22T23:31:56.918+0000] {logging_mixin.py:137} INFO - [2023-04-22T23:31:56.918+0000] {dag.py:2705} INFO - Sync 1 DAGs
[2023-04-22T23:31:56.934+0000] {logging_mixin.py:137} INFO - [2023-04-22T23:31:56.933+0000] {dag.py:3456} INFO - Setting next_dagrun for example_skip_dag to 2023-04-21T23:31:56.933778+00:00, run_after=2023-04-22T23:31:56.933778+00:00
[2023-04-22T23:31:56.951+0000] {processor.py:175} INFO - Processing /home/airflow/.local/lib/python3.7/site-packages/airflow/example_dags/example_skip_dag.py took 0.082 seconds
[2023-04-22T23:32:28.013+0000] {processor.py:153} INFO - Started process (PID=300) to work on /home/airflow/.local/lib/python3.7/site-packages/airflow/example_dags/example_skip_dag.py
[2023-04-22T23:32:28.016+0000] {processor.py:743} INFO - Processing file /home/airflow/.local/lib/python3.7/site-packages/airflow/example_dags/example_skip_dag.py for tasks to queue
[2023-04-22T23:32:28.019+0000] {logging_mixin.py:137} INFO - [2023-04-22T23:32:28.019+0000] {dagbag.py:532} INFO - Filling up the DagBag from /home/airflow/.local/lib/python3.7/site-packages/airflow/example_dags/example_skip_dag.py
[2023-04-22T23:32:28.042+0000] {processor.py:753} INFO - DAG(s) dict_keys(['example_skip_dag']) retrieved from /home/airflow/.local/lib/python3.7/site-packages/airflow/example_dags/example_skip_dag.py
[2023-04-22T23:32:28.105+0000] {logging_mixin.py:137} INFO - [2023-04-22T23:32:28.105+0000] {dag.py:2705} INFO - Sync 1 DAGs
[2023-04-22T23:32:28.149+0000] {logging_mixin.py:137} INFO - [2023-04-22T23:32:28.147+0000] {dag.py:3456} INFO - Setting next_dagrun for example_skip_dag to 2023-04-21T23:32:28.147155+00:00, run_after=2023-04-22T23:32:28.147155+00:00
[2023-04-22T23:32:28.178+0000] {processor.py:175} INFO - Processing /home/airflow/.local/lib/python3.7/site-packages/airflow/example_dags/example_skip_dag.py took 0.174 seconds
[2023-04-22T23:32:59.217+0000] {processor.py:153} INFO - Started process (PID=351) to work on /home/airflow/.local/lib/python3.7/site-packages/airflow/example_dags/example_skip_dag.py
[2023-04-22T23:32:59.219+0000] {processor.py:743} INFO - Processing file /home/airflow/.local/lib/python3.7/site-packages/airflow/example_dags/example_skip_dag.py for tasks to queue
[2023-04-22T23:32:59.222+0000] {logging_mixin.py:137} INFO - [2023-04-22T23:32:59.221+0000] {dagbag.py:532} INFO - Filling up the DagBag from /home/airflow/.local/lib/python3.7/site-packages/airflow/example_dags/example_skip_dag.py
[2023-04-22T23:32:59.271+0000] {processor.py:753} INFO - DAG(s) dict_keys(['example_skip_dag']) retrieved from /home/airflow/.local/lib/python3.7/site-packages/airflow/example_dags/example_skip_dag.py
[2023-04-22T23:32:59.329+0000] {logging_mixin.py:137} INFO - [2023-04-22T23:32:59.329+0000] {dag.py:2705} INFO - Sync 1 DAGs
[2023-04-22T23:32:59.365+0000] {logging_mixin.py:137} INFO - [2023-04-22T23:32:59.365+0000] {dag.py:3456} INFO - Setting next_dagrun for example_skip_dag to 2023-04-21T23:32:59.365111+00:00, run_after=2023-04-22T23:32:59.365111+00:00
[2023-04-22T23:32:59.384+0000] {processor.py:175} INFO - Processing /home/airflow/.local/lib/python3.7/site-packages/airflow/example_dags/example_skip_dag.py took 0.174 seconds
[2023-04-22T23:33:30.361+0000] {processor.py:153} INFO - Started process (PID=401) to work on /home/airflow/.local/lib/python3.7/site-packages/airflow/example_dags/example_skip_dag.py
[2023-04-22T23:33:30.364+0000] {processor.py:743} INFO - Processing file /home/airflow/.local/lib/python3.7/site-packages/airflow/example_dags/example_skip_dag.py for tasks to queue
[2023-04-22T23:33:30.365+0000] {logging_mixin.py:137} INFO - [2023-04-22T23:33:30.365+0000] {dagbag.py:532} INFO - Filling up the DagBag from /home/airflow/.local/lib/python3.7/site-packages/airflow/example_dags/example_skip_dag.py
[2023-04-22T23:33:30.394+0000] {processor.py:753} INFO - DAG(s) dict_keys(['example_skip_dag']) retrieved from /home/airflow/.local/lib/python3.7/site-packages/airflow/example_dags/example_skip_dag.py
[2023-04-22T23:33:30.426+0000] {logging_mixin.py:137} INFO - [2023-04-22T23:33:30.426+0000] {dag.py:2705} INFO - Sync 1 DAGs
[2023-04-22T23:33:30.456+0000] {logging_mixin.py:137} INFO - [2023-04-22T23:33:30.456+0000] {dag.py:3456} INFO - Setting next_dagrun for example_skip_dag to 2023-04-21T23:33:30.455566+00:00, run_after=2023-04-22T23:33:30.455566+00:00
[2023-04-22T23:33:30.472+0000] {processor.py:175} INFO - Processing /home/airflow/.local/lib/python3.7/site-packages/airflow/example_dags/example_skip_dag.py took 0.118 seconds
[2023-04-22T23:34:00.582+0000] {processor.py:153} INFO - Started process (PID=452) to work on /home/airflow/.local/lib/python3.7/site-packages/airflow/example_dags/example_skip_dag.py
[2023-04-22T23:34:00.584+0000] {processor.py:743} INFO - Processing file /home/airflow/.local/lib/python3.7/site-packages/airflow/example_dags/example_skip_dag.py for tasks to queue
[2023-04-22T23:34:00.585+0000] {logging_mixin.py:137} INFO - [2023-04-22T23:34:00.585+0000] {dagbag.py:532} INFO - Filling up the DagBag from /home/airflow/.local/lib/python3.7/site-packages/airflow/example_dags/example_skip_dag.py
[2023-04-22T23:34:00.604+0000] {processor.py:753} INFO - DAG(s) dict_keys(['example_skip_dag']) retrieved from /home/airflow/.local/lib/python3.7/site-packages/airflow/example_dags/example_skip_dag.py
[2023-04-22T23:34:00.629+0000] {logging_mixin.py:137} INFO - [2023-04-22T23:34:00.629+0000] {dag.py:2705} INFO - Sync 1 DAGs
[2023-04-22T23:34:00.651+0000] {logging_mixin.py:137} INFO - [2023-04-22T23:34:00.651+0000] {dag.py:3456} INFO - Setting next_dagrun for example_skip_dag to 2023-04-21T23:34:00.650830+00:00, run_after=2023-04-22T23:34:00.650830+00:00
[2023-04-22T23:34:00.662+0000] {processor.py:175} INFO - Processing /home/airflow/.local/lib/python3.7/site-packages/airflow/example_dags/example_skip_dag.py took 0.084 seconds
[2023-04-22T23:38:44.118+0000] {processor.py:153} INFO - Started process (PID=45) to work on /home/airflow/.local/lib/python3.7/site-packages/airflow/example_dags/example_skip_dag.py
[2023-04-22T23:38:44.120+0000] {processor.py:743} INFO - Processing file /home/airflow/.local/lib/python3.7/site-packages/airflow/example_dags/example_skip_dag.py for tasks to queue
[2023-04-22T23:38:44.123+0000] {logging_mixin.py:137} INFO - [2023-04-22T23:38:44.123+0000] {dagbag.py:532} INFO - Filling up the DagBag from /home/airflow/.local/lib/python3.7/site-packages/airflow/example_dags/example_skip_dag.py
[2023-04-22T23:38:44.187+0000] {processor.py:753} INFO - DAG(s) dict_keys(['example_skip_dag']) retrieved from /home/airflow/.local/lib/python3.7/site-packages/airflow/example_dags/example_skip_dag.py
[2023-04-22T23:38:44.227+0000] {logging_mixin.py:137} INFO - [2023-04-22T23:38:44.227+0000] {dag.py:2705} INFO - Sync 1 DAGs
[2023-04-22T23:38:44.262+0000] {logging_mixin.py:137} INFO - [2023-04-22T23:38:44.262+0000] {dag.py:3456} INFO - Setting next_dagrun for example_skip_dag to 2023-04-21T23:38:44.261702+00:00, run_after=2023-04-22T23:38:44.261702+00:00
[2023-04-22T23:38:44.293+0000] {processor.py:175} INFO - Processing /home/airflow/.local/lib/python3.7/site-packages/airflow/example_dags/example_skip_dag.py took 0.181 seconds
[2023-04-22T23:39:15.231+0000] {processor.py:153} INFO - Started process (PID=96) to work on /home/airflow/.local/lib/python3.7/site-packages/airflow/example_dags/example_skip_dag.py
[2023-04-22T23:39:15.233+0000] {processor.py:743} INFO - Processing file /home/airflow/.local/lib/python3.7/site-packages/airflow/example_dags/example_skip_dag.py for tasks to queue
[2023-04-22T23:39:15.234+0000] {logging_mixin.py:137} INFO - [2023-04-22T23:39:15.234+0000] {dagbag.py:532} INFO - Filling up the DagBag from /home/airflow/.local/lib/python3.7/site-packages/airflow/example_dags/example_skip_dag.py
[2023-04-22T23:39:15.253+0000] {processor.py:753} INFO - DAG(s) dict_keys(['example_skip_dag']) retrieved from /home/airflow/.local/lib/python3.7/site-packages/airflow/example_dags/example_skip_dag.py
[2023-04-22T23:39:15.278+0000] {logging_mixin.py:137} INFO - [2023-04-22T23:39:15.278+0000] {dag.py:2705} INFO - Sync 1 DAGs
[2023-04-22T23:39:15.294+0000] {logging_mixin.py:137} INFO - [2023-04-22T23:39:15.294+0000] {dag.py:3456} INFO - Setting next_dagrun for example_skip_dag to 2023-04-21T23:39:15.294235+00:00, run_after=2023-04-22T23:39:15.294235+00:00
[2023-04-22T23:39:15.307+0000] {processor.py:175} INFO - Processing /home/airflow/.local/lib/python3.7/site-packages/airflow/example_dags/example_skip_dag.py took 0.080 seconds
[2023-04-22T23:39:46.190+0000] {processor.py:153} INFO - Started process (PID=147) to work on /home/airflow/.local/lib/python3.7/site-packages/airflow/example_dags/example_skip_dag.py
[2023-04-22T23:39:46.192+0000] {processor.py:743} INFO - Processing file /home/airflow/.local/lib/python3.7/site-packages/airflow/example_dags/example_skip_dag.py for tasks to queue
[2023-04-22T23:39:46.193+0000] {logging_mixin.py:137} INFO - [2023-04-22T23:39:46.193+0000] {dagbag.py:532} INFO - Filling up the DagBag from /home/airflow/.local/lib/python3.7/site-packages/airflow/example_dags/example_skip_dag.py
[2023-04-22T23:39:46.210+0000] {processor.py:753} INFO - DAG(s) dict_keys(['example_skip_dag']) retrieved from /home/airflow/.local/lib/python3.7/site-packages/airflow/example_dags/example_skip_dag.py
[2023-04-22T23:39:46.238+0000] {logging_mixin.py:137} INFO - [2023-04-22T23:39:46.237+0000] {dag.py:2705} INFO - Sync 1 DAGs
[2023-04-22T23:39:46.255+0000] {logging_mixin.py:137} INFO - [2023-04-22T23:39:46.255+0000] {dag.py:3456} INFO - Setting next_dagrun for example_skip_dag to 2023-04-21T23:39:46.255557+00:00, run_after=2023-04-22T23:39:46.255557+00:00
[2023-04-22T23:39:46.267+0000] {processor.py:175} INFO - Processing /home/airflow/.local/lib/python3.7/site-packages/airflow/example_dags/example_skip_dag.py took 0.082 seconds
[2023-04-22T23:40:16.430+0000] {processor.py:153} INFO - Started process (PID=198) to work on /home/airflow/.local/lib/python3.7/site-packages/airflow/example_dags/example_skip_dag.py
[2023-04-22T23:40:16.432+0000] {processor.py:743} INFO - Processing file /home/airflow/.local/lib/python3.7/site-packages/airflow/example_dags/example_skip_dag.py for tasks to queue
[2023-04-22T23:40:16.433+0000] {logging_mixin.py:137} INFO - [2023-04-22T23:40:16.433+0000] {dagbag.py:532} INFO - Filling up the DagBag from /home/airflow/.local/lib/python3.7/site-packages/airflow/example_dags/example_skip_dag.py
[2023-04-22T23:40:16.451+0000] {processor.py:753} INFO - DAG(s) dict_keys(['example_skip_dag']) retrieved from /home/airflow/.local/lib/python3.7/site-packages/airflow/example_dags/example_skip_dag.py
[2023-04-22T23:40:16.473+0000] {logging_mixin.py:137} INFO - [2023-04-22T23:40:16.473+0000] {dag.py:2705} INFO - Sync 1 DAGs
[2023-04-22T23:40:16.489+0000] {logging_mixin.py:137} INFO - [2023-04-22T23:40:16.489+0000] {dag.py:3456} INFO - Setting next_dagrun for example_skip_dag to 2023-04-21T23:40:16.489516+00:00, run_after=2023-04-22T23:40:16.489516+00:00
[2023-04-22T23:40:16.504+0000] {processor.py:175} INFO - Processing /home/airflow/.local/lib/python3.7/site-packages/airflow/example_dags/example_skip_dag.py took 0.083 seconds
[2023-04-22T23:40:47.265+0000] {processor.py:153} INFO - Started process (PID=249) to work on /home/airflow/.local/lib/python3.7/site-packages/airflow/example_dags/example_skip_dag.py
[2023-04-22T23:40:47.266+0000] {processor.py:743} INFO - Processing file /home/airflow/.local/lib/python3.7/site-packages/airflow/example_dags/example_skip_dag.py for tasks to queue
[2023-04-22T23:40:47.267+0000] {logging_mixin.py:137} INFO - [2023-04-22T23:40:47.267+0000] {dagbag.py:532} INFO - Filling up the DagBag from /home/airflow/.local/lib/python3.7/site-packages/airflow/example_dags/example_skip_dag.py
[2023-04-22T23:40:47.287+0000] {processor.py:753} INFO - DAG(s) dict_keys(['example_skip_dag']) retrieved from /home/airflow/.local/lib/python3.7/site-packages/airflow/example_dags/example_skip_dag.py
[2023-04-22T23:40:47.328+0000] {logging_mixin.py:137} INFO - [2023-04-22T23:40:47.328+0000] {dag.py:2705} INFO - Sync 1 DAGs
[2023-04-22T23:40:47.361+0000] {logging_mixin.py:137} INFO - [2023-04-22T23:40:47.360+0000] {dag.py:3456} INFO - Setting next_dagrun for example_skip_dag to 2023-04-21T23:40:47.360696+00:00, run_after=2023-04-22T23:40:47.360696+00:00
[2023-04-22T23:40:47.377+0000] {processor.py:175} INFO - Processing /home/airflow/.local/lib/python3.7/site-packages/airflow/example_dags/example_skip_dag.py took 0.118 seconds
[2023-04-22T23:41:17.886+0000] {processor.py:153} INFO - Started process (PID=300) to work on /home/airflow/.local/lib/python3.7/site-packages/airflow/example_dags/example_skip_dag.py
[2023-04-22T23:41:17.888+0000] {processor.py:743} INFO - Processing file /home/airflow/.local/lib/python3.7/site-packages/airflow/example_dags/example_skip_dag.py for tasks to queue
[2023-04-22T23:41:17.892+0000] {logging_mixin.py:137} INFO - [2023-04-22T23:41:17.891+0000] {dagbag.py:532} INFO - Filling up the DagBag from /home/airflow/.local/lib/python3.7/site-packages/airflow/example_dags/example_skip_dag.py
[2023-04-22T23:41:17.929+0000] {processor.py:753} INFO - DAG(s) dict_keys(['example_skip_dag']) retrieved from /home/airflow/.local/lib/python3.7/site-packages/airflow/example_dags/example_skip_dag.py
[2023-04-22T23:41:18.019+0000] {logging_mixin.py:137} INFO - [2023-04-22T23:41:18.019+0000] {dag.py:2705} INFO - Sync 1 DAGs
[2023-04-22T23:41:18.048+0000] {logging_mixin.py:137} INFO - [2023-04-22T23:41:18.048+0000] {dag.py:3456} INFO - Setting next_dagrun for example_skip_dag to 2023-04-21T23:41:18.047737+00:00, run_after=2023-04-22T23:41:18.047737+00:00
[2023-04-22T23:41:18.089+0000] {processor.py:175} INFO - Processing /home/airflow/.local/lib/python3.7/site-packages/airflow/example_dags/example_skip_dag.py took 0.208 seconds
[2023-04-22T23:41:48.956+0000] {processor.py:153} INFO - Started process (PID=351) to work on /home/airflow/.local/lib/python3.7/site-packages/airflow/example_dags/example_skip_dag.py
[2023-04-22T23:41:48.957+0000] {processor.py:743} INFO - Processing file /home/airflow/.local/lib/python3.7/site-packages/airflow/example_dags/example_skip_dag.py for tasks to queue
[2023-04-22T23:41:48.958+0000] {logging_mixin.py:137} INFO - [2023-04-22T23:41:48.958+0000] {dagbag.py:532} INFO - Filling up the DagBag from /home/airflow/.local/lib/python3.7/site-packages/airflow/example_dags/example_skip_dag.py
[2023-04-22T23:41:48.972+0000] {processor.py:753} INFO - DAG(s) dict_keys(['example_skip_dag']) retrieved from /home/airflow/.local/lib/python3.7/site-packages/airflow/example_dags/example_skip_dag.py
[2023-04-22T23:41:49.011+0000] {logging_mixin.py:137} INFO - [2023-04-22T23:41:49.011+0000] {dag.py:2705} INFO - Sync 1 DAGs
[2023-04-22T23:41:49.037+0000] {logging_mixin.py:137} INFO - [2023-04-22T23:41:49.037+0000] {dag.py:3456} INFO - Setting next_dagrun for example_skip_dag to 2023-04-21T23:41:49.037280+00:00, run_after=2023-04-22T23:41:49.037280+00:00
[2023-04-22T23:41:49.052+0000] {processor.py:175} INFO - Processing /home/airflow/.local/lib/python3.7/site-packages/airflow/example_dags/example_skip_dag.py took 0.099 seconds
[2023-04-22T23:42:19.552+0000] {processor.py:153} INFO - Started process (PID=402) to work on /home/airflow/.local/lib/python3.7/site-packages/airflow/example_dags/example_skip_dag.py
[2023-04-22T23:42:19.553+0000] {processor.py:743} INFO - Processing file /home/airflow/.local/lib/python3.7/site-packages/airflow/example_dags/example_skip_dag.py for tasks to queue
[2023-04-22T23:42:19.554+0000] {logging_mixin.py:137} INFO - [2023-04-22T23:42:19.554+0000] {dagbag.py:532} INFO - Filling up the DagBag from /home/airflow/.local/lib/python3.7/site-packages/airflow/example_dags/example_skip_dag.py
[2023-04-22T23:42:19.563+0000] {processor.py:753} INFO - DAG(s) dict_keys(['example_skip_dag']) retrieved from /home/airflow/.local/lib/python3.7/site-packages/airflow/example_dags/example_skip_dag.py
[2023-04-22T23:42:19.582+0000] {logging_mixin.py:137} INFO - [2023-04-22T23:42:19.582+0000] {dag.py:2705} INFO - Sync 1 DAGs
[2023-04-22T23:42:19.598+0000] {logging_mixin.py:137} INFO - [2023-04-22T23:42:19.598+0000] {dag.py:3456} INFO - Setting next_dagrun for example_skip_dag to 2023-04-21T23:42:19.597977+00:00, run_after=2023-04-22T23:42:19.597977+00:00
[2023-04-22T23:42:19.614+0000] {processor.py:175} INFO - Processing /home/airflow/.local/lib/python3.7/site-packages/airflow/example_dags/example_skip_dag.py took 0.064 seconds
[2023-04-22T23:43:06.443+0000] {processor.py:153} INFO - Started process (PID=45) to work on /home/airflow/.local/lib/python3.7/site-packages/airflow/example_dags/example_skip_dag.py
[2023-04-22T23:43:06.444+0000] {processor.py:743} INFO - Processing file /home/airflow/.local/lib/python3.7/site-packages/airflow/example_dags/example_skip_dag.py for tasks to queue
[2023-04-22T23:43:06.445+0000] {logging_mixin.py:137} INFO - [2023-04-22T23:43:06.445+0000] {dagbag.py:532} INFO - Filling up the DagBag from /home/airflow/.local/lib/python3.7/site-packages/airflow/example_dags/example_skip_dag.py
[2023-04-22T23:43:06.498+0000] {processor.py:753} INFO - DAG(s) dict_keys(['example_skip_dag']) retrieved from /home/airflow/.local/lib/python3.7/site-packages/airflow/example_dags/example_skip_dag.py
[2023-04-22T23:43:06.523+0000] {logging_mixin.py:137} INFO - [2023-04-22T23:43:06.522+0000] {dag.py:2705} INFO - Sync 1 DAGs
[2023-04-22T23:43:06.564+0000] {logging_mixin.py:137} INFO - [2023-04-22T23:43:06.563+0000] {dag.py:3456} INFO - Setting next_dagrun for example_skip_dag to 2023-04-21T23:43:06.563537+00:00, run_after=2023-04-22T23:43:06.563537+00:00
[2023-04-22T23:43:06.596+0000] {processor.py:175} INFO - Processing /home/airflow/.local/lib/python3.7/site-packages/airflow/example_dags/example_skip_dag.py took 0.158 seconds
[2023-04-22T23:43:37.030+0000] {processor.py:153} INFO - Started process (PID=96) to work on /home/airflow/.local/lib/python3.7/site-packages/airflow/example_dags/example_skip_dag.py
[2023-04-22T23:43:37.032+0000] {processor.py:743} INFO - Processing file /home/airflow/.local/lib/python3.7/site-packages/airflow/example_dags/example_skip_dag.py for tasks to queue
[2023-04-22T23:43:37.032+0000] {logging_mixin.py:137} INFO - [2023-04-22T23:43:37.032+0000] {dagbag.py:532} INFO - Filling up the DagBag from /home/airflow/.local/lib/python3.7/site-packages/airflow/example_dags/example_skip_dag.py
[2023-04-22T23:43:37.043+0000] {processor.py:753} INFO - DAG(s) dict_keys(['example_skip_dag']) retrieved from /home/airflow/.local/lib/python3.7/site-packages/airflow/example_dags/example_skip_dag.py
[2023-04-22T23:43:37.062+0000] {logging_mixin.py:137} INFO - [2023-04-22T23:43:37.062+0000] {dag.py:2705} INFO - Sync 1 DAGs
[2023-04-22T23:43:37.078+0000] {logging_mixin.py:137} INFO - [2023-04-22T23:43:37.078+0000] {dag.py:3456} INFO - Setting next_dagrun for example_skip_dag to 2023-04-21T23:43:37.078209+00:00, run_after=2023-04-22T23:43:37.078209+00:00
[2023-04-22T23:43:37.089+0000] {processor.py:175} INFO - Processing /home/airflow/.local/lib/python3.7/site-packages/airflow/example_dags/example_skip_dag.py took 0.062 seconds
[2023-04-22T23:44:30.176+0000] {processor.py:153} INFO - Started process (PID=45) to work on /home/airflow/.local/lib/python3.7/site-packages/airflow/example_dags/example_skip_dag.py
[2023-04-22T23:44:30.178+0000] {processor.py:743} INFO - Processing file /home/airflow/.local/lib/python3.7/site-packages/airflow/example_dags/example_skip_dag.py for tasks to queue
[2023-04-22T23:44:30.180+0000] {logging_mixin.py:137} INFO - [2023-04-22T23:44:30.179+0000] {dagbag.py:532} INFO - Filling up the DagBag from /home/airflow/.local/lib/python3.7/site-packages/airflow/example_dags/example_skip_dag.py
[2023-04-22T23:44:30.205+0000] {processor.py:753} INFO - DAG(s) dict_keys(['example_skip_dag']) retrieved from /home/airflow/.local/lib/python3.7/site-packages/airflow/example_dags/example_skip_dag.py
[2023-04-22T23:44:30.221+0000] {logging_mixin.py:137} INFO - [2023-04-22T23:44:30.221+0000] {dag.py:2705} INFO - Sync 1 DAGs
[2023-04-22T23:44:30.271+0000] {logging_mixin.py:137} INFO - [2023-04-22T23:44:30.271+0000] {dag.py:3456} INFO - Setting next_dagrun for example_skip_dag to 2023-04-21T23:44:30.271176+00:00, run_after=2023-04-22T23:44:30.271176+00:00
[2023-04-22T23:44:30.292+0000] {processor.py:175} INFO - Processing /home/airflow/.local/lib/python3.7/site-packages/airflow/example_dags/example_skip_dag.py took 0.127 seconds
[2023-04-22T23:46:54.214+0000] {processor.py:153} INFO - Started process (PID=46) to work on /home/airflow/.local/lib/python3.7/site-packages/airflow/example_dags/example_skip_dag.py
[2023-04-22T23:46:54.216+0000] {processor.py:743} INFO - Processing file /home/airflow/.local/lib/python3.7/site-packages/airflow/example_dags/example_skip_dag.py for tasks to queue
[2023-04-22T23:46:54.217+0000] {logging_mixin.py:137} INFO - [2023-04-22T23:46:54.217+0000] {dagbag.py:532} INFO - Filling up the DagBag from /home/airflow/.local/lib/python3.7/site-packages/airflow/example_dags/example_skip_dag.py
[2023-04-22T23:46:54.255+0000] {processor.py:753} INFO - DAG(s) dict_keys(['example_skip_dag']) retrieved from /home/airflow/.local/lib/python3.7/site-packages/airflow/example_dags/example_skip_dag.py
[2023-04-22T23:46:54.291+0000] {logging_mixin.py:137} INFO - [2023-04-22T23:46:54.291+0000] {dag.py:2705} INFO - Sync 1 DAGs
[2023-04-22T23:46:54.318+0000] {logging_mixin.py:137} INFO - [2023-04-22T23:46:54.318+0000] {dag.py:3456} INFO - Setting next_dagrun for example_skip_dag to 2023-04-21T23:46:54.317482+00:00, run_after=2023-04-22T23:46:54.317482+00:00
[2023-04-22T23:46:54.345+0000] {processor.py:175} INFO - Processing /home/airflow/.local/lib/python3.7/site-packages/airflow/example_dags/example_skip_dag.py took 0.134 seconds
[2023-04-22T23:47:25.245+0000] {processor.py:153} INFO - Started process (PID=97) to work on /home/airflow/.local/lib/python3.7/site-packages/airflow/example_dags/example_skip_dag.py
[2023-04-22T23:47:25.247+0000] {processor.py:743} INFO - Processing file /home/airflow/.local/lib/python3.7/site-packages/airflow/example_dags/example_skip_dag.py for tasks to queue
[2023-04-22T23:47:25.248+0000] {logging_mixin.py:137} INFO - [2023-04-22T23:47:25.248+0000] {dagbag.py:532} INFO - Filling up the DagBag from /home/airflow/.local/lib/python3.7/site-packages/airflow/example_dags/example_skip_dag.py
[2023-04-22T23:47:25.264+0000] {processor.py:753} INFO - DAG(s) dict_keys(['example_skip_dag']) retrieved from /home/airflow/.local/lib/python3.7/site-packages/airflow/example_dags/example_skip_dag.py
[2023-04-22T23:47:25.289+0000] {logging_mixin.py:137} INFO - [2023-04-22T23:47:25.289+0000] {dag.py:2705} INFO - Sync 1 DAGs
[2023-04-22T23:47:25.305+0000] {logging_mixin.py:137} INFO - [2023-04-22T23:47:25.305+0000] {dag.py:3456} INFO - Setting next_dagrun for example_skip_dag to 2023-04-21T23:47:25.304936+00:00, run_after=2023-04-22T23:47:25.304936+00:00
[2023-04-22T23:47:25.316+0000] {processor.py:175} INFO - Processing /home/airflow/.local/lib/python3.7/site-packages/airflow/example_dags/example_skip_dag.py took 0.078 seconds
[2023-04-22T23:47:55.838+0000] {processor.py:153} INFO - Started process (PID=148) to work on /home/airflow/.local/lib/python3.7/site-packages/airflow/example_dags/example_skip_dag.py
[2023-04-22T23:47:55.840+0000] {processor.py:743} INFO - Processing file /home/airflow/.local/lib/python3.7/site-packages/airflow/example_dags/example_skip_dag.py for tasks to queue
[2023-04-22T23:47:55.841+0000] {logging_mixin.py:137} INFO - [2023-04-22T23:47:55.841+0000] {dagbag.py:532} INFO - Filling up the DagBag from /home/airflow/.local/lib/python3.7/site-packages/airflow/example_dags/example_skip_dag.py
[2023-04-22T23:47:55.855+0000] {processor.py:753} INFO - DAG(s) dict_keys(['example_skip_dag']) retrieved from /home/airflow/.local/lib/python3.7/site-packages/airflow/example_dags/example_skip_dag.py
[2023-04-22T23:47:55.876+0000] {logging_mixin.py:137} INFO - [2023-04-22T23:47:55.876+0000] {dag.py:2705} INFO - Sync 1 DAGs
[2023-04-22T23:47:55.892+0000] {logging_mixin.py:137} INFO - [2023-04-22T23:47:55.891+0000] {dag.py:3456} INFO - Setting next_dagrun for example_skip_dag to 2023-04-21T23:47:55.891753+00:00, run_after=2023-04-22T23:47:55.891753+00:00
[2023-04-22T23:47:55.904+0000] {processor.py:175} INFO - Processing /home/airflow/.local/lib/python3.7/site-packages/airflow/example_dags/example_skip_dag.py took 0.069 seconds
[2023-04-22T23:48:26.276+0000] {processor.py:153} INFO - Started process (PID=199) to work on /home/airflow/.local/lib/python3.7/site-packages/airflow/example_dags/example_skip_dag.py
[2023-04-22T23:48:26.277+0000] {processor.py:743} INFO - Processing file /home/airflow/.local/lib/python3.7/site-packages/airflow/example_dags/example_skip_dag.py for tasks to queue
[2023-04-22T23:48:26.278+0000] {logging_mixin.py:137} INFO - [2023-04-22T23:48:26.278+0000] {dagbag.py:532} INFO - Filling up the DagBag from /home/airflow/.local/lib/python3.7/site-packages/airflow/example_dags/example_skip_dag.py
[2023-04-22T23:48:26.300+0000] {processor.py:753} INFO - DAG(s) dict_keys(['example_skip_dag']) retrieved from /home/airflow/.local/lib/python3.7/site-packages/airflow/example_dags/example_skip_dag.py
[2023-04-22T23:48:26.327+0000] {logging_mixin.py:137} INFO - [2023-04-22T23:48:26.326+0000] {dag.py:2705} INFO - Sync 1 DAGs
[2023-04-22T23:48:26.350+0000] {logging_mixin.py:137} INFO - [2023-04-22T23:48:26.350+0000] {dag.py:3456} INFO - Setting next_dagrun for example_skip_dag to 2023-04-21T23:48:26.350258+00:00, run_after=2023-04-22T23:48:26.350258+00:00
[2023-04-22T23:48:26.361+0000] {processor.py:175} INFO - Processing /home/airflow/.local/lib/python3.7/site-packages/airflow/example_dags/example_skip_dag.py took 0.090 seconds
[2023-04-22T23:48:56.690+0000] {processor.py:153} INFO - Started process (PID=250) to work on /home/airflow/.local/lib/python3.7/site-packages/airflow/example_dags/example_skip_dag.py
[2023-04-22T23:48:56.692+0000] {processor.py:743} INFO - Processing file /home/airflow/.local/lib/python3.7/site-packages/airflow/example_dags/example_skip_dag.py for tasks to queue
[2023-04-22T23:48:56.693+0000] {logging_mixin.py:137} INFO - [2023-04-22T23:48:56.693+0000] {dagbag.py:532} INFO - Filling up the DagBag from /home/airflow/.local/lib/python3.7/site-packages/airflow/example_dags/example_skip_dag.py
[2023-04-22T23:48:56.709+0000] {processor.py:753} INFO - DAG(s) dict_keys(['example_skip_dag']) retrieved from /home/airflow/.local/lib/python3.7/site-packages/airflow/example_dags/example_skip_dag.py
[2023-04-22T23:48:56.732+0000] {logging_mixin.py:137} INFO - [2023-04-22T23:48:56.732+0000] {dag.py:2705} INFO - Sync 1 DAGs
[2023-04-22T23:48:56.748+0000] {logging_mixin.py:137} INFO - [2023-04-22T23:48:56.748+0000] {dag.py:3456} INFO - Setting next_dagrun for example_skip_dag to 2023-04-21T23:48:56.748648+00:00, run_after=2023-04-22T23:48:56.748648+00:00
[2023-04-22T23:48:56.760+0000] {processor.py:175} INFO - Processing /home/airflow/.local/lib/python3.7/site-packages/airflow/example_dags/example_skip_dag.py took 0.074 seconds
[2023-04-22T23:49:27.490+0000] {processor.py:153} INFO - Started process (PID=301) to work on /home/airflow/.local/lib/python3.7/site-packages/airflow/example_dags/example_skip_dag.py
[2023-04-22T23:49:27.492+0000] {processor.py:743} INFO - Processing file /home/airflow/.local/lib/python3.7/site-packages/airflow/example_dags/example_skip_dag.py for tasks to queue
[2023-04-22T23:49:27.493+0000] {logging_mixin.py:137} INFO - [2023-04-22T23:49:27.493+0000] {dagbag.py:532} INFO - Filling up the DagBag from /home/airflow/.local/lib/python3.7/site-packages/airflow/example_dags/example_skip_dag.py
[2023-04-22T23:49:27.507+0000] {processor.py:753} INFO - DAG(s) dict_keys(['example_skip_dag']) retrieved from /home/airflow/.local/lib/python3.7/site-packages/airflow/example_dags/example_skip_dag.py
[2023-04-22T23:49:27.531+0000] {logging_mixin.py:137} INFO - [2023-04-22T23:49:27.531+0000] {dag.py:2705} INFO - Sync 1 DAGs
[2023-04-22T23:49:27.546+0000] {logging_mixin.py:137} INFO - [2023-04-22T23:49:27.546+0000] {dag.py:3456} INFO - Setting next_dagrun for example_skip_dag to 2023-04-21T23:49:27.546425+00:00, run_after=2023-04-22T23:49:27.546425+00:00
[2023-04-22T23:49:27.557+0000] {processor.py:175} INFO - Processing /home/airflow/.local/lib/python3.7/site-packages/airflow/example_dags/example_skip_dag.py took 0.072 seconds
[2023-04-22T23:49:58.051+0000] {processor.py:153} INFO - Started process (PID=353) to work on /home/airflow/.local/lib/python3.7/site-packages/airflow/example_dags/example_skip_dag.py
[2023-04-22T23:49:58.064+0000] {processor.py:743} INFO - Processing file /home/airflow/.local/lib/python3.7/site-packages/airflow/example_dags/example_skip_dag.py for tasks to queue
[2023-04-22T23:49:58.066+0000] {logging_mixin.py:137} INFO - [2023-04-22T23:49:58.066+0000] {dagbag.py:532} INFO - Filling up the DagBag from /home/airflow/.local/lib/python3.7/site-packages/airflow/example_dags/example_skip_dag.py
[2023-04-22T23:49:58.113+0000] {processor.py:753} INFO - DAG(s) dict_keys(['example_skip_dag']) retrieved from /home/airflow/.local/lib/python3.7/site-packages/airflow/example_dags/example_skip_dag.py
[2023-04-22T23:49:58.150+0000] {logging_mixin.py:137} INFO - [2023-04-22T23:49:58.150+0000] {dag.py:2705} INFO - Sync 1 DAGs
[2023-04-22T23:49:58.176+0000] {logging_mixin.py:137} INFO - [2023-04-22T23:49:58.176+0000] {dag.py:3456} INFO - Setting next_dagrun for example_skip_dag to 2023-04-21T23:49:58.175810+00:00, run_after=2023-04-22T23:49:58.175810+00:00
[2023-04-22T23:49:58.230+0000] {processor.py:175} INFO - Processing /home/airflow/.local/lib/python3.7/site-packages/airflow/example_dags/example_skip_dag.py took 0.183 seconds
[2023-04-22T23:50:28.703+0000] {processor.py:153} INFO - Started process (PID=405) to work on /home/airflow/.local/lib/python3.7/site-packages/airflow/example_dags/example_skip_dag.py
[2023-04-22T23:50:28.704+0000] {processor.py:743} INFO - Processing file /home/airflow/.local/lib/python3.7/site-packages/airflow/example_dags/example_skip_dag.py for tasks to queue
[2023-04-22T23:50:28.705+0000] {logging_mixin.py:137} INFO - [2023-04-22T23:50:28.705+0000] {dagbag.py:532} INFO - Filling up the DagBag from /home/airflow/.local/lib/python3.7/site-packages/airflow/example_dags/example_skip_dag.py
[2023-04-22T23:50:28.718+0000] {processor.py:753} INFO - DAG(s) dict_keys(['example_skip_dag']) retrieved from /home/airflow/.local/lib/python3.7/site-packages/airflow/example_dags/example_skip_dag.py
[2023-04-22T23:50:28.747+0000] {logging_mixin.py:137} INFO - [2023-04-22T23:50:28.747+0000] {dag.py:2705} INFO - Sync 1 DAGs
[2023-04-22T23:50:28.770+0000] {logging_mixin.py:137} INFO - [2023-04-22T23:50:28.770+0000] {dag.py:3456} INFO - Setting next_dagrun for example_skip_dag to 2023-04-21T23:50:28.770157+00:00, run_after=2023-04-22T23:50:28.770157+00:00
[2023-04-22T23:50:28.785+0000] {processor.py:175} INFO - Processing /home/airflow/.local/lib/python3.7/site-packages/airflow/example_dags/example_skip_dag.py took 0.086 seconds
