[2023-04-22T22:50:08.286+0000] {processor.py:153} INFO - Started process (PID=39) to work on /home/airflow/.local/lib/python3.7/site-packages/airflow/example_dags/example_xcom.py
[2023-04-22T22:50:08.287+0000] {processor.py:743} INFO - Processing file /home/airflow/.local/lib/python3.7/site-packages/airflow/example_dags/example_xcom.py for tasks to queue
[2023-04-22T22:50:08.289+0000] {logging_mixin.py:137} INFO - [2023-04-22T22:50:08.289+0000] {dagbag.py:532} INFO - Filling up the DagBag from /home/airflow/.local/lib/python3.7/site-packages/airflow/example_dags/example_xcom.py
[2023-04-22T22:50:08.310+0000] {processor.py:753} INFO - DAG(s) dict_keys(['example_xcom']) retrieved from /home/airflow/.local/lib/python3.7/site-packages/airflow/example_dags/example_xcom.py
[2023-04-22T22:50:08.334+0000] {logging_mixin.py:137} INFO - [2023-04-22T22:50:08.334+0000] {dag.py:2705} INFO - Sync 1 DAGs
[2023-04-22T22:50:08.375+0000] {logging_mixin.py:137} INFO - [2023-04-22T22:50:08.375+0000] {dag.py:3456} INFO - Setting next_dagrun for example_xcom to 2021-01-01T00:00:00+00:00, run_after=2021-01-01T00:00:00+00:00
[2023-04-22T22:50:08.402+0000] {processor.py:175} INFO - Processing /home/airflow/.local/lib/python3.7/site-packages/airflow/example_dags/example_xcom.py took 0.119 seconds
[2023-04-22T22:50:38.852+0000] {processor.py:153} INFO - Started process (PID=90) to work on /home/airflow/.local/lib/python3.7/site-packages/airflow/example_dags/example_xcom.py
[2023-04-22T22:50:38.855+0000] {processor.py:743} INFO - Processing file /home/airflow/.local/lib/python3.7/site-packages/airflow/example_dags/example_xcom.py for tasks to queue
[2023-04-22T22:50:38.856+0000] {logging_mixin.py:137} INFO - [2023-04-22T22:50:38.856+0000] {dagbag.py:532} INFO - Filling up the DagBag from /home/airflow/.local/lib/python3.7/site-packages/airflow/example_dags/example_xcom.py
[2023-04-22T22:50:38.884+0000] {processor.py:753} INFO - DAG(s) dict_keys(['example_xcom']) retrieved from /home/airflow/.local/lib/python3.7/site-packages/airflow/example_dags/example_xcom.py
[2023-04-22T22:50:38.933+0000] {logging_mixin.py:137} INFO - [2023-04-22T22:50:38.933+0000] {dag.py:2705} INFO - Sync 1 DAGs
[2023-04-22T22:50:38.968+0000] {logging_mixin.py:137} INFO - [2023-04-22T22:50:38.968+0000] {dag.py:3456} INFO - Setting next_dagrun for example_xcom to 2021-01-01T00:00:00+00:00, run_after=2021-01-01T00:00:00+00:00
[2023-04-22T22:50:39.000+0000] {processor.py:175} INFO - Processing /home/airflow/.local/lib/python3.7/site-packages/airflow/example_dags/example_xcom.py took 0.152 seconds
[2023-04-22T22:51:09.442+0000] {processor.py:153} INFO - Started process (PID=141) to work on /home/airflow/.local/lib/python3.7/site-packages/airflow/example_dags/example_xcom.py
[2023-04-22T22:51:09.444+0000] {processor.py:743} INFO - Processing file /home/airflow/.local/lib/python3.7/site-packages/airflow/example_dags/example_xcom.py for tasks to queue
[2023-04-22T22:51:09.444+0000] {logging_mixin.py:137} INFO - [2023-04-22T22:51:09.444+0000] {dagbag.py:532} INFO - Filling up the DagBag from /home/airflow/.local/lib/python3.7/site-packages/airflow/example_dags/example_xcom.py
[2023-04-22T22:51:09.460+0000] {processor.py:753} INFO - DAG(s) dict_keys(['example_xcom']) retrieved from /home/airflow/.local/lib/python3.7/site-packages/airflow/example_dags/example_xcom.py
[2023-04-22T22:51:09.482+0000] {logging_mixin.py:137} INFO - [2023-04-22T22:51:09.482+0000] {dag.py:2705} INFO - Sync 1 DAGs
[2023-04-22T22:51:09.503+0000] {logging_mixin.py:137} INFO - [2023-04-22T22:51:09.503+0000] {dag.py:3456} INFO - Setting next_dagrun for example_xcom to 2021-01-01T00:00:00+00:00, run_after=2021-01-01T00:00:00+00:00
[2023-04-22T22:51:09.517+0000] {processor.py:175} INFO - Processing /home/airflow/.local/lib/python3.7/site-packages/airflow/example_dags/example_xcom.py took 0.077 seconds
[2023-04-22T22:51:39.790+0000] {processor.py:153} INFO - Started process (PID=191) to work on /home/airflow/.local/lib/python3.7/site-packages/airflow/example_dags/example_xcom.py
[2023-04-22T22:51:39.792+0000] {processor.py:743} INFO - Processing file /home/airflow/.local/lib/python3.7/site-packages/airflow/example_dags/example_xcom.py for tasks to queue
[2023-04-22T22:51:39.794+0000] {logging_mixin.py:137} INFO - [2023-04-22T22:51:39.794+0000] {dagbag.py:532} INFO - Filling up the DagBag from /home/airflow/.local/lib/python3.7/site-packages/airflow/example_dags/example_xcom.py
[2023-04-22T22:51:39.811+0000] {processor.py:753} INFO - DAG(s) dict_keys(['example_xcom']) retrieved from /home/airflow/.local/lib/python3.7/site-packages/airflow/example_dags/example_xcom.py
[2023-04-22T22:51:39.851+0000] {logging_mixin.py:137} INFO - [2023-04-22T22:51:39.851+0000] {dag.py:2705} INFO - Sync 1 DAGs
[2023-04-22T22:51:39.882+0000] {logging_mixin.py:137} INFO - [2023-04-22T22:51:39.882+0000] {dag.py:3456} INFO - Setting next_dagrun for example_xcom to 2021-01-01T00:00:00+00:00, run_after=2021-01-01T00:00:00+00:00
[2023-04-22T22:51:39.898+0000] {processor.py:175} INFO - Processing /home/airflow/.local/lib/python3.7/site-packages/airflow/example_dags/example_xcom.py took 0.111 seconds
[2023-04-22T22:52:10.283+0000] {processor.py:153} INFO - Started process (PID=241) to work on /home/airflow/.local/lib/python3.7/site-packages/airflow/example_dags/example_xcom.py
[2023-04-22T22:52:10.285+0000] {processor.py:743} INFO - Processing file /home/airflow/.local/lib/python3.7/site-packages/airflow/example_dags/example_xcom.py for tasks to queue
[2023-04-22T22:52:10.286+0000] {logging_mixin.py:137} INFO - [2023-04-22T22:52:10.286+0000] {dagbag.py:532} INFO - Filling up the DagBag from /home/airflow/.local/lib/python3.7/site-packages/airflow/example_dags/example_xcom.py
[2023-04-22T22:52:10.301+0000] {processor.py:753} INFO - DAG(s) dict_keys(['example_xcom']) retrieved from /home/airflow/.local/lib/python3.7/site-packages/airflow/example_dags/example_xcom.py
[2023-04-22T22:52:10.323+0000] {logging_mixin.py:137} INFO - [2023-04-22T22:52:10.323+0000] {dag.py:2705} INFO - Sync 1 DAGs
[2023-04-22T22:52:10.341+0000] {logging_mixin.py:137} INFO - [2023-04-22T22:52:10.341+0000] {dag.py:3456} INFO - Setting next_dagrun for example_xcom to 2021-01-01T00:00:00+00:00, run_after=2021-01-01T00:00:00+00:00
[2023-04-22T22:52:10.353+0000] {processor.py:175} INFO - Processing /home/airflow/.local/lib/python3.7/site-packages/airflow/example_dags/example_xcom.py took 0.072 seconds
[2023-04-22T22:52:40.664+0000] {processor.py:153} INFO - Started process (PID=292) to work on /home/airflow/.local/lib/python3.7/site-packages/airflow/example_dags/example_xcom.py
[2023-04-22T22:52:40.665+0000] {processor.py:743} INFO - Processing file /home/airflow/.local/lib/python3.7/site-packages/airflow/example_dags/example_xcom.py for tasks to queue
[2023-04-22T22:52:40.666+0000] {logging_mixin.py:137} INFO - [2023-04-22T22:52:40.666+0000] {dagbag.py:532} INFO - Filling up the DagBag from /home/airflow/.local/lib/python3.7/site-packages/airflow/example_dags/example_xcom.py
[2023-04-22T22:52:40.681+0000] {processor.py:753} INFO - DAG(s) dict_keys(['example_xcom']) retrieved from /home/airflow/.local/lib/python3.7/site-packages/airflow/example_dags/example_xcom.py
[2023-04-22T22:52:40.704+0000] {logging_mixin.py:137} INFO - [2023-04-22T22:52:40.704+0000] {dag.py:2705} INFO - Sync 1 DAGs
[2023-04-22T22:52:40.723+0000] {logging_mixin.py:137} INFO - [2023-04-22T22:52:40.723+0000] {dag.py:3456} INFO - Setting next_dagrun for example_xcom to 2021-01-01T00:00:00+00:00, run_after=2021-01-01T00:00:00+00:00
[2023-04-22T22:52:40.734+0000] {processor.py:175} INFO - Processing /home/airflow/.local/lib/python3.7/site-packages/airflow/example_dags/example_xcom.py took 0.073 seconds
[2023-04-22T22:53:11.203+0000] {processor.py:153} INFO - Started process (PID=344) to work on /home/airflow/.local/lib/python3.7/site-packages/airflow/example_dags/example_xcom.py
[2023-04-22T22:53:11.206+0000] {processor.py:743} INFO - Processing file /home/airflow/.local/lib/python3.7/site-packages/airflow/example_dags/example_xcom.py for tasks to queue
[2023-04-22T22:53:11.208+0000] {logging_mixin.py:137} INFO - [2023-04-22T22:53:11.208+0000] {dagbag.py:532} INFO - Filling up the DagBag from /home/airflow/.local/lib/python3.7/site-packages/airflow/example_dags/example_xcom.py
[2023-04-22T22:53:11.228+0000] {processor.py:753} INFO - DAG(s) dict_keys(['example_xcom']) retrieved from /home/airflow/.local/lib/python3.7/site-packages/airflow/example_dags/example_xcom.py
[2023-04-22T22:53:11.268+0000] {logging_mixin.py:137} INFO - [2023-04-22T22:53:11.268+0000] {dag.py:2705} INFO - Sync 1 DAGs
[2023-04-22T22:53:11.323+0000] {logging_mixin.py:137} INFO - [2023-04-22T22:53:11.323+0000] {dag.py:3456} INFO - Setting next_dagrun for example_xcom to 2021-01-01T00:00:00+00:00, run_after=2021-01-01T00:00:00+00:00
[2023-04-22T22:53:11.367+0000] {processor.py:175} INFO - Processing /home/airflow/.local/lib/python3.7/site-packages/airflow/example_dags/example_xcom.py took 0.166 seconds
[2023-04-22T22:53:41.427+0000] {processor.py:153} INFO - Started process (PID=395) to work on /home/airflow/.local/lib/python3.7/site-packages/airflow/example_dags/example_xcom.py
[2023-04-22T22:53:41.428+0000] {processor.py:743} INFO - Processing file /home/airflow/.local/lib/python3.7/site-packages/airflow/example_dags/example_xcom.py for tasks to queue
[2023-04-22T22:53:41.429+0000] {logging_mixin.py:137} INFO - [2023-04-22T22:53:41.429+0000] {dagbag.py:532} INFO - Filling up the DagBag from /home/airflow/.local/lib/python3.7/site-packages/airflow/example_dags/example_xcom.py
[2023-04-22T22:53:41.444+0000] {processor.py:753} INFO - DAG(s) dict_keys(['example_xcom']) retrieved from /home/airflow/.local/lib/python3.7/site-packages/airflow/example_dags/example_xcom.py
[2023-04-22T22:53:41.468+0000] {logging_mixin.py:137} INFO - [2023-04-22T22:53:41.468+0000] {dag.py:2705} INFO - Sync 1 DAGs
[2023-04-22T22:53:41.483+0000] {logging_mixin.py:137} INFO - [2023-04-22T22:53:41.483+0000] {dag.py:3456} INFO - Setting next_dagrun for example_xcom to 2021-01-01T00:00:00+00:00, run_after=2021-01-01T00:00:00+00:00
[2023-04-22T22:53:41.493+0000] {processor.py:175} INFO - Processing /home/airflow/.local/lib/python3.7/site-packages/airflow/example_dags/example_xcom.py took 0.069 seconds
[2023-04-22T22:54:11.616+0000] {processor.py:153} INFO - Started process (PID=445) to work on /home/airflow/.local/lib/python3.7/site-packages/airflow/example_dags/example_xcom.py
[2023-04-22T22:54:11.618+0000] {processor.py:743} INFO - Processing file /home/airflow/.local/lib/python3.7/site-packages/airflow/example_dags/example_xcom.py for tasks to queue
[2023-04-22T22:54:11.620+0000] {logging_mixin.py:137} INFO - [2023-04-22T22:54:11.620+0000] {dagbag.py:532} INFO - Filling up the DagBag from /home/airflow/.local/lib/python3.7/site-packages/airflow/example_dags/example_xcom.py
[2023-04-22T22:54:11.637+0000] {processor.py:753} INFO - DAG(s) dict_keys(['example_xcom']) retrieved from /home/airflow/.local/lib/python3.7/site-packages/airflow/example_dags/example_xcom.py
[2023-04-22T22:54:11.657+0000] {logging_mixin.py:137} INFO - [2023-04-22T22:54:11.656+0000] {dag.py:2705} INFO - Sync 1 DAGs
[2023-04-22T22:54:11.672+0000] {logging_mixin.py:137} INFO - [2023-04-22T22:54:11.672+0000] {dag.py:3456} INFO - Setting next_dagrun for example_xcom to 2021-01-01T00:00:00+00:00, run_after=2021-01-01T00:00:00+00:00
[2023-04-22T22:54:11.684+0000] {processor.py:175} INFO - Processing /home/airflow/.local/lib/python3.7/site-packages/airflow/example_dags/example_xcom.py took 0.071 seconds
[2023-04-22T23:03:09.687+0000] {processor.py:153} INFO - Started process (PID=39) to work on /home/airflow/.local/lib/python3.7/site-packages/airflow/example_dags/example_xcom.py
[2023-04-22T23:03:09.697+0000] {processor.py:743} INFO - Processing file /home/airflow/.local/lib/python3.7/site-packages/airflow/example_dags/example_xcom.py for tasks to queue
[2023-04-22T23:03:09.700+0000] {logging_mixin.py:137} INFO - [2023-04-22T23:03:09.699+0000] {dagbag.py:532} INFO - Filling up the DagBag from /home/airflow/.local/lib/python3.7/site-packages/airflow/example_dags/example_xcom.py
[2023-04-22T23:03:09.785+0000] {processor.py:753} INFO - DAG(s) dict_keys(['example_xcom']) retrieved from /home/airflow/.local/lib/python3.7/site-packages/airflow/example_dags/example_xcom.py
[2023-04-22T23:03:10.093+0000] {logging_mixin.py:137} INFO - [2023-04-22T23:03:10.093+0000] {manager.py:504} INFO - Created Permission View: can read on DAG:example_xcom
[2023-04-22T23:03:10.103+0000] {logging_mixin.py:137} INFO - [2023-04-22T23:03:10.103+0000] {manager.py:504} INFO - Created Permission View: can delete on DAG:example_xcom
[2023-04-22T23:03:10.115+0000] {logging_mixin.py:137} INFO - [2023-04-22T23:03:10.115+0000] {manager.py:504} INFO - Created Permission View: can edit on DAG:example_xcom
[2023-04-22T23:03:10.116+0000] {logging_mixin.py:137} INFO - [2023-04-22T23:03:10.116+0000] {dag.py:2705} INFO - Sync 1 DAGs
[2023-04-22T23:03:10.135+0000] {logging_mixin.py:137} INFO - [2023-04-22T23:03:10.135+0000] {dag.py:2726} INFO - Creating ORM DAG for example_xcom
[2023-04-22T23:03:10.167+0000] {logging_mixin.py:137} INFO - [2023-04-22T23:03:10.166+0000] {dag.py:3456} INFO - Setting next_dagrun for example_xcom to 2021-01-01T00:00:00+00:00, run_after=2021-01-01T00:00:00+00:00
[2023-04-22T23:03:10.201+0000] {processor.py:175} INFO - Processing /home/airflow/.local/lib/python3.7/site-packages/airflow/example_dags/example_xcom.py took 0.518 seconds
[2023-04-22T23:03:40.931+0000] {processor.py:153} INFO - Started process (PID=90) to work on /home/airflow/.local/lib/python3.7/site-packages/airflow/example_dags/example_xcom.py
[2023-04-22T23:03:40.934+0000] {processor.py:743} INFO - Processing file /home/airflow/.local/lib/python3.7/site-packages/airflow/example_dags/example_xcom.py for tasks to queue
[2023-04-22T23:03:40.935+0000] {logging_mixin.py:137} INFO - [2023-04-22T23:03:40.935+0000] {dagbag.py:532} INFO - Filling up the DagBag from /home/airflow/.local/lib/python3.7/site-packages/airflow/example_dags/example_xcom.py
[2023-04-22T23:03:40.960+0000] {processor.py:753} INFO - DAG(s) dict_keys(['example_xcom']) retrieved from /home/airflow/.local/lib/python3.7/site-packages/airflow/example_dags/example_xcom.py
[2023-04-22T23:03:40.981+0000] {logging_mixin.py:137} INFO - [2023-04-22T23:03:40.981+0000] {dag.py:2705} INFO - Sync 1 DAGs
[2023-04-22T23:03:40.998+0000] {logging_mixin.py:137} INFO - [2023-04-22T23:03:40.997+0000] {dag.py:3456} INFO - Setting next_dagrun for example_xcom to 2021-01-01T00:00:00+00:00, run_after=2021-01-01T00:00:00+00:00
[2023-04-22T23:03:41.011+0000] {processor.py:175} INFO - Processing /home/airflow/.local/lib/python3.7/site-packages/airflow/example_dags/example_xcom.py took 0.085 seconds
[2023-04-22T23:04:11.382+0000] {processor.py:153} INFO - Started process (PID=141) to work on /home/airflow/.local/lib/python3.7/site-packages/airflow/example_dags/example_xcom.py
[2023-04-22T23:04:11.384+0000] {processor.py:743} INFO - Processing file /home/airflow/.local/lib/python3.7/site-packages/airflow/example_dags/example_xcom.py for tasks to queue
[2023-04-22T23:04:11.385+0000] {logging_mixin.py:137} INFO - [2023-04-22T23:04:11.385+0000] {dagbag.py:532} INFO - Filling up the DagBag from /home/airflow/.local/lib/python3.7/site-packages/airflow/example_dags/example_xcom.py
[2023-04-22T23:04:11.407+0000] {processor.py:753} INFO - DAG(s) dict_keys(['example_xcom']) retrieved from /home/airflow/.local/lib/python3.7/site-packages/airflow/example_dags/example_xcom.py
[2023-04-22T23:04:11.430+0000] {logging_mixin.py:137} INFO - [2023-04-22T23:04:11.430+0000] {dag.py:2705} INFO - Sync 1 DAGs
[2023-04-22T23:04:11.448+0000] {logging_mixin.py:137} INFO - [2023-04-22T23:04:11.448+0000] {dag.py:3456} INFO - Setting next_dagrun for example_xcom to 2021-01-01T00:00:00+00:00, run_after=2021-01-01T00:00:00+00:00
[2023-04-22T23:04:11.461+0000] {processor.py:175} INFO - Processing /home/airflow/.local/lib/python3.7/site-packages/airflow/example_dags/example_xcom.py took 0.084 seconds
[2023-04-22T23:04:41.957+0000] {processor.py:153} INFO - Started process (PID=192) to work on /home/airflow/.local/lib/python3.7/site-packages/airflow/example_dags/example_xcom.py
[2023-04-22T23:04:41.959+0000] {processor.py:743} INFO - Processing file /home/airflow/.local/lib/python3.7/site-packages/airflow/example_dags/example_xcom.py for tasks to queue
[2023-04-22T23:04:41.960+0000] {logging_mixin.py:137} INFO - [2023-04-22T23:04:41.960+0000] {dagbag.py:532} INFO - Filling up the DagBag from /home/airflow/.local/lib/python3.7/site-packages/airflow/example_dags/example_xcom.py
[2023-04-22T23:04:41.983+0000] {processor.py:753} INFO - DAG(s) dict_keys(['example_xcom']) retrieved from /home/airflow/.local/lib/python3.7/site-packages/airflow/example_dags/example_xcom.py
[2023-04-22T23:04:42.004+0000] {logging_mixin.py:137} INFO - [2023-04-22T23:04:42.004+0000] {dag.py:2705} INFO - Sync 1 DAGs
[2023-04-22T23:04:42.021+0000] {logging_mixin.py:137} INFO - [2023-04-22T23:04:42.021+0000] {dag.py:3456} INFO - Setting next_dagrun for example_xcom to 2021-01-01T00:00:00+00:00, run_after=2021-01-01T00:00:00+00:00
[2023-04-22T23:04:42.034+0000] {processor.py:175} INFO - Processing /home/airflow/.local/lib/python3.7/site-packages/airflow/example_dags/example_xcom.py took 0.082 seconds
[2023-04-22T23:05:12.580+0000] {processor.py:153} INFO - Started process (PID=243) to work on /home/airflow/.local/lib/python3.7/site-packages/airflow/example_dags/example_xcom.py
[2023-04-22T23:05:12.583+0000] {processor.py:743} INFO - Processing file /home/airflow/.local/lib/python3.7/site-packages/airflow/example_dags/example_xcom.py for tasks to queue
[2023-04-22T23:05:12.586+0000] {logging_mixin.py:137} INFO - [2023-04-22T23:05:12.586+0000] {dagbag.py:532} INFO - Filling up the DagBag from /home/airflow/.local/lib/python3.7/site-packages/airflow/example_dags/example_xcom.py
[2023-04-22T23:05:12.609+0000] {processor.py:753} INFO - DAG(s) dict_keys(['example_xcom']) retrieved from /home/airflow/.local/lib/python3.7/site-packages/airflow/example_dags/example_xcom.py
[2023-04-22T23:05:12.632+0000] {logging_mixin.py:137} INFO - [2023-04-22T23:05:12.632+0000] {dag.py:2705} INFO - Sync 1 DAGs
[2023-04-22T23:05:12.650+0000] {logging_mixin.py:137} INFO - [2023-04-22T23:05:12.650+0000] {dag.py:3456} INFO - Setting next_dagrun for example_xcom to 2021-01-01T00:00:00+00:00, run_after=2021-01-01T00:00:00+00:00
[2023-04-22T23:05:12.663+0000] {processor.py:175} INFO - Processing /home/airflow/.local/lib/python3.7/site-packages/airflow/example_dags/example_xcom.py took 0.089 seconds
[2023-04-22T23:05:43.680+0000] {processor.py:153} INFO - Started process (PID=295) to work on /home/airflow/.local/lib/python3.7/site-packages/airflow/example_dags/example_xcom.py
[2023-04-22T23:05:43.681+0000] {processor.py:743} INFO - Processing file /home/airflow/.local/lib/python3.7/site-packages/airflow/example_dags/example_xcom.py for tasks to queue
[2023-04-22T23:05:43.683+0000] {logging_mixin.py:137} INFO - [2023-04-22T23:05:43.683+0000] {dagbag.py:532} INFO - Filling up the DagBag from /home/airflow/.local/lib/python3.7/site-packages/airflow/example_dags/example_xcom.py
[2023-04-22T23:05:43.716+0000] {processor.py:753} INFO - DAG(s) dict_keys(['example_xcom']) retrieved from /home/airflow/.local/lib/python3.7/site-packages/airflow/example_dags/example_xcom.py
[2023-04-22T23:05:43.740+0000] {logging_mixin.py:137} INFO - [2023-04-22T23:05:43.740+0000] {dag.py:2705} INFO - Sync 1 DAGs
[2023-04-22T23:05:43.756+0000] {logging_mixin.py:137} INFO - [2023-04-22T23:05:43.756+0000] {dag.py:3456} INFO - Setting next_dagrun for example_xcom to 2021-01-01T00:00:00+00:00, run_after=2021-01-01T00:00:00+00:00
[2023-04-22T23:05:43.768+0000] {processor.py:175} INFO - Processing /home/airflow/.local/lib/python3.7/site-packages/airflow/example_dags/example_xcom.py took 0.092 seconds
[2023-04-22T23:06:13.834+0000] {processor.py:153} INFO - Started process (PID=346) to work on /home/airflow/.local/lib/python3.7/site-packages/airflow/example_dags/example_xcom.py
[2023-04-22T23:06:13.835+0000] {processor.py:743} INFO - Processing file /home/airflow/.local/lib/python3.7/site-packages/airflow/example_dags/example_xcom.py for tasks to queue
[2023-04-22T23:06:13.836+0000] {logging_mixin.py:137} INFO - [2023-04-22T23:06:13.836+0000] {dagbag.py:532} INFO - Filling up the DagBag from /home/airflow/.local/lib/python3.7/site-packages/airflow/example_dags/example_xcom.py
[2023-04-22T23:06:13.853+0000] {processor.py:753} INFO - DAG(s) dict_keys(['example_xcom']) retrieved from /home/airflow/.local/lib/python3.7/site-packages/airflow/example_dags/example_xcom.py
[2023-04-22T23:06:13.874+0000] {logging_mixin.py:137} INFO - [2023-04-22T23:06:13.874+0000] {dag.py:2705} INFO - Sync 1 DAGs
[2023-04-22T23:06:13.890+0000] {logging_mixin.py:137} INFO - [2023-04-22T23:06:13.890+0000] {dag.py:3456} INFO - Setting next_dagrun for example_xcom to 2021-01-01T00:00:00+00:00, run_after=2021-01-01T00:00:00+00:00
[2023-04-22T23:06:13.902+0000] {processor.py:175} INFO - Processing /home/airflow/.local/lib/python3.7/site-packages/airflow/example_dags/example_xcom.py took 0.072 seconds
[2023-04-22T23:06:44.536+0000] {processor.py:153} INFO - Started process (PID=398) to work on /home/airflow/.local/lib/python3.7/site-packages/airflow/example_dags/example_xcom.py
[2023-04-22T23:06:44.542+0000] {processor.py:743} INFO - Processing file /home/airflow/.local/lib/python3.7/site-packages/airflow/example_dags/example_xcom.py for tasks to queue
[2023-04-22T23:06:44.545+0000] {logging_mixin.py:137} INFO - [2023-04-22T23:06:44.545+0000] {dagbag.py:532} INFO - Filling up the DagBag from /home/airflow/.local/lib/python3.7/site-packages/airflow/example_dags/example_xcom.py
[2023-04-22T23:06:44.581+0000] {processor.py:753} INFO - DAG(s) dict_keys(['example_xcom']) retrieved from /home/airflow/.local/lib/python3.7/site-packages/airflow/example_dags/example_xcom.py
[2023-04-22T23:06:44.636+0000] {logging_mixin.py:137} INFO - [2023-04-22T23:06:44.636+0000] {dag.py:2705} INFO - Sync 1 DAGs
[2023-04-22T23:06:44.673+0000] {logging_mixin.py:137} INFO - [2023-04-22T23:06:44.673+0000] {dag.py:3456} INFO - Setting next_dagrun for example_xcom to 2021-01-01T00:00:00+00:00, run_after=2021-01-01T00:00:00+00:00
[2023-04-22T23:06:44.691+0000] {processor.py:175} INFO - Processing /home/airflow/.local/lib/python3.7/site-packages/airflow/example_dags/example_xcom.py took 0.165 seconds
[2023-04-22T23:12:33.663+0000] {processor.py:153} INFO - Started process (PID=39) to work on /home/airflow/.local/lib/python3.7/site-packages/airflow/example_dags/example_xcom.py
[2023-04-22T23:12:33.665+0000] {processor.py:743} INFO - Processing file /home/airflow/.local/lib/python3.7/site-packages/airflow/example_dags/example_xcom.py for tasks to queue
[2023-04-22T23:12:33.666+0000] {logging_mixin.py:137} INFO - [2023-04-22T23:12:33.666+0000] {dagbag.py:532} INFO - Filling up the DagBag from /home/airflow/.local/lib/python3.7/site-packages/airflow/example_dags/example_xcom.py
[2023-04-22T23:12:33.702+0000] {processor.py:753} INFO - DAG(s) dict_keys(['example_xcom']) retrieved from /home/airflow/.local/lib/python3.7/site-packages/airflow/example_dags/example_xcom.py
[2023-04-22T23:12:33.882+0000] {logging_mixin.py:137} INFO - [2023-04-22T23:12:33.882+0000] {manager.py:504} INFO - Created Permission View: can edit on DAG:example_xcom
[2023-04-22T23:12:33.894+0000] {logging_mixin.py:137} INFO - [2023-04-22T23:12:33.894+0000] {manager.py:504} INFO - Created Permission View: can read on DAG:example_xcom
[2023-04-22T23:12:33.903+0000] {logging_mixin.py:137} INFO - [2023-04-22T23:12:33.902+0000] {manager.py:504} INFO - Created Permission View: can delete on DAG:example_xcom
[2023-04-22T23:12:33.903+0000] {logging_mixin.py:137} INFO - [2023-04-22T23:12:33.903+0000] {dag.py:2705} INFO - Sync 1 DAGs
[2023-04-22T23:12:33.921+0000] {logging_mixin.py:137} INFO - [2023-04-22T23:12:33.921+0000] {dag.py:2726} INFO - Creating ORM DAG for example_xcom
[2023-04-22T23:12:33.939+0000] {logging_mixin.py:137} INFO - [2023-04-22T23:12:33.938+0000] {dag.py:3456} INFO - Setting next_dagrun for example_xcom to 2021-01-01T00:00:00+00:00, run_after=2021-01-01T00:00:00+00:00
[2023-04-22T23:12:33.957+0000] {processor.py:175} INFO - Processing /home/airflow/.local/lib/python3.7/site-packages/airflow/example_dags/example_xcom.py took 0.297 seconds
[2023-04-22T23:13:04.540+0000] {processor.py:153} INFO - Started process (PID=90) to work on /home/airflow/.local/lib/python3.7/site-packages/airflow/example_dags/example_xcom.py
[2023-04-22T23:13:04.542+0000] {processor.py:743} INFO - Processing file /home/airflow/.local/lib/python3.7/site-packages/airflow/example_dags/example_xcom.py for tasks to queue
[2023-04-22T23:13:04.543+0000] {logging_mixin.py:137} INFO - [2023-04-22T23:13:04.543+0000] {dagbag.py:532} INFO - Filling up the DagBag from /home/airflow/.local/lib/python3.7/site-packages/airflow/example_dags/example_xcom.py
[2023-04-22T23:13:04.558+0000] {processor.py:753} INFO - DAG(s) dict_keys(['example_xcom']) retrieved from /home/airflow/.local/lib/python3.7/site-packages/airflow/example_dags/example_xcom.py
[2023-04-22T23:13:04.578+0000] {logging_mixin.py:137} INFO - [2023-04-22T23:13:04.578+0000] {dag.py:2705} INFO - Sync 1 DAGs
[2023-04-22T23:13:04.595+0000] {logging_mixin.py:137} INFO - [2023-04-22T23:13:04.595+0000] {dag.py:3456} INFO - Setting next_dagrun for example_xcom to 2021-01-01T00:00:00+00:00, run_after=2021-01-01T00:00:00+00:00
[2023-04-22T23:13:04.607+0000] {processor.py:175} INFO - Processing /home/airflow/.local/lib/python3.7/site-packages/airflow/example_dags/example_xcom.py took 0.070 seconds
[2023-04-22T23:13:34.881+0000] {processor.py:153} INFO - Started process (PID=141) to work on /home/airflow/.local/lib/python3.7/site-packages/airflow/example_dags/example_xcom.py
[2023-04-22T23:13:34.882+0000] {processor.py:743} INFO - Processing file /home/airflow/.local/lib/python3.7/site-packages/airflow/example_dags/example_xcom.py for tasks to queue
[2023-04-22T23:13:34.883+0000] {logging_mixin.py:137} INFO - [2023-04-22T23:13:34.883+0000] {dagbag.py:532} INFO - Filling up the DagBag from /home/airflow/.local/lib/python3.7/site-packages/airflow/example_dags/example_xcom.py
[2023-04-22T23:13:34.897+0000] {processor.py:753} INFO - DAG(s) dict_keys(['example_xcom']) retrieved from /home/airflow/.local/lib/python3.7/site-packages/airflow/example_dags/example_xcom.py
[2023-04-22T23:13:34.917+0000] {logging_mixin.py:137} INFO - [2023-04-22T23:13:34.917+0000] {dag.py:2705} INFO - Sync 1 DAGs
[2023-04-22T23:13:34.932+0000] {logging_mixin.py:137} INFO - [2023-04-22T23:13:34.932+0000] {dag.py:3456} INFO - Setting next_dagrun for example_xcom to 2021-01-01T00:00:00+00:00, run_after=2021-01-01T00:00:00+00:00
[2023-04-22T23:13:34.943+0000] {processor.py:175} INFO - Processing /home/airflow/.local/lib/python3.7/site-packages/airflow/example_dags/example_xcom.py took 0.065 seconds
[2023-04-22T23:14:05.501+0000] {processor.py:153} INFO - Started process (PID=193) to work on /home/airflow/.local/lib/python3.7/site-packages/airflow/example_dags/example_xcom.py
[2023-04-22T23:14:05.502+0000] {processor.py:743} INFO - Processing file /home/airflow/.local/lib/python3.7/site-packages/airflow/example_dags/example_xcom.py for tasks to queue
[2023-04-22T23:14:05.502+0000] {logging_mixin.py:137} INFO - [2023-04-22T23:14:05.502+0000] {dagbag.py:532} INFO - Filling up the DagBag from /home/airflow/.local/lib/python3.7/site-packages/airflow/example_dags/example_xcom.py
[2023-04-22T23:14:05.519+0000] {processor.py:753} INFO - DAG(s) dict_keys(['example_xcom']) retrieved from /home/airflow/.local/lib/python3.7/site-packages/airflow/example_dags/example_xcom.py
[2023-04-22T23:14:05.540+0000] {logging_mixin.py:137} INFO - [2023-04-22T23:14:05.540+0000] {dag.py:2705} INFO - Sync 1 DAGs
[2023-04-22T23:14:05.556+0000] {logging_mixin.py:137} INFO - [2023-04-22T23:14:05.556+0000] {dag.py:3456} INFO - Setting next_dagrun for example_xcom to 2021-01-01T00:00:00+00:00, run_after=2021-01-01T00:00:00+00:00
[2023-04-22T23:14:05.572+0000] {processor.py:175} INFO - Processing /home/airflow/.local/lib/python3.7/site-packages/airflow/example_dags/example_xcom.py took 0.075 seconds
[2023-04-22T23:14:35.843+0000] {processor.py:153} INFO - Started process (PID=244) to work on /home/airflow/.local/lib/python3.7/site-packages/airflow/example_dags/example_xcom.py
[2023-04-22T23:14:35.844+0000] {processor.py:743} INFO - Processing file /home/airflow/.local/lib/python3.7/site-packages/airflow/example_dags/example_xcom.py for tasks to queue
[2023-04-22T23:14:35.845+0000] {logging_mixin.py:137} INFO - [2023-04-22T23:14:35.845+0000] {dagbag.py:532} INFO - Filling up the DagBag from /home/airflow/.local/lib/python3.7/site-packages/airflow/example_dags/example_xcom.py
[2023-04-22T23:14:35.862+0000] {processor.py:753} INFO - DAG(s) dict_keys(['example_xcom']) retrieved from /home/airflow/.local/lib/python3.7/site-packages/airflow/example_dags/example_xcom.py
[2023-04-22T23:14:35.882+0000] {logging_mixin.py:137} INFO - [2023-04-22T23:14:35.882+0000] {dag.py:2705} INFO - Sync 1 DAGs
[2023-04-22T23:14:35.900+0000] {logging_mixin.py:137} INFO - [2023-04-22T23:14:35.900+0000] {dag.py:3456} INFO - Setting next_dagrun for example_xcom to 2021-01-01T00:00:00+00:00, run_after=2021-01-01T00:00:00+00:00
[2023-04-22T23:14:35.912+0000] {processor.py:175} INFO - Processing /home/airflow/.local/lib/python3.7/site-packages/airflow/example_dags/example_xcom.py took 0.072 seconds
[2023-04-22T23:15:06.293+0000] {processor.py:153} INFO - Started process (PID=294) to work on /home/airflow/.local/lib/python3.7/site-packages/airflow/example_dags/example_xcom.py
[2023-04-22T23:15:06.296+0000] {processor.py:743} INFO - Processing file /home/airflow/.local/lib/python3.7/site-packages/airflow/example_dags/example_xcom.py for tasks to queue
[2023-04-22T23:15:06.297+0000] {logging_mixin.py:137} INFO - [2023-04-22T23:15:06.297+0000] {dagbag.py:532} INFO - Filling up the DagBag from /home/airflow/.local/lib/python3.7/site-packages/airflow/example_dags/example_xcom.py
[2023-04-22T23:15:06.312+0000] {processor.py:753} INFO - DAG(s) dict_keys(['example_xcom']) retrieved from /home/airflow/.local/lib/python3.7/site-packages/airflow/example_dags/example_xcom.py
[2023-04-22T23:15:06.333+0000] {logging_mixin.py:137} INFO - [2023-04-22T23:15:06.333+0000] {dag.py:2705} INFO - Sync 1 DAGs
[2023-04-22T23:15:06.349+0000] {logging_mixin.py:137} INFO - [2023-04-22T23:15:06.349+0000] {dag.py:3456} INFO - Setting next_dagrun for example_xcom to 2021-01-01T00:00:00+00:00, run_after=2021-01-01T00:00:00+00:00
[2023-04-22T23:15:06.360+0000] {processor.py:175} INFO - Processing /home/airflow/.local/lib/python3.7/site-packages/airflow/example_dags/example_xcom.py took 0.070 seconds
[2023-04-22T23:15:36.729+0000] {processor.py:153} INFO - Started process (PID=345) to work on /home/airflow/.local/lib/python3.7/site-packages/airflow/example_dags/example_xcom.py
[2023-04-22T23:15:36.730+0000] {processor.py:743} INFO - Processing file /home/airflow/.local/lib/python3.7/site-packages/airflow/example_dags/example_xcom.py for tasks to queue
[2023-04-22T23:15:36.731+0000] {logging_mixin.py:137} INFO - [2023-04-22T23:15:36.730+0000] {dagbag.py:532} INFO - Filling up the DagBag from /home/airflow/.local/lib/python3.7/site-packages/airflow/example_dags/example_xcom.py
[2023-04-22T23:15:36.748+0000] {processor.py:753} INFO - DAG(s) dict_keys(['example_xcom']) retrieved from /home/airflow/.local/lib/python3.7/site-packages/airflow/example_dags/example_xcom.py
[2023-04-22T23:15:36.771+0000] {logging_mixin.py:137} INFO - [2023-04-22T23:15:36.771+0000] {dag.py:2705} INFO - Sync 1 DAGs
[2023-04-22T23:15:36.789+0000] {logging_mixin.py:137} INFO - [2023-04-22T23:15:36.789+0000] {dag.py:3456} INFO - Setting next_dagrun for example_xcom to 2021-01-01T00:00:00+00:00, run_after=2021-01-01T00:00:00+00:00
[2023-04-22T23:15:36.810+0000] {processor.py:175} INFO - Processing /home/airflow/.local/lib/python3.7/site-packages/airflow/example_dags/example_xcom.py took 0.084 seconds
[2023-04-22T23:16:07.293+0000] {processor.py:153} INFO - Started process (PID=396) to work on /home/airflow/.local/lib/python3.7/site-packages/airflow/example_dags/example_xcom.py
[2023-04-22T23:16:07.294+0000] {processor.py:743} INFO - Processing file /home/airflow/.local/lib/python3.7/site-packages/airflow/example_dags/example_xcom.py for tasks to queue
[2023-04-22T23:16:07.296+0000] {logging_mixin.py:137} INFO - [2023-04-22T23:16:07.295+0000] {dagbag.py:532} INFO - Filling up the DagBag from /home/airflow/.local/lib/python3.7/site-packages/airflow/example_dags/example_xcom.py
[2023-04-22T23:16:07.319+0000] {processor.py:753} INFO - DAG(s) dict_keys(['example_xcom']) retrieved from /home/airflow/.local/lib/python3.7/site-packages/airflow/example_dags/example_xcom.py
[2023-04-22T23:16:07.343+0000] {logging_mixin.py:137} INFO - [2023-04-22T23:16:07.343+0000] {dag.py:2705} INFO - Sync 1 DAGs
[2023-04-22T23:16:07.364+0000] {logging_mixin.py:137} INFO - [2023-04-22T23:16:07.364+0000] {dag.py:3456} INFO - Setting next_dagrun for example_xcom to 2021-01-01T00:00:00+00:00, run_after=2021-01-01T00:00:00+00:00
[2023-04-22T23:16:07.380+0000] {processor.py:175} INFO - Processing /home/airflow/.local/lib/python3.7/site-packages/airflow/example_dags/example_xcom.py took 0.091 seconds
[2023-04-22T23:16:38.383+0000] {processor.py:153} INFO - Started process (PID=447) to work on /home/airflow/.local/lib/python3.7/site-packages/airflow/example_dags/example_xcom.py
[2023-04-22T23:16:38.385+0000] {processor.py:743} INFO - Processing file /home/airflow/.local/lib/python3.7/site-packages/airflow/example_dags/example_xcom.py for tasks to queue
[2023-04-22T23:16:38.386+0000] {logging_mixin.py:137} INFO - [2023-04-22T23:16:38.386+0000] {dagbag.py:532} INFO - Filling up the DagBag from /home/airflow/.local/lib/python3.7/site-packages/airflow/example_dags/example_xcom.py
[2023-04-22T23:16:38.408+0000] {processor.py:753} INFO - DAG(s) dict_keys(['example_xcom']) retrieved from /home/airflow/.local/lib/python3.7/site-packages/airflow/example_dags/example_xcom.py
[2023-04-22T23:16:38.442+0000] {logging_mixin.py:137} INFO - [2023-04-22T23:16:38.442+0000] {dag.py:2705} INFO - Sync 1 DAGs
[2023-04-22T23:16:38.467+0000] {logging_mixin.py:137} INFO - [2023-04-22T23:16:38.467+0000] {dag.py:3456} INFO - Setting next_dagrun for example_xcom to 2021-01-01T00:00:00+00:00, run_after=2021-01-01T00:00:00+00:00
[2023-04-22T23:16:38.484+0000] {processor.py:175} INFO - Processing /home/airflow/.local/lib/python3.7/site-packages/airflow/example_dags/example_xcom.py took 0.107 seconds
[2023-04-22T23:17:08.608+0000] {processor.py:153} INFO - Started process (PID=498) to work on /home/airflow/.local/lib/python3.7/site-packages/airflow/example_dags/example_xcom.py
[2023-04-22T23:17:08.609+0000] {processor.py:743} INFO - Processing file /home/airflow/.local/lib/python3.7/site-packages/airflow/example_dags/example_xcom.py for tasks to queue
[2023-04-22T23:17:08.610+0000] {logging_mixin.py:137} INFO - [2023-04-22T23:17:08.610+0000] {dagbag.py:532} INFO - Filling up the DagBag from /home/airflow/.local/lib/python3.7/site-packages/airflow/example_dags/example_xcom.py
[2023-04-22T23:17:08.624+0000] {processor.py:753} INFO - DAG(s) dict_keys(['example_xcom']) retrieved from /home/airflow/.local/lib/python3.7/site-packages/airflow/example_dags/example_xcom.py
[2023-04-22T23:17:08.644+0000] {logging_mixin.py:137} INFO - [2023-04-22T23:17:08.644+0000] {dag.py:2705} INFO - Sync 1 DAGs
[2023-04-22T23:17:08.661+0000] {logging_mixin.py:137} INFO - [2023-04-22T23:17:08.661+0000] {dag.py:3456} INFO - Setting next_dagrun for example_xcom to 2021-01-01T00:00:00+00:00, run_after=2021-01-01T00:00:00+00:00
[2023-04-22T23:17:08.677+0000] {processor.py:175} INFO - Processing /home/airflow/.local/lib/python3.7/site-packages/airflow/example_dags/example_xcom.py took 0.072 seconds
[2023-04-22T23:17:38.820+0000] {processor.py:153} INFO - Started process (PID=549) to work on /home/airflow/.local/lib/python3.7/site-packages/airflow/example_dags/example_xcom.py
[2023-04-22T23:17:38.821+0000] {processor.py:743} INFO - Processing file /home/airflow/.local/lib/python3.7/site-packages/airflow/example_dags/example_xcom.py for tasks to queue
[2023-04-22T23:17:38.822+0000] {logging_mixin.py:137} INFO - [2023-04-22T23:17:38.822+0000] {dagbag.py:532} INFO - Filling up the DagBag from /home/airflow/.local/lib/python3.7/site-packages/airflow/example_dags/example_xcom.py
[2023-04-22T23:17:38.837+0000] {processor.py:753} INFO - DAG(s) dict_keys(['example_xcom']) retrieved from /home/airflow/.local/lib/python3.7/site-packages/airflow/example_dags/example_xcom.py
[2023-04-22T23:17:38.856+0000] {logging_mixin.py:137} INFO - [2023-04-22T23:17:38.856+0000] {dag.py:2705} INFO - Sync 1 DAGs
[2023-04-22T23:17:38.870+0000] {logging_mixin.py:137} INFO - [2023-04-22T23:17:38.870+0000] {dag.py:3456} INFO - Setting next_dagrun for example_xcom to 2021-01-01T00:00:00+00:00, run_after=2021-01-01T00:00:00+00:00
[2023-04-22T23:17:38.881+0000] {processor.py:175} INFO - Processing /home/airflow/.local/lib/python3.7/site-packages/airflow/example_dags/example_xcom.py took 0.063 seconds
[2023-04-22T23:18:09.246+0000] {processor.py:153} INFO - Started process (PID=600) to work on /home/airflow/.local/lib/python3.7/site-packages/airflow/example_dags/example_xcom.py
[2023-04-22T23:18:09.247+0000] {processor.py:743} INFO - Processing file /home/airflow/.local/lib/python3.7/site-packages/airflow/example_dags/example_xcom.py for tasks to queue
[2023-04-22T23:18:09.248+0000] {logging_mixin.py:137} INFO - [2023-04-22T23:18:09.248+0000] {dagbag.py:532} INFO - Filling up the DagBag from /home/airflow/.local/lib/python3.7/site-packages/airflow/example_dags/example_xcom.py
[2023-04-22T23:18:09.264+0000] {processor.py:753} INFO - DAG(s) dict_keys(['example_xcom']) retrieved from /home/airflow/.local/lib/python3.7/site-packages/airflow/example_dags/example_xcom.py
[2023-04-22T23:18:09.286+0000] {logging_mixin.py:137} INFO - [2023-04-22T23:18:09.286+0000] {dag.py:2705} INFO - Sync 1 DAGs
[2023-04-22T23:18:09.303+0000] {logging_mixin.py:137} INFO - [2023-04-22T23:18:09.303+0000] {dag.py:3456} INFO - Setting next_dagrun for example_xcom to 2021-01-01T00:00:00+00:00, run_after=2021-01-01T00:00:00+00:00
[2023-04-22T23:18:09.318+0000] {processor.py:175} INFO - Processing /home/airflow/.local/lib/python3.7/site-packages/airflow/example_dags/example_xcom.py took 0.076 seconds
[2023-04-22T23:19:28.780+0000] {processor.py:153} INFO - Started process (PID=39) to work on /home/airflow/.local/lib/python3.7/site-packages/airflow/example_dags/example_xcom.py
[2023-04-22T23:19:28.782+0000] {processor.py:743} INFO - Processing file /home/airflow/.local/lib/python3.7/site-packages/airflow/example_dags/example_xcom.py for tasks to queue
[2023-04-22T23:19:28.783+0000] {logging_mixin.py:137} INFO - [2023-04-22T23:19:28.783+0000] {dagbag.py:532} INFO - Filling up the DagBag from /home/airflow/.local/lib/python3.7/site-packages/airflow/example_dags/example_xcom.py
[2023-04-22T23:19:28.801+0000] {processor.py:753} INFO - DAG(s) dict_keys(['example_xcom']) retrieved from /home/airflow/.local/lib/python3.7/site-packages/airflow/example_dags/example_xcom.py
[2023-04-22T23:19:28.817+0000] {logging_mixin.py:137} INFO - [2023-04-22T23:19:28.817+0000] {dag.py:2705} INFO - Sync 1 DAGs
[2023-04-22T23:19:28.851+0000] {logging_mixin.py:137} INFO - [2023-04-22T23:19:28.851+0000] {dag.py:3456} INFO - Setting next_dagrun for example_xcom to 2021-01-01T00:00:00+00:00, run_after=2021-01-01T00:00:00+00:00
[2023-04-22T23:19:28.873+0000] {processor.py:175} INFO - Processing /home/airflow/.local/lib/python3.7/site-packages/airflow/example_dags/example_xcom.py took 0.096 seconds
[2023-04-22T23:19:59.008+0000] {processor.py:153} INFO - Started process (PID=90) to work on /home/airflow/.local/lib/python3.7/site-packages/airflow/example_dags/example_xcom.py
[2023-04-22T23:19:59.009+0000] {processor.py:743} INFO - Processing file /home/airflow/.local/lib/python3.7/site-packages/airflow/example_dags/example_xcom.py for tasks to queue
[2023-04-22T23:19:59.010+0000] {logging_mixin.py:137} INFO - [2023-04-22T23:19:59.010+0000] {dagbag.py:532} INFO - Filling up the DagBag from /home/airflow/.local/lib/python3.7/site-packages/airflow/example_dags/example_xcom.py
[2023-04-22T23:19:59.025+0000] {processor.py:753} INFO - DAG(s) dict_keys(['example_xcom']) retrieved from /home/airflow/.local/lib/python3.7/site-packages/airflow/example_dags/example_xcom.py
[2023-04-22T23:19:59.046+0000] {logging_mixin.py:137} INFO - [2023-04-22T23:19:59.046+0000] {dag.py:2705} INFO - Sync 1 DAGs
[2023-04-22T23:19:59.064+0000] {logging_mixin.py:137} INFO - [2023-04-22T23:19:59.064+0000] {dag.py:3456} INFO - Setting next_dagrun for example_xcom to 2021-01-01T00:00:00+00:00, run_after=2021-01-01T00:00:00+00:00
[2023-04-22T23:19:59.077+0000] {processor.py:175} INFO - Processing /home/airflow/.local/lib/python3.7/site-packages/airflow/example_dags/example_xcom.py took 0.072 seconds
[2023-04-22T23:20:29.232+0000] {processor.py:153} INFO - Started process (PID=141) to work on /home/airflow/.local/lib/python3.7/site-packages/airflow/example_dags/example_xcom.py
[2023-04-22T23:20:29.233+0000] {processor.py:743} INFO - Processing file /home/airflow/.local/lib/python3.7/site-packages/airflow/example_dags/example_xcom.py for tasks to queue
[2023-04-22T23:20:29.234+0000] {logging_mixin.py:137} INFO - [2023-04-22T23:20:29.234+0000] {dagbag.py:532} INFO - Filling up the DagBag from /home/airflow/.local/lib/python3.7/site-packages/airflow/example_dags/example_xcom.py
[2023-04-22T23:20:29.249+0000] {processor.py:753} INFO - DAG(s) dict_keys(['example_xcom']) retrieved from /home/airflow/.local/lib/python3.7/site-packages/airflow/example_dags/example_xcom.py
[2023-04-22T23:20:29.269+0000] {logging_mixin.py:137} INFO - [2023-04-22T23:20:29.269+0000] {dag.py:2705} INFO - Sync 1 DAGs
[2023-04-22T23:20:29.284+0000] {logging_mixin.py:137} INFO - [2023-04-22T23:20:29.284+0000] {dag.py:3456} INFO - Setting next_dagrun for example_xcom to 2021-01-01T00:00:00+00:00, run_after=2021-01-01T00:00:00+00:00
[2023-04-22T23:20:29.295+0000] {processor.py:175} INFO - Processing /home/airflow/.local/lib/python3.7/site-packages/airflow/example_dags/example_xcom.py took 0.067 seconds
[2023-04-22T23:20:59.377+0000] {processor.py:153} INFO - Started process (PID=192) to work on /home/airflow/.local/lib/python3.7/site-packages/airflow/example_dags/example_xcom.py
[2023-04-22T23:20:59.379+0000] {processor.py:743} INFO - Processing file /home/airflow/.local/lib/python3.7/site-packages/airflow/example_dags/example_xcom.py for tasks to queue
[2023-04-22T23:20:59.380+0000] {logging_mixin.py:137} INFO - [2023-04-22T23:20:59.380+0000] {dagbag.py:532} INFO - Filling up the DagBag from /home/airflow/.local/lib/python3.7/site-packages/airflow/example_dags/example_xcom.py
[2023-04-22T23:20:59.411+0000] {processor.py:753} INFO - DAG(s) dict_keys(['example_xcom']) retrieved from /home/airflow/.local/lib/python3.7/site-packages/airflow/example_dags/example_xcom.py
[2023-04-22T23:20:59.442+0000] {logging_mixin.py:137} INFO - [2023-04-22T23:20:59.442+0000] {dag.py:2705} INFO - Sync 1 DAGs
[2023-04-22T23:20:59.459+0000] {logging_mixin.py:137} INFO - [2023-04-22T23:20:59.459+0000] {dag.py:3456} INFO - Setting next_dagrun for example_xcom to 2021-01-01T00:00:00+00:00, run_after=2021-01-01T00:00:00+00:00
[2023-04-22T23:20:59.471+0000] {processor.py:175} INFO - Processing /home/airflow/.local/lib/python3.7/site-packages/airflow/example_dags/example_xcom.py took 0.098 seconds
[2023-04-22T23:21:29.550+0000] {processor.py:153} INFO - Started process (PID=243) to work on /home/airflow/.local/lib/python3.7/site-packages/airflow/example_dags/example_xcom.py
[2023-04-22T23:21:29.551+0000] {processor.py:743} INFO - Processing file /home/airflow/.local/lib/python3.7/site-packages/airflow/example_dags/example_xcom.py for tasks to queue
[2023-04-22T23:21:29.552+0000] {logging_mixin.py:137} INFO - [2023-04-22T23:21:29.552+0000] {dagbag.py:532} INFO - Filling up the DagBag from /home/airflow/.local/lib/python3.7/site-packages/airflow/example_dags/example_xcom.py
[2023-04-22T23:21:29.569+0000] {processor.py:753} INFO - DAG(s) dict_keys(['example_xcom']) retrieved from /home/airflow/.local/lib/python3.7/site-packages/airflow/example_dags/example_xcom.py
[2023-04-22T23:21:29.588+0000] {logging_mixin.py:137} INFO - [2023-04-22T23:21:29.588+0000] {dag.py:2705} INFO - Sync 1 DAGs
[2023-04-22T23:21:29.604+0000] {logging_mixin.py:137} INFO - [2023-04-22T23:21:29.604+0000] {dag.py:3456} INFO - Setting next_dagrun for example_xcom to 2021-01-01T00:00:00+00:00, run_after=2021-01-01T00:00:00+00:00
[2023-04-22T23:21:29.615+0000] {processor.py:175} INFO - Processing /home/airflow/.local/lib/python3.7/site-packages/airflow/example_dags/example_xcom.py took 0.067 seconds
[2023-04-22T23:21:59.896+0000] {processor.py:153} INFO - Started process (PID=294) to work on /home/airflow/.local/lib/python3.7/site-packages/airflow/example_dags/example_xcom.py
[2023-04-22T23:21:59.898+0000] {processor.py:743} INFO - Processing file /home/airflow/.local/lib/python3.7/site-packages/airflow/example_dags/example_xcom.py for tasks to queue
[2023-04-22T23:21:59.898+0000] {logging_mixin.py:137} INFO - [2023-04-22T23:21:59.898+0000] {dagbag.py:532} INFO - Filling up the DagBag from /home/airflow/.local/lib/python3.7/site-packages/airflow/example_dags/example_xcom.py
[2023-04-22T23:21:59.919+0000] {processor.py:753} INFO - DAG(s) dict_keys(['example_xcom']) retrieved from /home/airflow/.local/lib/python3.7/site-packages/airflow/example_dags/example_xcom.py
[2023-04-22T23:21:59.944+0000] {logging_mixin.py:137} INFO - [2023-04-22T23:21:59.944+0000] {dag.py:2705} INFO - Sync 1 DAGs
[2023-04-22T23:21:59.970+0000] {logging_mixin.py:137} INFO - [2023-04-22T23:21:59.970+0000] {dag.py:3456} INFO - Setting next_dagrun for example_xcom to 2021-01-01T00:00:00+00:00, run_after=2021-01-01T00:00:00+00:00
[2023-04-22T23:21:59.987+0000] {processor.py:175} INFO - Processing /home/airflow/.local/lib/python3.7/site-packages/airflow/example_dags/example_xcom.py took 0.097 seconds
[2023-04-22T23:22:30.225+0000] {processor.py:153} INFO - Started process (PID=346) to work on /home/airflow/.local/lib/python3.7/site-packages/airflow/example_dags/example_xcom.py
[2023-04-22T23:22:30.226+0000] {processor.py:743} INFO - Processing file /home/airflow/.local/lib/python3.7/site-packages/airflow/example_dags/example_xcom.py for tasks to queue
[2023-04-22T23:22:30.226+0000] {logging_mixin.py:137} INFO - [2023-04-22T23:22:30.226+0000] {dagbag.py:532} INFO - Filling up the DagBag from /home/airflow/.local/lib/python3.7/site-packages/airflow/example_dags/example_xcom.py
[2023-04-22T23:22:30.241+0000] {processor.py:753} INFO - DAG(s) dict_keys(['example_xcom']) retrieved from /home/airflow/.local/lib/python3.7/site-packages/airflow/example_dags/example_xcom.py
[2023-04-22T23:22:30.263+0000] {logging_mixin.py:137} INFO - [2023-04-22T23:22:30.263+0000] {dag.py:2705} INFO - Sync 1 DAGs
[2023-04-22T23:22:30.281+0000] {logging_mixin.py:137} INFO - [2023-04-22T23:22:30.281+0000] {dag.py:3456} INFO - Setting next_dagrun for example_xcom to 2021-01-01T00:00:00+00:00, run_after=2021-01-01T00:00:00+00:00
[2023-04-22T23:22:30.301+0000] {processor.py:175} INFO - Processing /home/airflow/.local/lib/python3.7/site-packages/airflow/example_dags/example_xcom.py took 0.079 seconds
[2023-04-22T23:23:00.741+0000] {processor.py:153} INFO - Started process (PID=396) to work on /home/airflow/.local/lib/python3.7/site-packages/airflow/example_dags/example_xcom.py
[2023-04-22T23:23:00.742+0000] {processor.py:743} INFO - Processing file /home/airflow/.local/lib/python3.7/site-packages/airflow/example_dags/example_xcom.py for tasks to queue
[2023-04-22T23:23:00.743+0000] {logging_mixin.py:137} INFO - [2023-04-22T23:23:00.743+0000] {dagbag.py:532} INFO - Filling up the DagBag from /home/airflow/.local/lib/python3.7/site-packages/airflow/example_dags/example_xcom.py
[2023-04-22T23:23:00.758+0000] {processor.py:753} INFO - DAG(s) dict_keys(['example_xcom']) retrieved from /home/airflow/.local/lib/python3.7/site-packages/airflow/example_dags/example_xcom.py
[2023-04-22T23:23:00.779+0000] {logging_mixin.py:137} INFO - [2023-04-22T23:23:00.779+0000] {dag.py:2705} INFO - Sync 1 DAGs
[2023-04-22T23:23:00.795+0000] {logging_mixin.py:137} INFO - [2023-04-22T23:23:00.795+0000] {dag.py:3456} INFO - Setting next_dagrun for example_xcom to 2021-01-01T00:00:00+00:00, run_after=2021-01-01T00:00:00+00:00
[2023-04-22T23:23:00.806+0000] {processor.py:175} INFO - Processing /home/airflow/.local/lib/python3.7/site-packages/airflow/example_dags/example_xcom.py took 0.068 seconds
[2023-04-22T23:23:30.993+0000] {processor.py:153} INFO - Started process (PID=447) to work on /home/airflow/.local/lib/python3.7/site-packages/airflow/example_dags/example_xcom.py
[2023-04-22T23:23:30.994+0000] {processor.py:743} INFO - Processing file /home/airflow/.local/lib/python3.7/site-packages/airflow/example_dags/example_xcom.py for tasks to queue
[2023-04-22T23:23:30.995+0000] {logging_mixin.py:137} INFO - [2023-04-22T23:23:30.995+0000] {dagbag.py:532} INFO - Filling up the DagBag from /home/airflow/.local/lib/python3.7/site-packages/airflow/example_dags/example_xcom.py
[2023-04-22T23:23:31.010+0000] {processor.py:753} INFO - DAG(s) dict_keys(['example_xcom']) retrieved from /home/airflow/.local/lib/python3.7/site-packages/airflow/example_dags/example_xcom.py
[2023-04-22T23:23:31.030+0000] {logging_mixin.py:137} INFO - [2023-04-22T23:23:31.030+0000] {dag.py:2705} INFO - Sync 1 DAGs
[2023-04-22T23:23:31.046+0000] {logging_mixin.py:137} INFO - [2023-04-22T23:23:31.046+0000] {dag.py:3456} INFO - Setting next_dagrun for example_xcom to 2021-01-01T00:00:00+00:00, run_after=2021-01-01T00:00:00+00:00
[2023-04-22T23:23:31.059+0000] {processor.py:175} INFO - Processing /home/airflow/.local/lib/python3.7/site-packages/airflow/example_dags/example_xcom.py took 0.070 seconds
[2023-04-22T23:24:01.174+0000] {processor.py:153} INFO - Started process (PID=498) to work on /home/airflow/.local/lib/python3.7/site-packages/airflow/example_dags/example_xcom.py
[2023-04-22T23:24:01.175+0000] {processor.py:743} INFO - Processing file /home/airflow/.local/lib/python3.7/site-packages/airflow/example_dags/example_xcom.py for tasks to queue
[2023-04-22T23:24:01.176+0000] {logging_mixin.py:137} INFO - [2023-04-22T23:24:01.176+0000] {dagbag.py:532} INFO - Filling up the DagBag from /home/airflow/.local/lib/python3.7/site-packages/airflow/example_dags/example_xcom.py
[2023-04-22T23:24:01.191+0000] {processor.py:753} INFO - DAG(s) dict_keys(['example_xcom']) retrieved from /home/airflow/.local/lib/python3.7/site-packages/airflow/example_dags/example_xcom.py
[2023-04-22T23:24:01.212+0000] {logging_mixin.py:137} INFO - [2023-04-22T23:24:01.212+0000] {dag.py:2705} INFO - Sync 1 DAGs
[2023-04-22T23:24:01.227+0000] {logging_mixin.py:137} INFO - [2023-04-22T23:24:01.227+0000] {dag.py:3456} INFO - Setting next_dagrun for example_xcom to 2021-01-01T00:00:00+00:00, run_after=2021-01-01T00:00:00+00:00
[2023-04-22T23:24:01.245+0000] {processor.py:175} INFO - Processing /home/airflow/.local/lib/python3.7/site-packages/airflow/example_dags/example_xcom.py took 0.074 seconds
[2023-04-22T23:24:31.367+0000] {processor.py:153} INFO - Started process (PID=549) to work on /home/airflow/.local/lib/python3.7/site-packages/airflow/example_dags/example_xcom.py
[2023-04-22T23:24:31.368+0000] {processor.py:743} INFO - Processing file /home/airflow/.local/lib/python3.7/site-packages/airflow/example_dags/example_xcom.py for tasks to queue
[2023-04-22T23:24:31.369+0000] {logging_mixin.py:137} INFO - [2023-04-22T23:24:31.369+0000] {dagbag.py:532} INFO - Filling up the DagBag from /home/airflow/.local/lib/python3.7/site-packages/airflow/example_dags/example_xcom.py
[2023-04-22T23:24:31.384+0000] {processor.py:753} INFO - DAG(s) dict_keys(['example_xcom']) retrieved from /home/airflow/.local/lib/python3.7/site-packages/airflow/example_dags/example_xcom.py
[2023-04-22T23:24:31.404+0000] {logging_mixin.py:137} INFO - [2023-04-22T23:24:31.404+0000] {dag.py:2705} INFO - Sync 1 DAGs
[2023-04-22T23:24:31.419+0000] {logging_mixin.py:137} INFO - [2023-04-22T23:24:31.419+0000] {dag.py:3456} INFO - Setting next_dagrun for example_xcom to 2021-01-01T00:00:00+00:00, run_after=2021-01-01T00:00:00+00:00
[2023-04-22T23:24:31.432+0000] {processor.py:175} INFO - Processing /home/airflow/.local/lib/python3.7/site-packages/airflow/example_dags/example_xcom.py took 0.068 seconds
[2023-04-22T23:25:01.578+0000] {processor.py:153} INFO - Started process (PID=600) to work on /home/airflow/.local/lib/python3.7/site-packages/airflow/example_dags/example_xcom.py
[2023-04-22T23:25:01.579+0000] {processor.py:743} INFO - Processing file /home/airflow/.local/lib/python3.7/site-packages/airflow/example_dags/example_xcom.py for tasks to queue
[2023-04-22T23:25:01.580+0000] {logging_mixin.py:137} INFO - [2023-04-22T23:25:01.580+0000] {dagbag.py:532} INFO - Filling up the DagBag from /home/airflow/.local/lib/python3.7/site-packages/airflow/example_dags/example_xcom.py
[2023-04-22T23:25:01.597+0000] {processor.py:753} INFO - DAG(s) dict_keys(['example_xcom']) retrieved from /home/airflow/.local/lib/python3.7/site-packages/airflow/example_dags/example_xcom.py
[2023-04-22T23:25:01.621+0000] {logging_mixin.py:137} INFO - [2023-04-22T23:25:01.621+0000] {dag.py:2705} INFO - Sync 1 DAGs
[2023-04-22T23:25:01.647+0000] {logging_mixin.py:137} INFO - [2023-04-22T23:25:01.647+0000] {dag.py:3456} INFO - Setting next_dagrun for example_xcom to 2021-01-01T00:00:00+00:00, run_after=2021-01-01T00:00:00+00:00
[2023-04-22T23:25:01.659+0000] {processor.py:175} INFO - Processing /home/airflow/.local/lib/python3.7/site-packages/airflow/example_dags/example_xcom.py took 0.084 seconds
[2023-04-22T23:25:32.222+0000] {processor.py:153} INFO - Started process (PID=652) to work on /home/airflow/.local/lib/python3.7/site-packages/airflow/example_dags/example_xcom.py
[2023-04-22T23:25:32.223+0000] {processor.py:743} INFO - Processing file /home/airflow/.local/lib/python3.7/site-packages/airflow/example_dags/example_xcom.py for tasks to queue
[2023-04-22T23:25:32.224+0000] {logging_mixin.py:137} INFO - [2023-04-22T23:25:32.224+0000] {dagbag.py:532} INFO - Filling up the DagBag from /home/airflow/.local/lib/python3.7/site-packages/airflow/example_dags/example_xcom.py
[2023-04-22T23:25:32.239+0000] {processor.py:753} INFO - DAG(s) dict_keys(['example_xcom']) retrieved from /home/airflow/.local/lib/python3.7/site-packages/airflow/example_dags/example_xcom.py
[2023-04-22T23:25:32.259+0000] {logging_mixin.py:137} INFO - [2023-04-22T23:25:32.259+0000] {dag.py:2705} INFO - Sync 1 DAGs
[2023-04-22T23:25:32.276+0000] {logging_mixin.py:137} INFO - [2023-04-22T23:25:32.276+0000] {dag.py:3456} INFO - Setting next_dagrun for example_xcom to 2021-01-01T00:00:00+00:00, run_after=2021-01-01T00:00:00+00:00
[2023-04-22T23:25:32.286+0000] {processor.py:175} INFO - Processing /home/airflow/.local/lib/python3.7/site-packages/airflow/example_dags/example_xcom.py took 0.067 seconds
[2023-04-22T23:26:02.563+0000] {processor.py:153} INFO - Started process (PID=703) to work on /home/airflow/.local/lib/python3.7/site-packages/airflow/example_dags/example_xcom.py
[2023-04-22T23:26:02.565+0000] {processor.py:743} INFO - Processing file /home/airflow/.local/lib/python3.7/site-packages/airflow/example_dags/example_xcom.py for tasks to queue
[2023-04-22T23:26:02.566+0000] {logging_mixin.py:137} INFO - [2023-04-22T23:26:02.566+0000] {dagbag.py:532} INFO - Filling up the DagBag from /home/airflow/.local/lib/python3.7/site-packages/airflow/example_dags/example_xcom.py
[2023-04-22T23:26:02.582+0000] {processor.py:753} INFO - DAG(s) dict_keys(['example_xcom']) retrieved from /home/airflow/.local/lib/python3.7/site-packages/airflow/example_dags/example_xcom.py
[2023-04-22T23:26:02.605+0000] {logging_mixin.py:137} INFO - [2023-04-22T23:26:02.605+0000] {dag.py:2705} INFO - Sync 1 DAGs
[2023-04-22T23:26:02.624+0000] {logging_mixin.py:137} INFO - [2023-04-22T23:26:02.624+0000] {dag.py:3456} INFO - Setting next_dagrun for example_xcom to 2021-01-01T00:00:00+00:00, run_after=2021-01-01T00:00:00+00:00
[2023-04-22T23:26:02.636+0000] {processor.py:175} INFO - Processing /home/airflow/.local/lib/python3.7/site-packages/airflow/example_dags/example_xcom.py took 0.075 seconds
[2023-04-22T23:26:32.941+0000] {processor.py:153} INFO - Started process (PID=753) to work on /home/airflow/.local/lib/python3.7/site-packages/airflow/example_dags/example_xcom.py
[2023-04-22T23:26:32.942+0000] {processor.py:743} INFO - Processing file /home/airflow/.local/lib/python3.7/site-packages/airflow/example_dags/example_xcom.py for tasks to queue
[2023-04-22T23:26:32.943+0000] {logging_mixin.py:137} INFO - [2023-04-22T23:26:32.943+0000] {dagbag.py:532} INFO - Filling up the DagBag from /home/airflow/.local/lib/python3.7/site-packages/airflow/example_dags/example_xcom.py
[2023-04-22T23:26:32.966+0000] {processor.py:753} INFO - DAG(s) dict_keys(['example_xcom']) retrieved from /home/airflow/.local/lib/python3.7/site-packages/airflow/example_dags/example_xcom.py
[2023-04-22T23:26:32.994+0000] {logging_mixin.py:137} INFO - [2023-04-22T23:26:32.993+0000] {dag.py:2705} INFO - Sync 1 DAGs
[2023-04-22T23:26:33.010+0000] {logging_mixin.py:137} INFO - [2023-04-22T23:26:33.010+0000] {dag.py:3456} INFO - Setting next_dagrun for example_xcom to 2021-01-01T00:00:00+00:00, run_after=2021-01-01T00:00:00+00:00
[2023-04-22T23:26:33.022+0000] {processor.py:175} INFO - Processing /home/airflow/.local/lib/python3.7/site-packages/airflow/example_dags/example_xcom.py took 0.084 seconds
[2023-04-22T23:27:03.705+0000] {processor.py:153} INFO - Started process (PID=804) to work on /home/airflow/.local/lib/python3.7/site-packages/airflow/example_dags/example_xcom.py
[2023-04-22T23:27:03.706+0000] {processor.py:743} INFO - Processing file /home/airflow/.local/lib/python3.7/site-packages/airflow/example_dags/example_xcom.py for tasks to queue
[2023-04-22T23:27:03.707+0000] {logging_mixin.py:137} INFO - [2023-04-22T23:27:03.707+0000] {dagbag.py:532} INFO - Filling up the DagBag from /home/airflow/.local/lib/python3.7/site-packages/airflow/example_dags/example_xcom.py
[2023-04-22T23:27:03.721+0000] {processor.py:753} INFO - DAG(s) dict_keys(['example_xcom']) retrieved from /home/airflow/.local/lib/python3.7/site-packages/airflow/example_dags/example_xcom.py
[2023-04-22T23:27:03.745+0000] {logging_mixin.py:137} INFO - [2023-04-22T23:27:03.745+0000] {dag.py:2705} INFO - Sync 1 DAGs
[2023-04-22T23:27:03.762+0000] {logging_mixin.py:137} INFO - [2023-04-22T23:27:03.762+0000] {dag.py:3456} INFO - Setting next_dagrun for example_xcom to 2021-01-01T00:00:00+00:00, run_after=2021-01-01T00:00:00+00:00
[2023-04-22T23:27:03.773+0000] {processor.py:175} INFO - Processing /home/airflow/.local/lib/python3.7/site-packages/airflow/example_dags/example_xcom.py took 0.072 seconds
[2023-04-22T23:27:34.266+0000] {processor.py:153} INFO - Started process (PID=856) to work on /home/airflow/.local/lib/python3.7/site-packages/airflow/example_dags/example_xcom.py
[2023-04-22T23:27:34.267+0000] {processor.py:743} INFO - Processing file /home/airflow/.local/lib/python3.7/site-packages/airflow/example_dags/example_xcom.py for tasks to queue
[2023-04-22T23:27:34.268+0000] {logging_mixin.py:137} INFO - [2023-04-22T23:27:34.268+0000] {dagbag.py:532} INFO - Filling up the DagBag from /home/airflow/.local/lib/python3.7/site-packages/airflow/example_dags/example_xcom.py
[2023-04-22T23:27:34.284+0000] {processor.py:753} INFO - DAG(s) dict_keys(['example_xcom']) retrieved from /home/airflow/.local/lib/python3.7/site-packages/airflow/example_dags/example_xcom.py
[2023-04-22T23:27:34.306+0000] {logging_mixin.py:137} INFO - [2023-04-22T23:27:34.306+0000] {dag.py:2705} INFO - Sync 1 DAGs
[2023-04-22T23:27:34.322+0000] {logging_mixin.py:137} INFO - [2023-04-22T23:27:34.322+0000] {dag.py:3456} INFO - Setting next_dagrun for example_xcom to 2021-01-01T00:00:00+00:00, run_after=2021-01-01T00:00:00+00:00
[2023-04-22T23:27:34.333+0000] {processor.py:175} INFO - Processing /home/airflow/.local/lib/python3.7/site-packages/airflow/example_dags/example_xcom.py took 0.070 seconds
[2023-04-22T23:29:53.494+0000] {processor.py:153} INFO - Started process (PID=38) to work on /home/airflow/.local/lib/python3.7/site-packages/airflow/example_dags/example_xcom.py
[2023-04-22T23:29:53.499+0000] {processor.py:743} INFO - Processing file /home/airflow/.local/lib/python3.7/site-packages/airflow/example_dags/example_xcom.py for tasks to queue
[2023-04-22T23:29:53.505+0000] {logging_mixin.py:137} INFO - [2023-04-22T23:29:53.505+0000] {dagbag.py:532} INFO - Filling up the DagBag from /home/airflow/.local/lib/python3.7/site-packages/airflow/example_dags/example_xcom.py
[2023-04-22T23:29:53.540+0000] {processor.py:753} INFO - DAG(s) dict_keys(['example_xcom']) retrieved from /home/airflow/.local/lib/python3.7/site-packages/airflow/example_dags/example_xcom.py
[2023-04-22T23:29:53.564+0000] {logging_mixin.py:137} INFO - [2023-04-22T23:29:53.564+0000] {dag.py:2705} INFO - Sync 1 DAGs
[2023-04-22T23:29:53.608+0000] {logging_mixin.py:137} INFO - [2023-04-22T23:29:53.607+0000] {dag.py:3456} INFO - Setting next_dagrun for example_xcom to 2021-01-01T00:00:00+00:00, run_after=2021-01-01T00:00:00+00:00
[2023-04-22T23:29:53.630+0000] {processor.py:175} INFO - Processing /home/airflow/.local/lib/python3.7/site-packages/airflow/example_dags/example_xcom.py took 0.144 seconds
[2023-04-22T23:30:23.667+0000] {processor.py:153} INFO - Started process (PID=88) to work on /home/airflow/.local/lib/python3.7/site-packages/airflow/example_dags/example_xcom.py
[2023-04-22T23:30:23.669+0000] {processor.py:743} INFO - Processing file /home/airflow/.local/lib/python3.7/site-packages/airflow/example_dags/example_xcom.py for tasks to queue
[2023-04-22T23:30:23.669+0000] {logging_mixin.py:137} INFO - [2023-04-22T23:30:23.669+0000] {dagbag.py:532} INFO - Filling up the DagBag from /home/airflow/.local/lib/python3.7/site-packages/airflow/example_dags/example_xcom.py
[2023-04-22T23:30:23.689+0000] {processor.py:753} INFO - DAG(s) dict_keys(['example_xcom']) retrieved from /home/airflow/.local/lib/python3.7/site-packages/airflow/example_dags/example_xcom.py
[2023-04-22T23:30:23.717+0000] {logging_mixin.py:137} INFO - [2023-04-22T23:30:23.717+0000] {dag.py:2705} INFO - Sync 1 DAGs
[2023-04-22T23:30:23.735+0000] {logging_mixin.py:137} INFO - [2023-04-22T23:30:23.735+0000] {dag.py:3456} INFO - Setting next_dagrun for example_xcom to 2021-01-01T00:00:00+00:00, run_after=2021-01-01T00:00:00+00:00
[2023-04-22T23:30:23.747+0000] {processor.py:175} INFO - Processing /home/airflow/.local/lib/python3.7/site-packages/airflow/example_dags/example_xcom.py took 0.083 seconds
[2023-04-22T23:30:54.072+0000] {processor.py:153} INFO - Started process (PID=139) to work on /home/airflow/.local/lib/python3.7/site-packages/airflow/example_dags/example_xcom.py
[2023-04-22T23:30:54.073+0000] {processor.py:743} INFO - Processing file /home/airflow/.local/lib/python3.7/site-packages/airflow/example_dags/example_xcom.py for tasks to queue
[2023-04-22T23:30:54.074+0000] {logging_mixin.py:137} INFO - [2023-04-22T23:30:54.074+0000] {dagbag.py:532} INFO - Filling up the DagBag from /home/airflow/.local/lib/python3.7/site-packages/airflow/example_dags/example_xcom.py
[2023-04-22T23:30:54.091+0000] {processor.py:753} INFO - DAG(s) dict_keys(['example_xcom']) retrieved from /home/airflow/.local/lib/python3.7/site-packages/airflow/example_dags/example_xcom.py
[2023-04-22T23:30:54.120+0000] {logging_mixin.py:137} INFO - [2023-04-22T23:30:54.120+0000] {dag.py:2705} INFO - Sync 1 DAGs
[2023-04-22T23:30:54.141+0000] {logging_mixin.py:137} INFO - [2023-04-22T23:30:54.141+0000] {dag.py:3456} INFO - Setting next_dagrun for example_xcom to 2021-01-01T00:00:00+00:00, run_after=2021-01-01T00:00:00+00:00
[2023-04-22T23:30:54.154+0000] {processor.py:175} INFO - Processing /home/airflow/.local/lib/python3.7/site-packages/airflow/example_dags/example_xcom.py took 0.085 seconds
[2023-04-22T23:31:24.637+0000] {processor.py:153} INFO - Started process (PID=190) to work on /home/airflow/.local/lib/python3.7/site-packages/airflow/example_dags/example_xcom.py
[2023-04-22T23:31:24.638+0000] {processor.py:743} INFO - Processing file /home/airflow/.local/lib/python3.7/site-packages/airflow/example_dags/example_xcom.py for tasks to queue
[2023-04-22T23:31:24.639+0000] {logging_mixin.py:137} INFO - [2023-04-22T23:31:24.639+0000] {dagbag.py:532} INFO - Filling up the DagBag from /home/airflow/.local/lib/python3.7/site-packages/airflow/example_dags/example_xcom.py
[2023-04-22T23:31:24.655+0000] {processor.py:753} INFO - DAG(s) dict_keys(['example_xcom']) retrieved from /home/airflow/.local/lib/python3.7/site-packages/airflow/example_dags/example_xcom.py
[2023-04-22T23:31:24.677+0000] {logging_mixin.py:137} INFO - [2023-04-22T23:31:24.676+0000] {dag.py:2705} INFO - Sync 1 DAGs
[2023-04-22T23:31:24.696+0000] {logging_mixin.py:137} INFO - [2023-04-22T23:31:24.696+0000] {dag.py:3456} INFO - Setting next_dagrun for example_xcom to 2021-01-01T00:00:00+00:00, run_after=2021-01-01T00:00:00+00:00
[2023-04-22T23:31:24.709+0000] {processor.py:175} INFO - Processing /home/airflow/.local/lib/python3.7/site-packages/airflow/example_dags/example_xcom.py took 0.075 seconds
[2023-04-22T23:31:55.083+0000] {processor.py:153} INFO - Started process (PID=241) to work on /home/airflow/.local/lib/python3.7/site-packages/airflow/example_dags/example_xcom.py
[2023-04-22T23:31:55.086+0000] {processor.py:743} INFO - Processing file /home/airflow/.local/lib/python3.7/site-packages/airflow/example_dags/example_xcom.py for tasks to queue
[2023-04-22T23:31:55.087+0000] {logging_mixin.py:137} INFO - [2023-04-22T23:31:55.087+0000] {dagbag.py:532} INFO - Filling up the DagBag from /home/airflow/.local/lib/python3.7/site-packages/airflow/example_dags/example_xcom.py
[2023-04-22T23:31:55.106+0000] {processor.py:753} INFO - DAG(s) dict_keys(['example_xcom']) retrieved from /home/airflow/.local/lib/python3.7/site-packages/airflow/example_dags/example_xcom.py
[2023-04-22T23:31:55.132+0000] {logging_mixin.py:137} INFO - [2023-04-22T23:31:55.132+0000] {dag.py:2705} INFO - Sync 1 DAGs
[2023-04-22T23:31:55.156+0000] {logging_mixin.py:137} INFO - [2023-04-22T23:31:55.156+0000] {dag.py:3456} INFO - Setting next_dagrun for example_xcom to 2021-01-01T00:00:00+00:00, run_after=2021-01-01T00:00:00+00:00
[2023-04-22T23:31:55.183+0000] {processor.py:175} INFO - Processing /home/airflow/.local/lib/python3.7/site-packages/airflow/example_dags/example_xcom.py took 0.104 seconds
[2023-04-22T23:32:25.344+0000] {processor.py:153} INFO - Started process (PID=292) to work on /home/airflow/.local/lib/python3.7/site-packages/airflow/example_dags/example_xcom.py
[2023-04-22T23:32:25.345+0000] {processor.py:743} INFO - Processing file /home/airflow/.local/lib/python3.7/site-packages/airflow/example_dags/example_xcom.py for tasks to queue
[2023-04-22T23:32:25.346+0000] {logging_mixin.py:137} INFO - [2023-04-22T23:32:25.346+0000] {dagbag.py:532} INFO - Filling up the DagBag from /home/airflow/.local/lib/python3.7/site-packages/airflow/example_dags/example_xcom.py
[2023-04-22T23:32:25.362+0000] {processor.py:753} INFO - DAG(s) dict_keys(['example_xcom']) retrieved from /home/airflow/.local/lib/python3.7/site-packages/airflow/example_dags/example_xcom.py
[2023-04-22T23:32:25.385+0000] {logging_mixin.py:137} INFO - [2023-04-22T23:32:25.385+0000] {dag.py:2705} INFO - Sync 1 DAGs
[2023-04-22T23:32:25.401+0000] {logging_mixin.py:137} INFO - [2023-04-22T23:32:25.401+0000] {dag.py:3456} INFO - Setting next_dagrun for example_xcom to 2021-01-01T00:00:00+00:00, run_after=2021-01-01T00:00:00+00:00
[2023-04-22T23:32:25.414+0000] {processor.py:175} INFO - Processing /home/airflow/.local/lib/python3.7/site-packages/airflow/example_dags/example_xcom.py took 0.073 seconds
[2023-04-22T23:32:55.571+0000] {processor.py:153} INFO - Started process (PID=343) to work on /home/airflow/.local/lib/python3.7/site-packages/airflow/example_dags/example_xcom.py
[2023-04-22T23:32:55.572+0000] {processor.py:743} INFO - Processing file /home/airflow/.local/lib/python3.7/site-packages/airflow/example_dags/example_xcom.py for tasks to queue
[2023-04-22T23:32:55.573+0000] {logging_mixin.py:137} INFO - [2023-04-22T23:32:55.573+0000] {dagbag.py:532} INFO - Filling up the DagBag from /home/airflow/.local/lib/python3.7/site-packages/airflow/example_dags/example_xcom.py
[2023-04-22T23:32:55.589+0000] {processor.py:753} INFO - DAG(s) dict_keys(['example_xcom']) retrieved from /home/airflow/.local/lib/python3.7/site-packages/airflow/example_dags/example_xcom.py
[2023-04-22T23:32:55.622+0000] {logging_mixin.py:137} INFO - [2023-04-22T23:32:55.621+0000] {dag.py:2705} INFO - Sync 1 DAGs
[2023-04-22T23:32:55.640+0000] {logging_mixin.py:137} INFO - [2023-04-22T23:32:55.640+0000] {dag.py:3456} INFO - Setting next_dagrun for example_xcom to 2021-01-01T00:00:00+00:00, run_after=2021-01-01T00:00:00+00:00
[2023-04-22T23:32:55.654+0000] {processor.py:175} INFO - Processing /home/airflow/.local/lib/python3.7/site-packages/airflow/example_dags/example_xcom.py took 0.086 seconds
[2023-04-22T23:33:25.797+0000] {processor.py:153} INFO - Started process (PID=393) to work on /home/airflow/.local/lib/python3.7/site-packages/airflow/example_dags/example_xcom.py
[2023-04-22T23:33:25.799+0000] {processor.py:743} INFO - Processing file /home/airflow/.local/lib/python3.7/site-packages/airflow/example_dags/example_xcom.py for tasks to queue
[2023-04-22T23:33:25.801+0000] {logging_mixin.py:137} INFO - [2023-04-22T23:33:25.801+0000] {dagbag.py:532} INFO - Filling up the DagBag from /home/airflow/.local/lib/python3.7/site-packages/airflow/example_dags/example_xcom.py
[2023-04-22T23:33:25.820+0000] {processor.py:753} INFO - DAG(s) dict_keys(['example_xcom']) retrieved from /home/airflow/.local/lib/python3.7/site-packages/airflow/example_dags/example_xcom.py
[2023-04-22T23:33:25.849+0000] {logging_mixin.py:137} INFO - [2023-04-22T23:33:25.849+0000] {dag.py:2705} INFO - Sync 1 DAGs
[2023-04-22T23:33:25.868+0000] {logging_mixin.py:137} INFO - [2023-04-22T23:33:25.868+0000] {dag.py:3456} INFO - Setting next_dagrun for example_xcom to 2021-01-01T00:00:00+00:00, run_after=2021-01-01T00:00:00+00:00
[2023-04-22T23:33:25.885+0000] {processor.py:175} INFO - Processing /home/airflow/.local/lib/python3.7/site-packages/airflow/example_dags/example_xcom.py took 0.091 seconds
[2023-04-22T23:33:56.094+0000] {processor.py:153} INFO - Started process (PID=444) to work on /home/airflow/.local/lib/python3.7/site-packages/airflow/example_dags/example_xcom.py
[2023-04-22T23:33:56.095+0000] {processor.py:743} INFO - Processing file /home/airflow/.local/lib/python3.7/site-packages/airflow/example_dags/example_xcom.py for tasks to queue
[2023-04-22T23:33:56.096+0000] {logging_mixin.py:137} INFO - [2023-04-22T23:33:56.096+0000] {dagbag.py:532} INFO - Filling up the DagBag from /home/airflow/.local/lib/python3.7/site-packages/airflow/example_dags/example_xcom.py
[2023-04-22T23:33:56.112+0000] {processor.py:753} INFO - DAG(s) dict_keys(['example_xcom']) retrieved from /home/airflow/.local/lib/python3.7/site-packages/airflow/example_dags/example_xcom.py
[2023-04-22T23:33:56.133+0000] {logging_mixin.py:137} INFO - [2023-04-22T23:33:56.133+0000] {dag.py:2705} INFO - Sync 1 DAGs
[2023-04-22T23:33:56.151+0000] {logging_mixin.py:137} INFO - [2023-04-22T23:33:56.151+0000] {dag.py:3456} INFO - Setting next_dagrun for example_xcom to 2021-01-01T00:00:00+00:00, run_after=2021-01-01T00:00:00+00:00
[2023-04-22T23:33:56.163+0000] {processor.py:175} INFO - Processing /home/airflow/.local/lib/python3.7/site-packages/airflow/example_dags/example_xcom.py took 0.072 seconds
[2023-04-22T23:38:43.346+0000] {processor.py:153} INFO - Started process (PID=37) to work on /home/airflow/.local/lib/python3.7/site-packages/airflow/example_dags/example_xcom.py
[2023-04-22T23:38:43.351+0000] {processor.py:743} INFO - Processing file /home/airflow/.local/lib/python3.7/site-packages/airflow/example_dags/example_xcom.py for tasks to queue
[2023-04-22T23:38:43.353+0000] {logging_mixin.py:137} INFO - [2023-04-22T23:38:43.353+0000] {dagbag.py:532} INFO - Filling up the DagBag from /home/airflow/.local/lib/python3.7/site-packages/airflow/example_dags/example_xcom.py
[2023-04-22T23:38:43.415+0000] {processor.py:753} INFO - DAG(s) dict_keys(['example_xcom']) retrieved from /home/airflow/.local/lib/python3.7/site-packages/airflow/example_dags/example_xcom.py
[2023-04-22T23:38:43.433+0000] {logging_mixin.py:137} INFO - [2023-04-22T23:38:43.433+0000] {dag.py:2705} INFO - Sync 1 DAGs
[2023-04-22T23:38:43.465+0000] {logging_mixin.py:137} INFO - [2023-04-22T23:38:43.464+0000] {dag.py:3456} INFO - Setting next_dagrun for example_xcom to 2021-01-01T00:00:00+00:00, run_after=2021-01-01T00:00:00+00:00
[2023-04-22T23:38:43.488+0000] {processor.py:175} INFO - Processing /home/airflow/.local/lib/python3.7/site-packages/airflow/example_dags/example_xcom.py took 0.151 seconds
[2023-04-22T23:39:13.698+0000] {processor.py:153} INFO - Started process (PID=88) to work on /home/airflow/.local/lib/python3.7/site-packages/airflow/example_dags/example_xcom.py
[2023-04-22T23:39:13.700+0000] {processor.py:743} INFO - Processing file /home/airflow/.local/lib/python3.7/site-packages/airflow/example_dags/example_xcom.py for tasks to queue
[2023-04-22T23:39:13.701+0000] {logging_mixin.py:137} INFO - [2023-04-22T23:39:13.700+0000] {dagbag.py:532} INFO - Filling up the DagBag from /home/airflow/.local/lib/python3.7/site-packages/airflow/example_dags/example_xcom.py
[2023-04-22T23:39:13.718+0000] {processor.py:753} INFO - DAG(s) dict_keys(['example_xcom']) retrieved from /home/airflow/.local/lib/python3.7/site-packages/airflow/example_dags/example_xcom.py
[2023-04-22T23:39:13.744+0000] {logging_mixin.py:137} INFO - [2023-04-22T23:39:13.744+0000] {dag.py:2705} INFO - Sync 1 DAGs
[2023-04-22T23:39:13.767+0000] {logging_mixin.py:137} INFO - [2023-04-22T23:39:13.767+0000] {dag.py:3456} INFO - Setting next_dagrun for example_xcom to 2021-01-01T00:00:00+00:00, run_after=2021-01-01T00:00:00+00:00
[2023-04-22T23:39:13.787+0000] {processor.py:175} INFO - Processing /home/airflow/.local/lib/python3.7/site-packages/airflow/example_dags/example_xcom.py took 0.092 seconds
[2023-04-22T23:39:44.719+0000] {processor.py:153} INFO - Started process (PID=139) to work on /home/airflow/.local/lib/python3.7/site-packages/airflow/example_dags/example_xcom.py
[2023-04-22T23:39:44.722+0000] {processor.py:743} INFO - Processing file /home/airflow/.local/lib/python3.7/site-packages/airflow/example_dags/example_xcom.py for tasks to queue
[2023-04-22T23:39:44.723+0000] {logging_mixin.py:137} INFO - [2023-04-22T23:39:44.723+0000] {dagbag.py:532} INFO - Filling up the DagBag from /home/airflow/.local/lib/python3.7/site-packages/airflow/example_dags/example_xcom.py
[2023-04-22T23:39:44.747+0000] {processor.py:753} INFO - DAG(s) dict_keys(['example_xcom']) retrieved from /home/airflow/.local/lib/python3.7/site-packages/airflow/example_dags/example_xcom.py
[2023-04-22T23:39:44.776+0000] {logging_mixin.py:137} INFO - [2023-04-22T23:39:44.776+0000] {dag.py:2705} INFO - Sync 1 DAGs
[2023-04-22T23:39:44.792+0000] {logging_mixin.py:137} INFO - [2023-04-22T23:39:44.792+0000] {dag.py:3456} INFO - Setting next_dagrun for example_xcom to 2021-01-01T00:00:00+00:00, run_after=2021-01-01T00:00:00+00:00
[2023-04-22T23:39:44.804+0000] {processor.py:175} INFO - Processing /home/airflow/.local/lib/python3.7/site-packages/airflow/example_dags/example_xcom.py took 0.090 seconds
[2023-04-22T23:40:15.066+0000] {processor.py:153} INFO - Started process (PID=190) to work on /home/airflow/.local/lib/python3.7/site-packages/airflow/example_dags/example_xcom.py
[2023-04-22T23:40:15.067+0000] {processor.py:743} INFO - Processing file /home/airflow/.local/lib/python3.7/site-packages/airflow/example_dags/example_xcom.py for tasks to queue
[2023-04-22T23:40:15.068+0000] {logging_mixin.py:137} INFO - [2023-04-22T23:40:15.068+0000] {dagbag.py:532} INFO - Filling up the DagBag from /home/airflow/.local/lib/python3.7/site-packages/airflow/example_dags/example_xcom.py
[2023-04-22T23:40:15.083+0000] {processor.py:753} INFO - DAG(s) dict_keys(['example_xcom']) retrieved from /home/airflow/.local/lib/python3.7/site-packages/airflow/example_dags/example_xcom.py
[2023-04-22T23:40:15.103+0000] {logging_mixin.py:137} INFO - [2023-04-22T23:40:15.103+0000] {dag.py:2705} INFO - Sync 1 DAGs
[2023-04-22T23:40:15.118+0000] {logging_mixin.py:137} INFO - [2023-04-22T23:40:15.118+0000] {dag.py:3456} INFO - Setting next_dagrun for example_xcom to 2021-01-01T00:00:00+00:00, run_after=2021-01-01T00:00:00+00:00
[2023-04-22T23:40:15.132+0000] {processor.py:175} INFO - Processing /home/airflow/.local/lib/python3.7/site-packages/airflow/example_dags/example_xcom.py took 0.068 seconds
[2023-04-22T23:40:45.612+0000] {processor.py:153} INFO - Started process (PID=241) to work on /home/airflow/.local/lib/python3.7/site-packages/airflow/example_dags/example_xcom.py
[2023-04-22T23:40:45.613+0000] {processor.py:743} INFO - Processing file /home/airflow/.local/lib/python3.7/site-packages/airflow/example_dags/example_xcom.py for tasks to queue
[2023-04-22T23:40:45.615+0000] {logging_mixin.py:137} INFO - [2023-04-22T23:40:45.615+0000] {dagbag.py:532} INFO - Filling up the DagBag from /home/airflow/.local/lib/python3.7/site-packages/airflow/example_dags/example_xcom.py
[2023-04-22T23:40:45.633+0000] {processor.py:753} INFO - DAG(s) dict_keys(['example_xcom']) retrieved from /home/airflow/.local/lib/python3.7/site-packages/airflow/example_dags/example_xcom.py
[2023-04-22T23:40:45.672+0000] {logging_mixin.py:137} INFO - [2023-04-22T23:40:45.671+0000] {dag.py:2705} INFO - Sync 1 DAGs
[2023-04-22T23:40:45.697+0000] {logging_mixin.py:137} INFO - [2023-04-22T23:40:45.697+0000] {dag.py:3456} INFO - Setting next_dagrun for example_xcom to 2021-01-01T00:00:00+00:00, run_after=2021-01-01T00:00:00+00:00
[2023-04-22T23:40:45.724+0000] {processor.py:175} INFO - Processing /home/airflow/.local/lib/python3.7/site-packages/airflow/example_dags/example_xcom.py took 0.115 seconds
[2023-04-22T23:41:16.389+0000] {processor.py:153} INFO - Started process (PID=292) to work on /home/airflow/.local/lib/python3.7/site-packages/airflow/example_dags/example_xcom.py
[2023-04-22T23:41:16.391+0000] {processor.py:743} INFO - Processing file /home/airflow/.local/lib/python3.7/site-packages/airflow/example_dags/example_xcom.py for tasks to queue
[2023-04-22T23:41:16.391+0000] {logging_mixin.py:137} INFO - [2023-04-22T23:41:16.391+0000] {dagbag.py:532} INFO - Filling up the DagBag from /home/airflow/.local/lib/python3.7/site-packages/airflow/example_dags/example_xcom.py
[2023-04-22T23:41:16.407+0000] {processor.py:753} INFO - DAG(s) dict_keys(['example_xcom']) retrieved from /home/airflow/.local/lib/python3.7/site-packages/airflow/example_dags/example_xcom.py
[2023-04-22T23:41:16.428+0000] {logging_mixin.py:137} INFO - [2023-04-22T23:41:16.428+0000] {dag.py:2705} INFO - Sync 1 DAGs
[2023-04-22T23:41:16.443+0000] {logging_mixin.py:137} INFO - [2023-04-22T23:41:16.443+0000] {dag.py:3456} INFO - Setting next_dagrun for example_xcom to 2021-01-01T00:00:00+00:00, run_after=2021-01-01T00:00:00+00:00
[2023-04-22T23:41:16.455+0000] {processor.py:175} INFO - Processing /home/airflow/.local/lib/python3.7/site-packages/airflow/example_dags/example_xcom.py took 0.069 seconds
[2023-04-22T23:41:46.622+0000] {processor.py:153} INFO - Started process (PID=343) to work on /home/airflow/.local/lib/python3.7/site-packages/airflow/example_dags/example_xcom.py
[2023-04-22T23:41:46.624+0000] {processor.py:743} INFO - Processing file /home/airflow/.local/lib/python3.7/site-packages/airflow/example_dags/example_xcom.py for tasks to queue
[2023-04-22T23:41:46.625+0000] {logging_mixin.py:137} INFO - [2023-04-22T23:41:46.625+0000] {dagbag.py:532} INFO - Filling up the DagBag from /home/airflow/.local/lib/python3.7/site-packages/airflow/example_dags/example_xcom.py
[2023-04-22T23:41:46.642+0000] {processor.py:753} INFO - DAG(s) dict_keys(['example_xcom']) retrieved from /home/airflow/.local/lib/python3.7/site-packages/airflow/example_dags/example_xcom.py
[2023-04-22T23:41:46.662+0000] {logging_mixin.py:137} INFO - [2023-04-22T23:41:46.662+0000] {dag.py:2705} INFO - Sync 1 DAGs
[2023-04-22T23:41:46.677+0000] {logging_mixin.py:137} INFO - [2023-04-22T23:41:46.677+0000] {dag.py:3456} INFO - Setting next_dagrun for example_xcom to 2021-01-01T00:00:00+00:00, run_after=2021-01-01T00:00:00+00:00
[2023-04-22T23:41:46.690+0000] {processor.py:175} INFO - Processing /home/airflow/.local/lib/python3.7/site-packages/airflow/example_dags/example_xcom.py took 0.071 seconds
[2023-04-22T23:42:17.150+0000] {processor.py:153} INFO - Started process (PID=394) to work on /home/airflow/.local/lib/python3.7/site-packages/airflow/example_dags/example_xcom.py
[2023-04-22T23:42:17.151+0000] {processor.py:743} INFO - Processing file /home/airflow/.local/lib/python3.7/site-packages/airflow/example_dags/example_xcom.py for tasks to queue
[2023-04-22T23:42:17.152+0000] {logging_mixin.py:137} INFO - [2023-04-22T23:42:17.152+0000] {dagbag.py:532} INFO - Filling up the DagBag from /home/airflow/.local/lib/python3.7/site-packages/airflow/example_dags/example_xcom.py
[2023-04-22T23:42:17.173+0000] {processor.py:753} INFO - DAG(s) dict_keys(['example_xcom']) retrieved from /home/airflow/.local/lib/python3.7/site-packages/airflow/example_dags/example_xcom.py
[2023-04-22T23:42:17.193+0000] {logging_mixin.py:137} INFO - [2023-04-22T23:42:17.193+0000] {dag.py:2705} INFO - Sync 1 DAGs
[2023-04-22T23:42:17.210+0000] {logging_mixin.py:137} INFO - [2023-04-22T23:42:17.210+0000] {dag.py:3456} INFO - Setting next_dagrun for example_xcom to 2021-01-01T00:00:00+00:00, run_after=2021-01-01T00:00:00+00:00
[2023-04-22T23:42:17.225+0000] {processor.py:175} INFO - Processing /home/airflow/.local/lib/python3.7/site-packages/airflow/example_dags/example_xcom.py took 0.078 seconds
[2023-04-22T23:43:05.757+0000] {processor.py:153} INFO - Started process (PID=37) to work on /home/airflow/.local/lib/python3.7/site-packages/airflow/example_dags/example_xcom.py
[2023-04-22T23:43:05.763+0000] {processor.py:743} INFO - Processing file /home/airflow/.local/lib/python3.7/site-packages/airflow/example_dags/example_xcom.py for tasks to queue
[2023-04-22T23:43:05.768+0000] {logging_mixin.py:137} INFO - [2023-04-22T23:43:05.768+0000] {dagbag.py:532} INFO - Filling up the DagBag from /home/airflow/.local/lib/python3.7/site-packages/airflow/example_dags/example_xcom.py
[2023-04-22T23:43:05.814+0000] {processor.py:753} INFO - DAG(s) dict_keys(['example_xcom']) retrieved from /home/airflow/.local/lib/python3.7/site-packages/airflow/example_dags/example_xcom.py
[2023-04-22T23:43:05.828+0000] {logging_mixin.py:137} INFO - [2023-04-22T23:43:05.827+0000] {dag.py:2705} INFO - Sync 1 DAGs
[2023-04-22T23:43:05.856+0000] {logging_mixin.py:137} INFO - [2023-04-22T23:43:05.856+0000] {dag.py:3456} INFO - Setting next_dagrun for example_xcom to 2021-01-01T00:00:00+00:00, run_after=2021-01-01T00:00:00+00:00
[2023-04-22T23:43:05.878+0000] {processor.py:175} INFO - Processing /home/airflow/.local/lib/python3.7/site-packages/airflow/example_dags/example_xcom.py took 0.130 seconds
[2023-04-22T23:43:36.595+0000] {processor.py:153} INFO - Started process (PID=88) to work on /home/airflow/.local/lib/python3.7/site-packages/airflow/example_dags/example_xcom.py
[2023-04-22T23:43:36.597+0000] {processor.py:743} INFO - Processing file /home/airflow/.local/lib/python3.7/site-packages/airflow/example_dags/example_xcom.py for tasks to queue
[2023-04-22T23:43:36.598+0000] {logging_mixin.py:137} INFO - [2023-04-22T23:43:36.598+0000] {dagbag.py:532} INFO - Filling up the DagBag from /home/airflow/.local/lib/python3.7/site-packages/airflow/example_dags/example_xcom.py
[2023-04-22T23:43:36.617+0000] {processor.py:753} INFO - DAG(s) dict_keys(['example_xcom']) retrieved from /home/airflow/.local/lib/python3.7/site-packages/airflow/example_dags/example_xcom.py
[2023-04-22T23:43:36.641+0000] {logging_mixin.py:137} INFO - [2023-04-22T23:43:36.641+0000] {dag.py:2705} INFO - Sync 1 DAGs
[2023-04-22T23:43:36.658+0000] {logging_mixin.py:137} INFO - [2023-04-22T23:43:36.658+0000] {dag.py:3456} INFO - Setting next_dagrun for example_xcom to 2021-01-01T00:00:00+00:00, run_after=2021-01-01T00:00:00+00:00
[2023-04-22T23:43:36.670+0000] {processor.py:175} INFO - Processing /home/airflow/.local/lib/python3.7/site-packages/airflow/example_dags/example_xcom.py took 0.078 seconds
[2023-04-22T23:44:29.449+0000] {processor.py:153} INFO - Started process (PID=37) to work on /home/airflow/.local/lib/python3.7/site-packages/airflow/example_dags/example_xcom.py
[2023-04-22T23:44:29.452+0000] {processor.py:743} INFO - Processing file /home/airflow/.local/lib/python3.7/site-packages/airflow/example_dags/example_xcom.py for tasks to queue
[2023-04-22T23:44:29.454+0000] {logging_mixin.py:137} INFO - [2023-04-22T23:44:29.454+0000] {dagbag.py:532} INFO - Filling up the DagBag from /home/airflow/.local/lib/python3.7/site-packages/airflow/example_dags/example_xcom.py
[2023-04-22T23:44:29.490+0000] {processor.py:753} INFO - DAG(s) dict_keys(['example_xcom']) retrieved from /home/airflow/.local/lib/python3.7/site-packages/airflow/example_dags/example_xcom.py
[2023-04-22T23:44:29.519+0000] {logging_mixin.py:137} INFO - [2023-04-22T23:44:29.519+0000] {dag.py:2705} INFO - Sync 1 DAGs
[2023-04-22T23:44:29.556+0000] {logging_mixin.py:137} INFO - [2023-04-22T23:44:29.556+0000] {dag.py:3456} INFO - Setting next_dagrun for example_xcom to 2021-01-01T00:00:00+00:00, run_after=2021-01-01T00:00:00+00:00
[2023-04-22T23:44:29.583+0000] {processor.py:175} INFO - Processing /home/airflow/.local/lib/python3.7/site-packages/airflow/example_dags/example_xcom.py took 0.142 seconds
[2023-04-22T23:46:53.370+0000] {processor.py:153} INFO - Started process (PID=38) to work on /home/airflow/.local/lib/python3.7/site-packages/airflow/example_dags/example_xcom.py
[2023-04-22T23:46:53.375+0000] {processor.py:743} INFO - Processing file /home/airflow/.local/lib/python3.7/site-packages/airflow/example_dags/example_xcom.py for tasks to queue
[2023-04-22T23:46:53.377+0000] {logging_mixin.py:137} INFO - [2023-04-22T23:46:53.377+0000] {dagbag.py:532} INFO - Filling up the DagBag from /home/airflow/.local/lib/python3.7/site-packages/airflow/example_dags/example_xcom.py
[2023-04-22T23:46:53.415+0000] {processor.py:753} INFO - DAG(s) dict_keys(['example_xcom']) retrieved from /home/airflow/.local/lib/python3.7/site-packages/airflow/example_dags/example_xcom.py
[2023-04-22T23:46:53.434+0000] {logging_mixin.py:137} INFO - [2023-04-22T23:46:53.434+0000] {dag.py:2705} INFO - Sync 1 DAGs
[2023-04-22T23:46:53.465+0000] {logging_mixin.py:137} INFO - [2023-04-22T23:46:53.464+0000] {dag.py:3456} INFO - Setting next_dagrun for example_xcom to 2021-01-01T00:00:00+00:00, run_after=2021-01-01T00:00:00+00:00
[2023-04-22T23:46:53.493+0000] {processor.py:175} INFO - Processing /home/airflow/.local/lib/python3.7/site-packages/airflow/example_dags/example_xcom.py took 0.129 seconds
[2023-04-22T23:47:23.764+0000] {processor.py:153} INFO - Started process (PID=89) to work on /home/airflow/.local/lib/python3.7/site-packages/airflow/example_dags/example_xcom.py
[2023-04-22T23:47:23.766+0000] {processor.py:743} INFO - Processing file /home/airflow/.local/lib/python3.7/site-packages/airflow/example_dags/example_xcom.py for tasks to queue
[2023-04-22T23:47:23.767+0000] {logging_mixin.py:137} INFO - [2023-04-22T23:47:23.767+0000] {dagbag.py:532} INFO - Filling up the DagBag from /home/airflow/.local/lib/python3.7/site-packages/airflow/example_dags/example_xcom.py
[2023-04-22T23:47:23.787+0000] {processor.py:753} INFO - DAG(s) dict_keys(['example_xcom']) retrieved from /home/airflow/.local/lib/python3.7/site-packages/airflow/example_dags/example_xcom.py
[2023-04-22T23:47:23.816+0000] {logging_mixin.py:137} INFO - [2023-04-22T23:47:23.816+0000] {dag.py:2705} INFO - Sync 1 DAGs
[2023-04-22T23:47:23.842+0000] {logging_mixin.py:137} INFO - [2023-04-22T23:47:23.842+0000] {dag.py:3456} INFO - Setting next_dagrun for example_xcom to 2021-01-01T00:00:00+00:00, run_after=2021-01-01T00:00:00+00:00
[2023-04-22T23:47:23.855+0000] {processor.py:175} INFO - Processing /home/airflow/.local/lib/python3.7/site-packages/airflow/example_dags/example_xcom.py took 0.093 seconds
[2023-04-22T23:47:54.417+0000] {processor.py:153} INFO - Started process (PID=140) to work on /home/airflow/.local/lib/python3.7/site-packages/airflow/example_dags/example_xcom.py
[2023-04-22T23:47:54.418+0000] {processor.py:743} INFO - Processing file /home/airflow/.local/lib/python3.7/site-packages/airflow/example_dags/example_xcom.py for tasks to queue
[2023-04-22T23:47:54.419+0000] {logging_mixin.py:137} INFO - [2023-04-22T23:47:54.419+0000] {dagbag.py:532} INFO - Filling up the DagBag from /home/airflow/.local/lib/python3.7/site-packages/airflow/example_dags/example_xcom.py
[2023-04-22T23:47:54.435+0000] {processor.py:753} INFO - DAG(s) dict_keys(['example_xcom']) retrieved from /home/airflow/.local/lib/python3.7/site-packages/airflow/example_dags/example_xcom.py
[2023-04-22T23:47:54.457+0000] {logging_mixin.py:137} INFO - [2023-04-22T23:47:54.457+0000] {dag.py:2705} INFO - Sync 1 DAGs
[2023-04-22T23:47:54.474+0000] {logging_mixin.py:137} INFO - [2023-04-22T23:47:54.474+0000] {dag.py:3456} INFO - Setting next_dagrun for example_xcom to 2021-01-01T00:00:00+00:00, run_after=2021-01-01T00:00:00+00:00
[2023-04-22T23:47:54.485+0000] {processor.py:175} INFO - Processing /home/airflow/.local/lib/python3.7/site-packages/airflow/example_dags/example_xcom.py took 0.071 seconds
[2023-04-22T23:48:24.837+0000] {processor.py:153} INFO - Started process (PID=191) to work on /home/airflow/.local/lib/python3.7/site-packages/airflow/example_dags/example_xcom.py
[2023-04-22T23:48:24.839+0000] {processor.py:743} INFO - Processing file /home/airflow/.local/lib/python3.7/site-packages/airflow/example_dags/example_xcom.py for tasks to queue
[2023-04-22T23:48:24.839+0000] {logging_mixin.py:137} INFO - [2023-04-22T23:48:24.839+0000] {dagbag.py:532} INFO - Filling up the DagBag from /home/airflow/.local/lib/python3.7/site-packages/airflow/example_dags/example_xcom.py
[2023-04-22T23:48:24.855+0000] {processor.py:753} INFO - DAG(s) dict_keys(['example_xcom']) retrieved from /home/airflow/.local/lib/python3.7/site-packages/airflow/example_dags/example_xcom.py
[2023-04-22T23:48:24.885+0000] {logging_mixin.py:137} INFO - [2023-04-22T23:48:24.885+0000] {dag.py:2705} INFO - Sync 1 DAGs
[2023-04-22T23:48:24.907+0000] {logging_mixin.py:137} INFO - [2023-04-22T23:48:24.907+0000] {dag.py:3456} INFO - Setting next_dagrun for example_xcom to 2021-01-01T00:00:00+00:00, run_after=2021-01-01T00:00:00+00:00
[2023-04-22T23:48:24.925+0000] {processor.py:175} INFO - Processing /home/airflow/.local/lib/python3.7/site-packages/airflow/example_dags/example_xcom.py took 0.090 seconds
[2023-04-22T23:48:55.277+0000] {processor.py:153} INFO - Started process (PID=242) to work on /home/airflow/.local/lib/python3.7/site-packages/airflow/example_dags/example_xcom.py
[2023-04-22T23:48:55.279+0000] {processor.py:743} INFO - Processing file /home/airflow/.local/lib/python3.7/site-packages/airflow/example_dags/example_xcom.py for tasks to queue
[2023-04-22T23:48:55.280+0000] {logging_mixin.py:137} INFO - [2023-04-22T23:48:55.280+0000] {dagbag.py:532} INFO - Filling up the DagBag from /home/airflow/.local/lib/python3.7/site-packages/airflow/example_dags/example_xcom.py
[2023-04-22T23:48:55.297+0000] {processor.py:753} INFO - DAG(s) dict_keys(['example_xcom']) retrieved from /home/airflow/.local/lib/python3.7/site-packages/airflow/example_dags/example_xcom.py
[2023-04-22T23:48:55.318+0000] {logging_mixin.py:137} INFO - [2023-04-22T23:48:55.318+0000] {dag.py:2705} INFO - Sync 1 DAGs
[2023-04-22T23:48:55.335+0000] {logging_mixin.py:137} INFO - [2023-04-22T23:48:55.335+0000] {dag.py:3456} INFO - Setting next_dagrun for example_xcom to 2021-01-01T00:00:00+00:00, run_after=2021-01-01T00:00:00+00:00
[2023-04-22T23:48:55.345+0000] {processor.py:175} INFO - Processing /home/airflow/.local/lib/python3.7/site-packages/airflow/example_dags/example_xcom.py took 0.073 seconds
[2023-04-22T23:49:25.806+0000] {processor.py:153} INFO - Started process (PID=293) to work on /home/airflow/.local/lib/python3.7/site-packages/airflow/example_dags/example_xcom.py
[2023-04-22T23:49:25.808+0000] {processor.py:743} INFO - Processing file /home/airflow/.local/lib/python3.7/site-packages/airflow/example_dags/example_xcom.py for tasks to queue
[2023-04-22T23:49:25.809+0000] {logging_mixin.py:137} INFO - [2023-04-22T23:49:25.809+0000] {dagbag.py:532} INFO - Filling up the DagBag from /home/airflow/.local/lib/python3.7/site-packages/airflow/example_dags/example_xcom.py
[2023-04-22T23:49:25.846+0000] {processor.py:753} INFO - DAG(s) dict_keys(['example_xcom']) retrieved from /home/airflow/.local/lib/python3.7/site-packages/airflow/example_dags/example_xcom.py
[2023-04-22T23:49:25.882+0000] {logging_mixin.py:137} INFO - [2023-04-22T23:49:25.882+0000] {dag.py:2705} INFO - Sync 1 DAGs
[2023-04-22T23:49:25.905+0000] {logging_mixin.py:137} INFO - [2023-04-22T23:49:25.905+0000] {dag.py:3456} INFO - Setting next_dagrun for example_xcom to 2021-01-01T00:00:00+00:00, run_after=2021-01-01T00:00:00+00:00
[2023-04-22T23:49:25.923+0000] {processor.py:175} INFO - Processing /home/airflow/.local/lib/python3.7/site-packages/airflow/example_dags/example_xcom.py took 0.122 seconds
[2023-04-22T23:49:56.632+0000] {processor.py:153} INFO - Started process (PID=345) to work on /home/airflow/.local/lib/python3.7/site-packages/airflow/example_dags/example_xcom.py
[2023-04-22T23:49:56.634+0000] {processor.py:743} INFO - Processing file /home/airflow/.local/lib/python3.7/site-packages/airflow/example_dags/example_xcom.py for tasks to queue
[2023-04-22T23:49:56.635+0000] {logging_mixin.py:137} INFO - [2023-04-22T23:49:56.635+0000] {dagbag.py:532} INFO - Filling up the DagBag from /home/airflow/.local/lib/python3.7/site-packages/airflow/example_dags/example_xcom.py
[2023-04-22T23:49:56.654+0000] {processor.py:753} INFO - DAG(s) dict_keys(['example_xcom']) retrieved from /home/airflow/.local/lib/python3.7/site-packages/airflow/example_dags/example_xcom.py
[2023-04-22T23:49:56.676+0000] {logging_mixin.py:137} INFO - [2023-04-22T23:49:56.675+0000] {dag.py:2705} INFO - Sync 1 DAGs
[2023-04-22T23:49:56.693+0000] {logging_mixin.py:137} INFO - [2023-04-22T23:49:56.693+0000] {dag.py:3456} INFO - Setting next_dagrun for example_xcom to 2021-01-01T00:00:00+00:00, run_after=2021-01-01T00:00:00+00:00
[2023-04-22T23:49:56.704+0000] {processor.py:175} INFO - Processing /home/airflow/.local/lib/python3.7/site-packages/airflow/example_dags/example_xcom.py took 0.078 seconds
[2023-04-22T23:50:27.311+0000] {processor.py:153} INFO - Started process (PID=397) to work on /home/airflow/.local/lib/python3.7/site-packages/airflow/example_dags/example_xcom.py
[2023-04-22T23:50:27.312+0000] {processor.py:743} INFO - Processing file /home/airflow/.local/lib/python3.7/site-packages/airflow/example_dags/example_xcom.py for tasks to queue
[2023-04-22T23:50:27.313+0000] {logging_mixin.py:137} INFO - [2023-04-22T23:50:27.313+0000] {dagbag.py:532} INFO - Filling up the DagBag from /home/airflow/.local/lib/python3.7/site-packages/airflow/example_dags/example_xcom.py
[2023-04-22T23:50:27.328+0000] {processor.py:753} INFO - DAG(s) dict_keys(['example_xcom']) retrieved from /home/airflow/.local/lib/python3.7/site-packages/airflow/example_dags/example_xcom.py
[2023-04-22T23:50:27.348+0000] {logging_mixin.py:137} INFO - [2023-04-22T23:50:27.348+0000] {dag.py:2705} INFO - Sync 1 DAGs
[2023-04-22T23:50:27.365+0000] {logging_mixin.py:137} INFO - [2023-04-22T23:50:27.364+0000] {dag.py:3456} INFO - Setting next_dagrun for example_xcom to 2021-01-01T00:00:00+00:00, run_after=2021-01-01T00:00:00+00:00
[2023-04-22T23:50:27.375+0000] {processor.py:175} INFO - Processing /home/airflow/.local/lib/python3.7/site-packages/airflow/example_dags/example_xcom.py took 0.067 seconds
