[2023-04-22T22:50:09.418+0000] {processor.py:153} INFO - Started process (PID=48) to work on /home/airflow/.local/lib/python3.7/site-packages/airflow/example_dags/example_latest_only.py
[2023-04-22T22:50:09.419+0000] {processor.py:743} INFO - Processing file /home/airflow/.local/lib/python3.7/site-packages/airflow/example_dags/example_latest_only.py for tasks to queue
[2023-04-22T22:50:09.422+0000] {logging_mixin.py:137} INFO - [2023-04-22T22:50:09.422+0000] {dagbag.py:532} INFO - Filling up the DagBag from /home/airflow/.local/lib/python3.7/site-packages/airflow/example_dags/example_latest_only.py
[2023-04-22T22:50:09.449+0000] {processor.py:753} INFO - DAG(s) dict_keys(['latest_only']) retrieved from /home/airflow/.local/lib/python3.7/site-packages/airflow/example_dags/example_latest_only.py
[2023-04-22T22:50:09.480+0000] {logging_mixin.py:137} INFO - [2023-04-22T22:50:09.479+0000] {dag.py:2705} INFO - Sync 1 DAGs
[2023-04-22T22:50:09.512+0000] {logging_mixin.py:137} INFO - [2023-04-22T22:50:09.511+0000] {dag.py:3456} INFO - Setting next_dagrun for latest_only to 2023-04-22T18:50:09.510871+00:00, run_after=2023-04-22T22:50:09.510871+00:00
[2023-04-22T22:50:09.613+0000] {processor.py:175} INFO - Processing /home/airflow/.local/lib/python3.7/site-packages/airflow/example_dags/example_latest_only.py took 0.206 seconds
[2023-04-22T22:50:39.811+0000] {processor.py:153} INFO - Started process (PID=99) to work on /home/airflow/.local/lib/python3.7/site-packages/airflow/example_dags/example_latest_only.py
[2023-04-22T22:50:39.814+0000] {processor.py:743} INFO - Processing file /home/airflow/.local/lib/python3.7/site-packages/airflow/example_dags/example_latest_only.py for tasks to queue
[2023-04-22T22:50:39.815+0000] {logging_mixin.py:137} INFO - [2023-04-22T22:50:39.815+0000] {dagbag.py:532} INFO - Filling up the DagBag from /home/airflow/.local/lib/python3.7/site-packages/airflow/example_dags/example_latest_only.py
[2023-04-22T22:50:39.832+0000] {processor.py:753} INFO - DAG(s) dict_keys(['latest_only']) retrieved from /home/airflow/.local/lib/python3.7/site-packages/airflow/example_dags/example_latest_only.py
[2023-04-22T22:50:39.861+0000] {logging_mixin.py:137} INFO - [2023-04-22T22:50:39.861+0000] {dag.py:2705} INFO - Sync 1 DAGs
[2023-04-22T22:50:39.885+0000] {logging_mixin.py:137} INFO - [2023-04-22T22:50:39.885+0000] {dag.py:3456} INFO - Setting next_dagrun for latest_only to 2023-04-22T18:50:39.885309+00:00, run_after=2023-04-22T22:50:39.885309+00:00
[2023-04-22T22:50:39.901+0000] {processor.py:175} INFO - Processing /home/airflow/.local/lib/python3.7/site-packages/airflow/example_dags/example_latest_only.py took 0.094 seconds
[2023-04-22T22:51:09.946+0000] {processor.py:153} INFO - Started process (PID=150) to work on /home/airflow/.local/lib/python3.7/site-packages/airflow/example_dags/example_latest_only.py
[2023-04-22T22:51:09.948+0000] {processor.py:743} INFO - Processing file /home/airflow/.local/lib/python3.7/site-packages/airflow/example_dags/example_latest_only.py for tasks to queue
[2023-04-22T22:51:09.949+0000] {logging_mixin.py:137} INFO - [2023-04-22T22:51:09.949+0000] {dagbag.py:532} INFO - Filling up the DagBag from /home/airflow/.local/lib/python3.7/site-packages/airflow/example_dags/example_latest_only.py
[2023-04-22T22:51:09.964+0000] {processor.py:753} INFO - DAG(s) dict_keys(['latest_only']) retrieved from /home/airflow/.local/lib/python3.7/site-packages/airflow/example_dags/example_latest_only.py
[2023-04-22T22:51:09.983+0000] {logging_mixin.py:137} INFO - [2023-04-22T22:51:09.983+0000] {dag.py:2705} INFO - Sync 1 DAGs
[2023-04-22T22:51:10.000+0000] {logging_mixin.py:137} INFO - [2023-04-22T22:51:10.000+0000] {dag.py:3456} INFO - Setting next_dagrun for latest_only to 2023-04-22T18:51:10.000358+00:00, run_after=2023-04-22T22:51:10.000358+00:00
[2023-04-22T22:51:10.013+0000] {processor.py:175} INFO - Processing /home/airflow/.local/lib/python3.7/site-packages/airflow/example_dags/example_latest_only.py took 0.069 seconds
[2023-04-22T22:51:40.295+0000] {processor.py:153} INFO - Started process (PID=200) to work on /home/airflow/.local/lib/python3.7/site-packages/airflow/example_dags/example_latest_only.py
[2023-04-22T22:51:40.296+0000] {processor.py:743} INFO - Processing file /home/airflow/.local/lib/python3.7/site-packages/airflow/example_dags/example_latest_only.py for tasks to queue
[2023-04-22T22:51:40.297+0000] {logging_mixin.py:137} INFO - [2023-04-22T22:51:40.297+0000] {dagbag.py:532} INFO - Filling up the DagBag from /home/airflow/.local/lib/python3.7/site-packages/airflow/example_dags/example_latest_only.py
[2023-04-22T22:51:40.307+0000] {processor.py:753} INFO - DAG(s) dict_keys(['latest_only']) retrieved from /home/airflow/.local/lib/python3.7/site-packages/airflow/example_dags/example_latest_only.py
[2023-04-22T22:51:40.325+0000] {logging_mixin.py:137} INFO - [2023-04-22T22:51:40.325+0000] {dag.py:2705} INFO - Sync 1 DAGs
[2023-04-22T22:51:40.339+0000] {logging_mixin.py:137} INFO - [2023-04-22T22:51:40.339+0000] {dag.py:3456} INFO - Setting next_dagrun for latest_only to 2023-04-22T18:51:40.339637+00:00, run_after=2023-04-22T22:51:40.339637+00:00
[2023-04-22T22:51:40.350+0000] {processor.py:175} INFO - Processing /home/airflow/.local/lib/python3.7/site-packages/airflow/example_dags/example_latest_only.py took 0.058 seconds
[2023-04-22T22:52:10.753+0000] {processor.py:153} INFO - Started process (PID=250) to work on /home/airflow/.local/lib/python3.7/site-packages/airflow/example_dags/example_latest_only.py
[2023-04-22T22:52:10.769+0000] {processor.py:743} INFO - Processing file /home/airflow/.local/lib/python3.7/site-packages/airflow/example_dags/example_latest_only.py for tasks to queue
[2023-04-22T22:52:10.777+0000] {logging_mixin.py:137} INFO - [2023-04-22T22:52:10.777+0000] {dagbag.py:532} INFO - Filling up the DagBag from /home/airflow/.local/lib/python3.7/site-packages/airflow/example_dags/example_latest_only.py
[2023-04-22T22:52:10.795+0000] {processor.py:753} INFO - DAG(s) dict_keys(['latest_only']) retrieved from /home/airflow/.local/lib/python3.7/site-packages/airflow/example_dags/example_latest_only.py
[2023-04-22T22:52:10.819+0000] {logging_mixin.py:137} INFO - [2023-04-22T22:52:10.819+0000] {dag.py:2705} INFO - Sync 1 DAGs
[2023-04-22T22:52:10.834+0000] {logging_mixin.py:137} INFO - [2023-04-22T22:52:10.834+0000] {dag.py:3456} INFO - Setting next_dagrun for latest_only to 2023-04-22T18:52:10.834456+00:00, run_after=2023-04-22T22:52:10.834456+00:00
[2023-04-22T22:52:10.845+0000] {processor.py:175} INFO - Processing /home/airflow/.local/lib/python3.7/site-packages/airflow/example_dags/example_latest_only.py took 0.098 seconds
[2023-04-22T22:52:41.147+0000] {processor.py:153} INFO - Started process (PID=301) to work on /home/airflow/.local/lib/python3.7/site-packages/airflow/example_dags/example_latest_only.py
[2023-04-22T22:52:41.148+0000] {processor.py:743} INFO - Processing file /home/airflow/.local/lib/python3.7/site-packages/airflow/example_dags/example_latest_only.py for tasks to queue
[2023-04-22T22:52:41.149+0000] {logging_mixin.py:137} INFO - [2023-04-22T22:52:41.149+0000] {dagbag.py:532} INFO - Filling up the DagBag from /home/airflow/.local/lib/python3.7/site-packages/airflow/example_dags/example_latest_only.py
[2023-04-22T22:52:41.159+0000] {processor.py:753} INFO - DAG(s) dict_keys(['latest_only']) retrieved from /home/airflow/.local/lib/python3.7/site-packages/airflow/example_dags/example_latest_only.py
[2023-04-22T22:52:41.176+0000] {logging_mixin.py:137} INFO - [2023-04-22T22:52:41.176+0000] {dag.py:2705} INFO - Sync 1 DAGs
[2023-04-22T22:52:41.192+0000] {logging_mixin.py:137} INFO - [2023-04-22T22:52:41.191+0000] {dag.py:3456} INFO - Setting next_dagrun for latest_only to 2023-04-22T18:52:41.191795+00:00, run_after=2023-04-22T22:52:41.191795+00:00
[2023-04-22T22:52:41.202+0000] {processor.py:175} INFO - Processing /home/airflow/.local/lib/python3.7/site-packages/airflow/example_dags/example_latest_only.py took 0.058 seconds
[2023-04-22T22:53:12.217+0000] {processor.py:153} INFO - Started process (PID=353) to work on /home/airflow/.local/lib/python3.7/site-packages/airflow/example_dags/example_latest_only.py
[2023-04-22T22:53:12.220+0000] {processor.py:743} INFO - Processing file /home/airflow/.local/lib/python3.7/site-packages/airflow/example_dags/example_latest_only.py for tasks to queue
[2023-04-22T22:53:12.222+0000] {logging_mixin.py:137} INFO - [2023-04-22T22:53:12.222+0000] {dagbag.py:532} INFO - Filling up the DagBag from /home/airflow/.local/lib/python3.7/site-packages/airflow/example_dags/example_latest_only.py
[2023-04-22T22:53:12.240+0000] {processor.py:753} INFO - DAG(s) dict_keys(['latest_only']) retrieved from /home/airflow/.local/lib/python3.7/site-packages/airflow/example_dags/example_latest_only.py
[2023-04-22T22:53:12.283+0000] {logging_mixin.py:137} INFO - [2023-04-22T22:53:12.283+0000] {dag.py:2705} INFO - Sync 1 DAGs
[2023-04-22T22:53:12.306+0000] {logging_mixin.py:137} INFO - [2023-04-22T22:53:12.306+0000] {dag.py:3456} INFO - Setting next_dagrun for latest_only to 2023-04-22T18:53:12.306358+00:00, run_after=2023-04-22T22:53:12.306358+00:00
[2023-04-22T22:53:12.319+0000] {processor.py:175} INFO - Processing /home/airflow/.local/lib/python3.7/site-packages/airflow/example_dags/example_latest_only.py took 0.106 seconds
[2023-04-22T22:53:43.023+0000] {processor.py:153} INFO - Started process (PID=404) to work on /home/airflow/.local/lib/python3.7/site-packages/airflow/example_dags/example_latest_only.py
[2023-04-22T22:53:43.024+0000] {processor.py:743} INFO - Processing file /home/airflow/.local/lib/python3.7/site-packages/airflow/example_dags/example_latest_only.py for tasks to queue
[2023-04-22T22:53:43.025+0000] {logging_mixin.py:137} INFO - [2023-04-22T22:53:43.025+0000] {dagbag.py:532} INFO - Filling up the DagBag from /home/airflow/.local/lib/python3.7/site-packages/airflow/example_dags/example_latest_only.py
[2023-04-22T22:53:43.036+0000] {processor.py:753} INFO - DAG(s) dict_keys(['latest_only']) retrieved from /home/airflow/.local/lib/python3.7/site-packages/airflow/example_dags/example_latest_only.py
[2023-04-22T22:53:43.057+0000] {logging_mixin.py:137} INFO - [2023-04-22T22:53:43.057+0000] {dag.py:2705} INFO - Sync 1 DAGs
[2023-04-22T22:53:43.081+0000] {logging_mixin.py:137} INFO - [2023-04-22T22:53:43.081+0000] {dag.py:3456} INFO - Setting next_dagrun for latest_only to 2023-04-22T18:53:43.081055+00:00, run_after=2023-04-22T22:53:43.081055+00:00
[2023-04-22T22:53:43.096+0000] {processor.py:175} INFO - Processing /home/airflow/.local/lib/python3.7/site-packages/airflow/example_dags/example_latest_only.py took 0.076 seconds
[2023-04-22T23:03:11.899+0000] {processor.py:153} INFO - Started process (PID=48) to work on /home/airflow/.local/lib/python3.7/site-packages/airflow/example_dags/example_latest_only.py
[2023-04-22T23:03:11.903+0000] {processor.py:743} INFO - Processing file /home/airflow/.local/lib/python3.7/site-packages/airflow/example_dags/example_latest_only.py for tasks to queue
[2023-04-22T23:03:11.908+0000] {logging_mixin.py:137} INFO - [2023-04-22T23:03:11.907+0000] {dagbag.py:532} INFO - Filling up the DagBag from /home/airflow/.local/lib/python3.7/site-packages/airflow/example_dags/example_latest_only.py
[2023-04-22T23:03:11.933+0000] {processor.py:753} INFO - DAG(s) dict_keys(['latest_only']) retrieved from /home/airflow/.local/lib/python3.7/site-packages/airflow/example_dags/example_latest_only.py
[2023-04-22T23:03:12.050+0000] {logging_mixin.py:137} INFO - [2023-04-22T23:03:12.049+0000] {manager.py:504} INFO - Created Permission View: can read on DAG:latest_only
[2023-04-22T23:03:12.081+0000] {logging_mixin.py:137} INFO - [2023-04-22T23:03:12.081+0000] {manager.py:504} INFO - Created Permission View: can delete on DAG:latest_only
[2023-04-22T23:03:12.097+0000] {logging_mixin.py:137} INFO - [2023-04-22T23:03:12.096+0000] {manager.py:504} INFO - Created Permission View: can edit on DAG:latest_only
[2023-04-22T23:03:12.098+0000] {logging_mixin.py:137} INFO - [2023-04-22T23:03:12.098+0000] {dag.py:2705} INFO - Sync 1 DAGs
[2023-04-22T23:03:12.135+0000] {logging_mixin.py:137} INFO - [2023-04-22T23:03:12.135+0000] {dag.py:2726} INFO - Creating ORM DAG for latest_only
[2023-04-22T23:03:12.182+0000] {logging_mixin.py:137} INFO - [2023-04-22T23:03:12.182+0000] {dag.py:3456} INFO - Setting next_dagrun for latest_only to 2023-04-22T19:03:12.182087+00:00, run_after=2023-04-22T23:03:12.182087+00:00
[2023-04-22T23:03:12.242+0000] {processor.py:175} INFO - Processing /home/airflow/.local/lib/python3.7/site-packages/airflow/example_dags/example_latest_only.py took 0.348 seconds
[2023-04-22T23:03:42.404+0000] {processor.py:153} INFO - Started process (PID=99) to work on /home/airflow/.local/lib/python3.7/site-packages/airflow/example_dags/example_latest_only.py
[2023-04-22T23:03:42.406+0000] {processor.py:743} INFO - Processing file /home/airflow/.local/lib/python3.7/site-packages/airflow/example_dags/example_latest_only.py for tasks to queue
[2023-04-22T23:03:42.407+0000] {logging_mixin.py:137} INFO - [2023-04-22T23:03:42.407+0000] {dagbag.py:532} INFO - Filling up the DagBag from /home/airflow/.local/lib/python3.7/site-packages/airflow/example_dags/example_latest_only.py
[2023-04-22T23:03:42.419+0000] {processor.py:753} INFO - DAG(s) dict_keys(['latest_only']) retrieved from /home/airflow/.local/lib/python3.7/site-packages/airflow/example_dags/example_latest_only.py
[2023-04-22T23:03:42.439+0000] {logging_mixin.py:137} INFO - [2023-04-22T23:03:42.439+0000] {dag.py:2705} INFO - Sync 1 DAGs
[2023-04-22T23:03:42.457+0000] {logging_mixin.py:137} INFO - [2023-04-22T23:03:42.457+0000] {dag.py:3456} INFO - Setting next_dagrun for latest_only to 2023-04-22T19:03:42.456941+00:00, run_after=2023-04-22T23:03:42.456941+00:00
[2023-04-22T23:03:42.468+0000] {processor.py:175} INFO - Processing /home/airflow/.local/lib/python3.7/site-packages/airflow/example_dags/example_latest_only.py took 0.066 seconds
[2023-04-22T23:04:12.951+0000] {processor.py:153} INFO - Started process (PID=150) to work on /home/airflow/.local/lib/python3.7/site-packages/airflow/example_dags/example_latest_only.py
[2023-04-22T23:04:12.953+0000] {processor.py:743} INFO - Processing file /home/airflow/.local/lib/python3.7/site-packages/airflow/example_dags/example_latest_only.py for tasks to queue
[2023-04-22T23:04:12.954+0000] {logging_mixin.py:137} INFO - [2023-04-22T23:04:12.953+0000] {dagbag.py:532} INFO - Filling up the DagBag from /home/airflow/.local/lib/python3.7/site-packages/airflow/example_dags/example_latest_only.py
[2023-04-22T23:04:12.966+0000] {processor.py:753} INFO - DAG(s) dict_keys(['latest_only']) retrieved from /home/airflow/.local/lib/python3.7/site-packages/airflow/example_dags/example_latest_only.py
[2023-04-22T23:04:12.986+0000] {logging_mixin.py:137} INFO - [2023-04-22T23:04:12.986+0000] {dag.py:2705} INFO - Sync 1 DAGs
[2023-04-22T23:04:13.003+0000] {logging_mixin.py:137} INFO - [2023-04-22T23:04:13.003+0000] {dag.py:3456} INFO - Setting next_dagrun for latest_only to 2023-04-22T19:04:13.003011+00:00, run_after=2023-04-22T23:04:13.003011+00:00
[2023-04-22T23:04:13.018+0000] {processor.py:175} INFO - Processing /home/airflow/.local/lib/python3.7/site-packages/airflow/example_dags/example_latest_only.py took 0.070 seconds
[2023-04-22T23:04:43.464+0000] {processor.py:153} INFO - Started process (PID=201) to work on /home/airflow/.local/lib/python3.7/site-packages/airflow/example_dags/example_latest_only.py
[2023-04-22T23:04:43.466+0000] {processor.py:743} INFO - Processing file /home/airflow/.local/lib/python3.7/site-packages/airflow/example_dags/example_latest_only.py for tasks to queue
[2023-04-22T23:04:43.467+0000] {logging_mixin.py:137} INFO - [2023-04-22T23:04:43.467+0000] {dagbag.py:532} INFO - Filling up the DagBag from /home/airflow/.local/lib/python3.7/site-packages/airflow/example_dags/example_latest_only.py
[2023-04-22T23:04:43.480+0000] {processor.py:753} INFO - DAG(s) dict_keys(['latest_only']) retrieved from /home/airflow/.local/lib/python3.7/site-packages/airflow/example_dags/example_latest_only.py
[2023-04-22T23:04:43.500+0000] {logging_mixin.py:137} INFO - [2023-04-22T23:04:43.500+0000] {dag.py:2705} INFO - Sync 1 DAGs
[2023-04-22T23:04:43.517+0000] {logging_mixin.py:137} INFO - [2023-04-22T23:04:43.516+0000] {dag.py:3456} INFO - Setting next_dagrun for latest_only to 2023-04-22T19:04:43.516791+00:00, run_after=2023-04-22T23:04:43.516791+00:00
[2023-04-22T23:04:43.529+0000] {processor.py:175} INFO - Processing /home/airflow/.local/lib/python3.7/site-packages/airflow/example_dags/example_latest_only.py took 0.069 seconds
[2023-04-22T23:05:14.136+0000] {processor.py:153} INFO - Started process (PID=252) to work on /home/airflow/.local/lib/python3.7/site-packages/airflow/example_dags/example_latest_only.py
[2023-04-22T23:05:14.137+0000] {processor.py:743} INFO - Processing file /home/airflow/.local/lib/python3.7/site-packages/airflow/example_dags/example_latest_only.py for tasks to queue
[2023-04-22T23:05:14.138+0000] {logging_mixin.py:137} INFO - [2023-04-22T23:05:14.138+0000] {dagbag.py:532} INFO - Filling up the DagBag from /home/airflow/.local/lib/python3.7/site-packages/airflow/example_dags/example_latest_only.py
[2023-04-22T23:05:14.148+0000] {processor.py:753} INFO - DAG(s) dict_keys(['latest_only']) retrieved from /home/airflow/.local/lib/python3.7/site-packages/airflow/example_dags/example_latest_only.py
[2023-04-22T23:05:14.167+0000] {logging_mixin.py:137} INFO - [2023-04-22T23:05:14.166+0000] {dag.py:2705} INFO - Sync 1 DAGs
[2023-04-22T23:05:14.182+0000] {logging_mixin.py:137} INFO - [2023-04-22T23:05:14.182+0000] {dag.py:3456} INFO - Setting next_dagrun for latest_only to 2023-04-22T19:05:14.182192+00:00, run_after=2023-04-22T23:05:14.182192+00:00
[2023-04-22T23:05:14.193+0000] {processor.py:175} INFO - Processing /home/airflow/.local/lib/python3.7/site-packages/airflow/example_dags/example_latest_only.py took 0.059 seconds
[2023-04-22T23:05:44.315+0000] {processor.py:153} INFO - Started process (PID=304) to work on /home/airflow/.local/lib/python3.7/site-packages/airflow/example_dags/example_latest_only.py
[2023-04-22T23:05:44.317+0000] {processor.py:743} INFO - Processing file /home/airflow/.local/lib/python3.7/site-packages/airflow/example_dags/example_latest_only.py for tasks to queue
[2023-04-22T23:05:44.319+0000] {logging_mixin.py:137} INFO - [2023-04-22T23:05:44.319+0000] {dagbag.py:532} INFO - Filling up the DagBag from /home/airflow/.local/lib/python3.7/site-packages/airflow/example_dags/example_latest_only.py
[2023-04-22T23:05:44.336+0000] {processor.py:753} INFO - DAG(s) dict_keys(['latest_only']) retrieved from /home/airflow/.local/lib/python3.7/site-packages/airflow/example_dags/example_latest_only.py
[2023-04-22T23:05:44.358+0000] {logging_mixin.py:137} INFO - [2023-04-22T23:05:44.358+0000] {dag.py:2705} INFO - Sync 1 DAGs
[2023-04-22T23:05:44.375+0000] {logging_mixin.py:137} INFO - [2023-04-22T23:05:44.375+0000] {dag.py:3456} INFO - Setting next_dagrun for latest_only to 2023-04-22T19:05:44.375064+00:00, run_after=2023-04-22T23:05:44.375064+00:00
[2023-04-22T23:05:44.387+0000] {processor.py:175} INFO - Processing /home/airflow/.local/lib/python3.7/site-packages/airflow/example_dags/example_latest_only.py took 0.075 seconds
[2023-04-22T23:06:14.449+0000] {processor.py:153} INFO - Started process (PID=355) to work on /home/airflow/.local/lib/python3.7/site-packages/airflow/example_dags/example_latest_only.py
[2023-04-22T23:06:14.451+0000] {processor.py:743} INFO - Processing file /home/airflow/.local/lib/python3.7/site-packages/airflow/example_dags/example_latest_only.py for tasks to queue
[2023-04-22T23:06:14.451+0000] {logging_mixin.py:137} INFO - [2023-04-22T23:06:14.451+0000] {dagbag.py:532} INFO - Filling up the DagBag from /home/airflow/.local/lib/python3.7/site-packages/airflow/example_dags/example_latest_only.py
[2023-04-22T23:06:14.460+0000] {processor.py:753} INFO - DAG(s) dict_keys(['latest_only']) retrieved from /home/airflow/.local/lib/python3.7/site-packages/airflow/example_dags/example_latest_only.py
[2023-04-22T23:06:14.479+0000] {logging_mixin.py:137} INFO - [2023-04-22T23:06:14.479+0000] {dag.py:2705} INFO - Sync 1 DAGs
[2023-04-22T23:06:14.494+0000] {logging_mixin.py:137} INFO - [2023-04-22T23:06:14.493+0000] {dag.py:3456} INFO - Setting next_dagrun for latest_only to 2023-04-22T19:06:14.493784+00:00, run_after=2023-04-22T23:06:14.493784+00:00
[2023-04-22T23:06:14.504+0000] {processor.py:175} INFO - Processing /home/airflow/.local/lib/python3.7/site-packages/airflow/example_dags/example_latest_only.py took 0.058 seconds
[2023-04-22T23:06:45.413+0000] {processor.py:153} INFO - Started process (PID=407) to work on /home/airflow/.local/lib/python3.7/site-packages/airflow/example_dags/example_latest_only.py
[2023-04-22T23:06:45.415+0000] {processor.py:743} INFO - Processing file /home/airflow/.local/lib/python3.7/site-packages/airflow/example_dags/example_latest_only.py for tasks to queue
[2023-04-22T23:06:45.415+0000] {logging_mixin.py:137} INFO - [2023-04-22T23:06:45.415+0000] {dagbag.py:532} INFO - Filling up the DagBag from /home/airflow/.local/lib/python3.7/site-packages/airflow/example_dags/example_latest_only.py
[2023-04-22T23:06:45.425+0000] {processor.py:753} INFO - DAG(s) dict_keys(['latest_only']) retrieved from /home/airflow/.local/lib/python3.7/site-packages/airflow/example_dags/example_latest_only.py
[2023-04-22T23:06:45.447+0000] {logging_mixin.py:137} INFO - [2023-04-22T23:06:45.447+0000] {dag.py:2705} INFO - Sync 1 DAGs
[2023-04-22T23:06:45.463+0000] {logging_mixin.py:137} INFO - [2023-04-22T23:06:45.463+0000] {dag.py:3456} INFO - Setting next_dagrun for latest_only to 2023-04-22T19:06:45.463325+00:00, run_after=2023-04-22T23:06:45.463325+00:00
[2023-04-22T23:06:45.474+0000] {processor.py:175} INFO - Processing /home/airflow/.local/lib/python3.7/site-packages/airflow/example_dags/example_latest_only.py took 0.064 seconds
[2023-04-22T23:12:36.157+0000] {processor.py:153} INFO - Started process (PID=48) to work on /home/airflow/.local/lib/python3.7/site-packages/airflow/example_dags/example_latest_only.py
[2023-04-22T23:12:36.163+0000] {processor.py:743} INFO - Processing file /home/airflow/.local/lib/python3.7/site-packages/airflow/example_dags/example_latest_only.py for tasks to queue
[2023-04-22T23:12:36.171+0000] {logging_mixin.py:137} INFO - [2023-04-22T23:12:36.171+0000] {dagbag.py:532} INFO - Filling up the DagBag from /home/airflow/.local/lib/python3.7/site-packages/airflow/example_dags/example_latest_only.py
[2023-04-22T23:12:36.218+0000] {processor.py:753} INFO - DAG(s) dict_keys(['latest_only']) retrieved from /home/airflow/.local/lib/python3.7/site-packages/airflow/example_dags/example_latest_only.py
[2023-04-22T23:12:36.434+0000] {logging_mixin.py:137} INFO - [2023-04-22T23:12:36.434+0000] {manager.py:504} INFO - Created Permission View: can edit on DAG:latest_only
[2023-04-22T23:12:36.451+0000] {logging_mixin.py:137} INFO - [2023-04-22T23:12:36.451+0000] {manager.py:504} INFO - Created Permission View: can read on DAG:latest_only
[2023-04-22T23:12:36.465+0000] {logging_mixin.py:137} INFO - [2023-04-22T23:12:36.465+0000] {manager.py:504} INFO - Created Permission View: can delete on DAG:latest_only
[2023-04-22T23:12:36.469+0000] {logging_mixin.py:137} INFO - [2023-04-22T23:12:36.467+0000] {dag.py:2705} INFO - Sync 1 DAGs
[2023-04-22T23:12:36.508+0000] {logging_mixin.py:137} INFO - [2023-04-22T23:12:36.507+0000] {dag.py:2726} INFO - Creating ORM DAG for latest_only
[2023-04-22T23:12:36.550+0000] {logging_mixin.py:137} INFO - [2023-04-22T23:12:36.550+0000] {dag.py:3456} INFO - Setting next_dagrun for latest_only to 2023-04-22T19:12:36.550287+00:00, run_after=2023-04-22T23:12:36.550287+00:00
[2023-04-22T23:12:36.637+0000] {processor.py:175} INFO - Processing /home/airflow/.local/lib/python3.7/site-packages/airflow/example_dags/example_latest_only.py took 0.486 seconds
[2023-04-22T23:13:07.117+0000] {processor.py:153} INFO - Started process (PID=99) to work on /home/airflow/.local/lib/python3.7/site-packages/airflow/example_dags/example_latest_only.py
[2023-04-22T23:13:07.119+0000] {processor.py:743} INFO - Processing file /home/airflow/.local/lib/python3.7/site-packages/airflow/example_dags/example_latest_only.py for tasks to queue
[2023-04-22T23:13:07.119+0000] {logging_mixin.py:137} INFO - [2023-04-22T23:13:07.119+0000] {dagbag.py:532} INFO - Filling up the DagBag from /home/airflow/.local/lib/python3.7/site-packages/airflow/example_dags/example_latest_only.py
[2023-04-22T23:13:07.130+0000] {processor.py:753} INFO - DAG(s) dict_keys(['latest_only']) retrieved from /home/airflow/.local/lib/python3.7/site-packages/airflow/example_dags/example_latest_only.py
[2023-04-22T23:13:07.150+0000] {logging_mixin.py:137} INFO - [2023-04-22T23:13:07.150+0000] {dag.py:2705} INFO - Sync 1 DAGs
[2023-04-22T23:13:07.166+0000] {logging_mixin.py:137} INFO - [2023-04-22T23:13:07.166+0000] {dag.py:3456} INFO - Setting next_dagrun for latest_only to 2023-04-22T19:13:07.166448+00:00, run_after=2023-04-22T23:13:07.166448+00:00
[2023-04-22T23:13:07.178+0000] {processor.py:175} INFO - Processing /home/airflow/.local/lib/python3.7/site-packages/airflow/example_dags/example_latest_only.py took 0.064 seconds
[2023-04-22T23:13:37.570+0000] {processor.py:153} INFO - Started process (PID=150) to work on /home/airflow/.local/lib/python3.7/site-packages/airflow/example_dags/example_latest_only.py
[2023-04-22T23:13:37.571+0000] {processor.py:743} INFO - Processing file /home/airflow/.local/lib/python3.7/site-packages/airflow/example_dags/example_latest_only.py for tasks to queue
[2023-04-22T23:13:37.572+0000] {logging_mixin.py:137} INFO - [2023-04-22T23:13:37.572+0000] {dagbag.py:532} INFO - Filling up the DagBag from /home/airflow/.local/lib/python3.7/site-packages/airflow/example_dags/example_latest_only.py
[2023-04-22T23:13:37.582+0000] {processor.py:753} INFO - DAG(s) dict_keys(['latest_only']) retrieved from /home/airflow/.local/lib/python3.7/site-packages/airflow/example_dags/example_latest_only.py
[2023-04-22T23:13:37.603+0000] {logging_mixin.py:137} INFO - [2023-04-22T23:13:37.602+0000] {dag.py:2705} INFO - Sync 1 DAGs
[2023-04-22T23:13:37.619+0000] {logging_mixin.py:137} INFO - [2023-04-22T23:13:37.619+0000] {dag.py:3456} INFO - Setting next_dagrun for latest_only to 2023-04-22T19:13:37.619589+00:00, run_after=2023-04-22T23:13:37.619589+00:00
[2023-04-22T23:13:37.631+0000] {processor.py:175} INFO - Processing /home/airflow/.local/lib/python3.7/site-packages/airflow/example_dags/example_latest_only.py took 0.064 seconds
[2023-04-22T23:14:07.958+0000] {processor.py:153} INFO - Started process (PID=202) to work on /home/airflow/.local/lib/python3.7/site-packages/airflow/example_dags/example_latest_only.py
[2023-04-22T23:14:07.959+0000] {processor.py:743} INFO - Processing file /home/airflow/.local/lib/python3.7/site-packages/airflow/example_dags/example_latest_only.py for tasks to queue
[2023-04-22T23:14:07.960+0000] {logging_mixin.py:137} INFO - [2023-04-22T23:14:07.960+0000] {dagbag.py:532} INFO - Filling up the DagBag from /home/airflow/.local/lib/python3.7/site-packages/airflow/example_dags/example_latest_only.py
[2023-04-22T23:14:07.969+0000] {processor.py:753} INFO - DAG(s) dict_keys(['latest_only']) retrieved from /home/airflow/.local/lib/python3.7/site-packages/airflow/example_dags/example_latest_only.py
[2023-04-22T23:14:07.988+0000] {logging_mixin.py:137} INFO - [2023-04-22T23:14:07.988+0000] {dag.py:2705} INFO - Sync 1 DAGs
[2023-04-22T23:14:08.004+0000] {logging_mixin.py:137} INFO - [2023-04-22T23:14:08.004+0000] {dag.py:3456} INFO - Setting next_dagrun for latest_only to 2023-04-22T19:14:08.004122+00:00, run_after=2023-04-22T23:14:08.004122+00:00
[2023-04-22T23:14:08.015+0000] {processor.py:175} INFO - Processing /home/airflow/.local/lib/python3.7/site-packages/airflow/example_dags/example_latest_only.py took 0.060 seconds
[2023-04-22T23:14:38.319+0000] {processor.py:153} INFO - Started process (PID=253) to work on /home/airflow/.local/lib/python3.7/site-packages/airflow/example_dags/example_latest_only.py
[2023-04-22T23:14:38.320+0000] {processor.py:743} INFO - Processing file /home/airflow/.local/lib/python3.7/site-packages/airflow/example_dags/example_latest_only.py for tasks to queue
[2023-04-22T23:14:38.322+0000] {logging_mixin.py:137} INFO - [2023-04-22T23:14:38.321+0000] {dagbag.py:532} INFO - Filling up the DagBag from /home/airflow/.local/lib/python3.7/site-packages/airflow/example_dags/example_latest_only.py
[2023-04-22T23:14:38.332+0000] {processor.py:753} INFO - DAG(s) dict_keys(['latest_only']) retrieved from /home/airflow/.local/lib/python3.7/site-packages/airflow/example_dags/example_latest_only.py
[2023-04-22T23:14:38.352+0000] {logging_mixin.py:137} INFO - [2023-04-22T23:14:38.352+0000] {dag.py:2705} INFO - Sync 1 DAGs
[2023-04-22T23:14:38.368+0000] {logging_mixin.py:137} INFO - [2023-04-22T23:14:38.367+0000] {dag.py:3456} INFO - Setting next_dagrun for latest_only to 2023-04-22T19:14:38.367774+00:00, run_after=2023-04-22T23:14:38.367774+00:00
[2023-04-22T23:14:38.379+0000] {processor.py:175} INFO - Processing /home/airflow/.local/lib/python3.7/site-packages/airflow/example_dags/example_latest_only.py took 0.064 seconds
[2023-04-22T23:15:08.776+0000] {processor.py:153} INFO - Started process (PID=303) to work on /home/airflow/.local/lib/python3.7/site-packages/airflow/example_dags/example_latest_only.py
[2023-04-22T23:15:08.777+0000] {processor.py:743} INFO - Processing file /home/airflow/.local/lib/python3.7/site-packages/airflow/example_dags/example_latest_only.py for tasks to queue
[2023-04-22T23:15:08.777+0000] {logging_mixin.py:137} INFO - [2023-04-22T23:15:08.777+0000] {dagbag.py:532} INFO - Filling up the DagBag from /home/airflow/.local/lib/python3.7/site-packages/airflow/example_dags/example_latest_only.py
[2023-04-22T23:15:08.787+0000] {processor.py:753} INFO - DAG(s) dict_keys(['latest_only']) retrieved from /home/airflow/.local/lib/python3.7/site-packages/airflow/example_dags/example_latest_only.py
[2023-04-22T23:15:08.806+0000] {logging_mixin.py:137} INFO - [2023-04-22T23:15:08.806+0000] {dag.py:2705} INFO - Sync 1 DAGs
[2023-04-22T23:15:08.823+0000] {logging_mixin.py:137} INFO - [2023-04-22T23:15:08.823+0000] {dag.py:3456} INFO - Setting next_dagrun for latest_only to 2023-04-22T19:15:08.823079+00:00, run_after=2023-04-22T23:15:08.823079+00:00
[2023-04-22T23:15:08.834+0000] {processor.py:175} INFO - Processing /home/airflow/.local/lib/python3.7/site-packages/airflow/example_dags/example_latest_only.py took 0.062 seconds
[2023-04-22T23:15:39.251+0000] {processor.py:153} INFO - Started process (PID=354) to work on /home/airflow/.local/lib/python3.7/site-packages/airflow/example_dags/example_latest_only.py
[2023-04-22T23:15:39.253+0000] {processor.py:743} INFO - Processing file /home/airflow/.local/lib/python3.7/site-packages/airflow/example_dags/example_latest_only.py for tasks to queue
[2023-04-22T23:15:39.253+0000] {logging_mixin.py:137} INFO - [2023-04-22T23:15:39.253+0000] {dagbag.py:532} INFO - Filling up the DagBag from /home/airflow/.local/lib/python3.7/site-packages/airflow/example_dags/example_latest_only.py
[2023-04-22T23:15:39.262+0000] {processor.py:753} INFO - DAG(s) dict_keys(['latest_only']) retrieved from /home/airflow/.local/lib/python3.7/site-packages/airflow/example_dags/example_latest_only.py
[2023-04-22T23:15:39.281+0000] {logging_mixin.py:137} INFO - [2023-04-22T23:15:39.281+0000] {dag.py:2705} INFO - Sync 1 DAGs
[2023-04-22T23:15:39.298+0000] {logging_mixin.py:137} INFO - [2023-04-22T23:15:39.298+0000] {dag.py:3456} INFO - Setting next_dagrun for latest_only to 2023-04-22T19:15:39.297825+00:00, run_after=2023-04-22T23:15:39.297825+00:00
[2023-04-22T23:15:39.309+0000] {processor.py:175} INFO - Processing /home/airflow/.local/lib/python3.7/site-packages/airflow/example_dags/example_latest_only.py took 0.060 seconds
[2023-04-22T23:16:09.893+0000] {processor.py:153} INFO - Started process (PID=405) to work on /home/airflow/.local/lib/python3.7/site-packages/airflow/example_dags/example_latest_only.py
[2023-04-22T23:16:09.894+0000] {processor.py:743} INFO - Processing file /home/airflow/.local/lib/python3.7/site-packages/airflow/example_dags/example_latest_only.py for tasks to queue
[2023-04-22T23:16:09.895+0000] {logging_mixin.py:137} INFO - [2023-04-22T23:16:09.895+0000] {dagbag.py:532} INFO - Filling up the DagBag from /home/airflow/.local/lib/python3.7/site-packages/airflow/example_dags/example_latest_only.py
[2023-04-22T23:16:09.904+0000] {processor.py:753} INFO - DAG(s) dict_keys(['latest_only']) retrieved from /home/airflow/.local/lib/python3.7/site-packages/airflow/example_dags/example_latest_only.py
[2023-04-22T23:16:09.924+0000] {logging_mixin.py:137} INFO - [2023-04-22T23:16:09.924+0000] {dag.py:2705} INFO - Sync 1 DAGs
[2023-04-22T23:16:09.940+0000] {logging_mixin.py:137} INFO - [2023-04-22T23:16:09.940+0000] {dag.py:3456} INFO - Setting next_dagrun for latest_only to 2023-04-22T19:16:09.940001+00:00, run_after=2023-04-22T23:16:09.940001+00:00
[2023-04-22T23:16:09.951+0000] {processor.py:175} INFO - Processing /home/airflow/.local/lib/python3.7/site-packages/airflow/example_dags/example_latest_only.py took 0.061 seconds
[2023-04-22T23:16:40.126+0000] {processor.py:153} INFO - Started process (PID=456) to work on /home/airflow/.local/lib/python3.7/site-packages/airflow/example_dags/example_latest_only.py
[2023-04-22T23:16:40.127+0000] {processor.py:743} INFO - Processing file /home/airflow/.local/lib/python3.7/site-packages/airflow/example_dags/example_latest_only.py for tasks to queue
[2023-04-22T23:16:40.128+0000] {logging_mixin.py:137} INFO - [2023-04-22T23:16:40.128+0000] {dagbag.py:532} INFO - Filling up the DagBag from /home/airflow/.local/lib/python3.7/site-packages/airflow/example_dags/example_latest_only.py
[2023-04-22T23:16:40.137+0000] {processor.py:753} INFO - DAG(s) dict_keys(['latest_only']) retrieved from /home/airflow/.local/lib/python3.7/site-packages/airflow/example_dags/example_latest_only.py
[2023-04-22T23:16:40.156+0000] {logging_mixin.py:137} INFO - [2023-04-22T23:16:40.156+0000] {dag.py:2705} INFO - Sync 1 DAGs
[2023-04-22T23:16:40.171+0000] {logging_mixin.py:137} INFO - [2023-04-22T23:16:40.171+0000] {dag.py:3456} INFO - Setting next_dagrun for latest_only to 2023-04-22T19:16:40.171076+00:00, run_after=2023-04-22T23:16:40.171076+00:00
[2023-04-22T23:16:40.182+0000] {processor.py:175} INFO - Processing /home/airflow/.local/lib/python3.7/site-packages/airflow/example_dags/example_latest_only.py took 0.059 seconds
[2023-04-22T23:17:10.440+0000] {processor.py:153} INFO - Started process (PID=507) to work on /home/airflow/.local/lib/python3.7/site-packages/airflow/example_dags/example_latest_only.py
[2023-04-22T23:17:10.442+0000] {processor.py:743} INFO - Processing file /home/airflow/.local/lib/python3.7/site-packages/airflow/example_dags/example_latest_only.py for tasks to queue
[2023-04-22T23:17:10.443+0000] {logging_mixin.py:137} INFO - [2023-04-22T23:17:10.443+0000] {dagbag.py:532} INFO - Filling up the DagBag from /home/airflow/.local/lib/python3.7/site-packages/airflow/example_dags/example_latest_only.py
[2023-04-22T23:17:10.461+0000] {processor.py:753} INFO - DAG(s) dict_keys(['latest_only']) retrieved from /home/airflow/.local/lib/python3.7/site-packages/airflow/example_dags/example_latest_only.py
[2023-04-22T23:17:10.501+0000] {logging_mixin.py:137} INFO - [2023-04-22T23:17:10.501+0000] {dag.py:2705} INFO - Sync 1 DAGs
[2023-04-22T23:17:10.533+0000] {logging_mixin.py:137} INFO - [2023-04-22T23:17:10.533+0000] {dag.py:3456} INFO - Setting next_dagrun for latest_only to 2023-04-22T19:17:10.532647+00:00, run_after=2023-04-22T23:17:10.532647+00:00
[2023-04-22T23:17:10.557+0000] {processor.py:175} INFO - Processing /home/airflow/.local/lib/python3.7/site-packages/airflow/example_dags/example_latest_only.py took 0.121 seconds
[2023-04-22T23:17:41.314+0000] {processor.py:153} INFO - Started process (PID=558) to work on /home/airflow/.local/lib/python3.7/site-packages/airflow/example_dags/example_latest_only.py
[2023-04-22T23:17:41.316+0000] {processor.py:743} INFO - Processing file /home/airflow/.local/lib/python3.7/site-packages/airflow/example_dags/example_latest_only.py for tasks to queue
[2023-04-22T23:17:41.317+0000] {logging_mixin.py:137} INFO - [2023-04-22T23:17:41.317+0000] {dagbag.py:532} INFO - Filling up the DagBag from /home/airflow/.local/lib/python3.7/site-packages/airflow/example_dags/example_latest_only.py
[2023-04-22T23:17:41.330+0000] {processor.py:753} INFO - DAG(s) dict_keys(['latest_only']) retrieved from /home/airflow/.local/lib/python3.7/site-packages/airflow/example_dags/example_latest_only.py
[2023-04-22T23:17:41.365+0000] {logging_mixin.py:137} INFO - [2023-04-22T23:17:41.365+0000] {dag.py:2705} INFO - Sync 1 DAGs
[2023-04-22T23:17:41.396+0000] {logging_mixin.py:137} INFO - [2023-04-22T23:17:41.396+0000] {dag.py:3456} INFO - Setting next_dagrun for latest_only to 2023-04-22T19:17:41.395565+00:00, run_after=2023-04-22T23:17:41.395565+00:00
[2023-04-22T23:17:41.423+0000] {processor.py:175} INFO - Processing /home/airflow/.local/lib/python3.7/site-packages/airflow/example_dags/example_latest_only.py took 0.112 seconds
[2023-04-22T23:18:11.787+0000] {processor.py:153} INFO - Started process (PID=609) to work on /home/airflow/.local/lib/python3.7/site-packages/airflow/example_dags/example_latest_only.py
[2023-04-22T23:18:11.789+0000] {processor.py:743} INFO - Processing file /home/airflow/.local/lib/python3.7/site-packages/airflow/example_dags/example_latest_only.py for tasks to queue
[2023-04-22T23:18:11.790+0000] {logging_mixin.py:137} INFO - [2023-04-22T23:18:11.790+0000] {dagbag.py:532} INFO - Filling up the DagBag from /home/airflow/.local/lib/python3.7/site-packages/airflow/example_dags/example_latest_only.py
[2023-04-22T23:18:11.800+0000] {processor.py:753} INFO - DAG(s) dict_keys(['latest_only']) retrieved from /home/airflow/.local/lib/python3.7/site-packages/airflow/example_dags/example_latest_only.py
[2023-04-22T23:18:11.824+0000] {logging_mixin.py:137} INFO - [2023-04-22T23:18:11.824+0000] {dag.py:2705} INFO - Sync 1 DAGs
[2023-04-22T23:18:11.846+0000] {logging_mixin.py:137} INFO - [2023-04-22T23:18:11.846+0000] {dag.py:3456} INFO - Setting next_dagrun for latest_only to 2023-04-22T19:18:11.846372+00:00, run_after=2023-04-22T23:18:11.846372+00:00
[2023-04-22T23:18:11.857+0000] {processor.py:175} INFO - Processing /home/airflow/.local/lib/python3.7/site-packages/airflow/example_dags/example_latest_only.py took 0.072 seconds
[2023-04-22T23:19:29.407+0000] {processor.py:153} INFO - Started process (PID=48) to work on /home/airflow/.local/lib/python3.7/site-packages/airflow/example_dags/example_latest_only.py
[2023-04-22T23:19:29.409+0000] {processor.py:743} INFO - Processing file /home/airflow/.local/lib/python3.7/site-packages/airflow/example_dags/example_latest_only.py for tasks to queue
[2023-04-22T23:19:29.421+0000] {logging_mixin.py:137} INFO - [2023-04-22T23:19:29.421+0000] {dagbag.py:532} INFO - Filling up the DagBag from /home/airflow/.local/lib/python3.7/site-packages/airflow/example_dags/example_latest_only.py
[2023-04-22T23:19:29.465+0000] {processor.py:753} INFO - DAG(s) dict_keys(['latest_only']) retrieved from /home/airflow/.local/lib/python3.7/site-packages/airflow/example_dags/example_latest_only.py
[2023-04-22T23:19:29.487+0000] {logging_mixin.py:137} INFO - [2023-04-22T23:19:29.486+0000] {dag.py:2705} INFO - Sync 1 DAGs
[2023-04-22T23:19:29.554+0000] {logging_mixin.py:137} INFO - [2023-04-22T23:19:29.554+0000] {dag.py:3456} INFO - Setting next_dagrun for latest_only to 2023-04-22T19:19:29.554530+00:00, run_after=2023-04-22T23:19:29.554530+00:00
[2023-04-22T23:19:29.595+0000] {processor.py:175} INFO - Processing /home/airflow/.local/lib/python3.7/site-packages/airflow/example_dags/example_latest_only.py took 0.191 seconds
[2023-04-22T23:20:00.527+0000] {processor.py:153} INFO - Started process (PID=99) to work on /home/airflow/.local/lib/python3.7/site-packages/airflow/example_dags/example_latest_only.py
[2023-04-22T23:20:00.529+0000] {processor.py:743} INFO - Processing file /home/airflow/.local/lib/python3.7/site-packages/airflow/example_dags/example_latest_only.py for tasks to queue
[2023-04-22T23:20:00.530+0000] {logging_mixin.py:137} INFO - [2023-04-22T23:20:00.530+0000] {dagbag.py:532} INFO - Filling up the DagBag from /home/airflow/.local/lib/python3.7/site-packages/airflow/example_dags/example_latest_only.py
[2023-04-22T23:20:00.545+0000] {processor.py:753} INFO - DAG(s) dict_keys(['latest_only']) retrieved from /home/airflow/.local/lib/python3.7/site-packages/airflow/example_dags/example_latest_only.py
[2023-04-22T23:20:00.568+0000] {logging_mixin.py:137} INFO - [2023-04-22T23:20:00.568+0000] {dag.py:2705} INFO - Sync 1 DAGs
[2023-04-22T23:20:00.584+0000] {logging_mixin.py:137} INFO - [2023-04-22T23:20:00.584+0000] {dag.py:3456} INFO - Setting next_dagrun for latest_only to 2023-04-22T19:20:00.584279+00:00, run_after=2023-04-22T23:20:00.584279+00:00
[2023-04-22T23:20:00.596+0000] {processor.py:175} INFO - Processing /home/airflow/.local/lib/python3.7/site-packages/airflow/example_dags/example_latest_only.py took 0.075 seconds
[2023-04-22T23:20:30.823+0000] {processor.py:153} INFO - Started process (PID=150) to work on /home/airflow/.local/lib/python3.7/site-packages/airflow/example_dags/example_latest_only.py
[2023-04-22T23:20:30.826+0000] {processor.py:743} INFO - Processing file /home/airflow/.local/lib/python3.7/site-packages/airflow/example_dags/example_latest_only.py for tasks to queue
[2023-04-22T23:20:30.827+0000] {logging_mixin.py:137} INFO - [2023-04-22T23:20:30.827+0000] {dagbag.py:532} INFO - Filling up the DagBag from /home/airflow/.local/lib/python3.7/site-packages/airflow/example_dags/example_latest_only.py
[2023-04-22T23:20:30.845+0000] {processor.py:753} INFO - DAG(s) dict_keys(['latest_only']) retrieved from /home/airflow/.local/lib/python3.7/site-packages/airflow/example_dags/example_latest_only.py
[2023-04-22T23:20:30.877+0000] {logging_mixin.py:137} INFO - [2023-04-22T23:20:30.877+0000] {dag.py:2705} INFO - Sync 1 DAGs
[2023-04-22T23:20:30.894+0000] {logging_mixin.py:137} INFO - [2023-04-22T23:20:30.894+0000] {dag.py:3456} INFO - Setting next_dagrun for latest_only to 2023-04-22T19:20:30.894464+00:00, run_after=2023-04-22T23:20:30.894464+00:00
[2023-04-22T23:20:30.905+0000] {processor.py:175} INFO - Processing /home/airflow/.local/lib/python3.7/site-packages/airflow/example_dags/example_latest_only.py took 0.088 seconds
[2023-04-22T23:21:01.949+0000] {processor.py:153} INFO - Started process (PID=201) to work on /home/airflow/.local/lib/python3.7/site-packages/airflow/example_dags/example_latest_only.py
[2023-04-22T23:21:01.952+0000] {processor.py:743} INFO - Processing file /home/airflow/.local/lib/python3.7/site-packages/airflow/example_dags/example_latest_only.py for tasks to queue
[2023-04-22T23:21:01.954+0000] {logging_mixin.py:137} INFO - [2023-04-22T23:21:01.953+0000] {dagbag.py:532} INFO - Filling up the DagBag from /home/airflow/.local/lib/python3.7/site-packages/airflow/example_dags/example_latest_only.py
[2023-04-22T23:21:01.973+0000] {processor.py:753} INFO - DAG(s) dict_keys(['latest_only']) retrieved from /home/airflow/.local/lib/python3.7/site-packages/airflow/example_dags/example_latest_only.py
[2023-04-22T23:21:02.010+0000] {logging_mixin.py:137} INFO - [2023-04-22T23:21:02.010+0000] {dag.py:2705} INFO - Sync 1 DAGs
[2023-04-22T23:21:02.033+0000] {logging_mixin.py:137} INFO - [2023-04-22T23:21:02.033+0000] {dag.py:3456} INFO - Setting next_dagrun for latest_only to 2023-04-22T19:21:02.033053+00:00, run_after=2023-04-22T23:21:02.033053+00:00
[2023-04-22T23:21:02.047+0000] {processor.py:175} INFO - Processing /home/airflow/.local/lib/python3.7/site-packages/airflow/example_dags/example_latest_only.py took 0.107 seconds
[2023-04-22T23:21:32.135+0000] {processor.py:153} INFO - Started process (PID=252) to work on /home/airflow/.local/lib/python3.7/site-packages/airflow/example_dags/example_latest_only.py
[2023-04-22T23:21:32.138+0000] {processor.py:743} INFO - Processing file /home/airflow/.local/lib/python3.7/site-packages/airflow/example_dags/example_latest_only.py for tasks to queue
[2023-04-22T23:21:32.139+0000] {logging_mixin.py:137} INFO - [2023-04-22T23:21:32.139+0000] {dagbag.py:532} INFO - Filling up the DagBag from /home/airflow/.local/lib/python3.7/site-packages/airflow/example_dags/example_latest_only.py
[2023-04-22T23:21:32.165+0000] {processor.py:753} INFO - DAG(s) dict_keys(['latest_only']) retrieved from /home/airflow/.local/lib/python3.7/site-packages/airflow/example_dags/example_latest_only.py
[2023-04-22T23:21:32.189+0000] {logging_mixin.py:137} INFO - [2023-04-22T23:21:32.189+0000] {dag.py:2705} INFO - Sync 1 DAGs
[2023-04-22T23:21:32.206+0000] {logging_mixin.py:137} INFO - [2023-04-22T23:21:32.206+0000] {dag.py:3456} INFO - Setting next_dagrun for latest_only to 2023-04-22T19:21:32.205969+00:00, run_after=2023-04-22T23:21:32.205969+00:00
[2023-04-22T23:21:32.217+0000] {processor.py:175} INFO - Processing /home/airflow/.local/lib/python3.7/site-packages/airflow/example_dags/example_latest_only.py took 0.090 seconds
[2023-04-22T23:22:02.642+0000] {processor.py:153} INFO - Started process (PID=303) to work on /home/airflow/.local/lib/python3.7/site-packages/airflow/example_dags/example_latest_only.py
[2023-04-22T23:22:02.644+0000] {processor.py:743} INFO - Processing file /home/airflow/.local/lib/python3.7/site-packages/airflow/example_dags/example_latest_only.py for tasks to queue
[2023-04-22T23:22:02.646+0000] {logging_mixin.py:137} INFO - [2023-04-22T23:22:02.646+0000] {dagbag.py:532} INFO - Filling up the DagBag from /home/airflow/.local/lib/python3.7/site-packages/airflow/example_dags/example_latest_only.py
[2023-04-22T23:22:02.681+0000] {processor.py:753} INFO - DAG(s) dict_keys(['latest_only']) retrieved from /home/airflow/.local/lib/python3.7/site-packages/airflow/example_dags/example_latest_only.py
[2023-04-22T23:22:02.710+0000] {logging_mixin.py:137} INFO - [2023-04-22T23:22:02.710+0000] {dag.py:2705} INFO - Sync 1 DAGs
[2023-04-22T23:22:02.730+0000] {logging_mixin.py:137} INFO - [2023-04-22T23:22:02.730+0000] {dag.py:3456} INFO - Setting next_dagrun for latest_only to 2023-04-22T19:22:02.730082+00:00, run_after=2023-04-22T23:22:02.730082+00:00
[2023-04-22T23:22:02.743+0000] {processor.py:175} INFO - Processing /home/airflow/.local/lib/python3.7/site-packages/airflow/example_dags/example_latest_only.py took 0.114 seconds
[2023-04-22T23:22:33.797+0000] {processor.py:153} INFO - Started process (PID=355) to work on /home/airflow/.local/lib/python3.7/site-packages/airflow/example_dags/example_latest_only.py
[2023-04-22T23:22:33.800+0000] {processor.py:743} INFO - Processing file /home/airflow/.local/lib/python3.7/site-packages/airflow/example_dags/example_latest_only.py for tasks to queue
[2023-04-22T23:22:33.801+0000] {logging_mixin.py:137} INFO - [2023-04-22T23:22:33.801+0000] {dagbag.py:532} INFO - Filling up the DagBag from /home/airflow/.local/lib/python3.7/site-packages/airflow/example_dags/example_latest_only.py
[2023-04-22T23:22:33.823+0000] {processor.py:753} INFO - DAG(s) dict_keys(['latest_only']) retrieved from /home/airflow/.local/lib/python3.7/site-packages/airflow/example_dags/example_latest_only.py
[2023-04-22T23:22:33.849+0000] {logging_mixin.py:137} INFO - [2023-04-22T23:22:33.848+0000] {dag.py:2705} INFO - Sync 1 DAGs
[2023-04-22T23:22:33.867+0000] {logging_mixin.py:137} INFO - [2023-04-22T23:22:33.867+0000] {dag.py:3456} INFO - Setting next_dagrun for latest_only to 2023-04-22T19:22:33.867526+00:00, run_after=2023-04-22T23:22:33.867526+00:00
[2023-04-22T23:22:33.883+0000] {processor.py:175} INFO - Processing /home/airflow/.local/lib/python3.7/site-packages/airflow/example_dags/example_latest_only.py took 0.094 seconds
[2023-04-22T23:23:04.252+0000] {processor.py:153} INFO - Started process (PID=405) to work on /home/airflow/.local/lib/python3.7/site-packages/airflow/example_dags/example_latest_only.py
[2023-04-22T23:23:04.255+0000] {processor.py:743} INFO - Processing file /home/airflow/.local/lib/python3.7/site-packages/airflow/example_dags/example_latest_only.py for tasks to queue
[2023-04-22T23:23:04.260+0000] {logging_mixin.py:137} INFO - [2023-04-22T23:23:04.259+0000] {dagbag.py:532} INFO - Filling up the DagBag from /home/airflow/.local/lib/python3.7/site-packages/airflow/example_dags/example_latest_only.py
[2023-04-22T23:23:04.299+0000] {processor.py:753} INFO - DAG(s) dict_keys(['latest_only']) retrieved from /home/airflow/.local/lib/python3.7/site-packages/airflow/example_dags/example_latest_only.py
[2023-04-22T23:23:04.345+0000] {logging_mixin.py:137} INFO - [2023-04-22T23:23:04.345+0000] {dag.py:2705} INFO - Sync 1 DAGs
[2023-04-22T23:23:04.428+0000] {logging_mixin.py:137} INFO - [2023-04-22T23:23:04.427+0000] {dag.py:3456} INFO - Setting next_dagrun for latest_only to 2023-04-22T19:23:04.426420+00:00, run_after=2023-04-22T23:23:04.426420+00:00
[2023-04-22T23:23:04.460+0000] {processor.py:175} INFO - Processing /home/airflow/.local/lib/python3.7/site-packages/airflow/example_dags/example_latest_only.py took 0.220 seconds
[2023-04-22T23:23:34.552+0000] {processor.py:153} INFO - Started process (PID=456) to work on /home/airflow/.local/lib/python3.7/site-packages/airflow/example_dags/example_latest_only.py
[2023-04-22T23:23:34.554+0000] {processor.py:743} INFO - Processing file /home/airflow/.local/lib/python3.7/site-packages/airflow/example_dags/example_latest_only.py for tasks to queue
[2023-04-22T23:23:34.555+0000] {logging_mixin.py:137} INFO - [2023-04-22T23:23:34.555+0000] {dagbag.py:532} INFO - Filling up the DagBag from /home/airflow/.local/lib/python3.7/site-packages/airflow/example_dags/example_latest_only.py
[2023-04-22T23:23:34.571+0000] {processor.py:753} INFO - DAG(s) dict_keys(['latest_only']) retrieved from /home/airflow/.local/lib/python3.7/site-packages/airflow/example_dags/example_latest_only.py
[2023-04-22T23:23:34.593+0000] {logging_mixin.py:137} INFO - [2023-04-22T23:23:34.593+0000] {dag.py:2705} INFO - Sync 1 DAGs
[2023-04-22T23:23:34.611+0000] {logging_mixin.py:137} INFO - [2023-04-22T23:23:34.611+0000] {dag.py:3456} INFO - Setting next_dagrun for latest_only to 2023-04-22T19:23:34.611144+00:00, run_after=2023-04-22T23:23:34.611144+00:00
[2023-04-22T23:23:34.625+0000] {processor.py:175} INFO - Processing /home/airflow/.local/lib/python3.7/site-packages/airflow/example_dags/example_latest_only.py took 0.078 seconds
[2023-04-22T23:24:04.743+0000] {processor.py:153} INFO - Started process (PID=507) to work on /home/airflow/.local/lib/python3.7/site-packages/airflow/example_dags/example_latest_only.py
[2023-04-22T23:24:04.745+0000] {processor.py:743} INFO - Processing file /home/airflow/.local/lib/python3.7/site-packages/airflow/example_dags/example_latest_only.py for tasks to queue
[2023-04-22T23:24:04.746+0000] {logging_mixin.py:137} INFO - [2023-04-22T23:24:04.746+0000] {dagbag.py:532} INFO - Filling up the DagBag from /home/airflow/.local/lib/python3.7/site-packages/airflow/example_dags/example_latest_only.py
[2023-04-22T23:24:04.761+0000] {processor.py:753} INFO - DAG(s) dict_keys(['latest_only']) retrieved from /home/airflow/.local/lib/python3.7/site-packages/airflow/example_dags/example_latest_only.py
[2023-04-22T23:24:04.785+0000] {logging_mixin.py:137} INFO - [2023-04-22T23:24:04.785+0000] {dag.py:2705} INFO - Sync 1 DAGs
[2023-04-22T23:24:04.803+0000] {logging_mixin.py:137} INFO - [2023-04-22T23:24:04.803+0000] {dag.py:3456} INFO - Setting next_dagrun for latest_only to 2023-04-22T19:24:04.803381+00:00, run_after=2023-04-22T23:24:04.803381+00:00
[2023-04-22T23:24:04.815+0000] {processor.py:175} INFO - Processing /home/airflow/.local/lib/python3.7/site-packages/airflow/example_dags/example_latest_only.py took 0.079 seconds
[2023-04-22T23:24:34.905+0000] {processor.py:153} INFO - Started process (PID=558) to work on /home/airflow/.local/lib/python3.7/site-packages/airflow/example_dags/example_latest_only.py
[2023-04-22T23:24:34.908+0000] {processor.py:743} INFO - Processing file /home/airflow/.local/lib/python3.7/site-packages/airflow/example_dags/example_latest_only.py for tasks to queue
[2023-04-22T23:24:34.909+0000] {logging_mixin.py:137} INFO - [2023-04-22T23:24:34.909+0000] {dagbag.py:532} INFO - Filling up the DagBag from /home/airflow/.local/lib/python3.7/site-packages/airflow/example_dags/example_latest_only.py
[2023-04-22T23:24:34.926+0000] {processor.py:753} INFO - DAG(s) dict_keys(['latest_only']) retrieved from /home/airflow/.local/lib/python3.7/site-packages/airflow/example_dags/example_latest_only.py
[2023-04-22T23:24:34.950+0000] {logging_mixin.py:137} INFO - [2023-04-22T23:24:34.950+0000] {dag.py:2705} INFO - Sync 1 DAGs
[2023-04-22T23:24:34.966+0000] {logging_mixin.py:137} INFO - [2023-04-22T23:24:34.966+0000] {dag.py:3456} INFO - Setting next_dagrun for latest_only to 2023-04-22T19:24:34.966442+00:00, run_after=2023-04-22T23:24:34.966442+00:00
[2023-04-22T23:24:34.978+0000] {processor.py:175} INFO - Processing /home/airflow/.local/lib/python3.7/site-packages/airflow/example_dags/example_latest_only.py took 0.083 seconds
[2023-04-22T23:25:05.175+0000] {processor.py:153} INFO - Started process (PID=609) to work on /home/airflow/.local/lib/python3.7/site-packages/airflow/example_dags/example_latest_only.py
[2023-04-22T23:25:05.178+0000] {processor.py:743} INFO - Processing file /home/airflow/.local/lib/python3.7/site-packages/airflow/example_dags/example_latest_only.py for tasks to queue
[2023-04-22T23:25:05.179+0000] {logging_mixin.py:137} INFO - [2023-04-22T23:25:05.179+0000] {dagbag.py:532} INFO - Filling up the DagBag from /home/airflow/.local/lib/python3.7/site-packages/airflow/example_dags/example_latest_only.py
[2023-04-22T23:25:05.201+0000] {processor.py:753} INFO - DAG(s) dict_keys(['latest_only']) retrieved from /home/airflow/.local/lib/python3.7/site-packages/airflow/example_dags/example_latest_only.py
[2023-04-22T23:25:05.245+0000] {logging_mixin.py:137} INFO - [2023-04-22T23:25:05.245+0000] {dag.py:2705} INFO - Sync 1 DAGs
[2023-04-22T23:25:05.286+0000] {logging_mixin.py:137} INFO - [2023-04-22T23:25:05.286+0000] {dag.py:3456} INFO - Setting next_dagrun for latest_only to 2023-04-22T19:25:05.285737+00:00, run_after=2023-04-22T23:25:05.285737+00:00
[2023-04-22T23:25:05.304+0000] {processor.py:175} INFO - Processing /home/airflow/.local/lib/python3.7/site-packages/airflow/example_dags/example_latest_only.py took 0.136 seconds
[2023-04-22T23:25:35.725+0000] {processor.py:153} INFO - Started process (PID=661) to work on /home/airflow/.local/lib/python3.7/site-packages/airflow/example_dags/example_latest_only.py
[2023-04-22T23:25:35.728+0000] {processor.py:743} INFO - Processing file /home/airflow/.local/lib/python3.7/site-packages/airflow/example_dags/example_latest_only.py for tasks to queue
[2023-04-22T23:25:35.730+0000] {logging_mixin.py:137} INFO - [2023-04-22T23:25:35.730+0000] {dagbag.py:532} INFO - Filling up the DagBag from /home/airflow/.local/lib/python3.7/site-packages/airflow/example_dags/example_latest_only.py
[2023-04-22T23:25:35.752+0000] {processor.py:753} INFO - DAG(s) dict_keys(['latest_only']) retrieved from /home/airflow/.local/lib/python3.7/site-packages/airflow/example_dags/example_latest_only.py
[2023-04-22T23:25:35.781+0000] {logging_mixin.py:137} INFO - [2023-04-22T23:25:35.781+0000] {dag.py:2705} INFO - Sync 1 DAGs
[2023-04-22T23:25:35.800+0000] {logging_mixin.py:137} INFO - [2023-04-22T23:25:35.800+0000] {dag.py:3456} INFO - Setting next_dagrun for latest_only to 2023-04-22T19:25:35.800274+00:00, run_after=2023-04-22T23:25:35.800274+00:00
[2023-04-22T23:25:35.813+0000] {processor.py:175} INFO - Processing /home/airflow/.local/lib/python3.7/site-packages/airflow/example_dags/example_latest_only.py took 0.095 seconds
[2023-04-22T23:26:06.090+0000] {processor.py:153} INFO - Started process (PID=712) to work on /home/airflow/.local/lib/python3.7/site-packages/airflow/example_dags/example_latest_only.py
[2023-04-22T23:26:06.093+0000] {processor.py:743} INFO - Processing file /home/airflow/.local/lib/python3.7/site-packages/airflow/example_dags/example_latest_only.py for tasks to queue
[2023-04-22T23:26:06.095+0000] {logging_mixin.py:137} INFO - [2023-04-22T23:26:06.094+0000] {dagbag.py:532} INFO - Filling up the DagBag from /home/airflow/.local/lib/python3.7/site-packages/airflow/example_dags/example_latest_only.py
[2023-04-22T23:26:06.111+0000] {processor.py:753} INFO - DAG(s) dict_keys(['latest_only']) retrieved from /home/airflow/.local/lib/python3.7/site-packages/airflow/example_dags/example_latest_only.py
[2023-04-22T23:26:06.135+0000] {logging_mixin.py:137} INFO - [2023-04-22T23:26:06.135+0000] {dag.py:2705} INFO - Sync 1 DAGs
[2023-04-22T23:26:06.152+0000] {logging_mixin.py:137} INFO - [2023-04-22T23:26:06.152+0000] {dag.py:3456} INFO - Setting next_dagrun for latest_only to 2023-04-22T19:26:06.152185+00:00, run_after=2023-04-22T23:26:06.152185+00:00
[2023-04-22T23:26:06.164+0000] {processor.py:175} INFO - Processing /home/airflow/.local/lib/python3.7/site-packages/airflow/example_dags/example_latest_only.py took 0.081 seconds
[2023-04-22T23:26:36.500+0000] {processor.py:153} INFO - Started process (PID=762) to work on /home/airflow/.local/lib/python3.7/site-packages/airflow/example_dags/example_latest_only.py
[2023-04-22T23:26:36.503+0000] {processor.py:743} INFO - Processing file /home/airflow/.local/lib/python3.7/site-packages/airflow/example_dags/example_latest_only.py for tasks to queue
[2023-04-22T23:26:36.504+0000] {logging_mixin.py:137} INFO - [2023-04-22T23:26:36.504+0000] {dagbag.py:532} INFO - Filling up the DagBag from /home/airflow/.local/lib/python3.7/site-packages/airflow/example_dags/example_latest_only.py
[2023-04-22T23:26:36.521+0000] {processor.py:753} INFO - DAG(s) dict_keys(['latest_only']) retrieved from /home/airflow/.local/lib/python3.7/site-packages/airflow/example_dags/example_latest_only.py
[2023-04-22T23:26:36.545+0000] {logging_mixin.py:137} INFO - [2023-04-22T23:26:36.545+0000] {dag.py:2705} INFO - Sync 1 DAGs
[2023-04-22T23:26:36.562+0000] {logging_mixin.py:137} INFO - [2023-04-22T23:26:36.562+0000] {dag.py:3456} INFO - Setting next_dagrun for latest_only to 2023-04-22T19:26:36.562388+00:00, run_after=2023-04-22T23:26:36.562388+00:00
[2023-04-22T23:26:36.575+0000] {processor.py:175} INFO - Processing /home/airflow/.local/lib/python3.7/site-packages/airflow/example_dags/example_latest_only.py took 0.082 seconds
[2023-04-22T23:27:07.241+0000] {processor.py:153} INFO - Started process (PID=813) to work on /home/airflow/.local/lib/python3.7/site-packages/airflow/example_dags/example_latest_only.py
[2023-04-22T23:27:07.243+0000] {processor.py:743} INFO - Processing file /home/airflow/.local/lib/python3.7/site-packages/airflow/example_dags/example_latest_only.py for tasks to queue
[2023-04-22T23:27:07.245+0000] {logging_mixin.py:137} INFO - [2023-04-22T23:27:07.245+0000] {dagbag.py:532} INFO - Filling up the DagBag from /home/airflow/.local/lib/python3.7/site-packages/airflow/example_dags/example_latest_only.py
[2023-04-22T23:27:07.261+0000] {processor.py:753} INFO - DAG(s) dict_keys(['latest_only']) retrieved from /home/airflow/.local/lib/python3.7/site-packages/airflow/example_dags/example_latest_only.py
[2023-04-22T23:27:07.285+0000] {logging_mixin.py:137} INFO - [2023-04-22T23:27:07.285+0000] {dag.py:2705} INFO - Sync 1 DAGs
[2023-04-22T23:27:07.302+0000] {logging_mixin.py:137} INFO - [2023-04-22T23:27:07.302+0000] {dag.py:3456} INFO - Setting next_dagrun for latest_only to 2023-04-22T19:27:07.302105+00:00, run_after=2023-04-22T23:27:07.302105+00:00
[2023-04-22T23:27:07.313+0000] {processor.py:175} INFO - Processing /home/airflow/.local/lib/python3.7/site-packages/airflow/example_dags/example_latest_only.py took 0.079 seconds
[2023-04-22T23:27:37.786+0000] {processor.py:153} INFO - Started process (PID=865) to work on /home/airflow/.local/lib/python3.7/site-packages/airflow/example_dags/example_latest_only.py
[2023-04-22T23:27:37.788+0000] {processor.py:743} INFO - Processing file /home/airflow/.local/lib/python3.7/site-packages/airflow/example_dags/example_latest_only.py for tasks to queue
[2023-04-22T23:27:37.790+0000] {logging_mixin.py:137} INFO - [2023-04-22T23:27:37.790+0000] {dagbag.py:532} INFO - Filling up the DagBag from /home/airflow/.local/lib/python3.7/site-packages/airflow/example_dags/example_latest_only.py
[2023-04-22T23:27:37.805+0000] {processor.py:753} INFO - DAG(s) dict_keys(['latest_only']) retrieved from /home/airflow/.local/lib/python3.7/site-packages/airflow/example_dags/example_latest_only.py
[2023-04-22T23:27:37.827+0000] {logging_mixin.py:137} INFO - [2023-04-22T23:27:37.827+0000] {dag.py:2705} INFO - Sync 1 DAGs
[2023-04-22T23:27:37.843+0000] {logging_mixin.py:137} INFO - [2023-04-22T23:27:37.843+0000] {dag.py:3456} INFO - Setting next_dagrun for latest_only to 2023-04-22T19:27:37.842967+00:00, run_after=2023-04-22T23:27:37.842967+00:00
[2023-04-22T23:27:37.854+0000] {processor.py:175} INFO - Processing /home/airflow/.local/lib/python3.7/site-packages/airflow/example_dags/example_latest_only.py took 0.074 seconds
[2023-04-22T23:29:54.404+0000] {processor.py:153} INFO - Started process (PID=47) to work on /home/airflow/.local/lib/python3.7/site-packages/airflow/example_dags/example_latest_only.py
[2023-04-22T23:29:54.406+0000] {processor.py:743} INFO - Processing file /home/airflow/.local/lib/python3.7/site-packages/airflow/example_dags/example_latest_only.py for tasks to queue
[2023-04-22T23:29:54.407+0000] {logging_mixin.py:137} INFO - [2023-04-22T23:29:54.407+0000] {dagbag.py:532} INFO - Filling up the DagBag from /home/airflow/.local/lib/python3.7/site-packages/airflow/example_dags/example_latest_only.py
[2023-04-22T23:29:54.433+0000] {processor.py:753} INFO - DAG(s) dict_keys(['latest_only']) retrieved from /home/airflow/.local/lib/python3.7/site-packages/airflow/example_dags/example_latest_only.py
[2023-04-22T23:29:54.458+0000] {logging_mixin.py:137} INFO - [2023-04-22T23:29:54.457+0000] {dag.py:2705} INFO - Sync 1 DAGs
[2023-04-22T23:29:54.512+0000] {logging_mixin.py:137} INFO - [2023-04-22T23:29:54.512+0000] {dag.py:3456} INFO - Setting next_dagrun for latest_only to 2023-04-22T19:29:54.511830+00:00, run_after=2023-04-22T23:29:54.511830+00:00
[2023-04-22T23:29:54.546+0000] {processor.py:175} INFO - Processing /home/airflow/.local/lib/python3.7/site-packages/airflow/example_dags/example_latest_only.py took 0.148 seconds
[2023-04-22T23:30:25.167+0000] {processor.py:153} INFO - Started process (PID=97) to work on /home/airflow/.local/lib/python3.7/site-packages/airflow/example_dags/example_latest_only.py
[2023-04-22T23:30:25.169+0000] {processor.py:743} INFO - Processing file /home/airflow/.local/lib/python3.7/site-packages/airflow/example_dags/example_latest_only.py for tasks to queue
[2023-04-22T23:30:25.170+0000] {logging_mixin.py:137} INFO - [2023-04-22T23:30:25.170+0000] {dagbag.py:532} INFO - Filling up the DagBag from /home/airflow/.local/lib/python3.7/site-packages/airflow/example_dags/example_latest_only.py
[2023-04-22T23:30:25.181+0000] {processor.py:753} INFO - DAG(s) dict_keys(['latest_only']) retrieved from /home/airflow/.local/lib/python3.7/site-packages/airflow/example_dags/example_latest_only.py
[2023-04-22T23:30:25.213+0000] {logging_mixin.py:137} INFO - [2023-04-22T23:30:25.213+0000] {dag.py:2705} INFO - Sync 1 DAGs
[2023-04-22T23:30:25.233+0000] {logging_mixin.py:137} INFO - [2023-04-22T23:30:25.233+0000] {dag.py:3456} INFO - Setting next_dagrun for latest_only to 2023-04-22T19:30:25.233356+00:00, run_after=2023-04-22T23:30:25.233356+00:00
[2023-04-22T23:30:25.246+0000] {processor.py:175} INFO - Processing /home/airflow/.local/lib/python3.7/site-packages/airflow/example_dags/example_latest_only.py took 0.083 seconds
[2023-04-22T23:30:55.620+0000] {processor.py:153} INFO - Started process (PID=148) to work on /home/airflow/.local/lib/python3.7/site-packages/airflow/example_dags/example_latest_only.py
[2023-04-22T23:30:55.621+0000] {processor.py:743} INFO - Processing file /home/airflow/.local/lib/python3.7/site-packages/airflow/example_dags/example_latest_only.py for tasks to queue
[2023-04-22T23:30:55.622+0000] {logging_mixin.py:137} INFO - [2023-04-22T23:30:55.622+0000] {dagbag.py:532} INFO - Filling up the DagBag from /home/airflow/.local/lib/python3.7/site-packages/airflow/example_dags/example_latest_only.py
[2023-04-22T23:30:55.632+0000] {processor.py:753} INFO - DAG(s) dict_keys(['latest_only']) retrieved from /home/airflow/.local/lib/python3.7/site-packages/airflow/example_dags/example_latest_only.py
[2023-04-22T23:30:55.652+0000] {logging_mixin.py:137} INFO - [2023-04-22T23:30:55.652+0000] {dag.py:2705} INFO - Sync 1 DAGs
[2023-04-22T23:30:55.676+0000] {logging_mixin.py:137} INFO - [2023-04-22T23:30:55.676+0000] {dag.py:3456} INFO - Setting next_dagrun for latest_only to 2023-04-22T19:30:55.676353+00:00, run_after=2023-04-22T23:30:55.676353+00:00
[2023-04-22T23:30:55.689+0000] {processor.py:175} INFO - Processing /home/airflow/.local/lib/python3.7/site-packages/airflow/example_dags/example_latest_only.py took 0.072 seconds
[2023-04-22T23:31:26.364+0000] {processor.py:153} INFO - Started process (PID=199) to work on /home/airflow/.local/lib/python3.7/site-packages/airflow/example_dags/example_latest_only.py
[2023-04-22T23:31:26.365+0000] {processor.py:743} INFO - Processing file /home/airflow/.local/lib/python3.7/site-packages/airflow/example_dags/example_latest_only.py for tasks to queue
[2023-04-22T23:31:26.366+0000] {logging_mixin.py:137} INFO - [2023-04-22T23:31:26.366+0000] {dagbag.py:532} INFO - Filling up the DagBag from /home/airflow/.local/lib/python3.7/site-packages/airflow/example_dags/example_latest_only.py
[2023-04-22T23:31:26.380+0000] {processor.py:753} INFO - DAG(s) dict_keys(['latest_only']) retrieved from /home/airflow/.local/lib/python3.7/site-packages/airflow/example_dags/example_latest_only.py
[2023-04-22T23:31:26.439+0000] {logging_mixin.py:137} INFO - [2023-04-22T23:31:26.439+0000] {dag.py:2705} INFO - Sync 1 DAGs
[2023-04-22T23:31:26.463+0000] {logging_mixin.py:137} INFO - [2023-04-22T23:31:26.463+0000] {dag.py:3456} INFO - Setting next_dagrun for latest_only to 2023-04-22T19:31:26.462820+00:00, run_after=2023-04-22T23:31:26.462820+00:00
[2023-04-22T23:31:26.480+0000] {processor.py:175} INFO - Processing /home/airflow/.local/lib/python3.7/site-packages/airflow/example_dags/example_latest_only.py took 0.121 seconds
[2023-04-22T23:31:56.890+0000] {processor.py:153} INFO - Started process (PID=250) to work on /home/airflow/.local/lib/python3.7/site-packages/airflow/example_dags/example_latest_only.py
[2023-04-22T23:31:56.892+0000] {processor.py:743} INFO - Processing file /home/airflow/.local/lib/python3.7/site-packages/airflow/example_dags/example_latest_only.py for tasks to queue
[2023-04-22T23:31:56.893+0000] {logging_mixin.py:137} INFO - [2023-04-22T23:31:56.892+0000] {dagbag.py:532} INFO - Filling up the DagBag from /home/airflow/.local/lib/python3.7/site-packages/airflow/example_dags/example_latest_only.py
[2023-04-22T23:31:56.905+0000] {processor.py:753} INFO - DAG(s) dict_keys(['latest_only']) retrieved from /home/airflow/.local/lib/python3.7/site-packages/airflow/example_dags/example_latest_only.py
[2023-04-22T23:31:56.924+0000] {logging_mixin.py:137} INFO - [2023-04-22T23:31:56.924+0000] {dag.py:2705} INFO - Sync 1 DAGs
[2023-04-22T23:31:56.941+0000] {logging_mixin.py:137} INFO - [2023-04-22T23:31:56.941+0000] {dag.py:3456} INFO - Setting next_dagrun for latest_only to 2023-04-22T19:31:56.941436+00:00, run_after=2023-04-22T23:31:56.941436+00:00
[2023-04-22T23:31:56.959+0000] {processor.py:175} INFO - Processing /home/airflow/.local/lib/python3.7/site-packages/airflow/example_dags/example_latest_only.py took 0.073 seconds
[2023-04-22T23:32:28.218+0000] {processor.py:153} INFO - Started process (PID=301) to work on /home/airflow/.local/lib/python3.7/site-packages/airflow/example_dags/example_latest_only.py
[2023-04-22T23:32:28.220+0000] {processor.py:743} INFO - Processing file /home/airflow/.local/lib/python3.7/site-packages/airflow/example_dags/example_latest_only.py for tasks to queue
[2023-04-22T23:32:28.221+0000] {logging_mixin.py:137} INFO - [2023-04-22T23:32:28.221+0000] {dagbag.py:532} INFO - Filling up the DagBag from /home/airflow/.local/lib/python3.7/site-packages/airflow/example_dags/example_latest_only.py
[2023-04-22T23:32:28.254+0000] {processor.py:753} INFO - DAG(s) dict_keys(['latest_only']) retrieved from /home/airflow/.local/lib/python3.7/site-packages/airflow/example_dags/example_latest_only.py
[2023-04-22T23:32:28.309+0000] {logging_mixin.py:137} INFO - [2023-04-22T23:32:28.309+0000] {dag.py:2705} INFO - Sync 1 DAGs
[2023-04-22T23:32:28.332+0000] {logging_mixin.py:137} INFO - [2023-04-22T23:32:28.332+0000] {dag.py:3456} INFO - Setting next_dagrun for latest_only to 2023-04-22T19:32:28.332216+00:00, run_after=2023-04-22T23:32:28.332216+00:00
[2023-04-22T23:32:28.348+0000] {processor.py:175} INFO - Processing /home/airflow/.local/lib/python3.7/site-packages/airflow/example_dags/example_latest_only.py took 0.135 seconds
[2023-04-22T23:32:59.466+0000] {processor.py:153} INFO - Started process (PID=352) to work on /home/airflow/.local/lib/python3.7/site-packages/airflow/example_dags/example_latest_only.py
[2023-04-22T23:32:59.468+0000] {processor.py:743} INFO - Processing file /home/airflow/.local/lib/python3.7/site-packages/airflow/example_dags/example_latest_only.py for tasks to queue
[2023-04-22T23:32:59.470+0000] {logging_mixin.py:137} INFO - [2023-04-22T23:32:59.469+0000] {dagbag.py:532} INFO - Filling up the DagBag from /home/airflow/.local/lib/python3.7/site-packages/airflow/example_dags/example_latest_only.py
[2023-04-22T23:32:59.487+0000] {processor.py:753} INFO - DAG(s) dict_keys(['latest_only']) retrieved from /home/airflow/.local/lib/python3.7/site-packages/airflow/example_dags/example_latest_only.py
[2023-04-22T23:32:59.518+0000] {logging_mixin.py:137} INFO - [2023-04-22T23:32:59.518+0000] {dag.py:2705} INFO - Sync 1 DAGs
[2023-04-22T23:32:59.540+0000] {logging_mixin.py:137} INFO - [2023-04-22T23:32:59.540+0000] {dag.py:3456} INFO - Setting next_dagrun for latest_only to 2023-04-22T19:32:59.540522+00:00, run_after=2023-04-22T23:32:59.540522+00:00
[2023-04-22T23:32:59.577+0000] {processor.py:175} INFO - Processing /home/airflow/.local/lib/python3.7/site-packages/airflow/example_dags/example_latest_only.py took 0.114 seconds
[2023-04-22T23:33:30.512+0000] {processor.py:153} INFO - Started process (PID=402) to work on /home/airflow/.local/lib/python3.7/site-packages/airflow/example_dags/example_latest_only.py
[2023-04-22T23:33:30.514+0000] {processor.py:743} INFO - Processing file /home/airflow/.local/lib/python3.7/site-packages/airflow/example_dags/example_latest_only.py for tasks to queue
[2023-04-22T23:33:30.515+0000] {logging_mixin.py:137} INFO - [2023-04-22T23:33:30.515+0000] {dagbag.py:532} INFO - Filling up the DagBag from /home/airflow/.local/lib/python3.7/site-packages/airflow/example_dags/example_latest_only.py
[2023-04-22T23:33:30.530+0000] {processor.py:753} INFO - DAG(s) dict_keys(['latest_only']) retrieved from /home/airflow/.local/lib/python3.7/site-packages/airflow/example_dags/example_latest_only.py
[2023-04-22T23:33:30.553+0000] {logging_mixin.py:137} INFO - [2023-04-22T23:33:30.553+0000] {dag.py:2705} INFO - Sync 1 DAGs
[2023-04-22T23:33:30.573+0000] {logging_mixin.py:137} INFO - [2023-04-22T23:33:30.572+0000] {dag.py:3456} INFO - Setting next_dagrun for latest_only to 2023-04-22T19:33:30.572722+00:00, run_after=2023-04-22T23:33:30.572722+00:00
[2023-04-22T23:33:30.589+0000] {processor.py:175} INFO - Processing /home/airflow/.local/lib/python3.7/site-packages/airflow/example_dags/example_latest_only.py took 0.080 seconds
[2023-04-22T23:34:00.686+0000] {processor.py:153} INFO - Started process (PID=453) to work on /home/airflow/.local/lib/python3.7/site-packages/airflow/example_dags/example_latest_only.py
[2023-04-22T23:34:00.687+0000] {processor.py:743} INFO - Processing file /home/airflow/.local/lib/python3.7/site-packages/airflow/example_dags/example_latest_only.py for tasks to queue
[2023-04-22T23:34:00.688+0000] {logging_mixin.py:137} INFO - [2023-04-22T23:34:00.688+0000] {dagbag.py:532} INFO - Filling up the DagBag from /home/airflow/.local/lib/python3.7/site-packages/airflow/example_dags/example_latest_only.py
[2023-04-22T23:34:00.697+0000] {processor.py:753} INFO - DAG(s) dict_keys(['latest_only']) retrieved from /home/airflow/.local/lib/python3.7/site-packages/airflow/example_dags/example_latest_only.py
[2023-04-22T23:34:00.716+0000] {logging_mixin.py:137} INFO - [2023-04-22T23:34:00.716+0000] {dag.py:2705} INFO - Sync 1 DAGs
[2023-04-22T23:34:00.731+0000] {logging_mixin.py:137} INFO - [2023-04-22T23:34:00.731+0000] {dag.py:3456} INFO - Setting next_dagrun for latest_only to 2023-04-22T19:34:00.731311+00:00, run_after=2023-04-22T23:34:00.731311+00:00
[2023-04-22T23:34:00.741+0000] {processor.py:175} INFO - Processing /home/airflow/.local/lib/python3.7/site-packages/airflow/example_dags/example_latest_only.py took 0.058 seconds
[2023-04-22T23:38:44.339+0000] {processor.py:153} INFO - Started process (PID=46) to work on /home/airflow/.local/lib/python3.7/site-packages/airflow/example_dags/example_latest_only.py
[2023-04-22T23:38:44.342+0000] {processor.py:743} INFO - Processing file /home/airflow/.local/lib/python3.7/site-packages/airflow/example_dags/example_latest_only.py for tasks to queue
[2023-04-22T23:38:44.344+0000] {logging_mixin.py:137} INFO - [2023-04-22T23:38:44.344+0000] {dagbag.py:532} INFO - Filling up the DagBag from /home/airflow/.local/lib/python3.7/site-packages/airflow/example_dags/example_latest_only.py
[2023-04-22T23:38:44.387+0000] {processor.py:753} INFO - DAG(s) dict_keys(['latest_only']) retrieved from /home/airflow/.local/lib/python3.7/site-packages/airflow/example_dags/example_latest_only.py
[2023-04-22T23:38:44.418+0000] {logging_mixin.py:137} INFO - [2023-04-22T23:38:44.418+0000] {dag.py:2705} INFO - Sync 1 DAGs
[2023-04-22T23:38:44.466+0000] {logging_mixin.py:137} INFO - [2023-04-22T23:38:44.466+0000] {dag.py:3456} INFO - Setting next_dagrun for latest_only to 2023-04-22T19:38:44.465953+00:00, run_after=2023-04-22T23:38:44.465953+00:00
[2023-04-22T23:38:44.484+0000] {processor.py:175} INFO - Processing /home/airflow/.local/lib/python3.7/site-packages/airflow/example_dags/example_latest_only.py took 0.151 seconds
[2023-04-22T23:39:15.325+0000] {processor.py:153} INFO - Started process (PID=97) to work on /home/airflow/.local/lib/python3.7/site-packages/airflow/example_dags/example_latest_only.py
[2023-04-22T23:39:15.326+0000] {processor.py:743} INFO - Processing file /home/airflow/.local/lib/python3.7/site-packages/airflow/example_dags/example_latest_only.py for tasks to queue
[2023-04-22T23:39:15.327+0000] {logging_mixin.py:137} INFO - [2023-04-22T23:39:15.327+0000] {dagbag.py:532} INFO - Filling up the DagBag from /home/airflow/.local/lib/python3.7/site-packages/airflow/example_dags/example_latest_only.py
[2023-04-22T23:39:15.337+0000] {processor.py:753} INFO - DAG(s) dict_keys(['latest_only']) retrieved from /home/airflow/.local/lib/python3.7/site-packages/airflow/example_dags/example_latest_only.py
[2023-04-22T23:39:15.354+0000] {logging_mixin.py:137} INFO - [2023-04-22T23:39:15.354+0000] {dag.py:2705} INFO - Sync 1 DAGs
[2023-04-22T23:39:15.372+0000] {logging_mixin.py:137} INFO - [2023-04-22T23:39:15.372+0000] {dag.py:3456} INFO - Setting next_dagrun for latest_only to 2023-04-22T19:39:15.372063+00:00, run_after=2023-04-22T23:39:15.372063+00:00
[2023-04-22T23:39:15.382+0000] {processor.py:175} INFO - Processing /home/airflow/.local/lib/python3.7/site-packages/airflow/example_dags/example_latest_only.py took 0.060 seconds
[2023-04-22T23:39:46.289+0000] {processor.py:153} INFO - Started process (PID=148) to work on /home/airflow/.local/lib/python3.7/site-packages/airflow/example_dags/example_latest_only.py
[2023-04-22T23:39:46.290+0000] {processor.py:743} INFO - Processing file /home/airflow/.local/lib/python3.7/site-packages/airflow/example_dags/example_latest_only.py for tasks to queue
[2023-04-22T23:39:46.291+0000] {logging_mixin.py:137} INFO - [2023-04-22T23:39:46.291+0000] {dagbag.py:532} INFO - Filling up the DagBag from /home/airflow/.local/lib/python3.7/site-packages/airflow/example_dags/example_latest_only.py
[2023-04-22T23:39:46.301+0000] {processor.py:753} INFO - DAG(s) dict_keys(['latest_only']) retrieved from /home/airflow/.local/lib/python3.7/site-packages/airflow/example_dags/example_latest_only.py
[2023-04-22T23:39:46.320+0000] {logging_mixin.py:137} INFO - [2023-04-22T23:39:46.320+0000] {dag.py:2705} INFO - Sync 1 DAGs
[2023-04-22T23:39:46.335+0000] {logging_mixin.py:137} INFO - [2023-04-22T23:39:46.335+0000] {dag.py:3456} INFO - Setting next_dagrun for latest_only to 2023-04-22T19:39:46.335497+00:00, run_after=2023-04-22T23:39:46.335497+00:00
[2023-04-22T23:39:46.346+0000] {processor.py:175} INFO - Processing /home/airflow/.local/lib/python3.7/site-packages/airflow/example_dags/example_latest_only.py took 0.060 seconds
[2023-04-22T23:40:16.525+0000] {processor.py:153} INFO - Started process (PID=199) to work on /home/airflow/.local/lib/python3.7/site-packages/airflow/example_dags/example_latest_only.py
[2023-04-22T23:40:16.527+0000] {processor.py:743} INFO - Processing file /home/airflow/.local/lib/python3.7/site-packages/airflow/example_dags/example_latest_only.py for tasks to queue
[2023-04-22T23:40:16.527+0000] {logging_mixin.py:137} INFO - [2023-04-22T23:40:16.527+0000] {dagbag.py:532} INFO - Filling up the DagBag from /home/airflow/.local/lib/python3.7/site-packages/airflow/example_dags/example_latest_only.py
[2023-04-22T23:40:16.537+0000] {processor.py:753} INFO - DAG(s) dict_keys(['latest_only']) retrieved from /home/airflow/.local/lib/python3.7/site-packages/airflow/example_dags/example_latest_only.py
[2023-04-22T23:40:16.555+0000] {logging_mixin.py:137} INFO - [2023-04-22T23:40:16.555+0000] {dag.py:2705} INFO - Sync 1 DAGs
[2023-04-22T23:40:16.571+0000] {logging_mixin.py:137} INFO - [2023-04-22T23:40:16.571+0000] {dag.py:3456} INFO - Setting next_dagrun for latest_only to 2023-04-22T19:40:16.570831+00:00, run_after=2023-04-22T23:40:16.570831+00:00
[2023-04-22T23:40:16.582+0000] {processor.py:175} INFO - Processing /home/airflow/.local/lib/python3.7/site-packages/airflow/example_dags/example_latest_only.py took 0.059 seconds
[2023-04-22T23:40:47.392+0000] {processor.py:153} INFO - Started process (PID=250) to work on /home/airflow/.local/lib/python3.7/site-packages/airflow/example_dags/example_latest_only.py
[2023-04-22T23:40:47.393+0000] {processor.py:743} INFO - Processing file /home/airflow/.local/lib/python3.7/site-packages/airflow/example_dags/example_latest_only.py for tasks to queue
[2023-04-22T23:40:47.394+0000] {logging_mixin.py:137} INFO - [2023-04-22T23:40:47.394+0000] {dagbag.py:532} INFO - Filling up the DagBag from /home/airflow/.local/lib/python3.7/site-packages/airflow/example_dags/example_latest_only.py
[2023-04-22T23:40:47.410+0000] {processor.py:753} INFO - DAG(s) dict_keys(['latest_only']) retrieved from /home/airflow/.local/lib/python3.7/site-packages/airflow/example_dags/example_latest_only.py
[2023-04-22T23:40:47.433+0000] {logging_mixin.py:137} INFO - [2023-04-22T23:40:47.433+0000] {dag.py:2705} INFO - Sync 1 DAGs
[2023-04-22T23:40:47.450+0000] {logging_mixin.py:137} INFO - [2023-04-22T23:40:47.449+0000] {dag.py:3456} INFO - Setting next_dagrun for latest_only to 2023-04-22T19:40:47.449747+00:00, run_after=2023-04-22T23:40:47.449747+00:00
[2023-04-22T23:40:47.463+0000] {processor.py:175} INFO - Processing /home/airflow/.local/lib/python3.7/site-packages/airflow/example_dags/example_latest_only.py took 0.074 seconds
[2023-04-22T23:41:18.113+0000] {processor.py:153} INFO - Started process (PID=301) to work on /home/airflow/.local/lib/python3.7/site-packages/airflow/example_dags/example_latest_only.py
[2023-04-22T23:41:18.115+0000] {processor.py:743} INFO - Processing file /home/airflow/.local/lib/python3.7/site-packages/airflow/example_dags/example_latest_only.py for tasks to queue
[2023-04-22T23:41:18.116+0000] {logging_mixin.py:137} INFO - [2023-04-22T23:41:18.116+0000] {dagbag.py:532} INFO - Filling up the DagBag from /home/airflow/.local/lib/python3.7/site-packages/airflow/example_dags/example_latest_only.py
[2023-04-22T23:41:18.135+0000] {processor.py:753} INFO - DAG(s) dict_keys(['latest_only']) retrieved from /home/airflow/.local/lib/python3.7/site-packages/airflow/example_dags/example_latest_only.py
[2023-04-22T23:41:18.167+0000] {logging_mixin.py:137} INFO - [2023-04-22T23:41:18.167+0000] {dag.py:2705} INFO - Sync 1 DAGs
[2023-04-22T23:41:18.192+0000] {logging_mixin.py:137} INFO - [2023-04-22T23:41:18.192+0000] {dag.py:3456} INFO - Setting next_dagrun for latest_only to 2023-04-22T19:41:18.192094+00:00, run_after=2023-04-22T23:41:18.192094+00:00
[2023-04-22T23:41:18.211+0000] {processor.py:175} INFO - Processing /home/airflow/.local/lib/python3.7/site-packages/airflow/example_dags/example_latest_only.py took 0.103 seconds
[2023-04-22T23:41:49.077+0000] {processor.py:153} INFO - Started process (PID=352) to work on /home/airflow/.local/lib/python3.7/site-packages/airflow/example_dags/example_latest_only.py
[2023-04-22T23:41:49.078+0000] {processor.py:743} INFO - Processing file /home/airflow/.local/lib/python3.7/site-packages/airflow/example_dags/example_latest_only.py for tasks to queue
[2023-04-22T23:41:49.079+0000] {logging_mixin.py:137} INFO - [2023-04-22T23:41:49.079+0000] {dagbag.py:532} INFO - Filling up the DagBag from /home/airflow/.local/lib/python3.7/site-packages/airflow/example_dags/example_latest_only.py
[2023-04-22T23:41:49.094+0000] {processor.py:753} INFO - DAG(s) dict_keys(['latest_only']) retrieved from /home/airflow/.local/lib/python3.7/site-packages/airflow/example_dags/example_latest_only.py
[2023-04-22T23:41:49.117+0000] {logging_mixin.py:137} INFO - [2023-04-22T23:41:49.117+0000] {dag.py:2705} INFO - Sync 1 DAGs
[2023-04-22T23:41:49.145+0000] {logging_mixin.py:137} INFO - [2023-04-22T23:41:49.145+0000] {dag.py:3456} INFO - Setting next_dagrun for latest_only to 2023-04-22T19:41:49.145271+00:00, run_after=2023-04-22T23:41:49.145271+00:00
[2023-04-22T23:41:49.165+0000] {processor.py:175} INFO - Processing /home/airflow/.local/lib/python3.7/site-packages/airflow/example_dags/example_latest_only.py took 0.091 seconds
[2023-04-22T23:42:19.634+0000] {processor.py:153} INFO - Started process (PID=403) to work on /home/airflow/.local/lib/python3.7/site-packages/airflow/example_dags/example_latest_only.py
[2023-04-22T23:42:19.636+0000] {processor.py:743} INFO - Processing file /home/airflow/.local/lib/python3.7/site-packages/airflow/example_dags/example_latest_only.py for tasks to queue
[2023-04-22T23:42:19.636+0000] {logging_mixin.py:137} INFO - [2023-04-22T23:42:19.636+0000] {dagbag.py:532} INFO - Filling up the DagBag from /home/airflow/.local/lib/python3.7/site-packages/airflow/example_dags/example_latest_only.py
[2023-04-22T23:42:19.646+0000] {processor.py:753} INFO - DAG(s) dict_keys(['latest_only']) retrieved from /home/airflow/.local/lib/python3.7/site-packages/airflow/example_dags/example_latest_only.py
[2023-04-22T23:42:19.664+0000] {logging_mixin.py:137} INFO - [2023-04-22T23:42:19.664+0000] {dag.py:2705} INFO - Sync 1 DAGs
[2023-04-22T23:42:19.679+0000] {logging_mixin.py:137} INFO - [2023-04-22T23:42:19.679+0000] {dag.py:3456} INFO - Setting next_dagrun for latest_only to 2023-04-22T19:42:19.678887+00:00, run_after=2023-04-22T23:42:19.678887+00:00
[2023-04-22T23:42:19.689+0000] {processor.py:175} INFO - Processing /home/airflow/.local/lib/python3.7/site-packages/airflow/example_dags/example_latest_only.py took 0.057 seconds
[2023-04-22T23:43:06.577+0000] {processor.py:153} INFO - Started process (PID=46) to work on /home/airflow/.local/lib/python3.7/site-packages/airflow/example_dags/example_latest_only.py
[2023-04-22T23:43:06.579+0000] {processor.py:743} INFO - Processing file /home/airflow/.local/lib/python3.7/site-packages/airflow/example_dags/example_latest_only.py for tasks to queue
[2023-04-22T23:43:06.581+0000] {logging_mixin.py:137} INFO - [2023-04-22T23:43:06.581+0000] {dagbag.py:532} INFO - Filling up the DagBag from /home/airflow/.local/lib/python3.7/site-packages/airflow/example_dags/example_latest_only.py
[2023-04-22T23:43:06.617+0000] {processor.py:753} INFO - DAG(s) dict_keys(['latest_only']) retrieved from /home/airflow/.local/lib/python3.7/site-packages/airflow/example_dags/example_latest_only.py
[2023-04-22T23:43:06.633+0000] {logging_mixin.py:137} INFO - [2023-04-22T23:43:06.633+0000] {dag.py:2705} INFO - Sync 1 DAGs
[2023-04-22T23:43:06.663+0000] {logging_mixin.py:137} INFO - [2023-04-22T23:43:06.663+0000] {dag.py:3456} INFO - Setting next_dagrun for latest_only to 2023-04-22T19:43:06.662934+00:00, run_after=2023-04-22T23:43:06.662934+00:00
[2023-04-22T23:43:06.723+0000] {processor.py:175} INFO - Processing /home/airflow/.local/lib/python3.7/site-packages/airflow/example_dags/example_latest_only.py took 0.151 seconds
[2023-04-22T23:43:37.111+0000] {processor.py:153} INFO - Started process (PID=97) to work on /home/airflow/.local/lib/python3.7/site-packages/airflow/example_dags/example_latest_only.py
[2023-04-22T23:43:37.113+0000] {processor.py:743} INFO - Processing file /home/airflow/.local/lib/python3.7/site-packages/airflow/example_dags/example_latest_only.py for tasks to queue
[2023-04-22T23:43:37.114+0000] {logging_mixin.py:137} INFO - [2023-04-22T23:43:37.114+0000] {dagbag.py:532} INFO - Filling up the DagBag from /home/airflow/.local/lib/python3.7/site-packages/airflow/example_dags/example_latest_only.py
[2023-04-22T23:43:37.123+0000] {processor.py:753} INFO - DAG(s) dict_keys(['latest_only']) retrieved from /home/airflow/.local/lib/python3.7/site-packages/airflow/example_dags/example_latest_only.py
[2023-04-22T23:43:37.142+0000] {logging_mixin.py:137} INFO - [2023-04-22T23:43:37.141+0000] {dag.py:2705} INFO - Sync 1 DAGs
[2023-04-22T23:43:37.157+0000] {logging_mixin.py:137} INFO - [2023-04-22T23:43:37.157+0000] {dag.py:3456} INFO - Setting next_dagrun for latest_only to 2023-04-22T19:43:37.157041+00:00, run_after=2023-04-22T23:43:37.157041+00:00
[2023-04-22T23:43:37.167+0000] {processor.py:175} INFO - Processing /home/airflow/.local/lib/python3.7/site-packages/airflow/example_dags/example_latest_only.py took 0.059 seconds
[2023-04-22T23:44:30.240+0000] {processor.py:153} INFO - Started process (PID=46) to work on /home/airflow/.local/lib/python3.7/site-packages/airflow/example_dags/example_latest_only.py
[2023-04-22T23:44:30.253+0000] {processor.py:743} INFO - Processing file /home/airflow/.local/lib/python3.7/site-packages/airflow/example_dags/example_latest_only.py for tasks to queue
[2023-04-22T23:44:30.256+0000] {logging_mixin.py:137} INFO - [2023-04-22T23:44:30.256+0000] {dagbag.py:532} INFO - Filling up the DagBag from /home/airflow/.local/lib/python3.7/site-packages/airflow/example_dags/example_latest_only.py
[2023-04-22T23:44:30.280+0000] {processor.py:753} INFO - DAG(s) dict_keys(['latest_only']) retrieved from /home/airflow/.local/lib/python3.7/site-packages/airflow/example_dags/example_latest_only.py
[2023-04-22T23:44:30.305+0000] {logging_mixin.py:137} INFO - [2023-04-22T23:44:30.305+0000] {dag.py:2705} INFO - Sync 1 DAGs
[2023-04-22T23:44:30.336+0000] {logging_mixin.py:137} INFO - [2023-04-22T23:44:30.336+0000] {dag.py:3456} INFO - Setting next_dagrun for latest_only to 2023-04-22T19:44:30.335999+00:00, run_after=2023-04-22T23:44:30.335999+00:00
[2023-04-22T23:44:30.356+0000] {processor.py:175} INFO - Processing /home/airflow/.local/lib/python3.7/site-packages/airflow/example_dags/example_latest_only.py took 0.121 seconds
[2023-04-22T23:46:54.329+0000] {processor.py:153} INFO - Started process (PID=47) to work on /home/airflow/.local/lib/python3.7/site-packages/airflow/example_dags/example_latest_only.py
[2023-04-22T23:46:54.331+0000] {processor.py:743} INFO - Processing file /home/airflow/.local/lib/python3.7/site-packages/airflow/example_dags/example_latest_only.py for tasks to queue
[2023-04-22T23:46:54.332+0000] {logging_mixin.py:137} INFO - [2023-04-22T23:46:54.332+0000] {dagbag.py:532} INFO - Filling up the DagBag from /home/airflow/.local/lib/python3.7/site-packages/airflow/example_dags/example_latest_only.py
[2023-04-22T23:46:54.375+0000] {processor.py:753} INFO - DAG(s) dict_keys(['latest_only']) retrieved from /home/airflow/.local/lib/python3.7/site-packages/airflow/example_dags/example_latest_only.py
[2023-04-22T23:46:54.392+0000] {logging_mixin.py:137} INFO - [2023-04-22T23:46:54.392+0000] {dag.py:2705} INFO - Sync 1 DAGs
[2023-04-22T23:46:54.439+0000] {logging_mixin.py:137} INFO - [2023-04-22T23:46:54.438+0000] {dag.py:3456} INFO - Setting next_dagrun for latest_only to 2023-04-22T19:46:54.438514+00:00, run_after=2023-04-22T23:46:54.438514+00:00
[2023-04-22T23:46:54.464+0000] {processor.py:175} INFO - Processing /home/airflow/.local/lib/python3.7/site-packages/airflow/example_dags/example_latest_only.py took 0.141 seconds
[2023-04-22T23:47:25.338+0000] {processor.py:153} INFO - Started process (PID=98) to work on /home/airflow/.local/lib/python3.7/site-packages/airflow/example_dags/example_latest_only.py
[2023-04-22T23:47:25.339+0000] {processor.py:743} INFO - Processing file /home/airflow/.local/lib/python3.7/site-packages/airflow/example_dags/example_latest_only.py for tasks to queue
[2023-04-22T23:47:25.340+0000] {logging_mixin.py:137} INFO - [2023-04-22T23:47:25.340+0000] {dagbag.py:532} INFO - Filling up the DagBag from /home/airflow/.local/lib/python3.7/site-packages/airflow/example_dags/example_latest_only.py
[2023-04-22T23:47:25.349+0000] {processor.py:753} INFO - DAG(s) dict_keys(['latest_only']) retrieved from /home/airflow/.local/lib/python3.7/site-packages/airflow/example_dags/example_latest_only.py
[2023-04-22T23:47:25.368+0000] {logging_mixin.py:137} INFO - [2023-04-22T23:47:25.367+0000] {dag.py:2705} INFO - Sync 1 DAGs
[2023-04-22T23:47:25.382+0000] {logging_mixin.py:137} INFO - [2023-04-22T23:47:25.382+0000] {dag.py:3456} INFO - Setting next_dagrun for latest_only to 2023-04-22T19:47:25.382704+00:00, run_after=2023-04-22T23:47:25.382704+00:00
[2023-04-22T23:47:25.394+0000] {processor.py:175} INFO - Processing /home/airflow/.local/lib/python3.7/site-packages/airflow/example_dags/example_latest_only.py took 0.059 seconds
[2023-04-22T23:47:55.928+0000] {processor.py:153} INFO - Started process (PID=149) to work on /home/airflow/.local/lib/python3.7/site-packages/airflow/example_dags/example_latest_only.py
[2023-04-22T23:47:55.929+0000] {processor.py:743} INFO - Processing file /home/airflow/.local/lib/python3.7/site-packages/airflow/example_dags/example_latest_only.py for tasks to queue
[2023-04-22T23:47:55.930+0000] {logging_mixin.py:137} INFO - [2023-04-22T23:47:55.930+0000] {dagbag.py:532} INFO - Filling up the DagBag from /home/airflow/.local/lib/python3.7/site-packages/airflow/example_dags/example_latest_only.py
[2023-04-22T23:47:55.940+0000] {processor.py:753} INFO - DAG(s) dict_keys(['latest_only']) retrieved from /home/airflow/.local/lib/python3.7/site-packages/airflow/example_dags/example_latest_only.py
[2023-04-22T23:47:55.961+0000] {logging_mixin.py:137} INFO - [2023-04-22T23:47:55.960+0000] {dag.py:2705} INFO - Sync 1 DAGs
[2023-04-22T23:47:55.978+0000] {logging_mixin.py:137} INFO - [2023-04-22T23:47:55.978+0000] {dag.py:3456} INFO - Setting next_dagrun for latest_only to 2023-04-22T19:47:55.978461+00:00, run_after=2023-04-22T23:47:55.978461+00:00
[2023-04-22T23:47:55.994+0000] {processor.py:175} INFO - Processing /home/airflow/.local/lib/python3.7/site-packages/airflow/example_dags/example_latest_only.py took 0.069 seconds
[2023-04-22T23:48:26.384+0000] {processor.py:153} INFO - Started process (PID=200) to work on /home/airflow/.local/lib/python3.7/site-packages/airflow/example_dags/example_latest_only.py
[2023-04-22T23:48:26.385+0000] {processor.py:743} INFO - Processing file /home/airflow/.local/lib/python3.7/site-packages/airflow/example_dags/example_latest_only.py for tasks to queue
[2023-04-22T23:48:26.386+0000] {logging_mixin.py:137} INFO - [2023-04-22T23:48:26.386+0000] {dagbag.py:532} INFO - Filling up the DagBag from /home/airflow/.local/lib/python3.7/site-packages/airflow/example_dags/example_latest_only.py
[2023-04-22T23:48:26.396+0000] {processor.py:753} INFO - DAG(s) dict_keys(['latest_only']) retrieved from /home/airflow/.local/lib/python3.7/site-packages/airflow/example_dags/example_latest_only.py
[2023-04-22T23:48:26.415+0000] {logging_mixin.py:137} INFO - [2023-04-22T23:48:26.415+0000] {dag.py:2705} INFO - Sync 1 DAGs
[2023-04-22T23:48:26.430+0000] {logging_mixin.py:137} INFO - [2023-04-22T23:48:26.430+0000] {dag.py:3456} INFO - Setting next_dagrun for latest_only to 2023-04-22T19:48:26.430002+00:00, run_after=2023-04-22T23:48:26.430002+00:00
[2023-04-22T23:48:26.440+0000] {processor.py:175} INFO - Processing /home/airflow/.local/lib/python3.7/site-packages/airflow/example_dags/example_latest_only.py took 0.059 seconds
[2023-04-22T23:48:56.781+0000] {processor.py:153} INFO - Started process (PID=251) to work on /home/airflow/.local/lib/python3.7/site-packages/airflow/example_dags/example_latest_only.py
[2023-04-22T23:48:56.782+0000] {processor.py:743} INFO - Processing file /home/airflow/.local/lib/python3.7/site-packages/airflow/example_dags/example_latest_only.py for tasks to queue
[2023-04-22T23:48:56.783+0000] {logging_mixin.py:137} INFO - [2023-04-22T23:48:56.783+0000] {dagbag.py:532} INFO - Filling up the DagBag from /home/airflow/.local/lib/python3.7/site-packages/airflow/example_dags/example_latest_only.py
[2023-04-22T23:48:56.793+0000] {processor.py:753} INFO - DAG(s) dict_keys(['latest_only']) retrieved from /home/airflow/.local/lib/python3.7/site-packages/airflow/example_dags/example_latest_only.py
[2023-04-22T23:48:56.810+0000] {logging_mixin.py:137} INFO - [2023-04-22T23:48:56.810+0000] {dag.py:2705} INFO - Sync 1 DAGs
[2023-04-22T23:48:56.826+0000] {logging_mixin.py:137} INFO - [2023-04-22T23:48:56.826+0000] {dag.py:3456} INFO - Setting next_dagrun for latest_only to 2023-04-22T19:48:56.826650+00:00, run_after=2023-04-22T23:48:56.826650+00:00
[2023-04-22T23:48:56.838+0000] {processor.py:175} INFO - Processing /home/airflow/.local/lib/python3.7/site-packages/airflow/example_dags/example_latest_only.py took 0.059 seconds
[2023-04-22T23:49:27.581+0000] {processor.py:153} INFO - Started process (PID=302) to work on /home/airflow/.local/lib/python3.7/site-packages/airflow/example_dags/example_latest_only.py
[2023-04-22T23:49:27.583+0000] {processor.py:743} INFO - Processing file /home/airflow/.local/lib/python3.7/site-packages/airflow/example_dags/example_latest_only.py for tasks to queue
[2023-04-22T23:49:27.583+0000] {logging_mixin.py:137} INFO - [2023-04-22T23:49:27.583+0000] {dagbag.py:532} INFO - Filling up the DagBag from /home/airflow/.local/lib/python3.7/site-packages/airflow/example_dags/example_latest_only.py
[2023-04-22T23:49:27.594+0000] {processor.py:753} INFO - DAG(s) dict_keys(['latest_only']) retrieved from /home/airflow/.local/lib/python3.7/site-packages/airflow/example_dags/example_latest_only.py
[2023-04-22T23:49:27.619+0000] {logging_mixin.py:137} INFO - [2023-04-22T23:49:27.619+0000] {dag.py:2705} INFO - Sync 1 DAGs
[2023-04-22T23:49:27.636+0000] {logging_mixin.py:137} INFO - [2023-04-22T23:49:27.636+0000] {dag.py:3456} INFO - Setting next_dagrun for latest_only to 2023-04-22T19:49:27.636297+00:00, run_after=2023-04-22T23:49:27.636297+00:00
[2023-04-22T23:49:27.650+0000] {processor.py:175} INFO - Processing /home/airflow/.local/lib/python3.7/site-packages/airflow/example_dags/example_latest_only.py took 0.072 seconds
[2023-04-22T23:49:58.269+0000] {processor.py:153} INFO - Started process (PID=354) to work on /home/airflow/.local/lib/python3.7/site-packages/airflow/example_dags/example_latest_only.py
[2023-04-22T23:49:58.271+0000] {processor.py:743} INFO - Processing file /home/airflow/.local/lib/python3.7/site-packages/airflow/example_dags/example_latest_only.py for tasks to queue
[2023-04-22T23:49:58.272+0000] {logging_mixin.py:137} INFO - [2023-04-22T23:49:58.272+0000] {dagbag.py:532} INFO - Filling up the DagBag from /home/airflow/.local/lib/python3.7/site-packages/airflow/example_dags/example_latest_only.py
[2023-04-22T23:49:58.300+0000] {processor.py:753} INFO - DAG(s) dict_keys(['latest_only']) retrieved from /home/airflow/.local/lib/python3.7/site-packages/airflow/example_dags/example_latest_only.py
[2023-04-22T23:49:58.333+0000] {logging_mixin.py:137} INFO - [2023-04-22T23:49:58.332+0000] {dag.py:2705} INFO - Sync 1 DAGs
[2023-04-22T23:49:58.352+0000] {logging_mixin.py:137} INFO - [2023-04-22T23:49:58.351+0000] {dag.py:3456} INFO - Setting next_dagrun for latest_only to 2023-04-22T19:49:58.351692+00:00, run_after=2023-04-22T23:49:58.351692+00:00
[2023-04-22T23:49:58.368+0000] {processor.py:175} INFO - Processing /home/airflow/.local/lib/python3.7/site-packages/airflow/example_dags/example_latest_only.py took 0.103 seconds
[2023-04-22T23:50:28.814+0000] {processor.py:153} INFO - Started process (PID=406) to work on /home/airflow/.local/lib/python3.7/site-packages/airflow/example_dags/example_latest_only.py
[2023-04-22T23:50:28.815+0000] {processor.py:743} INFO - Processing file /home/airflow/.local/lib/python3.7/site-packages/airflow/example_dags/example_latest_only.py for tasks to queue
[2023-04-22T23:50:28.817+0000] {logging_mixin.py:137} INFO - [2023-04-22T23:50:28.816+0000] {dagbag.py:532} INFO - Filling up the DagBag from /home/airflow/.local/lib/python3.7/site-packages/airflow/example_dags/example_latest_only.py
[2023-04-22T23:50:28.837+0000] {processor.py:753} INFO - DAG(s) dict_keys(['latest_only']) retrieved from /home/airflow/.local/lib/python3.7/site-packages/airflow/example_dags/example_latest_only.py
[2023-04-22T23:50:28.868+0000] {logging_mixin.py:137} INFO - [2023-04-22T23:50:28.868+0000] {dag.py:2705} INFO - Sync 1 DAGs
[2023-04-22T23:50:28.900+0000] {logging_mixin.py:137} INFO - [2023-04-22T23:50:28.900+0000] {dag.py:3456} INFO - Setting next_dagrun for latest_only to 2023-04-22T19:50:28.900159+00:00, run_after=2023-04-22T23:50:28.900159+00:00
[2023-04-22T23:50:28.926+0000] {processor.py:175} INFO - Processing /home/airflow/.local/lib/python3.7/site-packages/airflow/example_dags/example_latest_only.py took 0.118 seconds
