[2023-04-22T22:50:10.252+0000] {processor.py:153} INFO - Started process (PID=55) to work on /home/airflow/.local/lib/python3.7/site-packages/airflow/example_dags/tutorial_dag.py
[2023-04-22T22:50:10.254+0000] {processor.py:743} INFO - Processing file /home/airflow/.local/lib/python3.7/site-packages/airflow/example_dags/tutorial_dag.py for tasks to queue
[2023-04-22T22:50:10.255+0000] {logging_mixin.py:137} INFO - [2023-04-22T22:50:10.255+0000] {dagbag.py:532} INFO - Filling up the DagBag from /home/airflow/.local/lib/python3.7/site-packages/airflow/example_dags/tutorial_dag.py
[2023-04-22T22:50:10.271+0000] {processor.py:753} INFO - DAG(s) dict_keys(['tutorial_dag']) retrieved from /home/airflow/.local/lib/python3.7/site-packages/airflow/example_dags/tutorial_dag.py
[2023-04-22T22:50:10.287+0000] {logging_mixin.py:137} INFO - [2023-04-22T22:50:10.287+0000] {dag.py:2705} INFO - Sync 1 DAGs
[2023-04-22T22:50:10.320+0000] {logging_mixin.py:137} INFO - [2023-04-22T22:50:10.320+0000] {dag.py:3456} INFO - Setting next_dagrun for tutorial_dag to None, run_after=None
[2023-04-22T22:50:10.346+0000] {processor.py:175} INFO - Processing /home/airflow/.local/lib/python3.7/site-packages/airflow/example_dags/tutorial_dag.py took 0.098 seconds
[2023-04-22T22:50:41.303+0000] {processor.py:153} INFO - Started process (PID=106) to work on /home/airflow/.local/lib/python3.7/site-packages/airflow/example_dags/tutorial_dag.py
[2023-04-22T22:50:41.304+0000] {processor.py:743} INFO - Processing file /home/airflow/.local/lib/python3.7/site-packages/airflow/example_dags/tutorial_dag.py for tasks to queue
[2023-04-22T22:50:41.305+0000] {logging_mixin.py:137} INFO - [2023-04-22T22:50:41.305+0000] {dagbag.py:532} INFO - Filling up the DagBag from /home/airflow/.local/lib/python3.7/site-packages/airflow/example_dags/tutorial_dag.py
[2023-04-22T22:50:41.315+0000] {processor.py:753} INFO - DAG(s) dict_keys(['tutorial_dag']) retrieved from /home/airflow/.local/lib/python3.7/site-packages/airflow/example_dags/tutorial_dag.py
[2023-04-22T22:50:41.335+0000] {logging_mixin.py:137} INFO - [2023-04-22T22:50:41.335+0000] {dag.py:2705} INFO - Sync 1 DAGs
[2023-04-22T22:50:41.352+0000] {logging_mixin.py:137} INFO - [2023-04-22T22:50:41.352+0000] {dag.py:3456} INFO - Setting next_dagrun for tutorial_dag to None, run_after=None
[2023-04-22T22:50:41.364+0000] {processor.py:175} INFO - Processing /home/airflow/.local/lib/python3.7/site-packages/airflow/example_dags/tutorial_dag.py took 0.064 seconds
[2023-04-22T22:51:12.264+0000] {processor.py:153} INFO - Started process (PID=157) to work on /home/airflow/.local/lib/python3.7/site-packages/airflow/example_dags/tutorial_dag.py
[2023-04-22T22:51:12.265+0000] {processor.py:743} INFO - Processing file /home/airflow/.local/lib/python3.7/site-packages/airflow/example_dags/tutorial_dag.py for tasks to queue
[2023-04-22T22:51:12.266+0000] {logging_mixin.py:137} INFO - [2023-04-22T22:51:12.266+0000] {dagbag.py:532} INFO - Filling up the DagBag from /home/airflow/.local/lib/python3.7/site-packages/airflow/example_dags/tutorial_dag.py
[2023-04-22T22:51:12.276+0000] {processor.py:753} INFO - DAG(s) dict_keys(['tutorial_dag']) retrieved from /home/airflow/.local/lib/python3.7/site-packages/airflow/example_dags/tutorial_dag.py
[2023-04-22T22:51:12.295+0000] {logging_mixin.py:137} INFO - [2023-04-22T22:51:12.295+0000] {dag.py:2705} INFO - Sync 1 DAGs
[2023-04-22T22:51:12.313+0000] {logging_mixin.py:137} INFO - [2023-04-22T22:51:12.313+0000] {dag.py:3456} INFO - Setting next_dagrun for tutorial_dag to None, run_after=None
[2023-04-22T22:51:12.332+0000] {processor.py:175} INFO - Processing /home/airflow/.local/lib/python3.7/site-packages/airflow/example_dags/tutorial_dag.py took 0.071 seconds
[2023-04-22T22:51:42.636+0000] {processor.py:153} INFO - Started process (PID=207) to work on /home/airflow/.local/lib/python3.7/site-packages/airflow/example_dags/tutorial_dag.py
[2023-04-22T22:51:42.637+0000] {processor.py:743} INFO - Processing file /home/airflow/.local/lib/python3.7/site-packages/airflow/example_dags/tutorial_dag.py for tasks to queue
[2023-04-22T22:51:42.639+0000] {logging_mixin.py:137} INFO - [2023-04-22T22:51:42.638+0000] {dagbag.py:532} INFO - Filling up the DagBag from /home/airflow/.local/lib/python3.7/site-packages/airflow/example_dags/tutorial_dag.py
[2023-04-22T22:51:42.649+0000] {processor.py:753} INFO - DAG(s) dict_keys(['tutorial_dag']) retrieved from /home/airflow/.local/lib/python3.7/site-packages/airflow/example_dags/tutorial_dag.py
[2023-04-22T22:51:42.670+0000] {logging_mixin.py:137} INFO - [2023-04-22T22:51:42.670+0000] {dag.py:2705} INFO - Sync 1 DAGs
[2023-04-22T22:51:42.686+0000] {logging_mixin.py:137} INFO - [2023-04-22T22:51:42.686+0000] {dag.py:3456} INFO - Setting next_dagrun for tutorial_dag to None, run_after=None
[2023-04-22T22:51:42.698+0000] {processor.py:175} INFO - Processing /home/airflow/.local/lib/python3.7/site-packages/airflow/example_dags/tutorial_dag.py took 0.065 seconds
[2023-04-22T22:52:13.115+0000] {processor.py:153} INFO - Started process (PID=257) to work on /home/airflow/.local/lib/python3.7/site-packages/airflow/example_dags/tutorial_dag.py
[2023-04-22T22:52:13.116+0000] {processor.py:743} INFO - Processing file /home/airflow/.local/lib/python3.7/site-packages/airflow/example_dags/tutorial_dag.py for tasks to queue
[2023-04-22T22:52:13.117+0000] {logging_mixin.py:137} INFO - [2023-04-22T22:52:13.117+0000] {dagbag.py:532} INFO - Filling up the DagBag from /home/airflow/.local/lib/python3.7/site-packages/airflow/example_dags/tutorial_dag.py
[2023-04-22T22:52:13.126+0000] {processor.py:753} INFO - DAG(s) dict_keys(['tutorial_dag']) retrieved from /home/airflow/.local/lib/python3.7/site-packages/airflow/example_dags/tutorial_dag.py
[2023-04-22T22:52:13.146+0000] {logging_mixin.py:137} INFO - [2023-04-22T22:52:13.146+0000] {dag.py:2705} INFO - Sync 1 DAGs
[2023-04-22T22:52:13.162+0000] {logging_mixin.py:137} INFO - [2023-04-22T22:52:13.162+0000] {dag.py:3456} INFO - Setting next_dagrun for tutorial_dag to None, run_after=None
[2023-04-22T22:52:13.175+0000] {processor.py:175} INFO - Processing /home/airflow/.local/lib/python3.7/site-packages/airflow/example_dags/tutorial_dag.py took 0.063 seconds
[2023-04-22T22:52:43.486+0000] {processor.py:153} INFO - Started process (PID=308) to work on /home/airflow/.local/lib/python3.7/site-packages/airflow/example_dags/tutorial_dag.py
[2023-04-22T22:52:43.487+0000] {processor.py:743} INFO - Processing file /home/airflow/.local/lib/python3.7/site-packages/airflow/example_dags/tutorial_dag.py for tasks to queue
[2023-04-22T22:52:43.488+0000] {logging_mixin.py:137} INFO - [2023-04-22T22:52:43.488+0000] {dagbag.py:532} INFO - Filling up the DagBag from /home/airflow/.local/lib/python3.7/site-packages/airflow/example_dags/tutorial_dag.py
[2023-04-22T22:52:43.497+0000] {processor.py:753} INFO - DAG(s) dict_keys(['tutorial_dag']) retrieved from /home/airflow/.local/lib/python3.7/site-packages/airflow/example_dags/tutorial_dag.py
[2023-04-22T22:52:43.518+0000] {logging_mixin.py:137} INFO - [2023-04-22T22:52:43.518+0000] {dag.py:2705} INFO - Sync 1 DAGs
[2023-04-22T22:52:43.535+0000] {logging_mixin.py:137} INFO - [2023-04-22T22:52:43.534+0000] {dag.py:3456} INFO - Setting next_dagrun for tutorial_dag to None, run_after=None
[2023-04-22T22:52:43.547+0000] {processor.py:175} INFO - Processing /home/airflow/.local/lib/python3.7/site-packages/airflow/example_dags/tutorial_dag.py took 0.064 seconds
[2023-04-22T22:53:13.693+0000] {processor.py:153} INFO - Started process (PID=360) to work on /home/airflow/.local/lib/python3.7/site-packages/airflow/example_dags/tutorial_dag.py
[2023-04-22T22:53:13.694+0000] {processor.py:743} INFO - Processing file /home/airflow/.local/lib/python3.7/site-packages/airflow/example_dags/tutorial_dag.py for tasks to queue
[2023-04-22T22:53:13.695+0000] {logging_mixin.py:137} INFO - [2023-04-22T22:53:13.695+0000] {dagbag.py:532} INFO - Filling up the DagBag from /home/airflow/.local/lib/python3.7/site-packages/airflow/example_dags/tutorial_dag.py
[2023-04-22T22:53:13.704+0000] {processor.py:753} INFO - DAG(s) dict_keys(['tutorial_dag']) retrieved from /home/airflow/.local/lib/python3.7/site-packages/airflow/example_dags/tutorial_dag.py
[2023-04-22T22:53:13.729+0000] {logging_mixin.py:137} INFO - [2023-04-22T22:53:13.728+0000] {dag.py:2705} INFO - Sync 1 DAGs
[2023-04-22T22:53:13.745+0000] {logging_mixin.py:137} INFO - [2023-04-22T22:53:13.744+0000] {dag.py:3456} INFO - Setting next_dagrun for tutorial_dag to None, run_after=None
[2023-04-22T22:53:13.759+0000] {processor.py:175} INFO - Processing /home/airflow/.local/lib/python3.7/site-packages/airflow/example_dags/tutorial_dag.py took 0.068 seconds
[2023-04-22T22:53:44.516+0000] {processor.py:153} INFO - Started process (PID=411) to work on /home/airflow/.local/lib/python3.7/site-packages/airflow/example_dags/tutorial_dag.py
[2023-04-22T22:53:44.517+0000] {processor.py:743} INFO - Processing file /home/airflow/.local/lib/python3.7/site-packages/airflow/example_dags/tutorial_dag.py for tasks to queue
[2023-04-22T22:53:44.518+0000] {logging_mixin.py:137} INFO - [2023-04-22T22:53:44.518+0000] {dagbag.py:532} INFO - Filling up the DagBag from /home/airflow/.local/lib/python3.7/site-packages/airflow/example_dags/tutorial_dag.py
[2023-04-22T22:53:44.529+0000] {processor.py:753} INFO - DAG(s) dict_keys(['tutorial_dag']) retrieved from /home/airflow/.local/lib/python3.7/site-packages/airflow/example_dags/tutorial_dag.py
[2023-04-22T22:53:44.554+0000] {logging_mixin.py:137} INFO - [2023-04-22T22:53:44.554+0000] {dag.py:2705} INFO - Sync 1 DAGs
[2023-04-22T22:53:44.582+0000] {logging_mixin.py:137} INFO - [2023-04-22T22:53:44.582+0000] {dag.py:3456} INFO - Setting next_dagrun for tutorial_dag to None, run_after=None
[2023-04-22T22:53:44.596+0000] {processor.py:175} INFO - Processing /home/airflow/.local/lib/python3.7/site-packages/airflow/example_dags/tutorial_dag.py took 0.084 seconds
[2023-04-22T23:03:13.315+0000] {processor.py:153} INFO - Started process (PID=55) to work on /home/airflow/.local/lib/python3.7/site-packages/airflow/example_dags/tutorial_dag.py
[2023-04-22T23:03:13.316+0000] {processor.py:743} INFO - Processing file /home/airflow/.local/lib/python3.7/site-packages/airflow/example_dags/tutorial_dag.py for tasks to queue
[2023-04-22T23:03:13.317+0000] {logging_mixin.py:137} INFO - [2023-04-22T23:03:13.317+0000] {dagbag.py:532} INFO - Filling up the DagBag from /home/airflow/.local/lib/python3.7/site-packages/airflow/example_dags/tutorial_dag.py
[2023-04-22T23:03:13.330+0000] {processor.py:753} INFO - DAG(s) dict_keys(['tutorial_dag']) retrieved from /home/airflow/.local/lib/python3.7/site-packages/airflow/example_dags/tutorial_dag.py
[2023-04-22T23:03:13.405+0000] {logging_mixin.py:137} INFO - [2023-04-22T23:03:13.405+0000] {manager.py:504} INFO - Created Permission View: can read on DAG:tutorial_dag
[2023-04-22T23:03:13.413+0000] {logging_mixin.py:137} INFO - [2023-04-22T23:03:13.413+0000] {manager.py:504} INFO - Created Permission View: can delete on DAG:tutorial_dag
[2023-04-22T23:03:13.417+0000] {logging_mixin.py:137} INFO - [2023-04-22T23:03:13.417+0000] {manager.py:504} INFO - Created Permission View: can edit on DAG:tutorial_dag
[2023-04-22T23:03:13.418+0000] {logging_mixin.py:137} INFO - [2023-04-22T23:03:13.418+0000] {dag.py:2705} INFO - Sync 1 DAGs
[2023-04-22T23:03:13.426+0000] {logging_mixin.py:137} INFO - [2023-04-22T23:03:13.426+0000] {dag.py:2726} INFO - Creating ORM DAG for tutorial_dag
[2023-04-22T23:03:13.434+0000] {logging_mixin.py:137} INFO - [2023-04-22T23:03:13.434+0000] {dag.py:3456} INFO - Setting next_dagrun for tutorial_dag to None, run_after=None
[2023-04-22T23:03:13.446+0000] {processor.py:175} INFO - Processing /home/airflow/.local/lib/python3.7/site-packages/airflow/example_dags/tutorial_dag.py took 0.134 seconds
[2023-04-22T23:03:43.738+0000] {processor.py:153} INFO - Started process (PID=106) to work on /home/airflow/.local/lib/python3.7/site-packages/airflow/example_dags/tutorial_dag.py
[2023-04-22T23:03:43.739+0000] {processor.py:743} INFO - Processing file /home/airflow/.local/lib/python3.7/site-packages/airflow/example_dags/tutorial_dag.py for tasks to queue
[2023-04-22T23:03:43.740+0000] {logging_mixin.py:137} INFO - [2023-04-22T23:03:43.740+0000] {dagbag.py:532} INFO - Filling up the DagBag from /home/airflow/.local/lib/python3.7/site-packages/airflow/example_dags/tutorial_dag.py
[2023-04-22T23:03:43.750+0000] {processor.py:753} INFO - DAG(s) dict_keys(['tutorial_dag']) retrieved from /home/airflow/.local/lib/python3.7/site-packages/airflow/example_dags/tutorial_dag.py
[2023-04-22T23:03:43.770+0000] {logging_mixin.py:137} INFO - [2023-04-22T23:03:43.770+0000] {dag.py:2705} INFO - Sync 1 DAGs
[2023-04-22T23:03:43.787+0000] {logging_mixin.py:137} INFO - [2023-04-22T23:03:43.787+0000] {dag.py:3456} INFO - Setting next_dagrun for tutorial_dag to None, run_after=None
[2023-04-22T23:03:43.799+0000] {processor.py:175} INFO - Processing /home/airflow/.local/lib/python3.7/site-packages/airflow/example_dags/tutorial_dag.py took 0.064 seconds
[2023-04-22T23:04:14.302+0000] {processor.py:153} INFO - Started process (PID=157) to work on /home/airflow/.local/lib/python3.7/site-packages/airflow/example_dags/tutorial_dag.py
[2023-04-22T23:04:14.305+0000] {processor.py:743} INFO - Processing file /home/airflow/.local/lib/python3.7/site-packages/airflow/example_dags/tutorial_dag.py for tasks to queue
[2023-04-22T23:04:14.306+0000] {logging_mixin.py:137} INFO - [2023-04-22T23:04:14.306+0000] {dagbag.py:532} INFO - Filling up the DagBag from /home/airflow/.local/lib/python3.7/site-packages/airflow/example_dags/tutorial_dag.py
[2023-04-22T23:04:14.316+0000] {processor.py:753} INFO - DAG(s) dict_keys(['tutorial_dag']) retrieved from /home/airflow/.local/lib/python3.7/site-packages/airflow/example_dags/tutorial_dag.py
[2023-04-22T23:04:14.336+0000] {logging_mixin.py:137} INFO - [2023-04-22T23:04:14.336+0000] {dag.py:2705} INFO - Sync 1 DAGs
[2023-04-22T23:04:14.353+0000] {logging_mixin.py:137} INFO - [2023-04-22T23:04:14.353+0000] {dag.py:3456} INFO - Setting next_dagrun for tutorial_dag to None, run_after=None
[2023-04-22T23:04:14.366+0000] {processor.py:175} INFO - Processing /home/airflow/.local/lib/python3.7/site-packages/airflow/example_dags/tutorial_dag.py took 0.066 seconds
[2023-04-22T23:04:44.897+0000] {processor.py:153} INFO - Started process (PID=208) to work on /home/airflow/.local/lib/python3.7/site-packages/airflow/example_dags/tutorial_dag.py
[2023-04-22T23:04:44.898+0000] {processor.py:743} INFO - Processing file /home/airflow/.local/lib/python3.7/site-packages/airflow/example_dags/tutorial_dag.py for tasks to queue
[2023-04-22T23:04:44.899+0000] {logging_mixin.py:137} INFO - [2023-04-22T23:04:44.899+0000] {dagbag.py:532} INFO - Filling up the DagBag from /home/airflow/.local/lib/python3.7/site-packages/airflow/example_dags/tutorial_dag.py
[2023-04-22T23:04:44.909+0000] {processor.py:753} INFO - DAG(s) dict_keys(['tutorial_dag']) retrieved from /home/airflow/.local/lib/python3.7/site-packages/airflow/example_dags/tutorial_dag.py
[2023-04-22T23:04:44.929+0000] {logging_mixin.py:137} INFO - [2023-04-22T23:04:44.929+0000] {dag.py:2705} INFO - Sync 1 DAGs
[2023-04-22T23:04:44.945+0000] {logging_mixin.py:137} INFO - [2023-04-22T23:04:44.945+0000] {dag.py:3456} INFO - Setting next_dagrun for tutorial_dag to None, run_after=None
[2023-04-22T23:04:44.958+0000] {processor.py:175} INFO - Processing /home/airflow/.local/lib/python3.7/site-packages/airflow/example_dags/tutorial_dag.py took 0.063 seconds
[2023-04-22T23:05:15.462+0000] {processor.py:153} INFO - Started process (PID=259) to work on /home/airflow/.local/lib/python3.7/site-packages/airflow/example_dags/tutorial_dag.py
[2023-04-22T23:05:15.464+0000] {processor.py:743} INFO - Processing file /home/airflow/.local/lib/python3.7/site-packages/airflow/example_dags/tutorial_dag.py for tasks to queue
[2023-04-22T23:05:15.464+0000] {logging_mixin.py:137} INFO - [2023-04-22T23:05:15.464+0000] {dagbag.py:532} INFO - Filling up the DagBag from /home/airflow/.local/lib/python3.7/site-packages/airflow/example_dags/tutorial_dag.py
[2023-04-22T23:05:15.474+0000] {processor.py:753} INFO - DAG(s) dict_keys(['tutorial_dag']) retrieved from /home/airflow/.local/lib/python3.7/site-packages/airflow/example_dags/tutorial_dag.py
[2023-04-22T23:05:15.495+0000] {logging_mixin.py:137} INFO - [2023-04-22T23:05:15.495+0000] {dag.py:2705} INFO - Sync 1 DAGs
[2023-04-22T23:05:15.511+0000] {logging_mixin.py:137} INFO - [2023-04-22T23:05:15.511+0000] {dag.py:3456} INFO - Setting next_dagrun for tutorial_dag to None, run_after=None
[2023-04-22T23:05:15.523+0000] {processor.py:175} INFO - Processing /home/airflow/.local/lib/python3.7/site-packages/airflow/example_dags/tutorial_dag.py took 0.063 seconds
[2023-04-22T23:05:45.698+0000] {processor.py:153} INFO - Started process (PID=311) to work on /home/airflow/.local/lib/python3.7/site-packages/airflow/example_dags/tutorial_dag.py
[2023-04-22T23:05:45.700+0000] {processor.py:743} INFO - Processing file /home/airflow/.local/lib/python3.7/site-packages/airflow/example_dags/tutorial_dag.py for tasks to queue
[2023-04-22T23:05:45.701+0000] {logging_mixin.py:137} INFO - [2023-04-22T23:05:45.701+0000] {dagbag.py:532} INFO - Filling up the DagBag from /home/airflow/.local/lib/python3.7/site-packages/airflow/example_dags/tutorial_dag.py
[2023-04-22T23:05:45.713+0000] {processor.py:753} INFO - DAG(s) dict_keys(['tutorial_dag']) retrieved from /home/airflow/.local/lib/python3.7/site-packages/airflow/example_dags/tutorial_dag.py
[2023-04-22T23:05:45.734+0000] {logging_mixin.py:137} INFO - [2023-04-22T23:05:45.734+0000] {dag.py:2705} INFO - Sync 1 DAGs
[2023-04-22T23:05:45.755+0000] {logging_mixin.py:137} INFO - [2023-04-22T23:05:45.755+0000] {dag.py:3456} INFO - Setting next_dagrun for tutorial_dag to None, run_after=None
[2023-04-22T23:05:45.768+0000] {processor.py:175} INFO - Processing /home/airflow/.local/lib/python3.7/site-packages/airflow/example_dags/tutorial_dag.py took 0.074 seconds
[2023-04-22T23:06:15.886+0000] {processor.py:153} INFO - Started process (PID=362) to work on /home/airflow/.local/lib/python3.7/site-packages/airflow/example_dags/tutorial_dag.py
[2023-04-22T23:06:15.888+0000] {processor.py:743} INFO - Processing file /home/airflow/.local/lib/python3.7/site-packages/airflow/example_dags/tutorial_dag.py for tasks to queue
[2023-04-22T23:06:15.888+0000] {logging_mixin.py:137} INFO - [2023-04-22T23:06:15.888+0000] {dagbag.py:532} INFO - Filling up the DagBag from /home/airflow/.local/lib/python3.7/site-packages/airflow/example_dags/tutorial_dag.py
[2023-04-22T23:06:15.899+0000] {processor.py:753} INFO - DAG(s) dict_keys(['tutorial_dag']) retrieved from /home/airflow/.local/lib/python3.7/site-packages/airflow/example_dags/tutorial_dag.py
[2023-04-22T23:06:15.919+0000] {logging_mixin.py:137} INFO - [2023-04-22T23:06:15.919+0000] {dag.py:2705} INFO - Sync 1 DAGs
[2023-04-22T23:06:15.935+0000] {logging_mixin.py:137} INFO - [2023-04-22T23:06:15.935+0000] {dag.py:3456} INFO - Setting next_dagrun for tutorial_dag to None, run_after=None
[2023-04-22T23:06:15.947+0000] {processor.py:175} INFO - Processing /home/airflow/.local/lib/python3.7/site-packages/airflow/example_dags/tutorial_dag.py took 0.064 seconds
[2023-04-22T23:06:46.813+0000] {processor.py:153} INFO - Started process (PID=414) to work on /home/airflow/.local/lib/python3.7/site-packages/airflow/example_dags/tutorial_dag.py
[2023-04-22T23:06:46.815+0000] {processor.py:743} INFO - Processing file /home/airflow/.local/lib/python3.7/site-packages/airflow/example_dags/tutorial_dag.py for tasks to queue
[2023-04-22T23:06:46.816+0000] {logging_mixin.py:137} INFO - [2023-04-22T23:06:46.815+0000] {dagbag.py:532} INFO - Filling up the DagBag from /home/airflow/.local/lib/python3.7/site-packages/airflow/example_dags/tutorial_dag.py
[2023-04-22T23:06:46.829+0000] {processor.py:753} INFO - DAG(s) dict_keys(['tutorial_dag']) retrieved from /home/airflow/.local/lib/python3.7/site-packages/airflow/example_dags/tutorial_dag.py
[2023-04-22T23:06:46.850+0000] {logging_mixin.py:137} INFO - [2023-04-22T23:06:46.849+0000] {dag.py:2705} INFO - Sync 1 DAGs
[2023-04-22T23:06:46.865+0000] {logging_mixin.py:137} INFO - [2023-04-22T23:06:46.865+0000] {dag.py:3456} INFO - Setting next_dagrun for tutorial_dag to None, run_after=None
[2023-04-22T23:06:46.877+0000] {processor.py:175} INFO - Processing /home/airflow/.local/lib/python3.7/site-packages/airflow/example_dags/tutorial_dag.py took 0.066 seconds
[2023-04-22T23:12:37.945+0000] {processor.py:153} INFO - Started process (PID=55) to work on /home/airflow/.local/lib/python3.7/site-packages/airflow/example_dags/tutorial_dag.py
[2023-04-22T23:12:37.948+0000] {processor.py:743} INFO - Processing file /home/airflow/.local/lib/python3.7/site-packages/airflow/example_dags/tutorial_dag.py for tasks to queue
[2023-04-22T23:12:37.949+0000] {logging_mixin.py:137} INFO - [2023-04-22T23:12:37.949+0000] {dagbag.py:532} INFO - Filling up the DagBag from /home/airflow/.local/lib/python3.7/site-packages/airflow/example_dags/tutorial_dag.py
[2023-04-22T23:12:37.978+0000] {processor.py:753} INFO - DAG(s) dict_keys(['tutorial_dag']) retrieved from /home/airflow/.local/lib/python3.7/site-packages/airflow/example_dags/tutorial_dag.py
[2023-04-22T23:12:38.132+0000] {logging_mixin.py:137} INFO - [2023-04-22T23:12:38.132+0000] {manager.py:504} INFO - Created Permission View: can edit on DAG:tutorial_dag
[2023-04-22T23:12:38.139+0000] {logging_mixin.py:137} INFO - [2023-04-22T23:12:38.139+0000] {manager.py:504} INFO - Created Permission View: can read on DAG:tutorial_dag
[2023-04-22T23:12:38.145+0000] {logging_mixin.py:137} INFO - [2023-04-22T23:12:38.145+0000] {manager.py:504} INFO - Created Permission View: can delete on DAG:tutorial_dag
[2023-04-22T23:12:38.146+0000] {logging_mixin.py:137} INFO - [2023-04-22T23:12:38.145+0000] {dag.py:2705} INFO - Sync 1 DAGs
[2023-04-22T23:12:38.155+0000] {logging_mixin.py:137} INFO - [2023-04-22T23:12:38.155+0000] {dag.py:2726} INFO - Creating ORM DAG for tutorial_dag
[2023-04-22T23:12:38.165+0000] {logging_mixin.py:137} INFO - [2023-04-22T23:12:38.165+0000] {dag.py:3456} INFO - Setting next_dagrun for tutorial_dag to None, run_after=None
[2023-04-22T23:12:38.178+0000] {processor.py:175} INFO - Processing /home/airflow/.local/lib/python3.7/site-packages/airflow/example_dags/tutorial_dag.py took 0.240 seconds
[2023-04-22T23:13:08.426+0000] {processor.py:153} INFO - Started process (PID=106) to work on /home/airflow/.local/lib/python3.7/site-packages/airflow/example_dags/tutorial_dag.py
[2023-04-22T23:13:08.427+0000] {processor.py:743} INFO - Processing file /home/airflow/.local/lib/python3.7/site-packages/airflow/example_dags/tutorial_dag.py for tasks to queue
[2023-04-22T23:13:08.428+0000] {logging_mixin.py:137} INFO - [2023-04-22T23:13:08.428+0000] {dagbag.py:532} INFO - Filling up the DagBag from /home/airflow/.local/lib/python3.7/site-packages/airflow/example_dags/tutorial_dag.py
[2023-04-22T23:13:08.444+0000] {processor.py:753} INFO - DAG(s) dict_keys(['tutorial_dag']) retrieved from /home/airflow/.local/lib/python3.7/site-packages/airflow/example_dags/tutorial_dag.py
[2023-04-22T23:13:08.466+0000] {logging_mixin.py:137} INFO - [2023-04-22T23:13:08.466+0000] {dag.py:2705} INFO - Sync 1 DAGs
[2023-04-22T23:13:08.483+0000] {logging_mixin.py:137} INFO - [2023-04-22T23:13:08.483+0000] {dag.py:3456} INFO - Setting next_dagrun for tutorial_dag to None, run_after=None
[2023-04-22T23:13:08.494+0000] {processor.py:175} INFO - Processing /home/airflow/.local/lib/python3.7/site-packages/airflow/example_dags/tutorial_dag.py took 0.071 seconds
[2023-04-22T23:13:38.881+0000] {processor.py:153} INFO - Started process (PID=157) to work on /home/airflow/.local/lib/python3.7/site-packages/airflow/example_dags/tutorial_dag.py
[2023-04-22T23:13:38.883+0000] {processor.py:743} INFO - Processing file /home/airflow/.local/lib/python3.7/site-packages/airflow/example_dags/tutorial_dag.py for tasks to queue
[2023-04-22T23:13:38.883+0000] {logging_mixin.py:137} INFO - [2023-04-22T23:13:38.883+0000] {dagbag.py:532} INFO - Filling up the DagBag from /home/airflow/.local/lib/python3.7/site-packages/airflow/example_dags/tutorial_dag.py
[2023-04-22T23:13:38.894+0000] {processor.py:753} INFO - DAG(s) dict_keys(['tutorial_dag']) retrieved from /home/airflow/.local/lib/python3.7/site-packages/airflow/example_dags/tutorial_dag.py
[2023-04-22T23:13:38.915+0000] {logging_mixin.py:137} INFO - [2023-04-22T23:13:38.915+0000] {dag.py:2705} INFO - Sync 1 DAGs
[2023-04-22T23:13:38.931+0000] {logging_mixin.py:137} INFO - [2023-04-22T23:13:38.931+0000] {dag.py:3456} INFO - Setting next_dagrun for tutorial_dag to None, run_after=None
[2023-04-22T23:13:38.941+0000] {processor.py:175} INFO - Processing /home/airflow/.local/lib/python3.7/site-packages/airflow/example_dags/tutorial_dag.py took 0.063 seconds
[2023-04-22T23:14:09.265+0000] {processor.py:153} INFO - Started process (PID=209) to work on /home/airflow/.local/lib/python3.7/site-packages/airflow/example_dags/tutorial_dag.py
[2023-04-22T23:14:09.266+0000] {processor.py:743} INFO - Processing file /home/airflow/.local/lib/python3.7/site-packages/airflow/example_dags/tutorial_dag.py for tasks to queue
[2023-04-22T23:14:09.267+0000] {logging_mixin.py:137} INFO - [2023-04-22T23:14:09.267+0000] {dagbag.py:532} INFO - Filling up the DagBag from /home/airflow/.local/lib/python3.7/site-packages/airflow/example_dags/tutorial_dag.py
[2023-04-22T23:14:09.277+0000] {processor.py:753} INFO - DAG(s) dict_keys(['tutorial_dag']) retrieved from /home/airflow/.local/lib/python3.7/site-packages/airflow/example_dags/tutorial_dag.py
[2023-04-22T23:14:09.297+0000] {logging_mixin.py:137} INFO - [2023-04-22T23:14:09.297+0000] {dag.py:2705} INFO - Sync 1 DAGs
[2023-04-22T23:14:09.314+0000] {logging_mixin.py:137} INFO - [2023-04-22T23:14:09.314+0000] {dag.py:3456} INFO - Setting next_dagrun for tutorial_dag to None, run_after=None
[2023-04-22T23:14:09.327+0000] {processor.py:175} INFO - Processing /home/airflow/.local/lib/python3.7/site-packages/airflow/example_dags/tutorial_dag.py took 0.065 seconds
[2023-04-22T23:14:39.625+0000] {processor.py:153} INFO - Started process (PID=260) to work on /home/airflow/.local/lib/python3.7/site-packages/airflow/example_dags/tutorial_dag.py
[2023-04-22T23:14:39.626+0000] {processor.py:743} INFO - Processing file /home/airflow/.local/lib/python3.7/site-packages/airflow/example_dags/tutorial_dag.py for tasks to queue
[2023-04-22T23:14:39.627+0000] {logging_mixin.py:137} INFO - [2023-04-22T23:14:39.627+0000] {dagbag.py:532} INFO - Filling up the DagBag from /home/airflow/.local/lib/python3.7/site-packages/airflow/example_dags/tutorial_dag.py
[2023-04-22T23:14:39.637+0000] {processor.py:753} INFO - DAG(s) dict_keys(['tutorial_dag']) retrieved from /home/airflow/.local/lib/python3.7/site-packages/airflow/example_dags/tutorial_dag.py
[2023-04-22T23:14:39.657+0000] {logging_mixin.py:137} INFO - [2023-04-22T23:14:39.657+0000] {dag.py:2705} INFO - Sync 1 DAGs
[2023-04-22T23:14:39.672+0000] {logging_mixin.py:137} INFO - [2023-04-22T23:14:39.672+0000] {dag.py:3456} INFO - Setting next_dagrun for tutorial_dag to None, run_after=None
[2023-04-22T23:14:39.683+0000] {processor.py:175} INFO - Processing /home/airflow/.local/lib/python3.7/site-packages/airflow/example_dags/tutorial_dag.py took 0.061 seconds
[2023-04-22T23:15:10.145+0000] {processor.py:153} INFO - Started process (PID=310) to work on /home/airflow/.local/lib/python3.7/site-packages/airflow/example_dags/tutorial_dag.py
[2023-04-22T23:15:10.146+0000] {processor.py:743} INFO - Processing file /home/airflow/.local/lib/python3.7/site-packages/airflow/example_dags/tutorial_dag.py for tasks to queue
[2023-04-22T23:15:10.147+0000] {logging_mixin.py:137} INFO - [2023-04-22T23:15:10.147+0000] {dagbag.py:532} INFO - Filling up the DagBag from /home/airflow/.local/lib/python3.7/site-packages/airflow/example_dags/tutorial_dag.py
[2023-04-22T23:15:10.156+0000] {processor.py:753} INFO - DAG(s) dict_keys(['tutorial_dag']) retrieved from /home/airflow/.local/lib/python3.7/site-packages/airflow/example_dags/tutorial_dag.py
[2023-04-22T23:15:10.178+0000] {logging_mixin.py:137} INFO - [2023-04-22T23:15:10.178+0000] {dag.py:2705} INFO - Sync 1 DAGs
[2023-04-22T23:15:10.194+0000] {logging_mixin.py:137} INFO - [2023-04-22T23:15:10.194+0000] {dag.py:3456} INFO - Setting next_dagrun for tutorial_dag to None, run_after=None
[2023-04-22T23:15:10.205+0000] {processor.py:175} INFO - Processing /home/airflow/.local/lib/python3.7/site-packages/airflow/example_dags/tutorial_dag.py took 0.063 seconds
[2023-04-22T23:15:40.610+0000] {processor.py:153} INFO - Started process (PID=361) to work on /home/airflow/.local/lib/python3.7/site-packages/airflow/example_dags/tutorial_dag.py
[2023-04-22T23:15:40.611+0000] {processor.py:743} INFO - Processing file /home/airflow/.local/lib/python3.7/site-packages/airflow/example_dags/tutorial_dag.py for tasks to queue
[2023-04-22T23:15:40.612+0000] {logging_mixin.py:137} INFO - [2023-04-22T23:15:40.612+0000] {dagbag.py:532} INFO - Filling up the DagBag from /home/airflow/.local/lib/python3.7/site-packages/airflow/example_dags/tutorial_dag.py
[2023-04-22T23:15:40.622+0000] {processor.py:753} INFO - DAG(s) dict_keys(['tutorial_dag']) retrieved from /home/airflow/.local/lib/python3.7/site-packages/airflow/example_dags/tutorial_dag.py
[2023-04-22T23:15:40.641+0000] {logging_mixin.py:137} INFO - [2023-04-22T23:15:40.641+0000] {dag.py:2705} INFO - Sync 1 DAGs
[2023-04-22T23:15:40.657+0000] {logging_mixin.py:137} INFO - [2023-04-22T23:15:40.657+0000] {dag.py:3456} INFO - Setting next_dagrun for tutorial_dag to None, run_after=None
[2023-04-22T23:15:40.668+0000] {processor.py:175} INFO - Processing /home/airflow/.local/lib/python3.7/site-packages/airflow/example_dags/tutorial_dag.py took 0.061 seconds
[2023-04-22T23:16:11.203+0000] {processor.py:153} INFO - Started process (PID=412) to work on /home/airflow/.local/lib/python3.7/site-packages/airflow/example_dags/tutorial_dag.py
[2023-04-22T23:16:11.204+0000] {processor.py:743} INFO - Processing file /home/airflow/.local/lib/python3.7/site-packages/airflow/example_dags/tutorial_dag.py for tasks to queue
[2023-04-22T23:16:11.205+0000] {logging_mixin.py:137} INFO - [2023-04-22T23:16:11.205+0000] {dagbag.py:532} INFO - Filling up the DagBag from /home/airflow/.local/lib/python3.7/site-packages/airflow/example_dags/tutorial_dag.py
[2023-04-22T23:16:11.215+0000] {processor.py:753} INFO - DAG(s) dict_keys(['tutorial_dag']) retrieved from /home/airflow/.local/lib/python3.7/site-packages/airflow/example_dags/tutorial_dag.py
[2023-04-22T23:16:11.234+0000] {logging_mixin.py:137} INFO - [2023-04-22T23:16:11.234+0000] {dag.py:2705} INFO - Sync 1 DAGs
[2023-04-22T23:16:11.249+0000] {logging_mixin.py:137} INFO - [2023-04-22T23:16:11.249+0000] {dag.py:3456} INFO - Setting next_dagrun for tutorial_dag to None, run_after=None
[2023-04-22T23:16:11.260+0000] {processor.py:175} INFO - Processing /home/airflow/.local/lib/python3.7/site-packages/airflow/example_dags/tutorial_dag.py took 0.060 seconds
[2023-04-22T23:16:41.433+0000] {processor.py:153} INFO - Started process (PID=463) to work on /home/airflow/.local/lib/python3.7/site-packages/airflow/example_dags/tutorial_dag.py
[2023-04-22T23:16:41.435+0000] {processor.py:743} INFO - Processing file /home/airflow/.local/lib/python3.7/site-packages/airflow/example_dags/tutorial_dag.py for tasks to queue
[2023-04-22T23:16:41.435+0000] {logging_mixin.py:137} INFO - [2023-04-22T23:16:41.435+0000] {dagbag.py:532} INFO - Filling up the DagBag from /home/airflow/.local/lib/python3.7/site-packages/airflow/example_dags/tutorial_dag.py
[2023-04-22T23:16:41.445+0000] {processor.py:753} INFO - DAG(s) dict_keys(['tutorial_dag']) retrieved from /home/airflow/.local/lib/python3.7/site-packages/airflow/example_dags/tutorial_dag.py
[2023-04-22T23:16:41.465+0000] {logging_mixin.py:137} INFO - [2023-04-22T23:16:41.465+0000] {dag.py:2705} INFO - Sync 1 DAGs
[2023-04-22T23:16:41.480+0000] {logging_mixin.py:137} INFO - [2023-04-22T23:16:41.480+0000] {dag.py:3456} INFO - Setting next_dagrun for tutorial_dag to None, run_after=None
[2023-04-22T23:16:41.492+0000] {processor.py:175} INFO - Processing /home/airflow/.local/lib/python3.7/site-packages/airflow/example_dags/tutorial_dag.py took 0.062 seconds
[2023-04-22T23:17:11.908+0000] {processor.py:153} INFO - Started process (PID=514) to work on /home/airflow/.local/lib/python3.7/site-packages/airflow/example_dags/tutorial_dag.py
[2023-04-22T23:17:11.910+0000] {processor.py:743} INFO - Processing file /home/airflow/.local/lib/python3.7/site-packages/airflow/example_dags/tutorial_dag.py for tasks to queue
[2023-04-22T23:17:11.911+0000] {logging_mixin.py:137} INFO - [2023-04-22T23:17:11.911+0000] {dagbag.py:532} INFO - Filling up the DagBag from /home/airflow/.local/lib/python3.7/site-packages/airflow/example_dags/tutorial_dag.py
[2023-04-22T23:17:11.923+0000] {processor.py:753} INFO - DAG(s) dict_keys(['tutorial_dag']) retrieved from /home/airflow/.local/lib/python3.7/site-packages/airflow/example_dags/tutorial_dag.py
[2023-04-22T23:17:11.944+0000] {logging_mixin.py:137} INFO - [2023-04-22T23:17:11.944+0000] {dag.py:2705} INFO - Sync 1 DAGs
[2023-04-22T23:17:11.960+0000] {logging_mixin.py:137} INFO - [2023-04-22T23:17:11.960+0000] {dag.py:3456} INFO - Setting next_dagrun for tutorial_dag to None, run_after=None
[2023-04-22T23:17:11.971+0000] {processor.py:175} INFO - Processing /home/airflow/.local/lib/python3.7/site-packages/airflow/example_dags/tutorial_dag.py took 0.066 seconds
[2023-04-22T23:17:42.701+0000] {processor.py:153} INFO - Started process (PID=565) to work on /home/airflow/.local/lib/python3.7/site-packages/airflow/example_dags/tutorial_dag.py
[2023-04-22T23:17:42.704+0000] {processor.py:743} INFO - Processing file /home/airflow/.local/lib/python3.7/site-packages/airflow/example_dags/tutorial_dag.py for tasks to queue
[2023-04-22T23:17:42.706+0000] {logging_mixin.py:137} INFO - [2023-04-22T23:17:42.705+0000] {dagbag.py:532} INFO - Filling up the DagBag from /home/airflow/.local/lib/python3.7/site-packages/airflow/example_dags/tutorial_dag.py
[2023-04-22T23:17:42.739+0000] {processor.py:753} INFO - DAG(s) dict_keys(['tutorial_dag']) retrieved from /home/airflow/.local/lib/python3.7/site-packages/airflow/example_dags/tutorial_dag.py
[2023-04-22T23:17:42.817+0000] {logging_mixin.py:137} INFO - [2023-04-22T23:17:42.816+0000] {dag.py:2705} INFO - Sync 1 DAGs
[2023-04-22T23:17:42.855+0000] {logging_mixin.py:137} INFO - [2023-04-22T23:17:42.855+0000] {dag.py:3456} INFO - Setting next_dagrun for tutorial_dag to None, run_after=None
[2023-04-22T23:17:42.899+0000] {processor.py:175} INFO - Processing /home/airflow/.local/lib/python3.7/site-packages/airflow/example_dags/tutorial_dag.py took 0.220 seconds
[2023-04-22T23:18:13.195+0000] {processor.py:153} INFO - Started process (PID=616) to work on /home/airflow/.local/lib/python3.7/site-packages/airflow/example_dags/tutorial_dag.py
[2023-04-22T23:18:13.196+0000] {processor.py:743} INFO - Processing file /home/airflow/.local/lib/python3.7/site-packages/airflow/example_dags/tutorial_dag.py for tasks to queue
[2023-04-22T23:18:13.197+0000] {logging_mixin.py:137} INFO - [2023-04-22T23:18:13.197+0000] {dagbag.py:532} INFO - Filling up the DagBag from /home/airflow/.local/lib/python3.7/site-packages/airflow/example_dags/tutorial_dag.py
[2023-04-22T23:18:13.207+0000] {processor.py:753} INFO - DAG(s) dict_keys(['tutorial_dag']) retrieved from /home/airflow/.local/lib/python3.7/site-packages/airflow/example_dags/tutorial_dag.py
[2023-04-22T23:18:13.228+0000] {logging_mixin.py:137} INFO - [2023-04-22T23:18:13.228+0000] {dag.py:2705} INFO - Sync 1 DAGs
[2023-04-22T23:18:13.250+0000] {logging_mixin.py:137} INFO - [2023-04-22T23:18:13.249+0000] {dag.py:3456} INFO - Setting next_dagrun for tutorial_dag to None, run_after=None
[2023-04-22T23:18:13.273+0000] {processor.py:175} INFO - Processing /home/airflow/.local/lib/python3.7/site-packages/airflow/example_dags/tutorial_dag.py took 0.080 seconds
[2023-04-22T23:19:30.102+0000] {processor.py:153} INFO - Started process (PID=55) to work on /home/airflow/.local/lib/python3.7/site-packages/airflow/example_dags/tutorial_dag.py
[2023-04-22T23:19:30.104+0000] {processor.py:743} INFO - Processing file /home/airflow/.local/lib/python3.7/site-packages/airflow/example_dags/tutorial_dag.py for tasks to queue
[2023-04-22T23:19:30.105+0000] {logging_mixin.py:137} INFO - [2023-04-22T23:19:30.105+0000] {dagbag.py:532} INFO - Filling up the DagBag from /home/airflow/.local/lib/python3.7/site-packages/airflow/example_dags/tutorial_dag.py
[2023-04-22T23:19:30.137+0000] {processor.py:753} INFO - DAG(s) dict_keys(['tutorial_dag']) retrieved from /home/airflow/.local/lib/python3.7/site-packages/airflow/example_dags/tutorial_dag.py
[2023-04-22T23:19:30.170+0000] {logging_mixin.py:137} INFO - [2023-04-22T23:19:30.170+0000] {dag.py:2705} INFO - Sync 1 DAGs
[2023-04-22T23:19:30.221+0000] {logging_mixin.py:137} INFO - [2023-04-22T23:19:30.221+0000] {dag.py:3456} INFO - Setting next_dagrun for tutorial_dag to None, run_after=None
[2023-04-22T23:19:30.240+0000] {processor.py:175} INFO - Processing /home/airflow/.local/lib/python3.7/site-packages/airflow/example_dags/tutorial_dag.py took 0.144 seconds
[2023-04-22T23:20:00.884+0000] {processor.py:153} INFO - Started process (PID=106) to work on /home/airflow/.local/lib/python3.7/site-packages/airflow/example_dags/tutorial_dag.py
[2023-04-22T23:20:00.885+0000] {processor.py:743} INFO - Processing file /home/airflow/.local/lib/python3.7/site-packages/airflow/example_dags/tutorial_dag.py for tasks to queue
[2023-04-22T23:20:00.885+0000] {logging_mixin.py:137} INFO - [2023-04-22T23:20:00.885+0000] {dagbag.py:532} INFO - Filling up the DagBag from /home/airflow/.local/lib/python3.7/site-packages/airflow/example_dags/tutorial_dag.py
[2023-04-22T23:20:00.895+0000] {processor.py:753} INFO - DAG(s) dict_keys(['tutorial_dag']) retrieved from /home/airflow/.local/lib/python3.7/site-packages/airflow/example_dags/tutorial_dag.py
[2023-04-22T23:20:00.914+0000] {logging_mixin.py:137} INFO - [2023-04-22T23:20:00.914+0000] {dag.py:2705} INFO - Sync 1 DAGs
[2023-04-22T23:20:00.932+0000] {logging_mixin.py:137} INFO - [2023-04-22T23:20:00.932+0000] {dag.py:3456} INFO - Setting next_dagrun for tutorial_dag to None, run_after=None
[2023-04-22T23:20:00.943+0000] {processor.py:175} INFO - Processing /home/airflow/.local/lib/python3.7/site-packages/airflow/example_dags/tutorial_dag.py took 0.062 seconds
[2023-04-22T23:20:31.186+0000] {processor.py:153} INFO - Started process (PID=157) to work on /home/airflow/.local/lib/python3.7/site-packages/airflow/example_dags/tutorial_dag.py
[2023-04-22T23:20:31.187+0000] {processor.py:743} INFO - Processing file /home/airflow/.local/lib/python3.7/site-packages/airflow/example_dags/tutorial_dag.py for tasks to queue
[2023-04-22T23:20:31.188+0000] {logging_mixin.py:137} INFO - [2023-04-22T23:20:31.188+0000] {dagbag.py:532} INFO - Filling up the DagBag from /home/airflow/.local/lib/python3.7/site-packages/airflow/example_dags/tutorial_dag.py
[2023-04-22T23:20:31.200+0000] {processor.py:753} INFO - DAG(s) dict_keys(['tutorial_dag']) retrieved from /home/airflow/.local/lib/python3.7/site-packages/airflow/example_dags/tutorial_dag.py
[2023-04-22T23:20:31.219+0000] {logging_mixin.py:137} INFO - [2023-04-22T23:20:31.219+0000] {dag.py:2705} INFO - Sync 1 DAGs
[2023-04-22T23:20:31.239+0000] {logging_mixin.py:137} INFO - [2023-04-22T23:20:31.239+0000] {dag.py:3456} INFO - Setting next_dagrun for tutorial_dag to None, run_after=None
[2023-04-22T23:20:31.252+0000] {processor.py:175} INFO - Processing /home/airflow/.local/lib/python3.7/site-packages/airflow/example_dags/tutorial_dag.py took 0.069 seconds
[2023-04-22T23:21:02.283+0000] {processor.py:153} INFO - Started process (PID=208) to work on /home/airflow/.local/lib/python3.7/site-packages/airflow/example_dags/tutorial_dag.py
[2023-04-22T23:21:02.285+0000] {processor.py:743} INFO - Processing file /home/airflow/.local/lib/python3.7/site-packages/airflow/example_dags/tutorial_dag.py for tasks to queue
[2023-04-22T23:21:02.285+0000] {logging_mixin.py:137} INFO - [2023-04-22T23:21:02.285+0000] {dagbag.py:532} INFO - Filling up the DagBag from /home/airflow/.local/lib/python3.7/site-packages/airflow/example_dags/tutorial_dag.py
[2023-04-22T23:21:02.295+0000] {processor.py:753} INFO - DAG(s) dict_keys(['tutorial_dag']) retrieved from /home/airflow/.local/lib/python3.7/site-packages/airflow/example_dags/tutorial_dag.py
[2023-04-22T23:21:02.314+0000] {logging_mixin.py:137} INFO - [2023-04-22T23:21:02.314+0000] {dag.py:2705} INFO - Sync 1 DAGs
[2023-04-22T23:21:02.331+0000] {logging_mixin.py:137} INFO - [2023-04-22T23:21:02.331+0000] {dag.py:3456} INFO - Setting next_dagrun for tutorial_dag to None, run_after=None
[2023-04-22T23:21:02.342+0000] {processor.py:175} INFO - Processing /home/airflow/.local/lib/python3.7/site-packages/airflow/example_dags/tutorial_dag.py took 0.061 seconds
[2023-04-22T23:21:32.512+0000] {processor.py:153} INFO - Started process (PID=259) to work on /home/airflow/.local/lib/python3.7/site-packages/airflow/example_dags/tutorial_dag.py
[2023-04-22T23:21:32.514+0000] {processor.py:743} INFO - Processing file /home/airflow/.local/lib/python3.7/site-packages/airflow/example_dags/tutorial_dag.py for tasks to queue
[2023-04-22T23:21:32.514+0000] {logging_mixin.py:137} INFO - [2023-04-22T23:21:32.514+0000] {dagbag.py:532} INFO - Filling up the DagBag from /home/airflow/.local/lib/python3.7/site-packages/airflow/example_dags/tutorial_dag.py
[2023-04-22T23:21:32.524+0000] {processor.py:753} INFO - DAG(s) dict_keys(['tutorial_dag']) retrieved from /home/airflow/.local/lib/python3.7/site-packages/airflow/example_dags/tutorial_dag.py
[2023-04-22T23:21:32.544+0000] {logging_mixin.py:137} INFO - [2023-04-22T23:21:32.544+0000] {dag.py:2705} INFO - Sync 1 DAGs
[2023-04-22T23:21:32.560+0000] {logging_mixin.py:137} INFO - [2023-04-22T23:21:32.560+0000] {dag.py:3456} INFO - Setting next_dagrun for tutorial_dag to None, run_after=None
[2023-04-22T23:21:32.572+0000] {processor.py:175} INFO - Processing /home/airflow/.local/lib/python3.7/site-packages/airflow/example_dags/tutorial_dag.py took 0.062 seconds
[2023-04-22T23:22:03.025+0000] {processor.py:153} INFO - Started process (PID=310) to work on /home/airflow/.local/lib/python3.7/site-packages/airflow/example_dags/tutorial_dag.py
[2023-04-22T23:22:03.026+0000] {processor.py:743} INFO - Processing file /home/airflow/.local/lib/python3.7/site-packages/airflow/example_dags/tutorial_dag.py for tasks to queue
[2023-04-22T23:22:03.027+0000] {logging_mixin.py:137} INFO - [2023-04-22T23:22:03.027+0000] {dagbag.py:532} INFO - Filling up the DagBag from /home/airflow/.local/lib/python3.7/site-packages/airflow/example_dags/tutorial_dag.py
[2023-04-22T23:22:03.037+0000] {processor.py:753} INFO - DAG(s) dict_keys(['tutorial_dag']) retrieved from /home/airflow/.local/lib/python3.7/site-packages/airflow/example_dags/tutorial_dag.py
[2023-04-22T23:22:03.057+0000] {logging_mixin.py:137} INFO - [2023-04-22T23:22:03.057+0000] {dag.py:2705} INFO - Sync 1 DAGs
[2023-04-22T23:22:03.073+0000] {logging_mixin.py:137} INFO - [2023-04-22T23:22:03.073+0000] {dag.py:3456} INFO - Setting next_dagrun for tutorial_dag to None, run_after=None
[2023-04-22T23:22:03.084+0000] {processor.py:175} INFO - Processing /home/airflow/.local/lib/python3.7/site-packages/airflow/example_dags/tutorial_dag.py took 0.062 seconds
[2023-04-22T23:22:34.158+0000] {processor.py:153} INFO - Started process (PID=362) to work on /home/airflow/.local/lib/python3.7/site-packages/airflow/example_dags/tutorial_dag.py
[2023-04-22T23:22:34.159+0000] {processor.py:743} INFO - Processing file /home/airflow/.local/lib/python3.7/site-packages/airflow/example_dags/tutorial_dag.py for tasks to queue
[2023-04-22T23:22:34.160+0000] {logging_mixin.py:137} INFO - [2023-04-22T23:22:34.160+0000] {dagbag.py:532} INFO - Filling up the DagBag from /home/airflow/.local/lib/python3.7/site-packages/airflow/example_dags/tutorial_dag.py
[2023-04-22T23:22:34.170+0000] {processor.py:753} INFO - DAG(s) dict_keys(['tutorial_dag']) retrieved from /home/airflow/.local/lib/python3.7/site-packages/airflow/example_dags/tutorial_dag.py
[2023-04-22T23:22:34.189+0000] {logging_mixin.py:137} INFO - [2023-04-22T23:22:34.189+0000] {dag.py:2705} INFO - Sync 1 DAGs
[2023-04-22T23:22:34.205+0000] {logging_mixin.py:137} INFO - [2023-04-22T23:22:34.205+0000] {dag.py:3456} INFO - Setting next_dagrun for tutorial_dag to None, run_after=None
[2023-04-22T23:22:34.217+0000] {processor.py:175} INFO - Processing /home/airflow/.local/lib/python3.7/site-packages/airflow/example_dags/tutorial_dag.py took 0.062 seconds
[2023-04-22T23:23:04.805+0000] {processor.py:153} INFO - Started process (PID=412) to work on /home/airflow/.local/lib/python3.7/site-packages/airflow/example_dags/tutorial_dag.py
[2023-04-22T23:23:04.807+0000] {processor.py:743} INFO - Processing file /home/airflow/.local/lib/python3.7/site-packages/airflow/example_dags/tutorial_dag.py for tasks to queue
[2023-04-22T23:23:04.807+0000] {logging_mixin.py:137} INFO - [2023-04-22T23:23:04.807+0000] {dagbag.py:532} INFO - Filling up the DagBag from /home/airflow/.local/lib/python3.7/site-packages/airflow/example_dags/tutorial_dag.py
[2023-04-22T23:23:04.819+0000] {processor.py:753} INFO - DAG(s) dict_keys(['tutorial_dag']) retrieved from /home/airflow/.local/lib/python3.7/site-packages/airflow/example_dags/tutorial_dag.py
[2023-04-22T23:23:04.843+0000] {logging_mixin.py:137} INFO - [2023-04-22T23:23:04.842+0000] {dag.py:2705} INFO - Sync 1 DAGs
[2023-04-22T23:23:04.862+0000] {logging_mixin.py:137} INFO - [2023-04-22T23:23:04.862+0000] {dag.py:3456} INFO - Setting next_dagrun for tutorial_dag to None, run_after=None
[2023-04-22T23:23:04.880+0000] {processor.py:175} INFO - Processing /home/airflow/.local/lib/python3.7/site-packages/airflow/example_dags/tutorial_dag.py took 0.078 seconds
[2023-04-22T23:23:34.948+0000] {processor.py:153} INFO - Started process (PID=463) to work on /home/airflow/.local/lib/python3.7/site-packages/airflow/example_dags/tutorial_dag.py
[2023-04-22T23:23:34.950+0000] {processor.py:743} INFO - Processing file /home/airflow/.local/lib/python3.7/site-packages/airflow/example_dags/tutorial_dag.py for tasks to queue
[2023-04-22T23:23:34.951+0000] {logging_mixin.py:137} INFO - [2023-04-22T23:23:34.951+0000] {dagbag.py:532} INFO - Filling up the DagBag from /home/airflow/.local/lib/python3.7/site-packages/airflow/example_dags/tutorial_dag.py
[2023-04-22T23:23:34.964+0000] {processor.py:753} INFO - DAG(s) dict_keys(['tutorial_dag']) retrieved from /home/airflow/.local/lib/python3.7/site-packages/airflow/example_dags/tutorial_dag.py
[2023-04-22T23:23:34.989+0000] {logging_mixin.py:137} INFO - [2023-04-22T23:23:34.989+0000] {dag.py:2705} INFO - Sync 1 DAGs
[2023-04-22T23:23:35.010+0000] {logging_mixin.py:137} INFO - [2023-04-22T23:23:35.010+0000] {dag.py:3456} INFO - Setting next_dagrun for tutorial_dag to None, run_after=None
[2023-04-22T23:23:35.027+0000] {processor.py:175} INFO - Processing /home/airflow/.local/lib/python3.7/site-packages/airflow/example_dags/tutorial_dag.py took 0.082 seconds
[2023-04-22T23:24:05.093+0000] {processor.py:153} INFO - Started process (PID=514) to work on /home/airflow/.local/lib/python3.7/site-packages/airflow/example_dags/tutorial_dag.py
[2023-04-22T23:24:05.095+0000] {processor.py:743} INFO - Processing file /home/airflow/.local/lib/python3.7/site-packages/airflow/example_dags/tutorial_dag.py for tasks to queue
[2023-04-22T23:24:05.095+0000] {logging_mixin.py:137} INFO - [2023-04-22T23:24:05.095+0000] {dagbag.py:532} INFO - Filling up the DagBag from /home/airflow/.local/lib/python3.7/site-packages/airflow/example_dags/tutorial_dag.py
[2023-04-22T23:24:05.105+0000] {processor.py:753} INFO - DAG(s) dict_keys(['tutorial_dag']) retrieved from /home/airflow/.local/lib/python3.7/site-packages/airflow/example_dags/tutorial_dag.py
[2023-04-22T23:24:05.125+0000] {logging_mixin.py:137} INFO - [2023-04-22T23:24:05.125+0000] {dag.py:2705} INFO - Sync 1 DAGs
[2023-04-22T23:24:05.141+0000] {logging_mixin.py:137} INFO - [2023-04-22T23:24:05.141+0000] {dag.py:3456} INFO - Setting next_dagrun for tutorial_dag to None, run_after=None
[2023-04-22T23:24:05.152+0000] {processor.py:175} INFO - Processing /home/airflow/.local/lib/python3.7/site-packages/airflow/example_dags/tutorial_dag.py took 0.061 seconds
[2023-04-22T23:24:35.246+0000] {processor.py:153} INFO - Started process (PID=565) to work on /home/airflow/.local/lib/python3.7/site-packages/airflow/example_dags/tutorial_dag.py
[2023-04-22T23:24:35.248+0000] {processor.py:743} INFO - Processing file /home/airflow/.local/lib/python3.7/site-packages/airflow/example_dags/tutorial_dag.py for tasks to queue
[2023-04-22T23:24:35.249+0000] {logging_mixin.py:137} INFO - [2023-04-22T23:24:35.249+0000] {dagbag.py:532} INFO - Filling up the DagBag from /home/airflow/.local/lib/python3.7/site-packages/airflow/example_dags/tutorial_dag.py
[2023-04-22T23:24:35.259+0000] {processor.py:753} INFO - DAG(s) dict_keys(['tutorial_dag']) retrieved from /home/airflow/.local/lib/python3.7/site-packages/airflow/example_dags/tutorial_dag.py
[2023-04-22T23:24:35.280+0000] {logging_mixin.py:137} INFO - [2023-04-22T23:24:35.279+0000] {dag.py:2705} INFO - Sync 1 DAGs
[2023-04-22T23:24:35.295+0000] {logging_mixin.py:137} INFO - [2023-04-22T23:24:35.295+0000] {dag.py:3456} INFO - Setting next_dagrun for tutorial_dag to None, run_after=None
[2023-04-22T23:24:35.307+0000] {processor.py:175} INFO - Processing /home/airflow/.local/lib/python3.7/site-packages/airflow/example_dags/tutorial_dag.py took 0.063 seconds
[2023-04-22T23:25:05.600+0000] {processor.py:153} INFO - Started process (PID=616) to work on /home/airflow/.local/lib/python3.7/site-packages/airflow/example_dags/tutorial_dag.py
[2023-04-22T23:25:05.601+0000] {processor.py:743} INFO - Processing file /home/airflow/.local/lib/python3.7/site-packages/airflow/example_dags/tutorial_dag.py for tasks to queue
[2023-04-22T23:25:05.602+0000] {logging_mixin.py:137} INFO - [2023-04-22T23:25:05.602+0000] {dagbag.py:532} INFO - Filling up the DagBag from /home/airflow/.local/lib/python3.7/site-packages/airflow/example_dags/tutorial_dag.py
[2023-04-22T23:25:05.613+0000] {processor.py:753} INFO - DAG(s) dict_keys(['tutorial_dag']) retrieved from /home/airflow/.local/lib/python3.7/site-packages/airflow/example_dags/tutorial_dag.py
[2023-04-22T23:25:05.631+0000] {logging_mixin.py:137} INFO - [2023-04-22T23:25:05.631+0000] {dag.py:2705} INFO - Sync 1 DAGs
[2023-04-22T23:25:05.647+0000] {logging_mixin.py:137} INFO - [2023-04-22T23:25:05.647+0000] {dag.py:3456} INFO - Setting next_dagrun for tutorial_dag to None, run_after=None
[2023-04-22T23:25:05.659+0000] {processor.py:175} INFO - Processing /home/airflow/.local/lib/python3.7/site-packages/airflow/example_dags/tutorial_dag.py took 0.062 seconds
[2023-04-22T23:25:36.137+0000] {processor.py:153} INFO - Started process (PID=668) to work on /home/airflow/.local/lib/python3.7/site-packages/airflow/example_dags/tutorial_dag.py
[2023-04-22T23:25:36.139+0000] {processor.py:743} INFO - Processing file /home/airflow/.local/lib/python3.7/site-packages/airflow/example_dags/tutorial_dag.py for tasks to queue
[2023-04-22T23:25:36.139+0000] {logging_mixin.py:137} INFO - [2023-04-22T23:25:36.139+0000] {dagbag.py:532} INFO - Filling up the DagBag from /home/airflow/.local/lib/python3.7/site-packages/airflow/example_dags/tutorial_dag.py
[2023-04-22T23:25:36.150+0000] {processor.py:753} INFO - DAG(s) dict_keys(['tutorial_dag']) retrieved from /home/airflow/.local/lib/python3.7/site-packages/airflow/example_dags/tutorial_dag.py
[2023-04-22T23:25:36.171+0000] {logging_mixin.py:137} INFO - [2023-04-22T23:25:36.171+0000] {dag.py:2705} INFO - Sync 1 DAGs
[2023-04-22T23:25:36.186+0000] {logging_mixin.py:137} INFO - [2023-04-22T23:25:36.186+0000] {dag.py:3456} INFO - Setting next_dagrun for tutorial_dag to None, run_after=None
[2023-04-22T23:25:36.198+0000] {processor.py:175} INFO - Processing /home/airflow/.local/lib/python3.7/site-packages/airflow/example_dags/tutorial_dag.py took 0.064 seconds
[2023-04-22T23:26:06.384+0000] {processor.py:153} INFO - Started process (PID=719) to work on /home/airflow/.local/lib/python3.7/site-packages/airflow/example_dags/tutorial_dag.py
[2023-04-22T23:26:06.385+0000] {processor.py:743} INFO - Processing file /home/airflow/.local/lib/python3.7/site-packages/airflow/example_dags/tutorial_dag.py for tasks to queue
[2023-04-22T23:26:06.386+0000] {logging_mixin.py:137} INFO - [2023-04-22T23:26:06.386+0000] {dagbag.py:532} INFO - Filling up the DagBag from /home/airflow/.local/lib/python3.7/site-packages/airflow/example_dags/tutorial_dag.py
[2023-04-22T23:26:06.395+0000] {processor.py:753} INFO - DAG(s) dict_keys(['tutorial_dag']) retrieved from /home/airflow/.local/lib/python3.7/site-packages/airflow/example_dags/tutorial_dag.py
[2023-04-22T23:26:06.415+0000] {logging_mixin.py:137} INFO - [2023-04-22T23:26:06.415+0000] {dag.py:2705} INFO - Sync 1 DAGs
[2023-04-22T23:26:06.431+0000] {logging_mixin.py:137} INFO - [2023-04-22T23:26:06.431+0000] {dag.py:3456} INFO - Setting next_dagrun for tutorial_dag to None, run_after=None
[2023-04-22T23:26:06.442+0000] {processor.py:175} INFO - Processing /home/airflow/.local/lib/python3.7/site-packages/airflow/example_dags/tutorial_dag.py took 0.061 seconds
[2023-04-22T23:26:36.855+0000] {processor.py:153} INFO - Started process (PID=769) to work on /home/airflow/.local/lib/python3.7/site-packages/airflow/example_dags/tutorial_dag.py
[2023-04-22T23:26:36.856+0000] {processor.py:743} INFO - Processing file /home/airflow/.local/lib/python3.7/site-packages/airflow/example_dags/tutorial_dag.py for tasks to queue
[2023-04-22T23:26:36.857+0000] {logging_mixin.py:137} INFO - [2023-04-22T23:26:36.857+0000] {dagbag.py:532} INFO - Filling up the DagBag from /home/airflow/.local/lib/python3.7/site-packages/airflow/example_dags/tutorial_dag.py
[2023-04-22T23:26:36.867+0000] {processor.py:753} INFO - DAG(s) dict_keys(['tutorial_dag']) retrieved from /home/airflow/.local/lib/python3.7/site-packages/airflow/example_dags/tutorial_dag.py
[2023-04-22T23:26:36.887+0000] {logging_mixin.py:137} INFO - [2023-04-22T23:26:36.887+0000] {dag.py:2705} INFO - Sync 1 DAGs
[2023-04-22T23:26:36.903+0000] {logging_mixin.py:137} INFO - [2023-04-22T23:26:36.902+0000] {dag.py:3456} INFO - Setting next_dagrun for tutorial_dag to None, run_after=None
[2023-04-22T23:26:36.914+0000] {processor.py:175} INFO - Processing /home/airflow/.local/lib/python3.7/site-packages/airflow/example_dags/tutorial_dag.py took 0.063 seconds
[2023-04-22T23:27:07.593+0000] {processor.py:153} INFO - Started process (PID=820) to work on /home/airflow/.local/lib/python3.7/site-packages/airflow/example_dags/tutorial_dag.py
[2023-04-22T23:27:07.594+0000] {processor.py:743} INFO - Processing file /home/airflow/.local/lib/python3.7/site-packages/airflow/example_dags/tutorial_dag.py for tasks to queue
[2023-04-22T23:27:07.595+0000] {logging_mixin.py:137} INFO - [2023-04-22T23:27:07.595+0000] {dagbag.py:532} INFO - Filling up the DagBag from /home/airflow/.local/lib/python3.7/site-packages/airflow/example_dags/tutorial_dag.py
[2023-04-22T23:27:07.605+0000] {processor.py:753} INFO - DAG(s) dict_keys(['tutorial_dag']) retrieved from /home/airflow/.local/lib/python3.7/site-packages/airflow/example_dags/tutorial_dag.py
[2023-04-22T23:27:07.625+0000] {logging_mixin.py:137} INFO - [2023-04-22T23:27:07.625+0000] {dag.py:2705} INFO - Sync 1 DAGs
[2023-04-22T23:27:07.641+0000] {logging_mixin.py:137} INFO - [2023-04-22T23:27:07.641+0000] {dag.py:3456} INFO - Setting next_dagrun for tutorial_dag to None, run_after=None
[2023-04-22T23:27:07.652+0000] {processor.py:175} INFO - Processing /home/airflow/.local/lib/python3.7/site-packages/airflow/example_dags/tutorial_dag.py took 0.062 seconds
[2023-04-22T23:27:38.125+0000] {processor.py:153} INFO - Started process (PID=872) to work on /home/airflow/.local/lib/python3.7/site-packages/airflow/example_dags/tutorial_dag.py
[2023-04-22T23:27:38.126+0000] {processor.py:743} INFO - Processing file /home/airflow/.local/lib/python3.7/site-packages/airflow/example_dags/tutorial_dag.py for tasks to queue
[2023-04-22T23:27:38.126+0000] {logging_mixin.py:137} INFO - [2023-04-22T23:27:38.126+0000] {dagbag.py:532} INFO - Filling up the DagBag from /home/airflow/.local/lib/python3.7/site-packages/airflow/example_dags/tutorial_dag.py
[2023-04-22T23:27:38.136+0000] {processor.py:753} INFO - DAG(s) dict_keys(['tutorial_dag']) retrieved from /home/airflow/.local/lib/python3.7/site-packages/airflow/example_dags/tutorial_dag.py
[2023-04-22T23:27:38.156+0000] {logging_mixin.py:137} INFO - [2023-04-22T23:27:38.156+0000] {dag.py:2705} INFO - Sync 1 DAGs
[2023-04-22T23:27:38.172+0000] {logging_mixin.py:137} INFO - [2023-04-22T23:27:38.172+0000] {dag.py:3456} INFO - Setting next_dagrun for tutorial_dag to None, run_after=None
[2023-04-22T23:27:38.183+0000] {processor.py:175} INFO - Processing /home/airflow/.local/lib/python3.7/site-packages/airflow/example_dags/tutorial_dag.py took 0.062 seconds
[2023-04-22T23:29:55.170+0000] {processor.py:153} INFO - Started process (PID=54) to work on /home/airflow/.local/lib/python3.7/site-packages/airflow/example_dags/tutorial_dag.py
[2023-04-22T23:29:55.172+0000] {processor.py:743} INFO - Processing file /home/airflow/.local/lib/python3.7/site-packages/airflow/example_dags/tutorial_dag.py for tasks to queue
[2023-04-22T23:29:55.173+0000] {logging_mixin.py:137} INFO - [2023-04-22T23:29:55.173+0000] {dagbag.py:532} INFO - Filling up the DagBag from /home/airflow/.local/lib/python3.7/site-packages/airflow/example_dags/tutorial_dag.py
[2023-04-22T23:29:55.207+0000] {processor.py:753} INFO - DAG(s) dict_keys(['tutorial_dag']) retrieved from /home/airflow/.local/lib/python3.7/site-packages/airflow/example_dags/tutorial_dag.py
[2023-04-22T23:29:55.251+0000] {logging_mixin.py:137} INFO - [2023-04-22T23:29:55.250+0000] {dag.py:2705} INFO - Sync 1 DAGs
[2023-04-22T23:29:55.326+0000] {logging_mixin.py:137} INFO - [2023-04-22T23:29:55.326+0000] {dag.py:3456} INFO - Setting next_dagrun for tutorial_dag to None, run_after=None
[2023-04-22T23:29:55.355+0000] {processor.py:175} INFO - Processing /home/airflow/.local/lib/python3.7/site-packages/airflow/example_dags/tutorial_dag.py took 0.190 seconds
[2023-04-22T23:30:25.533+0000] {processor.py:153} INFO - Started process (PID=104) to work on /home/airflow/.local/lib/python3.7/site-packages/airflow/example_dags/tutorial_dag.py
[2023-04-22T23:30:25.534+0000] {processor.py:743} INFO - Processing file /home/airflow/.local/lib/python3.7/site-packages/airflow/example_dags/tutorial_dag.py for tasks to queue
[2023-04-22T23:30:25.535+0000] {logging_mixin.py:137} INFO - [2023-04-22T23:30:25.535+0000] {dagbag.py:532} INFO - Filling up the DagBag from /home/airflow/.local/lib/python3.7/site-packages/airflow/example_dags/tutorial_dag.py
[2023-04-22T23:30:25.545+0000] {processor.py:753} INFO - DAG(s) dict_keys(['tutorial_dag']) retrieved from /home/airflow/.local/lib/python3.7/site-packages/airflow/example_dags/tutorial_dag.py
[2023-04-22T23:30:25.565+0000] {logging_mixin.py:137} INFO - [2023-04-22T23:30:25.565+0000] {dag.py:2705} INFO - Sync 1 DAGs
[2023-04-22T23:30:25.581+0000] {logging_mixin.py:137} INFO - [2023-04-22T23:30:25.581+0000] {dag.py:3456} INFO - Setting next_dagrun for tutorial_dag to None, run_after=None
[2023-04-22T23:30:25.592+0000] {processor.py:175} INFO - Processing /home/airflow/.local/lib/python3.7/site-packages/airflow/example_dags/tutorial_dag.py took 0.062 seconds
[2023-04-22T23:30:55.980+0000] {processor.py:153} INFO - Started process (PID=155) to work on /home/airflow/.local/lib/python3.7/site-packages/airflow/example_dags/tutorial_dag.py
[2023-04-22T23:30:55.981+0000] {processor.py:743} INFO - Processing file /home/airflow/.local/lib/python3.7/site-packages/airflow/example_dags/tutorial_dag.py for tasks to queue
[2023-04-22T23:30:55.981+0000] {logging_mixin.py:137} INFO - [2023-04-22T23:30:55.981+0000] {dagbag.py:532} INFO - Filling up the DagBag from /home/airflow/.local/lib/python3.7/site-packages/airflow/example_dags/tutorial_dag.py
[2023-04-22T23:30:55.990+0000] {processor.py:753} INFO - DAG(s) dict_keys(['tutorial_dag']) retrieved from /home/airflow/.local/lib/python3.7/site-packages/airflow/example_dags/tutorial_dag.py
[2023-04-22T23:30:56.010+0000] {logging_mixin.py:137} INFO - [2023-04-22T23:30:56.010+0000] {dag.py:2705} INFO - Sync 1 DAGs
[2023-04-22T23:30:56.025+0000] {logging_mixin.py:137} INFO - [2023-04-22T23:30:56.024+0000] {dag.py:3456} INFO - Setting next_dagrun for tutorial_dag to None, run_after=None
[2023-04-22T23:30:56.035+0000] {processor.py:175} INFO - Processing /home/airflow/.local/lib/python3.7/site-packages/airflow/example_dags/tutorial_dag.py took 0.058 seconds
[2023-04-22T23:31:26.850+0000] {processor.py:153} INFO - Started process (PID=206) to work on /home/airflow/.local/lib/python3.7/site-packages/airflow/example_dags/tutorial_dag.py
[2023-04-22T23:31:26.853+0000] {processor.py:743} INFO - Processing file /home/airflow/.local/lib/python3.7/site-packages/airflow/example_dags/tutorial_dag.py for tasks to queue
[2023-04-22T23:31:26.854+0000] {logging_mixin.py:137} INFO - [2023-04-22T23:31:26.854+0000] {dagbag.py:532} INFO - Filling up the DagBag from /home/airflow/.local/lib/python3.7/site-packages/airflow/example_dags/tutorial_dag.py
[2023-04-22T23:31:26.872+0000] {processor.py:753} INFO - DAG(s) dict_keys(['tutorial_dag']) retrieved from /home/airflow/.local/lib/python3.7/site-packages/airflow/example_dags/tutorial_dag.py
[2023-04-22T23:31:26.906+0000] {logging_mixin.py:137} INFO - [2023-04-22T23:31:26.906+0000] {dag.py:2705} INFO - Sync 1 DAGs
[2023-04-22T23:31:26.936+0000] {logging_mixin.py:137} INFO - [2023-04-22T23:31:26.936+0000] {dag.py:3456} INFO - Setting next_dagrun for tutorial_dag to None, run_after=None
[2023-04-22T23:31:26.957+0000] {processor.py:175} INFO - Processing /home/airflow/.local/lib/python3.7/site-packages/airflow/example_dags/tutorial_dag.py took 0.112 seconds
[2023-04-22T23:31:57.438+0000] {processor.py:153} INFO - Started process (PID=257) to work on /home/airflow/.local/lib/python3.7/site-packages/airflow/example_dags/tutorial_dag.py
[2023-04-22T23:31:57.440+0000] {processor.py:743} INFO - Processing file /home/airflow/.local/lib/python3.7/site-packages/airflow/example_dags/tutorial_dag.py for tasks to queue
[2023-04-22T23:31:57.441+0000] {logging_mixin.py:137} INFO - [2023-04-22T23:31:57.441+0000] {dagbag.py:532} INFO - Filling up the DagBag from /home/airflow/.local/lib/python3.7/site-packages/airflow/example_dags/tutorial_dag.py
[2023-04-22T23:31:57.455+0000] {processor.py:753} INFO - DAG(s) dict_keys(['tutorial_dag']) retrieved from /home/airflow/.local/lib/python3.7/site-packages/airflow/example_dags/tutorial_dag.py
[2023-04-22T23:31:57.494+0000] {logging_mixin.py:137} INFO - [2023-04-22T23:31:57.493+0000] {dag.py:2705} INFO - Sync 1 DAGs
[2023-04-22T23:31:57.516+0000] {logging_mixin.py:137} INFO - [2023-04-22T23:31:57.516+0000] {dag.py:3456} INFO - Setting next_dagrun for tutorial_dag to None, run_after=None
[2023-04-22T23:31:57.535+0000] {processor.py:175} INFO - Processing /home/airflow/.local/lib/python3.7/site-packages/airflow/example_dags/tutorial_dag.py took 0.101 seconds
[2023-04-22T23:32:28.684+0000] {processor.py:153} INFO - Started process (PID=308) to work on /home/airflow/.local/lib/python3.7/site-packages/airflow/example_dags/tutorial_dag.py
[2023-04-22T23:32:28.686+0000] {processor.py:743} INFO - Processing file /home/airflow/.local/lib/python3.7/site-packages/airflow/example_dags/tutorial_dag.py for tasks to queue
[2023-04-22T23:32:28.686+0000] {logging_mixin.py:137} INFO - [2023-04-22T23:32:28.686+0000] {dagbag.py:532} INFO - Filling up the DagBag from /home/airflow/.local/lib/python3.7/site-packages/airflow/example_dags/tutorial_dag.py
[2023-04-22T23:32:28.697+0000] {processor.py:753} INFO - DAG(s) dict_keys(['tutorial_dag']) retrieved from /home/airflow/.local/lib/python3.7/site-packages/airflow/example_dags/tutorial_dag.py
[2023-04-22T23:32:28.719+0000] {logging_mixin.py:137} INFO - [2023-04-22T23:32:28.719+0000] {dag.py:2705} INFO - Sync 1 DAGs
[2023-04-22T23:32:28.735+0000] {logging_mixin.py:137} INFO - [2023-04-22T23:32:28.735+0000] {dag.py:3456} INFO - Setting next_dagrun for tutorial_dag to None, run_after=None
[2023-04-22T23:32:28.747+0000] {processor.py:175} INFO - Processing /home/airflow/.local/lib/python3.7/site-packages/airflow/example_dags/tutorial_dag.py took 0.066 seconds
[2023-04-22T23:33:00.109+0000] {processor.py:153} INFO - Started process (PID=359) to work on /home/airflow/.local/lib/python3.7/site-packages/airflow/example_dags/tutorial_dag.py
[2023-04-22T23:33:00.112+0000] {processor.py:743} INFO - Processing file /home/airflow/.local/lib/python3.7/site-packages/airflow/example_dags/tutorial_dag.py for tasks to queue
[2023-04-22T23:33:00.113+0000] {logging_mixin.py:137} INFO - [2023-04-22T23:33:00.113+0000] {dagbag.py:532} INFO - Filling up the DagBag from /home/airflow/.local/lib/python3.7/site-packages/airflow/example_dags/tutorial_dag.py
[2023-04-22T23:33:00.126+0000] {processor.py:753} INFO - DAG(s) dict_keys(['tutorial_dag']) retrieved from /home/airflow/.local/lib/python3.7/site-packages/airflow/example_dags/tutorial_dag.py
[2023-04-22T23:33:00.150+0000] {logging_mixin.py:137} INFO - [2023-04-22T23:33:00.149+0000] {dag.py:2705} INFO - Sync 1 DAGs
[2023-04-22T23:33:00.169+0000] {logging_mixin.py:137} INFO - [2023-04-22T23:33:00.169+0000] {dag.py:3456} INFO - Setting next_dagrun for tutorial_dag to None, run_after=None
[2023-04-22T23:33:00.189+0000] {processor.py:175} INFO - Processing /home/airflow/.local/lib/python3.7/site-packages/airflow/example_dags/tutorial_dag.py took 0.084 seconds
[2023-04-22T23:33:30.984+0000] {processor.py:153} INFO - Started process (PID=409) to work on /home/airflow/.local/lib/python3.7/site-packages/airflow/example_dags/tutorial_dag.py
[2023-04-22T23:33:30.985+0000] {processor.py:743} INFO - Processing file /home/airflow/.local/lib/python3.7/site-packages/airflow/example_dags/tutorial_dag.py for tasks to queue
[2023-04-22T23:33:30.986+0000] {logging_mixin.py:137} INFO - [2023-04-22T23:33:30.986+0000] {dagbag.py:532} INFO - Filling up the DagBag from /home/airflow/.local/lib/python3.7/site-packages/airflow/example_dags/tutorial_dag.py
[2023-04-22T23:33:30.998+0000] {processor.py:753} INFO - DAG(s) dict_keys(['tutorial_dag']) retrieved from /home/airflow/.local/lib/python3.7/site-packages/airflow/example_dags/tutorial_dag.py
[2023-04-22T23:33:31.025+0000] {logging_mixin.py:137} INFO - [2023-04-22T23:33:31.025+0000] {dag.py:2705} INFO - Sync 1 DAGs
[2023-04-22T23:33:31.050+0000] {logging_mixin.py:137} INFO - [2023-04-22T23:33:31.050+0000] {dag.py:3456} INFO - Setting next_dagrun for tutorial_dag to None, run_after=None
[2023-04-22T23:33:31.066+0000] {processor.py:175} INFO - Processing /home/airflow/.local/lib/python3.7/site-packages/airflow/example_dags/tutorial_dag.py took 0.085 seconds
[2023-04-22T23:34:01.952+0000] {processor.py:153} INFO - Started process (PID=460) to work on /home/airflow/.local/lib/python3.7/site-packages/airflow/example_dags/tutorial_dag.py
[2023-04-22T23:34:01.956+0000] {processor.py:743} INFO - Processing file /home/airflow/.local/lib/python3.7/site-packages/airflow/example_dags/tutorial_dag.py for tasks to queue
[2023-04-22T23:34:01.958+0000] {logging_mixin.py:137} INFO - [2023-04-22T23:34:01.958+0000] {dagbag.py:532} INFO - Filling up the DagBag from /home/airflow/.local/lib/python3.7/site-packages/airflow/example_dags/tutorial_dag.py
[2023-04-22T23:34:02.004+0000] {processor.py:753} INFO - DAG(s) dict_keys(['tutorial_dag']) retrieved from /home/airflow/.local/lib/python3.7/site-packages/airflow/example_dags/tutorial_dag.py
[2023-04-22T23:34:04.490+0000] {logging_mixin.py:137} INFO - [2023-04-22T23:34:04.489+0000] {process_utils.py:256} INFO - Waiting up to 5 seconds for processes to exit...
[2023-04-22T23:38:45.016+0000] {processor.py:153} INFO - Started process (PID=53) to work on /home/airflow/.local/lib/python3.7/site-packages/airflow/example_dags/tutorial_dag.py
[2023-04-22T23:38:45.028+0000] {processor.py:743} INFO - Processing file /home/airflow/.local/lib/python3.7/site-packages/airflow/example_dags/tutorial_dag.py for tasks to queue
[2023-04-22T23:38:45.030+0000] {logging_mixin.py:137} INFO - [2023-04-22T23:38:45.030+0000] {dagbag.py:532} INFO - Filling up the DagBag from /home/airflow/.local/lib/python3.7/site-packages/airflow/example_dags/tutorial_dag.py
[2023-04-22T23:38:45.081+0000] {processor.py:753} INFO - DAG(s) dict_keys(['tutorial_dag']) retrieved from /home/airflow/.local/lib/python3.7/site-packages/airflow/example_dags/tutorial_dag.py
[2023-04-22T23:38:45.105+0000] {logging_mixin.py:137} INFO - [2023-04-22T23:38:45.105+0000] {dag.py:2705} INFO - Sync 1 DAGs
[2023-04-22T23:38:45.183+0000] {logging_mixin.py:137} INFO - [2023-04-22T23:38:45.183+0000] {dag.py:3456} INFO - Setting next_dagrun for tutorial_dag to None, run_after=None
[2023-04-22T23:38:45.231+0000] {processor.py:175} INFO - Processing /home/airflow/.local/lib/python3.7/site-packages/airflow/example_dags/tutorial_dag.py took 0.225 seconds
[2023-04-22T23:39:15.700+0000] {processor.py:153} INFO - Started process (PID=104) to work on /home/airflow/.local/lib/python3.7/site-packages/airflow/example_dags/tutorial_dag.py
[2023-04-22T23:39:15.701+0000] {processor.py:743} INFO - Processing file /home/airflow/.local/lib/python3.7/site-packages/airflow/example_dags/tutorial_dag.py for tasks to queue
[2023-04-22T23:39:15.702+0000] {logging_mixin.py:137} INFO - [2023-04-22T23:39:15.702+0000] {dagbag.py:532} INFO - Filling up the DagBag from /home/airflow/.local/lib/python3.7/site-packages/airflow/example_dags/tutorial_dag.py
[2023-04-22T23:39:15.712+0000] {processor.py:753} INFO - DAG(s) dict_keys(['tutorial_dag']) retrieved from /home/airflow/.local/lib/python3.7/site-packages/airflow/example_dags/tutorial_dag.py
[2023-04-22T23:39:15.732+0000] {logging_mixin.py:137} INFO - [2023-04-22T23:39:15.732+0000] {dag.py:2705} INFO - Sync 1 DAGs
[2023-04-22T23:39:15.749+0000] {logging_mixin.py:137} INFO - [2023-04-22T23:39:15.749+0000] {dag.py:3456} INFO - Setting next_dagrun for tutorial_dag to None, run_after=None
[2023-04-22T23:39:15.760+0000] {processor.py:175} INFO - Processing /home/airflow/.local/lib/python3.7/site-packages/airflow/example_dags/tutorial_dag.py took 0.063 seconds
[2023-04-22T23:39:46.653+0000] {processor.py:153} INFO - Started process (PID=155) to work on /home/airflow/.local/lib/python3.7/site-packages/airflow/example_dags/tutorial_dag.py
[2023-04-22T23:39:46.655+0000] {processor.py:743} INFO - Processing file /home/airflow/.local/lib/python3.7/site-packages/airflow/example_dags/tutorial_dag.py for tasks to queue
[2023-04-22T23:39:46.656+0000] {logging_mixin.py:137} INFO - [2023-04-22T23:39:46.656+0000] {dagbag.py:532} INFO - Filling up the DagBag from /home/airflow/.local/lib/python3.7/site-packages/airflow/example_dags/tutorial_dag.py
[2023-04-22T23:39:46.665+0000] {processor.py:753} INFO - DAG(s) dict_keys(['tutorial_dag']) retrieved from /home/airflow/.local/lib/python3.7/site-packages/airflow/example_dags/tutorial_dag.py
[2023-04-22T23:39:46.685+0000] {logging_mixin.py:137} INFO - [2023-04-22T23:39:46.685+0000] {dag.py:2705} INFO - Sync 1 DAGs
[2023-04-22T23:39:46.701+0000] {logging_mixin.py:137} INFO - [2023-04-22T23:39:46.701+0000] {dag.py:3456} INFO - Setting next_dagrun for tutorial_dag to None, run_after=None
[2023-04-22T23:39:46.713+0000] {processor.py:175} INFO - Processing /home/airflow/.local/lib/python3.7/site-packages/airflow/example_dags/tutorial_dag.py took 0.062 seconds
[2023-04-22T23:40:16.914+0000] {processor.py:153} INFO - Started process (PID=206) to work on /home/airflow/.local/lib/python3.7/site-packages/airflow/example_dags/tutorial_dag.py
[2023-04-22T23:40:16.916+0000] {processor.py:743} INFO - Processing file /home/airflow/.local/lib/python3.7/site-packages/airflow/example_dags/tutorial_dag.py for tasks to queue
[2023-04-22T23:40:16.916+0000] {logging_mixin.py:137} INFO - [2023-04-22T23:40:16.916+0000] {dagbag.py:532} INFO - Filling up the DagBag from /home/airflow/.local/lib/python3.7/site-packages/airflow/example_dags/tutorial_dag.py
[2023-04-22T23:40:16.926+0000] {processor.py:753} INFO - DAG(s) dict_keys(['tutorial_dag']) retrieved from /home/airflow/.local/lib/python3.7/site-packages/airflow/example_dags/tutorial_dag.py
[2023-04-22T23:40:16.945+0000] {logging_mixin.py:137} INFO - [2023-04-22T23:40:16.945+0000] {dag.py:2705} INFO - Sync 1 DAGs
[2023-04-22T23:40:16.962+0000] {logging_mixin.py:137} INFO - [2023-04-22T23:40:16.962+0000] {dag.py:3456} INFO - Setting next_dagrun for tutorial_dag to None, run_after=None
[2023-04-22T23:40:16.977+0000] {processor.py:175} INFO - Processing /home/airflow/.local/lib/python3.7/site-packages/airflow/example_dags/tutorial_dag.py took 0.066 seconds
[2023-04-22T23:40:47.699+0000] {processor.py:153} INFO - Started process (PID=257) to work on /home/airflow/.local/lib/python3.7/site-packages/airflow/example_dags/tutorial_dag.py
[2023-04-22T23:40:47.700+0000] {processor.py:743} INFO - Processing file /home/airflow/.local/lib/python3.7/site-packages/airflow/example_dags/tutorial_dag.py for tasks to queue
[2023-04-22T23:40:47.701+0000] {logging_mixin.py:137} INFO - [2023-04-22T23:40:47.701+0000] {dagbag.py:532} INFO - Filling up the DagBag from /home/airflow/.local/lib/python3.7/site-packages/airflow/example_dags/tutorial_dag.py
[2023-04-22T23:40:47.710+0000] {processor.py:753} INFO - DAG(s) dict_keys(['tutorial_dag']) retrieved from /home/airflow/.local/lib/python3.7/site-packages/airflow/example_dags/tutorial_dag.py
[2023-04-22T23:40:47.729+0000] {logging_mixin.py:137} INFO - [2023-04-22T23:40:47.729+0000] {dag.py:2705} INFO - Sync 1 DAGs
[2023-04-22T23:40:47.746+0000] {logging_mixin.py:137} INFO - [2023-04-22T23:40:47.746+0000] {dag.py:3456} INFO - Setting next_dagrun for tutorial_dag to None, run_after=None
[2023-04-22T23:40:47.758+0000] {processor.py:175} INFO - Processing /home/airflow/.local/lib/python3.7/site-packages/airflow/example_dags/tutorial_dag.py took 0.062 seconds
[2023-04-22T23:41:18.577+0000] {processor.py:153} INFO - Started process (PID=308) to work on /home/airflow/.local/lib/python3.7/site-packages/airflow/example_dags/tutorial_dag.py
[2023-04-22T23:41:18.578+0000] {processor.py:743} INFO - Processing file /home/airflow/.local/lib/python3.7/site-packages/airflow/example_dags/tutorial_dag.py for tasks to queue
[2023-04-22T23:41:18.579+0000] {logging_mixin.py:137} INFO - [2023-04-22T23:41:18.579+0000] {dagbag.py:532} INFO - Filling up the DagBag from /home/airflow/.local/lib/python3.7/site-packages/airflow/example_dags/tutorial_dag.py
[2023-04-22T23:41:18.591+0000] {processor.py:753} INFO - DAG(s) dict_keys(['tutorial_dag']) retrieved from /home/airflow/.local/lib/python3.7/site-packages/airflow/example_dags/tutorial_dag.py
[2023-04-22T23:41:18.618+0000] {logging_mixin.py:137} INFO - [2023-04-22T23:41:18.618+0000] {dag.py:2705} INFO - Sync 1 DAGs
[2023-04-22T23:41:18.638+0000] {logging_mixin.py:137} INFO - [2023-04-22T23:41:18.638+0000] {dag.py:3456} INFO - Setting next_dagrun for tutorial_dag to None, run_after=None
[2023-04-22T23:41:18.651+0000] {processor.py:175} INFO - Processing /home/airflow/.local/lib/python3.7/site-packages/airflow/example_dags/tutorial_dag.py took 0.077 seconds
[2023-04-22T23:41:49.647+0000] {processor.py:153} INFO - Started process (PID=359) to work on /home/airflow/.local/lib/python3.7/site-packages/airflow/example_dags/tutorial_dag.py
[2023-04-22T23:41:49.648+0000] {processor.py:743} INFO - Processing file /home/airflow/.local/lib/python3.7/site-packages/airflow/example_dags/tutorial_dag.py for tasks to queue
[2023-04-22T23:41:49.649+0000] {logging_mixin.py:137} INFO - [2023-04-22T23:41:49.649+0000] {dagbag.py:532} INFO - Filling up the DagBag from /home/airflow/.local/lib/python3.7/site-packages/airflow/example_dags/tutorial_dag.py
[2023-04-22T23:41:49.659+0000] {processor.py:753} INFO - DAG(s) dict_keys(['tutorial_dag']) retrieved from /home/airflow/.local/lib/python3.7/site-packages/airflow/example_dags/tutorial_dag.py
[2023-04-22T23:41:49.682+0000] {logging_mixin.py:137} INFO - [2023-04-22T23:41:49.682+0000] {dag.py:2705} INFO - Sync 1 DAGs
[2023-04-22T23:41:49.700+0000] {logging_mixin.py:137} INFO - [2023-04-22T23:41:49.700+0000] {dag.py:3456} INFO - Setting next_dagrun for tutorial_dag to None, run_after=None
[2023-04-22T23:41:49.717+0000] {processor.py:175} INFO - Processing /home/airflow/.local/lib/python3.7/site-packages/airflow/example_dags/tutorial_dag.py took 0.073 seconds
[2023-04-22T23:42:19.962+0000] {processor.py:153} INFO - Started process (PID=410) to work on /home/airflow/.local/lib/python3.7/site-packages/airflow/example_dags/tutorial_dag.py
[2023-04-22T23:42:19.963+0000] {processor.py:743} INFO - Processing file /home/airflow/.local/lib/python3.7/site-packages/airflow/example_dags/tutorial_dag.py for tasks to queue
[2023-04-22T23:42:19.964+0000] {logging_mixin.py:137} INFO - [2023-04-22T23:42:19.964+0000] {dagbag.py:532} INFO - Filling up the DagBag from /home/airflow/.local/lib/python3.7/site-packages/airflow/example_dags/tutorial_dag.py
[2023-04-22T23:42:19.974+0000] {processor.py:753} INFO - DAG(s) dict_keys(['tutorial_dag']) retrieved from /home/airflow/.local/lib/python3.7/site-packages/airflow/example_dags/tutorial_dag.py
[2023-04-22T23:42:19.994+0000] {logging_mixin.py:137} INFO - [2023-04-22T23:42:19.994+0000] {dag.py:2705} INFO - Sync 1 DAGs
[2023-04-22T23:42:20.009+0000] {logging_mixin.py:137} INFO - [2023-04-22T23:42:20.009+0000] {dag.py:3456} INFO - Setting next_dagrun for tutorial_dag to None, run_after=None
[2023-04-22T23:42:20.020+0000] {processor.py:175} INFO - Processing /home/airflow/.local/lib/python3.7/site-packages/airflow/example_dags/tutorial_dag.py took 0.060 seconds
[2023-04-22T23:43:07.240+0000] {processor.py:153} INFO - Started process (PID=53) to work on /home/airflow/.local/lib/python3.7/site-packages/airflow/example_dags/tutorial_dag.py
[2023-04-22T23:43:07.247+0000] {processor.py:743} INFO - Processing file /home/airflow/.local/lib/python3.7/site-packages/airflow/example_dags/tutorial_dag.py for tasks to queue
[2023-04-22T23:43:07.250+0000] {logging_mixin.py:137} INFO - [2023-04-22T23:43:07.249+0000] {dagbag.py:532} INFO - Filling up the DagBag from /home/airflow/.local/lib/python3.7/site-packages/airflow/example_dags/tutorial_dag.py
[2023-04-22T23:43:07.273+0000] {processor.py:753} INFO - DAG(s) dict_keys(['tutorial_dag']) retrieved from /home/airflow/.local/lib/python3.7/site-packages/airflow/example_dags/tutorial_dag.py
[2023-04-22T23:43:07.297+0000] {logging_mixin.py:137} INFO - [2023-04-22T23:43:07.297+0000] {dag.py:2705} INFO - Sync 1 DAGs
[2023-04-22T23:43:07.326+0000] {logging_mixin.py:137} INFO - [2023-04-22T23:43:07.326+0000] {dag.py:3456} INFO - Setting next_dagrun for tutorial_dag to None, run_after=None
[2023-04-22T23:43:07.344+0000] {processor.py:175} INFO - Processing /home/airflow/.local/lib/python3.7/site-packages/airflow/example_dags/tutorial_dag.py took 0.117 seconds
[2023-04-22T23:43:37.468+0000] {processor.py:153} INFO - Started process (PID=104) to work on /home/airflow/.local/lib/python3.7/site-packages/airflow/example_dags/tutorial_dag.py
[2023-04-22T23:43:37.469+0000] {processor.py:743} INFO - Processing file /home/airflow/.local/lib/python3.7/site-packages/airflow/example_dags/tutorial_dag.py for tasks to queue
[2023-04-22T23:43:37.470+0000] {logging_mixin.py:137} INFO - [2023-04-22T23:43:37.470+0000] {dagbag.py:532} INFO - Filling up the DagBag from /home/airflow/.local/lib/python3.7/site-packages/airflow/example_dags/tutorial_dag.py
[2023-04-22T23:43:37.480+0000] {processor.py:753} INFO - DAG(s) dict_keys(['tutorial_dag']) retrieved from /home/airflow/.local/lib/python3.7/site-packages/airflow/example_dags/tutorial_dag.py
[2023-04-22T23:43:37.502+0000] {logging_mixin.py:137} INFO - [2023-04-22T23:43:37.502+0000] {dag.py:2705} INFO - Sync 1 DAGs
[2023-04-22T23:43:37.520+0000] {logging_mixin.py:137} INFO - [2023-04-22T23:43:37.520+0000] {dag.py:3456} INFO - Setting next_dagrun for tutorial_dag to None, run_after=None
[2023-04-22T23:43:37.531+0000] {processor.py:175} INFO - Processing /home/airflow/.local/lib/python3.7/site-packages/airflow/example_dags/tutorial_dag.py took 0.066 seconds
[2023-04-22T23:44:30.877+0000] {processor.py:153} INFO - Started process (PID=53) to work on /home/airflow/.local/lib/python3.7/site-packages/airflow/example_dags/tutorial_dag.py
[2023-04-22T23:44:30.882+0000] {processor.py:743} INFO - Processing file /home/airflow/.local/lib/python3.7/site-packages/airflow/example_dags/tutorial_dag.py for tasks to queue
[2023-04-22T23:44:30.883+0000] {logging_mixin.py:137} INFO - [2023-04-22T23:44:30.883+0000] {dagbag.py:532} INFO - Filling up the DagBag from /home/airflow/.local/lib/python3.7/site-packages/airflow/example_dags/tutorial_dag.py
[2023-04-22T23:44:30.912+0000] {processor.py:753} INFO - DAG(s) dict_keys(['tutorial_dag']) retrieved from /home/airflow/.local/lib/python3.7/site-packages/airflow/example_dags/tutorial_dag.py
[2023-04-22T23:44:30.928+0000] {logging_mixin.py:137} INFO - [2023-04-22T23:44:30.928+0000] {dag.py:2705} INFO - Sync 1 DAGs
[2023-04-22T23:44:30.995+0000] {logging_mixin.py:137} INFO - [2023-04-22T23:44:30.995+0000] {dag.py:3456} INFO - Setting next_dagrun for tutorial_dag to None, run_after=None
[2023-04-22T23:44:31.050+0000] {processor.py:175} INFO - Processing /home/airflow/.local/lib/python3.7/site-packages/airflow/example_dags/tutorial_dag.py took 0.178 seconds
[2023-04-22T23:46:55.065+0000] {processor.py:153} INFO - Started process (PID=54) to work on /home/airflow/.local/lib/python3.7/site-packages/airflow/example_dags/tutorial_dag.py
[2023-04-22T23:46:55.069+0000] {processor.py:743} INFO - Processing file /home/airflow/.local/lib/python3.7/site-packages/airflow/example_dags/tutorial_dag.py for tasks to queue
[2023-04-22T23:46:55.071+0000] {logging_mixin.py:137} INFO - [2023-04-22T23:46:55.071+0000] {dagbag.py:532} INFO - Filling up the DagBag from /home/airflow/.local/lib/python3.7/site-packages/airflow/example_dags/tutorial_dag.py
[2023-04-22T23:46:55.101+0000] {processor.py:753} INFO - DAG(s) dict_keys(['tutorial_dag']) retrieved from /home/airflow/.local/lib/python3.7/site-packages/airflow/example_dags/tutorial_dag.py
[2023-04-22T23:46:55.130+0000] {logging_mixin.py:137} INFO - [2023-04-22T23:46:55.130+0000] {dag.py:2705} INFO - Sync 1 DAGs
[2023-04-22T23:46:55.169+0000] {logging_mixin.py:137} INFO - [2023-04-22T23:46:55.168+0000] {dag.py:3456} INFO - Setting next_dagrun for tutorial_dag to None, run_after=None
[2023-04-22T23:46:55.204+0000] {processor.py:175} INFO - Processing /home/airflow/.local/lib/python3.7/site-packages/airflow/example_dags/tutorial_dag.py took 0.153 seconds
[2023-04-22T23:47:25.673+0000] {processor.py:153} INFO - Started process (PID=105) to work on /home/airflow/.local/lib/python3.7/site-packages/airflow/example_dags/tutorial_dag.py
[2023-04-22T23:47:25.674+0000] {processor.py:743} INFO - Processing file /home/airflow/.local/lib/python3.7/site-packages/airflow/example_dags/tutorial_dag.py for tasks to queue
[2023-04-22T23:47:25.675+0000] {logging_mixin.py:137} INFO - [2023-04-22T23:47:25.675+0000] {dagbag.py:532} INFO - Filling up the DagBag from /home/airflow/.local/lib/python3.7/site-packages/airflow/example_dags/tutorial_dag.py
[2023-04-22T23:47:25.684+0000] {processor.py:753} INFO - DAG(s) dict_keys(['tutorial_dag']) retrieved from /home/airflow/.local/lib/python3.7/site-packages/airflow/example_dags/tutorial_dag.py
[2023-04-22T23:47:25.705+0000] {logging_mixin.py:137} INFO - [2023-04-22T23:47:25.705+0000] {dag.py:2705} INFO - Sync 1 DAGs
[2023-04-22T23:47:25.723+0000] {logging_mixin.py:137} INFO - [2023-04-22T23:47:25.723+0000] {dag.py:3456} INFO - Setting next_dagrun for tutorial_dag to None, run_after=None
[2023-04-22T23:47:25.734+0000] {processor.py:175} INFO - Processing /home/airflow/.local/lib/python3.7/site-packages/airflow/example_dags/tutorial_dag.py took 0.064 seconds
[2023-04-22T23:47:56.285+0000] {processor.py:153} INFO - Started process (PID=156) to work on /home/airflow/.local/lib/python3.7/site-packages/airflow/example_dags/tutorial_dag.py
[2023-04-22T23:47:56.286+0000] {processor.py:743} INFO - Processing file /home/airflow/.local/lib/python3.7/site-packages/airflow/example_dags/tutorial_dag.py for tasks to queue
[2023-04-22T23:47:56.287+0000] {logging_mixin.py:137} INFO - [2023-04-22T23:47:56.287+0000] {dagbag.py:532} INFO - Filling up the DagBag from /home/airflow/.local/lib/python3.7/site-packages/airflow/example_dags/tutorial_dag.py
[2023-04-22T23:47:56.297+0000] {processor.py:753} INFO - DAG(s) dict_keys(['tutorial_dag']) retrieved from /home/airflow/.local/lib/python3.7/site-packages/airflow/example_dags/tutorial_dag.py
[2023-04-22T23:47:56.317+0000] {logging_mixin.py:137} INFO - [2023-04-22T23:47:56.317+0000] {dag.py:2705} INFO - Sync 1 DAGs
[2023-04-22T23:47:56.333+0000] {logging_mixin.py:137} INFO - [2023-04-22T23:47:56.333+0000] {dag.py:3456} INFO - Setting next_dagrun for tutorial_dag to None, run_after=None
[2023-04-22T23:47:56.344+0000] {processor.py:175} INFO - Processing /home/airflow/.local/lib/python3.7/site-packages/airflow/example_dags/tutorial_dag.py took 0.062 seconds
[2023-04-22T23:48:26.800+0000] {processor.py:153} INFO - Started process (PID=207) to work on /home/airflow/.local/lib/python3.7/site-packages/airflow/example_dags/tutorial_dag.py
[2023-04-22T23:48:26.802+0000] {processor.py:743} INFO - Processing file /home/airflow/.local/lib/python3.7/site-packages/airflow/example_dags/tutorial_dag.py for tasks to queue
[2023-04-22T23:48:26.802+0000] {logging_mixin.py:137} INFO - [2023-04-22T23:48:26.802+0000] {dagbag.py:532} INFO - Filling up the DagBag from /home/airflow/.local/lib/python3.7/site-packages/airflow/example_dags/tutorial_dag.py
[2023-04-22T23:48:26.813+0000] {processor.py:753} INFO - DAG(s) dict_keys(['tutorial_dag']) retrieved from /home/airflow/.local/lib/python3.7/site-packages/airflow/example_dags/tutorial_dag.py
[2023-04-22T23:48:26.833+0000] {logging_mixin.py:137} INFO - [2023-04-22T23:48:26.833+0000] {dag.py:2705} INFO - Sync 1 DAGs
[2023-04-22T23:48:26.848+0000] {logging_mixin.py:137} INFO - [2023-04-22T23:48:26.848+0000] {dag.py:3456} INFO - Setting next_dagrun for tutorial_dag to None, run_after=None
[2023-04-22T23:48:26.859+0000] {processor.py:175} INFO - Processing /home/airflow/.local/lib/python3.7/site-packages/airflow/example_dags/tutorial_dag.py took 0.061 seconds
[2023-04-22T23:48:57.154+0000] {processor.py:153} INFO - Started process (PID=258) to work on /home/airflow/.local/lib/python3.7/site-packages/airflow/example_dags/tutorial_dag.py
[2023-04-22T23:48:57.155+0000] {processor.py:743} INFO - Processing file /home/airflow/.local/lib/python3.7/site-packages/airflow/example_dags/tutorial_dag.py for tasks to queue
[2023-04-22T23:48:57.156+0000] {logging_mixin.py:137} INFO - [2023-04-22T23:48:57.155+0000] {dagbag.py:532} INFO - Filling up the DagBag from /home/airflow/.local/lib/python3.7/site-packages/airflow/example_dags/tutorial_dag.py
[2023-04-22T23:48:57.165+0000] {processor.py:753} INFO - DAG(s) dict_keys(['tutorial_dag']) retrieved from /home/airflow/.local/lib/python3.7/site-packages/airflow/example_dags/tutorial_dag.py
[2023-04-22T23:48:57.185+0000] {logging_mixin.py:137} INFO - [2023-04-22T23:48:57.184+0000] {dag.py:2705} INFO - Sync 1 DAGs
[2023-04-22T23:48:57.204+0000] {logging_mixin.py:137} INFO - [2023-04-22T23:48:57.204+0000] {dag.py:3456} INFO - Setting next_dagrun for tutorial_dag to None, run_after=None
[2023-04-22T23:48:57.218+0000] {processor.py:175} INFO - Processing /home/airflow/.local/lib/python3.7/site-packages/airflow/example_dags/tutorial_dag.py took 0.067 seconds
[2023-04-22T23:49:27.965+0000] {processor.py:153} INFO - Started process (PID=309) to work on /home/airflow/.local/lib/python3.7/site-packages/airflow/example_dags/tutorial_dag.py
[2023-04-22T23:49:27.966+0000] {processor.py:743} INFO - Processing file /home/airflow/.local/lib/python3.7/site-packages/airflow/example_dags/tutorial_dag.py for tasks to queue
[2023-04-22T23:49:27.967+0000] {logging_mixin.py:137} INFO - [2023-04-22T23:49:27.967+0000] {dagbag.py:532} INFO - Filling up the DagBag from /home/airflow/.local/lib/python3.7/site-packages/airflow/example_dags/tutorial_dag.py
[2023-04-22T23:49:27.976+0000] {processor.py:753} INFO - DAG(s) dict_keys(['tutorial_dag']) retrieved from /home/airflow/.local/lib/python3.7/site-packages/airflow/example_dags/tutorial_dag.py
[2023-04-22T23:49:27.995+0000] {logging_mixin.py:137} INFO - [2023-04-22T23:49:27.995+0000] {dag.py:2705} INFO - Sync 1 DAGs
[2023-04-22T23:49:28.012+0000] {logging_mixin.py:137} INFO - [2023-04-22T23:49:28.012+0000] {dag.py:3456} INFO - Setting next_dagrun for tutorial_dag to None, run_after=None
[2023-04-22T23:49:28.024+0000] {processor.py:175} INFO - Processing /home/airflow/.local/lib/python3.7/site-packages/airflow/example_dags/tutorial_dag.py took 0.062 seconds
[2023-04-22T23:49:58.640+0000] {processor.py:153} INFO - Started process (PID=361) to work on /home/airflow/.local/lib/python3.7/site-packages/airflow/example_dags/tutorial_dag.py
[2023-04-22T23:49:58.642+0000] {processor.py:743} INFO - Processing file /home/airflow/.local/lib/python3.7/site-packages/airflow/example_dags/tutorial_dag.py for tasks to queue
[2023-04-22T23:49:58.643+0000] {logging_mixin.py:137} INFO - [2023-04-22T23:49:58.643+0000] {dagbag.py:532} INFO - Filling up the DagBag from /home/airflow/.local/lib/python3.7/site-packages/airflow/example_dags/tutorial_dag.py
[2023-04-22T23:49:58.652+0000] {processor.py:753} INFO - DAG(s) dict_keys(['tutorial_dag']) retrieved from /home/airflow/.local/lib/python3.7/site-packages/airflow/example_dags/tutorial_dag.py
[2023-04-22T23:49:58.673+0000] {logging_mixin.py:137} INFO - [2023-04-22T23:49:58.673+0000] {dag.py:2705} INFO - Sync 1 DAGs
[2023-04-22T23:49:58.690+0000] {logging_mixin.py:137} INFO - [2023-04-22T23:49:58.690+0000] {dag.py:3456} INFO - Setting next_dagrun for tutorial_dag to None, run_after=None
[2023-04-22T23:49:58.704+0000] {processor.py:175} INFO - Processing /home/airflow/.local/lib/python3.7/site-packages/airflow/example_dags/tutorial_dag.py took 0.066 seconds
[2023-04-22T23:50:29.393+0000] {processor.py:153} INFO - Started process (PID=413) to work on /home/airflow/.local/lib/python3.7/site-packages/airflow/example_dags/tutorial_dag.py
[2023-04-22T23:50:29.395+0000] {processor.py:743} INFO - Processing file /home/airflow/.local/lib/python3.7/site-packages/airflow/example_dags/tutorial_dag.py for tasks to queue
[2023-04-22T23:50:29.396+0000] {logging_mixin.py:137} INFO - [2023-04-22T23:50:29.396+0000] {dagbag.py:532} INFO - Filling up the DagBag from /home/airflow/.local/lib/python3.7/site-packages/airflow/example_dags/tutorial_dag.py
[2023-04-22T23:50:29.407+0000] {processor.py:753} INFO - DAG(s) dict_keys(['tutorial_dag']) retrieved from /home/airflow/.local/lib/python3.7/site-packages/airflow/example_dags/tutorial_dag.py
[2023-04-22T23:50:29.433+0000] {logging_mixin.py:137} INFO - [2023-04-22T23:50:29.433+0000] {dag.py:2705} INFO - Sync 1 DAGs
[2023-04-22T23:50:29.461+0000] {logging_mixin.py:137} INFO - [2023-04-22T23:50:29.460+0000] {dag.py:3456} INFO - Setting next_dagrun for tutorial_dag to None, run_after=None
[2023-04-22T23:50:29.478+0000] {processor.py:175} INFO - Processing /home/airflow/.local/lib/python3.7/site-packages/airflow/example_dags/tutorial_dag.py took 0.089 seconds
