[2023-04-22T22:50:10.929+0000] {processor.py:153} INFO - Started process (PID=61) to work on /home/airflow/.local/lib/python3.7/site-packages/airflow/example_dags/tutorial.py
[2023-04-22T22:50:10.931+0000] {processor.py:743} INFO - Processing file /home/airflow/.local/lib/python3.7/site-packages/airflow/example_dags/tutorial.py for tasks to queue
[2023-04-22T22:50:10.935+0000] {logging_mixin.py:137} INFO - [2023-04-22T22:50:10.935+0000] {dagbag.py:532} INFO - Filling up the DagBag from /home/airflow/.local/lib/python3.7/site-packages/airflow/example_dags/tutorial.py
[2023-04-22T22:50:10.980+0000] {processor.py:753} INFO - DAG(s) dict_keys(['tutorial']) retrieved from /home/airflow/.local/lib/python3.7/site-packages/airflow/example_dags/tutorial.py
[2023-04-22T22:50:11.006+0000] {logging_mixin.py:137} INFO - [2023-04-22T22:50:11.006+0000] {dag.py:2705} INFO - Sync 1 DAGs
[2023-04-22T22:50:11.063+0000] {logging_mixin.py:137} INFO - [2023-04-22T22:50:11.063+0000] {dag.py:3456} INFO - Setting next_dagrun for tutorial to 2023-04-21T22:50:11.062782+00:00, run_after=2023-04-22T22:50:11.062782+00:00
[2023-04-22T22:50:11.111+0000] {processor.py:175} INFO - Processing /home/airflow/.local/lib/python3.7/site-packages/airflow/example_dags/tutorial.py took 0.188 seconds
[2023-04-22T22:50:41.562+0000] {processor.py:153} INFO - Started process (PID=112) to work on /home/airflow/.local/lib/python3.7/site-packages/airflow/example_dags/tutorial.py
[2023-04-22T22:50:41.563+0000] {processor.py:743} INFO - Processing file /home/airflow/.local/lib/python3.7/site-packages/airflow/example_dags/tutorial.py for tasks to queue
[2023-04-22T22:50:41.565+0000] {logging_mixin.py:137} INFO - [2023-04-22T22:50:41.564+0000] {dagbag.py:532} INFO - Filling up the DagBag from /home/airflow/.local/lib/python3.7/site-packages/airflow/example_dags/tutorial.py
[2023-04-22T22:50:41.579+0000] {processor.py:753} INFO - DAG(s) dict_keys(['tutorial']) retrieved from /home/airflow/.local/lib/python3.7/site-packages/airflow/example_dags/tutorial.py
[2023-04-22T22:50:41.600+0000] {logging_mixin.py:137} INFO - [2023-04-22T22:50:41.600+0000] {dag.py:2705} INFO - Sync 1 DAGs
[2023-04-22T22:50:41.617+0000] {logging_mixin.py:137} INFO - [2023-04-22T22:50:41.617+0000] {dag.py:3456} INFO - Setting next_dagrun for tutorial to 2023-04-21T22:50:41.617451+00:00, run_after=2023-04-22T22:50:41.617451+00:00
[2023-04-22T22:50:41.628+0000] {processor.py:175} INFO - Processing /home/airflow/.local/lib/python3.7/site-packages/airflow/example_dags/tutorial.py took 0.070 seconds
[2023-04-22T22:51:12.530+0000] {processor.py:153} INFO - Started process (PID=163) to work on /home/airflow/.local/lib/python3.7/site-packages/airflow/example_dags/tutorial.py
[2023-04-22T22:51:12.532+0000] {processor.py:743} INFO - Processing file /home/airflow/.local/lib/python3.7/site-packages/airflow/example_dags/tutorial.py for tasks to queue
[2023-04-22T22:51:12.532+0000] {logging_mixin.py:137} INFO - [2023-04-22T22:51:12.532+0000] {dagbag.py:532} INFO - Filling up the DagBag from /home/airflow/.local/lib/python3.7/site-packages/airflow/example_dags/tutorial.py
[2023-04-22T22:51:12.544+0000] {processor.py:753} INFO - DAG(s) dict_keys(['tutorial']) retrieved from /home/airflow/.local/lib/python3.7/site-packages/airflow/example_dags/tutorial.py
[2023-04-22T22:51:12.564+0000] {logging_mixin.py:137} INFO - [2023-04-22T22:51:12.564+0000] {dag.py:2705} INFO - Sync 1 DAGs
[2023-04-22T22:51:12.581+0000] {logging_mixin.py:137} INFO - [2023-04-22T22:51:12.581+0000] {dag.py:3456} INFO - Setting next_dagrun for tutorial to 2023-04-21T22:51:12.580988+00:00, run_after=2023-04-22T22:51:12.580988+00:00
[2023-04-22T22:51:12.591+0000] {processor.py:175} INFO - Processing /home/airflow/.local/lib/python3.7/site-packages/airflow/example_dags/tutorial.py took 0.064 seconds
[2023-04-22T22:51:42.898+0000] {processor.py:153} INFO - Started process (PID=213) to work on /home/airflow/.local/lib/python3.7/site-packages/airflow/example_dags/tutorial.py
[2023-04-22T22:51:42.900+0000] {processor.py:743} INFO - Processing file /home/airflow/.local/lib/python3.7/site-packages/airflow/example_dags/tutorial.py for tasks to queue
[2023-04-22T22:51:42.901+0000] {logging_mixin.py:137} INFO - [2023-04-22T22:51:42.901+0000] {dagbag.py:532} INFO - Filling up the DagBag from /home/airflow/.local/lib/python3.7/site-packages/airflow/example_dags/tutorial.py
[2023-04-22T22:51:42.911+0000] {processor.py:753} INFO - DAG(s) dict_keys(['tutorial']) retrieved from /home/airflow/.local/lib/python3.7/site-packages/airflow/example_dags/tutorial.py
[2023-04-22T22:51:42.930+0000] {logging_mixin.py:137} INFO - [2023-04-22T22:51:42.930+0000] {dag.py:2705} INFO - Sync 1 DAGs
[2023-04-22T22:51:42.947+0000] {logging_mixin.py:137} INFO - [2023-04-22T22:51:42.947+0000] {dag.py:3456} INFO - Setting next_dagrun for tutorial to 2023-04-21T22:51:42.947226+00:00, run_after=2023-04-22T22:51:42.947226+00:00
[2023-04-22T22:51:42.960+0000] {processor.py:175} INFO - Processing /home/airflow/.local/lib/python3.7/site-packages/airflow/example_dags/tutorial.py took 0.064 seconds
[2023-04-22T22:52:13.373+0000] {processor.py:153} INFO - Started process (PID=263) to work on /home/airflow/.local/lib/python3.7/site-packages/airflow/example_dags/tutorial.py
[2023-04-22T22:52:13.374+0000] {processor.py:743} INFO - Processing file /home/airflow/.local/lib/python3.7/site-packages/airflow/example_dags/tutorial.py for tasks to queue
[2023-04-22T22:52:13.375+0000] {logging_mixin.py:137} INFO - [2023-04-22T22:52:13.375+0000] {dagbag.py:532} INFO - Filling up the DagBag from /home/airflow/.local/lib/python3.7/site-packages/airflow/example_dags/tutorial.py
[2023-04-22T22:52:13.385+0000] {processor.py:753} INFO - DAG(s) dict_keys(['tutorial']) retrieved from /home/airflow/.local/lib/python3.7/site-packages/airflow/example_dags/tutorial.py
[2023-04-22T22:52:13.404+0000] {logging_mixin.py:137} INFO - [2023-04-22T22:52:13.404+0000] {dag.py:2705} INFO - Sync 1 DAGs
[2023-04-22T22:52:13.420+0000] {logging_mixin.py:137} INFO - [2023-04-22T22:52:13.420+0000] {dag.py:3456} INFO - Setting next_dagrun for tutorial to 2023-04-21T22:52:13.420594+00:00, run_after=2023-04-22T22:52:13.420594+00:00
[2023-04-22T22:52:13.433+0000] {processor.py:175} INFO - Processing /home/airflow/.local/lib/python3.7/site-packages/airflow/example_dags/tutorial.py took 0.063 seconds
[2023-04-22T22:52:43.752+0000] {processor.py:153} INFO - Started process (PID=314) to work on /home/airflow/.local/lib/python3.7/site-packages/airflow/example_dags/tutorial.py
[2023-04-22T22:52:43.753+0000] {processor.py:743} INFO - Processing file /home/airflow/.local/lib/python3.7/site-packages/airflow/example_dags/tutorial.py for tasks to queue
[2023-04-22T22:52:43.754+0000] {logging_mixin.py:137} INFO - [2023-04-22T22:52:43.753+0000] {dagbag.py:532} INFO - Filling up the DagBag from /home/airflow/.local/lib/python3.7/site-packages/airflow/example_dags/tutorial.py
[2023-04-22T22:52:43.763+0000] {processor.py:753} INFO - DAG(s) dict_keys(['tutorial']) retrieved from /home/airflow/.local/lib/python3.7/site-packages/airflow/example_dags/tutorial.py
[2023-04-22T22:52:43.783+0000] {logging_mixin.py:137} INFO - [2023-04-22T22:52:43.782+0000] {dag.py:2705} INFO - Sync 1 DAGs
[2023-04-22T22:52:43.803+0000] {logging_mixin.py:137} INFO - [2023-04-22T22:52:43.802+0000] {dag.py:3456} INFO - Setting next_dagrun for tutorial to 2023-04-21T22:52:43.802774+00:00, run_after=2023-04-22T22:52:43.802774+00:00
[2023-04-22T22:52:43.813+0000] {processor.py:175} INFO - Processing /home/airflow/.local/lib/python3.7/site-packages/airflow/example_dags/tutorial.py took 0.065 seconds
[2023-04-22T22:53:13.964+0000] {processor.py:153} INFO - Started process (PID=366) to work on /home/airflow/.local/lib/python3.7/site-packages/airflow/example_dags/tutorial.py
[2023-04-22T22:53:13.965+0000] {processor.py:743} INFO - Processing file /home/airflow/.local/lib/python3.7/site-packages/airflow/example_dags/tutorial.py for tasks to queue
[2023-04-22T22:53:13.966+0000] {logging_mixin.py:137} INFO - [2023-04-22T22:53:13.966+0000] {dagbag.py:532} INFO - Filling up the DagBag from /home/airflow/.local/lib/python3.7/site-packages/airflow/example_dags/tutorial.py
[2023-04-22T22:53:13.976+0000] {processor.py:753} INFO - DAG(s) dict_keys(['tutorial']) retrieved from /home/airflow/.local/lib/python3.7/site-packages/airflow/example_dags/tutorial.py
[2023-04-22T22:53:13.996+0000] {logging_mixin.py:137} INFO - [2023-04-22T22:53:13.996+0000] {dag.py:2705} INFO - Sync 1 DAGs
[2023-04-22T22:53:14.012+0000] {logging_mixin.py:137} INFO - [2023-04-22T22:53:14.012+0000] {dag.py:3456} INFO - Setting next_dagrun for tutorial to 2023-04-21T22:53:14.012462+00:00, run_after=2023-04-22T22:53:14.012462+00:00
[2023-04-22T22:53:14.025+0000] {processor.py:175} INFO - Processing /home/airflow/.local/lib/python3.7/site-packages/airflow/example_dags/tutorial.py took 0.064 seconds
[2023-04-22T22:53:44.798+0000] {processor.py:153} INFO - Started process (PID=417) to work on /home/airflow/.local/lib/python3.7/site-packages/airflow/example_dags/tutorial.py
[2023-04-22T22:53:44.799+0000] {processor.py:743} INFO - Processing file /home/airflow/.local/lib/python3.7/site-packages/airflow/example_dags/tutorial.py for tasks to queue
[2023-04-22T22:53:44.800+0000] {logging_mixin.py:137} INFO - [2023-04-22T22:53:44.800+0000] {dagbag.py:532} INFO - Filling up the DagBag from /home/airflow/.local/lib/python3.7/site-packages/airflow/example_dags/tutorial.py
[2023-04-22T22:53:44.810+0000] {processor.py:753} INFO - DAG(s) dict_keys(['tutorial']) retrieved from /home/airflow/.local/lib/python3.7/site-packages/airflow/example_dags/tutorial.py
[2023-04-22T22:53:44.830+0000] {logging_mixin.py:137} INFO - [2023-04-22T22:53:44.830+0000] {dag.py:2705} INFO - Sync 1 DAGs
[2023-04-22T22:53:44.848+0000] {logging_mixin.py:137} INFO - [2023-04-22T22:53:44.848+0000] {dag.py:3456} INFO - Setting next_dagrun for tutorial to 2023-04-21T22:53:44.848183+00:00, run_after=2023-04-22T22:53:44.848183+00:00
[2023-04-22T22:53:44.859+0000] {processor.py:175} INFO - Processing /home/airflow/.local/lib/python3.7/site-packages/airflow/example_dags/tutorial.py took 0.064 seconds
[2023-04-22T23:03:13.859+0000] {processor.py:153} INFO - Started process (PID=61) to work on /home/airflow/.local/lib/python3.7/site-packages/airflow/example_dags/tutorial.py
[2023-04-22T23:03:13.860+0000] {processor.py:743} INFO - Processing file /home/airflow/.local/lib/python3.7/site-packages/airflow/example_dags/tutorial.py for tasks to queue
[2023-04-22T23:03:13.862+0000] {logging_mixin.py:137} INFO - [2023-04-22T23:03:13.862+0000] {dagbag.py:532} INFO - Filling up the DagBag from /home/airflow/.local/lib/python3.7/site-packages/airflow/example_dags/tutorial.py
[2023-04-22T23:03:13.879+0000] {processor.py:753} INFO - DAG(s) dict_keys(['tutorial']) retrieved from /home/airflow/.local/lib/python3.7/site-packages/airflow/example_dags/tutorial.py
[2023-04-22T23:03:13.957+0000] {logging_mixin.py:137} INFO - [2023-04-22T23:03:13.957+0000] {manager.py:504} INFO - Created Permission View: can read on DAG:tutorial
[2023-04-22T23:03:13.966+0000] {logging_mixin.py:137} INFO - [2023-04-22T23:03:13.966+0000] {manager.py:504} INFO - Created Permission View: can delete on DAG:tutorial
[2023-04-22T23:03:13.972+0000] {logging_mixin.py:137} INFO - [2023-04-22T23:03:13.972+0000] {manager.py:504} INFO - Created Permission View: can edit on DAG:tutorial
[2023-04-22T23:03:13.972+0000] {logging_mixin.py:137} INFO - [2023-04-22T23:03:13.972+0000] {dag.py:2705} INFO - Sync 1 DAGs
[2023-04-22T23:03:13.983+0000] {logging_mixin.py:137} INFO - [2023-04-22T23:03:13.983+0000] {dag.py:2726} INFO - Creating ORM DAG for tutorial
[2023-04-22T23:03:13.991+0000] {logging_mixin.py:137} INFO - [2023-04-22T23:03:13.991+0000] {dag.py:3456} INFO - Setting next_dagrun for tutorial to 2023-04-21T23:03:13.990891+00:00, run_after=2023-04-22T23:03:13.990891+00:00
[2023-04-22T23:03:14.004+0000] {processor.py:175} INFO - Processing /home/airflow/.local/lib/python3.7/site-packages/airflow/example_dags/tutorial.py took 0.150 seconds
[2023-04-22T23:03:45.010+0000] {processor.py:153} INFO - Started process (PID=112) to work on /home/airflow/.local/lib/python3.7/site-packages/airflow/example_dags/tutorial.py
[2023-04-22T23:03:45.013+0000] {processor.py:743} INFO - Processing file /home/airflow/.local/lib/python3.7/site-packages/airflow/example_dags/tutorial.py for tasks to queue
[2023-04-22T23:03:45.014+0000] {logging_mixin.py:137} INFO - [2023-04-22T23:03:45.014+0000] {dagbag.py:532} INFO - Filling up the DagBag from /home/airflow/.local/lib/python3.7/site-packages/airflow/example_dags/tutorial.py
[2023-04-22T23:03:45.032+0000] {processor.py:753} INFO - DAG(s) dict_keys(['tutorial']) retrieved from /home/airflow/.local/lib/python3.7/site-packages/airflow/example_dags/tutorial.py
[2023-04-22T23:03:45.056+0000] {logging_mixin.py:137} INFO - [2023-04-22T23:03:45.055+0000] {dag.py:2705} INFO - Sync 1 DAGs
[2023-04-22T23:03:45.072+0000] {logging_mixin.py:137} INFO - [2023-04-22T23:03:45.072+0000] {dag.py:3456} INFO - Setting next_dagrun for tutorial to 2023-04-21T23:03:45.071996+00:00, run_after=2023-04-22T23:03:45.071996+00:00
[2023-04-22T23:03:45.083+0000] {processor.py:175} INFO - Processing /home/airflow/.local/lib/python3.7/site-packages/airflow/example_dags/tutorial.py took 0.078 seconds
[2023-04-22T23:04:15.572+0000] {processor.py:153} INFO - Started process (PID=163) to work on /home/airflow/.local/lib/python3.7/site-packages/airflow/example_dags/tutorial.py
[2023-04-22T23:04:15.574+0000] {processor.py:743} INFO - Processing file /home/airflow/.local/lib/python3.7/site-packages/airflow/example_dags/tutorial.py for tasks to queue
[2023-04-22T23:04:15.575+0000] {logging_mixin.py:137} INFO - [2023-04-22T23:04:15.575+0000] {dagbag.py:532} INFO - Filling up the DagBag from /home/airflow/.local/lib/python3.7/site-packages/airflow/example_dags/tutorial.py
[2023-04-22T23:04:15.592+0000] {processor.py:753} INFO - DAG(s) dict_keys(['tutorial']) retrieved from /home/airflow/.local/lib/python3.7/site-packages/airflow/example_dags/tutorial.py
[2023-04-22T23:04:15.616+0000] {logging_mixin.py:137} INFO - [2023-04-22T23:04:15.616+0000] {dag.py:2705} INFO - Sync 1 DAGs
[2023-04-22T23:04:15.633+0000] {logging_mixin.py:137} INFO - [2023-04-22T23:04:15.633+0000] {dag.py:3456} INFO - Setting next_dagrun for tutorial to 2023-04-21T23:04:15.632884+00:00, run_after=2023-04-22T23:04:15.632884+00:00
[2023-04-22T23:04:15.645+0000] {processor.py:175} INFO - Processing /home/airflow/.local/lib/python3.7/site-packages/airflow/example_dags/tutorial.py took 0.080 seconds
[2023-04-22T23:04:46.158+0000] {processor.py:153} INFO - Started process (PID=214) to work on /home/airflow/.local/lib/python3.7/site-packages/airflow/example_dags/tutorial.py
[2023-04-22T23:04:46.160+0000] {processor.py:743} INFO - Processing file /home/airflow/.local/lib/python3.7/site-packages/airflow/example_dags/tutorial.py for tasks to queue
[2023-04-22T23:04:46.161+0000] {logging_mixin.py:137} INFO - [2023-04-22T23:04:46.161+0000] {dagbag.py:532} INFO - Filling up the DagBag from /home/airflow/.local/lib/python3.7/site-packages/airflow/example_dags/tutorial.py
[2023-04-22T23:04:46.178+0000] {processor.py:753} INFO - DAG(s) dict_keys(['tutorial']) retrieved from /home/airflow/.local/lib/python3.7/site-packages/airflow/example_dags/tutorial.py
[2023-04-22T23:04:46.204+0000] {logging_mixin.py:137} INFO - [2023-04-22T23:04:46.204+0000] {dag.py:2705} INFO - Sync 1 DAGs
[2023-04-22T23:04:46.220+0000] {logging_mixin.py:137} INFO - [2023-04-22T23:04:46.220+0000] {dag.py:3456} INFO - Setting next_dagrun for tutorial to 2023-04-21T23:04:46.220556+00:00, run_after=2023-04-22T23:04:46.220556+00:00
[2023-04-22T23:04:46.233+0000] {processor.py:175} INFO - Processing /home/airflow/.local/lib/python3.7/site-packages/airflow/example_dags/tutorial.py took 0.079 seconds
[2023-04-22T23:05:16.725+0000] {processor.py:153} INFO - Started process (PID=265) to work on /home/airflow/.local/lib/python3.7/site-packages/airflow/example_dags/tutorial.py
[2023-04-22T23:05:16.726+0000] {processor.py:743} INFO - Processing file /home/airflow/.local/lib/python3.7/site-packages/airflow/example_dags/tutorial.py for tasks to queue
[2023-04-22T23:05:16.727+0000] {logging_mixin.py:137} INFO - [2023-04-22T23:05:16.727+0000] {dagbag.py:532} INFO - Filling up the DagBag from /home/airflow/.local/lib/python3.7/site-packages/airflow/example_dags/tutorial.py
[2023-04-22T23:05:16.740+0000] {processor.py:753} INFO - DAG(s) dict_keys(['tutorial']) retrieved from /home/airflow/.local/lib/python3.7/site-packages/airflow/example_dags/tutorial.py
[2023-04-22T23:05:16.761+0000] {logging_mixin.py:137} INFO - [2023-04-22T23:05:16.760+0000] {dag.py:2705} INFO - Sync 1 DAGs
[2023-04-22T23:05:16.779+0000] {logging_mixin.py:137} INFO - [2023-04-22T23:05:16.778+0000] {dag.py:3456} INFO - Setting next_dagrun for tutorial to 2023-04-21T23:05:16.778678+00:00, run_after=2023-04-22T23:05:16.778678+00:00
[2023-04-22T23:05:16.793+0000] {processor.py:175} INFO - Processing /home/airflow/.local/lib/python3.7/site-packages/airflow/example_dags/tutorial.py took 0.071 seconds
[2023-04-22T23:05:46.953+0000] {processor.py:153} INFO - Started process (PID=317) to work on /home/airflow/.local/lib/python3.7/site-packages/airflow/example_dags/tutorial.py
[2023-04-22T23:05:46.954+0000] {processor.py:743} INFO - Processing file /home/airflow/.local/lib/python3.7/site-packages/airflow/example_dags/tutorial.py for tasks to queue
[2023-04-22T23:05:46.955+0000] {logging_mixin.py:137} INFO - [2023-04-22T23:05:46.955+0000] {dagbag.py:532} INFO - Filling up the DagBag from /home/airflow/.local/lib/python3.7/site-packages/airflow/example_dags/tutorial.py
[2023-04-22T23:05:46.974+0000] {processor.py:753} INFO - DAG(s) dict_keys(['tutorial']) retrieved from /home/airflow/.local/lib/python3.7/site-packages/airflow/example_dags/tutorial.py
[2023-04-22T23:05:47.002+0000] {logging_mixin.py:137} INFO - [2023-04-22T23:05:47.002+0000] {dag.py:2705} INFO - Sync 1 DAGs
[2023-04-22T23:05:47.022+0000] {logging_mixin.py:137} INFO - [2023-04-22T23:05:47.022+0000] {dag.py:3456} INFO - Setting next_dagrun for tutorial to 2023-04-21T23:05:47.022224+00:00, run_after=2023-04-22T23:05:47.022224+00:00
[2023-04-22T23:05:47.035+0000] {processor.py:175} INFO - Processing /home/airflow/.local/lib/python3.7/site-packages/airflow/example_dags/tutorial.py took 0.086 seconds
[2023-04-22T23:06:17.159+0000] {processor.py:153} INFO - Started process (PID=368) to work on /home/airflow/.local/lib/python3.7/site-packages/airflow/example_dags/tutorial.py
[2023-04-22T23:06:17.160+0000] {processor.py:743} INFO - Processing file /home/airflow/.local/lib/python3.7/site-packages/airflow/example_dags/tutorial.py for tasks to queue
[2023-04-22T23:06:17.161+0000] {logging_mixin.py:137} INFO - [2023-04-22T23:06:17.161+0000] {dagbag.py:532} INFO - Filling up the DagBag from /home/airflow/.local/lib/python3.7/site-packages/airflow/example_dags/tutorial.py
[2023-04-22T23:06:17.198+0000] {processor.py:753} INFO - DAG(s) dict_keys(['tutorial']) retrieved from /home/airflow/.local/lib/python3.7/site-packages/airflow/example_dags/tutorial.py
[2023-04-22T23:06:17.237+0000] {logging_mixin.py:137} INFO - [2023-04-22T23:06:17.237+0000] {dag.py:2705} INFO - Sync 1 DAGs
[2023-04-22T23:06:17.273+0000] {logging_mixin.py:137} INFO - [2023-04-22T23:06:17.272+0000] {dag.py:3456} INFO - Setting next_dagrun for tutorial to 2023-04-21T23:06:17.272515+00:00, run_after=2023-04-22T23:06:17.272515+00:00
[2023-04-22T23:06:17.297+0000] {processor.py:175} INFO - Processing /home/airflow/.local/lib/python3.7/site-packages/airflow/example_dags/tutorial.py took 0.141 seconds
[2023-04-22T23:06:48.047+0000] {processor.py:153} INFO - Started process (PID=420) to work on /home/airflow/.local/lib/python3.7/site-packages/airflow/example_dags/tutorial.py
[2023-04-22T23:06:48.050+0000] {processor.py:743} INFO - Processing file /home/airflow/.local/lib/python3.7/site-packages/airflow/example_dags/tutorial.py for tasks to queue
[2023-04-22T23:06:48.051+0000] {logging_mixin.py:137} INFO - [2023-04-22T23:06:48.051+0000] {dagbag.py:532} INFO - Filling up the DagBag from /home/airflow/.local/lib/python3.7/site-packages/airflow/example_dags/tutorial.py
[2023-04-22T23:06:48.068+0000] {processor.py:753} INFO - DAG(s) dict_keys(['tutorial']) retrieved from /home/airflow/.local/lib/python3.7/site-packages/airflow/example_dags/tutorial.py
[2023-04-22T23:06:48.093+0000] {logging_mixin.py:137} INFO - [2023-04-22T23:06:48.093+0000] {dag.py:2705} INFO - Sync 1 DAGs
[2023-04-22T23:06:48.108+0000] {logging_mixin.py:137} INFO - [2023-04-22T23:06:48.108+0000] {dag.py:3456} INFO - Setting next_dagrun for tutorial to 2023-04-21T23:06:48.108688+00:00, run_after=2023-04-22T23:06:48.108688+00:00
[2023-04-22T23:06:48.120+0000] {processor.py:175} INFO - Processing /home/airflow/.local/lib/python3.7/site-packages/airflow/example_dags/tutorial.py took 0.080 seconds
[2023-04-22T23:12:38.674+0000] {processor.py:153} INFO - Started process (PID=61) to work on /home/airflow/.local/lib/python3.7/site-packages/airflow/example_dags/tutorial.py
[2023-04-22T23:12:38.684+0000] {processor.py:743} INFO - Processing file /home/airflow/.local/lib/python3.7/site-packages/airflow/example_dags/tutorial.py for tasks to queue
[2023-04-22T23:12:38.686+0000] {logging_mixin.py:137} INFO - [2023-04-22T23:12:38.686+0000] {dagbag.py:532} INFO - Filling up the DagBag from /home/airflow/.local/lib/python3.7/site-packages/airflow/example_dags/tutorial.py
[2023-04-22T23:12:38.705+0000] {processor.py:753} INFO - DAG(s) dict_keys(['tutorial']) retrieved from /home/airflow/.local/lib/python3.7/site-packages/airflow/example_dags/tutorial.py
[2023-04-22T23:12:38.844+0000] {logging_mixin.py:137} INFO - [2023-04-22T23:12:38.844+0000] {manager.py:504} INFO - Created Permission View: can edit on DAG:tutorial
[2023-04-22T23:12:38.853+0000] {logging_mixin.py:137} INFO - [2023-04-22T23:12:38.853+0000] {manager.py:504} INFO - Created Permission View: can read on DAG:tutorial
[2023-04-22T23:12:38.860+0000] {logging_mixin.py:137} INFO - [2023-04-22T23:12:38.859+0000] {manager.py:504} INFO - Created Permission View: can delete on DAG:tutorial
[2023-04-22T23:12:38.861+0000] {logging_mixin.py:137} INFO - [2023-04-22T23:12:38.860+0000] {dag.py:2705} INFO - Sync 1 DAGs
[2023-04-22T23:12:38.875+0000] {logging_mixin.py:137} INFO - [2023-04-22T23:12:38.875+0000] {dag.py:2726} INFO - Creating ORM DAG for tutorial
[2023-04-22T23:12:38.885+0000] {logging_mixin.py:137} INFO - [2023-04-22T23:12:38.885+0000] {dag.py:3456} INFO - Setting next_dagrun for tutorial to 2023-04-21T23:12:38.884998+00:00, run_after=2023-04-22T23:12:38.884998+00:00
[2023-04-22T23:12:38.900+0000] {processor.py:175} INFO - Processing /home/airflow/.local/lib/python3.7/site-packages/airflow/example_dags/tutorial.py took 0.234 seconds
[2023-04-22T23:13:09.747+0000] {processor.py:153} INFO - Started process (PID=112) to work on /home/airflow/.local/lib/python3.7/site-packages/airflow/example_dags/tutorial.py
[2023-04-22T23:13:09.748+0000] {processor.py:743} INFO - Processing file /home/airflow/.local/lib/python3.7/site-packages/airflow/example_dags/tutorial.py for tasks to queue
[2023-04-22T23:13:09.749+0000] {logging_mixin.py:137} INFO - [2023-04-22T23:13:09.749+0000] {dagbag.py:532} INFO - Filling up the DagBag from /home/airflow/.local/lib/python3.7/site-packages/airflow/example_dags/tutorial.py
[2023-04-22T23:13:09.760+0000] {processor.py:753} INFO - DAG(s) dict_keys(['tutorial']) retrieved from /home/airflow/.local/lib/python3.7/site-packages/airflow/example_dags/tutorial.py
[2023-04-22T23:13:09.782+0000] {logging_mixin.py:137} INFO - [2023-04-22T23:13:09.782+0000] {dag.py:2705} INFO - Sync 1 DAGs
[2023-04-22T23:13:09.799+0000] {logging_mixin.py:137} INFO - [2023-04-22T23:13:09.799+0000] {dag.py:3456} INFO - Setting next_dagrun for tutorial to 2023-04-21T23:13:09.799351+00:00, run_after=2023-04-22T23:13:09.799351+00:00
[2023-04-22T23:13:09.811+0000] {processor.py:175} INFO - Processing /home/airflow/.local/lib/python3.7/site-packages/airflow/example_dags/tutorial.py took 0.067 seconds
[2023-04-22T23:13:40.170+0000] {processor.py:153} INFO - Started process (PID=163) to work on /home/airflow/.local/lib/python3.7/site-packages/airflow/example_dags/tutorial.py
[2023-04-22T23:13:40.172+0000] {processor.py:743} INFO - Processing file /home/airflow/.local/lib/python3.7/site-packages/airflow/example_dags/tutorial.py for tasks to queue
[2023-04-22T23:13:40.173+0000] {logging_mixin.py:137} INFO - [2023-04-22T23:13:40.173+0000] {dagbag.py:532} INFO - Filling up the DagBag from /home/airflow/.local/lib/python3.7/site-packages/airflow/example_dags/tutorial.py
[2023-04-22T23:13:40.182+0000] {processor.py:753} INFO - DAG(s) dict_keys(['tutorial']) retrieved from /home/airflow/.local/lib/python3.7/site-packages/airflow/example_dags/tutorial.py
[2023-04-22T23:13:40.201+0000] {logging_mixin.py:137} INFO - [2023-04-22T23:13:40.201+0000] {dag.py:2705} INFO - Sync 1 DAGs
[2023-04-22T23:13:40.216+0000] {logging_mixin.py:137} INFO - [2023-04-22T23:13:40.216+0000] {dag.py:3456} INFO - Setting next_dagrun for tutorial to 2023-04-21T23:13:40.216455+00:00, run_after=2023-04-22T23:13:40.216455+00:00
[2023-04-22T23:13:40.227+0000] {processor.py:175} INFO - Processing /home/airflow/.local/lib/python3.7/site-packages/airflow/example_dags/tutorial.py took 0.059 seconds
[2023-04-22T23:14:10.587+0000] {processor.py:153} INFO - Started process (PID=215) to work on /home/airflow/.local/lib/python3.7/site-packages/airflow/example_dags/tutorial.py
[2023-04-22T23:14:10.588+0000] {processor.py:743} INFO - Processing file /home/airflow/.local/lib/python3.7/site-packages/airflow/example_dags/tutorial.py for tasks to queue
[2023-04-22T23:14:10.589+0000] {logging_mixin.py:137} INFO - [2023-04-22T23:14:10.589+0000] {dagbag.py:532} INFO - Filling up the DagBag from /home/airflow/.local/lib/python3.7/site-packages/airflow/example_dags/tutorial.py
[2023-04-22T23:14:10.600+0000] {processor.py:753} INFO - DAG(s) dict_keys(['tutorial']) retrieved from /home/airflow/.local/lib/python3.7/site-packages/airflow/example_dags/tutorial.py
[2023-04-22T23:14:10.626+0000] {logging_mixin.py:137} INFO - [2023-04-22T23:14:10.626+0000] {dag.py:2705} INFO - Sync 1 DAGs
[2023-04-22T23:14:10.643+0000] {logging_mixin.py:137} INFO - [2023-04-22T23:14:10.643+0000] {dag.py:3456} INFO - Setting next_dagrun for tutorial to 2023-04-21T23:14:10.642832+00:00, run_after=2023-04-22T23:14:10.642832+00:00
[2023-04-22T23:14:10.654+0000] {processor.py:175} INFO - Processing /home/airflow/.local/lib/python3.7/site-packages/airflow/example_dags/tutorial.py took 0.070 seconds
[2023-04-22T23:14:40.960+0000] {processor.py:153} INFO - Started process (PID=266) to work on /home/airflow/.local/lib/python3.7/site-packages/airflow/example_dags/tutorial.py
[2023-04-22T23:14:40.961+0000] {processor.py:743} INFO - Processing file /home/airflow/.local/lib/python3.7/site-packages/airflow/example_dags/tutorial.py for tasks to queue
[2023-04-22T23:14:40.962+0000] {logging_mixin.py:137} INFO - [2023-04-22T23:14:40.962+0000] {dagbag.py:532} INFO - Filling up the DagBag from /home/airflow/.local/lib/python3.7/site-packages/airflow/example_dags/tutorial.py
[2023-04-22T23:14:40.971+0000] {processor.py:753} INFO - DAG(s) dict_keys(['tutorial']) retrieved from /home/airflow/.local/lib/python3.7/site-packages/airflow/example_dags/tutorial.py
[2023-04-22T23:14:40.990+0000] {logging_mixin.py:137} INFO - [2023-04-22T23:14:40.990+0000] {dag.py:2705} INFO - Sync 1 DAGs
[2023-04-22T23:14:41.005+0000] {logging_mixin.py:137} INFO - [2023-04-22T23:14:41.005+0000] {dag.py:3456} INFO - Setting next_dagrun for tutorial to 2023-04-21T23:14:41.005166+00:00, run_after=2023-04-22T23:14:41.005166+00:00
[2023-04-22T23:14:41.016+0000] {processor.py:175} INFO - Processing /home/airflow/.local/lib/python3.7/site-packages/airflow/example_dags/tutorial.py took 0.058 seconds
[2023-04-22T23:15:11.512+0000] {processor.py:153} INFO - Started process (PID=316) to work on /home/airflow/.local/lib/python3.7/site-packages/airflow/example_dags/tutorial.py
[2023-04-22T23:15:11.513+0000] {processor.py:743} INFO - Processing file /home/airflow/.local/lib/python3.7/site-packages/airflow/example_dags/tutorial.py for tasks to queue
[2023-04-22T23:15:11.514+0000] {logging_mixin.py:137} INFO - [2023-04-22T23:15:11.514+0000] {dagbag.py:532} INFO - Filling up the DagBag from /home/airflow/.local/lib/python3.7/site-packages/airflow/example_dags/tutorial.py
[2023-04-22T23:15:11.527+0000] {processor.py:753} INFO - DAG(s) dict_keys(['tutorial']) retrieved from /home/airflow/.local/lib/python3.7/site-packages/airflow/example_dags/tutorial.py
[2023-04-22T23:15:11.553+0000] {logging_mixin.py:137} INFO - [2023-04-22T23:15:11.552+0000] {dag.py:2705} INFO - Sync 1 DAGs
[2023-04-22T23:15:11.570+0000] {logging_mixin.py:137} INFO - [2023-04-22T23:15:11.570+0000] {dag.py:3456} INFO - Setting next_dagrun for tutorial to 2023-04-21T23:15:11.570559+00:00, run_after=2023-04-22T23:15:11.570559+00:00
[2023-04-22T23:15:11.583+0000] {processor.py:175} INFO - Processing /home/airflow/.local/lib/python3.7/site-packages/airflow/example_dags/tutorial.py took 0.074 seconds
[2023-04-22T23:15:41.978+0000] {processor.py:153} INFO - Started process (PID=367) to work on /home/airflow/.local/lib/python3.7/site-packages/airflow/example_dags/tutorial.py
[2023-04-22T23:15:41.979+0000] {processor.py:743} INFO - Processing file /home/airflow/.local/lib/python3.7/site-packages/airflow/example_dags/tutorial.py for tasks to queue
[2023-04-22T23:15:41.980+0000] {logging_mixin.py:137} INFO - [2023-04-22T23:15:41.980+0000] {dagbag.py:532} INFO - Filling up the DagBag from /home/airflow/.local/lib/python3.7/site-packages/airflow/example_dags/tutorial.py
[2023-04-22T23:15:41.990+0000] {processor.py:753} INFO - DAG(s) dict_keys(['tutorial']) retrieved from /home/airflow/.local/lib/python3.7/site-packages/airflow/example_dags/tutorial.py
[2023-04-22T23:15:42.017+0000] {logging_mixin.py:137} INFO - [2023-04-22T23:15:42.017+0000] {dag.py:2705} INFO - Sync 1 DAGs
[2023-04-22T23:15:42.034+0000] {logging_mixin.py:137} INFO - [2023-04-22T23:15:42.034+0000] {dag.py:3456} INFO - Setting next_dagrun for tutorial to 2023-04-21T23:15:42.034397+00:00, run_after=2023-04-22T23:15:42.034397+00:00
[2023-04-22T23:15:42.046+0000] {processor.py:175} INFO - Processing /home/airflow/.local/lib/python3.7/site-packages/airflow/example_dags/tutorial.py took 0.072 seconds
[2023-04-22T23:16:12.511+0000] {processor.py:153} INFO - Started process (PID=418) to work on /home/airflow/.local/lib/python3.7/site-packages/airflow/example_dags/tutorial.py
[2023-04-22T23:16:12.512+0000] {processor.py:743} INFO - Processing file /home/airflow/.local/lib/python3.7/site-packages/airflow/example_dags/tutorial.py for tasks to queue
[2023-04-22T23:16:12.513+0000] {logging_mixin.py:137} INFO - [2023-04-22T23:16:12.513+0000] {dagbag.py:532} INFO - Filling up the DagBag from /home/airflow/.local/lib/python3.7/site-packages/airflow/example_dags/tutorial.py
[2023-04-22T23:16:12.523+0000] {processor.py:753} INFO - DAG(s) dict_keys(['tutorial']) retrieved from /home/airflow/.local/lib/python3.7/site-packages/airflow/example_dags/tutorial.py
[2023-04-22T23:16:12.545+0000] {logging_mixin.py:137} INFO - [2023-04-22T23:16:12.545+0000] {dag.py:2705} INFO - Sync 1 DAGs
[2023-04-22T23:16:12.562+0000] {logging_mixin.py:137} INFO - [2023-04-22T23:16:12.562+0000] {dag.py:3456} INFO - Setting next_dagrun for tutorial to 2023-04-21T23:16:12.562037+00:00, run_after=2023-04-22T23:16:12.562037+00:00
[2023-04-22T23:16:12.573+0000] {processor.py:175} INFO - Processing /home/airflow/.local/lib/python3.7/site-packages/airflow/example_dags/tutorial.py took 0.065 seconds
[2023-04-22T23:16:42.765+0000] {processor.py:153} INFO - Started process (PID=469) to work on /home/airflow/.local/lib/python3.7/site-packages/airflow/example_dags/tutorial.py
[2023-04-22T23:16:42.767+0000] {processor.py:743} INFO - Processing file /home/airflow/.local/lib/python3.7/site-packages/airflow/example_dags/tutorial.py for tasks to queue
[2023-04-22T23:16:42.768+0000] {logging_mixin.py:137} INFO - [2023-04-22T23:16:42.768+0000] {dagbag.py:532} INFO - Filling up the DagBag from /home/airflow/.local/lib/python3.7/site-packages/airflow/example_dags/tutorial.py
[2023-04-22T23:16:42.780+0000] {processor.py:753} INFO - DAG(s) dict_keys(['tutorial']) retrieved from /home/airflow/.local/lib/python3.7/site-packages/airflow/example_dags/tutorial.py
[2023-04-22T23:16:42.811+0000] {logging_mixin.py:137} INFO - [2023-04-22T23:16:42.811+0000] {dag.py:2705} INFO - Sync 1 DAGs
[2023-04-22T23:16:42.829+0000] {logging_mixin.py:137} INFO - [2023-04-22T23:16:42.829+0000] {dag.py:3456} INFO - Setting next_dagrun for tutorial to 2023-04-21T23:16:42.829100+00:00, run_after=2023-04-22T23:16:42.829100+00:00
[2023-04-22T23:16:42.841+0000] {processor.py:175} INFO - Processing /home/airflow/.local/lib/python3.7/site-packages/airflow/example_dags/tutorial.py took 0.079 seconds
[2023-04-22T23:17:13.292+0000] {processor.py:153} INFO - Started process (PID=520) to work on /home/airflow/.local/lib/python3.7/site-packages/airflow/example_dags/tutorial.py
[2023-04-22T23:17:13.299+0000] {processor.py:743} INFO - Processing file /home/airflow/.local/lib/python3.7/site-packages/airflow/example_dags/tutorial.py for tasks to queue
[2023-04-22T23:17:13.302+0000] {logging_mixin.py:137} INFO - [2023-04-22T23:17:13.302+0000] {dagbag.py:532} INFO - Filling up the DagBag from /home/airflow/.local/lib/python3.7/site-packages/airflow/example_dags/tutorial.py
[2023-04-22T23:17:13.318+0000] {processor.py:753} INFO - DAG(s) dict_keys(['tutorial']) retrieved from /home/airflow/.local/lib/python3.7/site-packages/airflow/example_dags/tutorial.py
[2023-04-22T23:17:13.342+0000] {logging_mixin.py:137} INFO - [2023-04-22T23:17:13.342+0000] {dag.py:2705} INFO - Sync 1 DAGs
[2023-04-22T23:17:13.359+0000] {logging_mixin.py:137} INFO - [2023-04-22T23:17:13.359+0000] {dag.py:3456} INFO - Setting next_dagrun for tutorial to 2023-04-21T23:17:13.359420+00:00, run_after=2023-04-22T23:17:13.359420+00:00
[2023-04-22T23:17:13.371+0000] {processor.py:175} INFO - Processing /home/airflow/.local/lib/python3.7/site-packages/airflow/example_dags/tutorial.py took 0.085 seconds
[2023-04-22T23:17:43.561+0000] {processor.py:153} INFO - Started process (PID=571) to work on /home/airflow/.local/lib/python3.7/site-packages/airflow/example_dags/tutorial.py
[2023-04-22T23:17:43.563+0000] {processor.py:743} INFO - Processing file /home/airflow/.local/lib/python3.7/site-packages/airflow/example_dags/tutorial.py for tasks to queue
[2023-04-22T23:17:43.564+0000] {logging_mixin.py:137} INFO - [2023-04-22T23:17:43.564+0000] {dagbag.py:532} INFO - Filling up the DagBag from /home/airflow/.local/lib/python3.7/site-packages/airflow/example_dags/tutorial.py
[2023-04-22T23:17:43.598+0000] {processor.py:753} INFO - DAG(s) dict_keys(['tutorial']) retrieved from /home/airflow/.local/lib/python3.7/site-packages/airflow/example_dags/tutorial.py
[2023-04-22T23:17:43.630+0000] {logging_mixin.py:137} INFO - [2023-04-22T23:17:43.630+0000] {dag.py:2705} INFO - Sync 1 DAGs
[2023-04-22T23:17:43.671+0000] {logging_mixin.py:137} INFO - [2023-04-22T23:17:43.671+0000] {dag.py:3456} INFO - Setting next_dagrun for tutorial to 2023-04-21T23:17:43.670269+00:00, run_after=2023-04-22T23:17:43.670269+00:00
[2023-04-22T23:17:43.706+0000] {processor.py:175} INFO - Processing /home/airflow/.local/lib/python3.7/site-packages/airflow/example_dags/tutorial.py took 0.148 seconds
[2023-04-22T23:18:14.594+0000] {processor.py:153} INFO - Started process (PID=622) to work on /home/airflow/.local/lib/python3.7/site-packages/airflow/example_dags/tutorial.py
[2023-04-22T23:18:14.595+0000] {processor.py:743} INFO - Processing file /home/airflow/.local/lib/python3.7/site-packages/airflow/example_dags/tutorial.py for tasks to queue
[2023-04-22T23:18:14.596+0000] {logging_mixin.py:137} INFO - [2023-04-22T23:18:14.596+0000] {dagbag.py:532} INFO - Filling up the DagBag from /home/airflow/.local/lib/python3.7/site-packages/airflow/example_dags/tutorial.py
[2023-04-22T23:18:14.610+0000] {processor.py:753} INFO - DAG(s) dict_keys(['tutorial']) retrieved from /home/airflow/.local/lib/python3.7/site-packages/airflow/example_dags/tutorial.py
[2023-04-22T23:18:14.635+0000] {logging_mixin.py:137} INFO - [2023-04-22T23:18:14.635+0000] {dag.py:2705} INFO - Sync 1 DAGs
[2023-04-22T23:18:14.660+0000] {logging_mixin.py:137} INFO - [2023-04-22T23:18:14.660+0000] {dag.py:3456} INFO - Setting next_dagrun for tutorial to 2023-04-21T23:18:14.660139+00:00, run_after=2023-04-22T23:18:14.660139+00:00
[2023-04-22T23:18:14.681+0000] {processor.py:175} INFO - Processing /home/airflow/.local/lib/python3.7/site-packages/airflow/example_dags/tutorial.py took 0.090 seconds
[2023-04-22T23:19:30.708+0000] {processor.py:153} INFO - Started process (PID=61) to work on /home/airflow/.local/lib/python3.7/site-packages/airflow/example_dags/tutorial.py
[2023-04-22T23:19:30.710+0000] {processor.py:743} INFO - Processing file /home/airflow/.local/lib/python3.7/site-packages/airflow/example_dags/tutorial.py for tasks to queue
[2023-04-22T23:19:30.711+0000] {logging_mixin.py:137} INFO - [2023-04-22T23:19:30.711+0000] {dagbag.py:532} INFO - Filling up the DagBag from /home/airflow/.local/lib/python3.7/site-packages/airflow/example_dags/tutorial.py
[2023-04-22T23:19:30.739+0000] {processor.py:753} INFO - DAG(s) dict_keys(['tutorial']) retrieved from /home/airflow/.local/lib/python3.7/site-packages/airflow/example_dags/tutorial.py
[2023-04-22T23:19:30.761+0000] {logging_mixin.py:137} INFO - [2023-04-22T23:19:30.761+0000] {dag.py:2705} INFO - Sync 1 DAGs
[2023-04-22T23:19:30.792+0000] {logging_mixin.py:137} INFO - [2023-04-22T23:19:30.792+0000] {dag.py:3456} INFO - Setting next_dagrun for tutorial to 2023-04-21T23:19:30.791683+00:00, run_after=2023-04-22T23:19:30.791683+00:00
[2023-04-22T23:19:30.810+0000] {processor.py:175} INFO - Processing /home/airflow/.local/lib/python3.7/site-packages/airflow/example_dags/tutorial.py took 0.106 seconds
[2023-04-22T23:20:01.157+0000] {processor.py:153} INFO - Started process (PID=112) to work on /home/airflow/.local/lib/python3.7/site-packages/airflow/example_dags/tutorial.py
[2023-04-22T23:20:01.158+0000] {processor.py:743} INFO - Processing file /home/airflow/.local/lib/python3.7/site-packages/airflow/example_dags/tutorial.py for tasks to queue
[2023-04-22T23:20:01.159+0000] {logging_mixin.py:137} INFO - [2023-04-22T23:20:01.159+0000] {dagbag.py:532} INFO - Filling up the DagBag from /home/airflow/.local/lib/python3.7/site-packages/airflow/example_dags/tutorial.py
[2023-04-22T23:20:01.169+0000] {processor.py:753} INFO - DAG(s) dict_keys(['tutorial']) retrieved from /home/airflow/.local/lib/python3.7/site-packages/airflow/example_dags/tutorial.py
[2023-04-22T23:20:01.190+0000] {logging_mixin.py:137} INFO - [2023-04-22T23:20:01.190+0000] {dag.py:2705} INFO - Sync 1 DAGs
[2023-04-22T23:20:01.207+0000] {logging_mixin.py:137} INFO - [2023-04-22T23:20:01.207+0000] {dag.py:3456} INFO - Setting next_dagrun for tutorial to 2023-04-21T23:20:01.207630+00:00, run_after=2023-04-22T23:20:01.207630+00:00
[2023-04-22T23:20:01.219+0000] {processor.py:175} INFO - Processing /home/airflow/.local/lib/python3.7/site-packages/airflow/example_dags/tutorial.py took 0.066 seconds
[2023-04-22T23:20:31.482+0000] {processor.py:153} INFO - Started process (PID=163) to work on /home/airflow/.local/lib/python3.7/site-packages/airflow/example_dags/tutorial.py
[2023-04-22T23:20:31.483+0000] {processor.py:743} INFO - Processing file /home/airflow/.local/lib/python3.7/site-packages/airflow/example_dags/tutorial.py for tasks to queue
[2023-04-22T23:20:31.484+0000] {logging_mixin.py:137} INFO - [2023-04-22T23:20:31.483+0000] {dagbag.py:532} INFO - Filling up the DagBag from /home/airflow/.local/lib/python3.7/site-packages/airflow/example_dags/tutorial.py
[2023-04-22T23:20:31.495+0000] {processor.py:753} INFO - DAG(s) dict_keys(['tutorial']) retrieved from /home/airflow/.local/lib/python3.7/site-packages/airflow/example_dags/tutorial.py
[2023-04-22T23:20:31.514+0000] {logging_mixin.py:137} INFO - [2023-04-22T23:20:31.514+0000] {dag.py:2705} INFO - Sync 1 DAGs
[2023-04-22T23:20:31.530+0000] {logging_mixin.py:137} INFO - [2023-04-22T23:20:31.530+0000] {dag.py:3456} INFO - Setting next_dagrun for tutorial to 2023-04-21T23:20:31.530505+00:00, run_after=2023-04-22T23:20:31.530505+00:00
[2023-04-22T23:20:31.541+0000] {processor.py:175} INFO - Processing /home/airflow/.local/lib/python3.7/site-packages/airflow/example_dags/tutorial.py took 0.063 seconds
[2023-04-22T23:21:02.548+0000] {processor.py:153} INFO - Started process (PID=214) to work on /home/airflow/.local/lib/python3.7/site-packages/airflow/example_dags/tutorial.py
[2023-04-22T23:21:02.550+0000] {processor.py:743} INFO - Processing file /home/airflow/.local/lib/python3.7/site-packages/airflow/example_dags/tutorial.py for tasks to queue
[2023-04-22T23:21:02.551+0000] {logging_mixin.py:137} INFO - [2023-04-22T23:21:02.550+0000] {dagbag.py:532} INFO - Filling up the DagBag from /home/airflow/.local/lib/python3.7/site-packages/airflow/example_dags/tutorial.py
[2023-04-22T23:21:02.561+0000] {processor.py:753} INFO - DAG(s) dict_keys(['tutorial']) retrieved from /home/airflow/.local/lib/python3.7/site-packages/airflow/example_dags/tutorial.py
[2023-04-22T23:21:02.581+0000] {logging_mixin.py:137} INFO - [2023-04-22T23:21:02.581+0000] {dag.py:2705} INFO - Sync 1 DAGs
[2023-04-22T23:21:02.598+0000] {logging_mixin.py:137} INFO - [2023-04-22T23:21:02.598+0000] {dag.py:3456} INFO - Setting next_dagrun for tutorial to 2023-04-21T23:21:02.598332+00:00, run_after=2023-04-22T23:21:02.598332+00:00
[2023-04-22T23:21:02.610+0000] {processor.py:175} INFO - Processing /home/airflow/.local/lib/python3.7/site-packages/airflow/example_dags/tutorial.py took 0.065 seconds
[2023-04-22T23:21:32.771+0000] {processor.py:153} INFO - Started process (PID=265) to work on /home/airflow/.local/lib/python3.7/site-packages/airflow/example_dags/tutorial.py
[2023-04-22T23:21:32.772+0000] {processor.py:743} INFO - Processing file /home/airflow/.local/lib/python3.7/site-packages/airflow/example_dags/tutorial.py for tasks to queue
[2023-04-22T23:21:32.773+0000] {logging_mixin.py:137} INFO - [2023-04-22T23:21:32.773+0000] {dagbag.py:532} INFO - Filling up the DagBag from /home/airflow/.local/lib/python3.7/site-packages/airflow/example_dags/tutorial.py
[2023-04-22T23:21:32.783+0000] {processor.py:753} INFO - DAG(s) dict_keys(['tutorial']) retrieved from /home/airflow/.local/lib/python3.7/site-packages/airflow/example_dags/tutorial.py
[2023-04-22T23:21:32.802+0000] {logging_mixin.py:137} INFO - [2023-04-22T23:21:32.801+0000] {dag.py:2705} INFO - Sync 1 DAGs
[2023-04-22T23:21:32.818+0000] {logging_mixin.py:137} INFO - [2023-04-22T23:21:32.818+0000] {dag.py:3456} INFO - Setting next_dagrun for tutorial to 2023-04-21T23:21:32.818609+00:00, run_after=2023-04-22T23:21:32.818609+00:00
[2023-04-22T23:21:32.831+0000] {processor.py:175} INFO - Processing /home/airflow/.local/lib/python3.7/site-packages/airflow/example_dags/tutorial.py took 0.063 seconds
[2023-04-22T23:22:03.287+0000] {processor.py:153} INFO - Started process (PID=316) to work on /home/airflow/.local/lib/python3.7/site-packages/airflow/example_dags/tutorial.py
[2023-04-22T23:22:03.289+0000] {processor.py:743} INFO - Processing file /home/airflow/.local/lib/python3.7/site-packages/airflow/example_dags/tutorial.py for tasks to queue
[2023-04-22T23:22:03.289+0000] {logging_mixin.py:137} INFO - [2023-04-22T23:22:03.289+0000] {dagbag.py:532} INFO - Filling up the DagBag from /home/airflow/.local/lib/python3.7/site-packages/airflow/example_dags/tutorial.py
[2023-04-22T23:22:03.301+0000] {processor.py:753} INFO - DAG(s) dict_keys(['tutorial']) retrieved from /home/airflow/.local/lib/python3.7/site-packages/airflow/example_dags/tutorial.py
[2023-04-22T23:22:03.320+0000] {logging_mixin.py:137} INFO - [2023-04-22T23:22:03.320+0000] {dag.py:2705} INFO - Sync 1 DAGs
[2023-04-22T23:22:03.337+0000] {logging_mixin.py:137} INFO - [2023-04-22T23:22:03.337+0000] {dag.py:3456} INFO - Setting next_dagrun for tutorial to 2023-04-21T23:22:03.337190+00:00, run_after=2023-04-22T23:22:03.337190+00:00
[2023-04-22T23:22:03.353+0000] {processor.py:175} INFO - Processing /home/airflow/.local/lib/python3.7/site-packages/airflow/example_dags/tutorial.py took 0.069 seconds
[2023-04-22T23:22:34.424+0000] {processor.py:153} INFO - Started process (PID=368) to work on /home/airflow/.local/lib/python3.7/site-packages/airflow/example_dags/tutorial.py
[2023-04-22T23:22:34.425+0000] {processor.py:743} INFO - Processing file /home/airflow/.local/lib/python3.7/site-packages/airflow/example_dags/tutorial.py for tasks to queue
[2023-04-22T23:22:34.427+0000] {logging_mixin.py:137} INFO - [2023-04-22T23:22:34.427+0000] {dagbag.py:532} INFO - Filling up the DagBag from /home/airflow/.local/lib/python3.7/site-packages/airflow/example_dags/tutorial.py
[2023-04-22T23:22:34.438+0000] {processor.py:753} INFO - DAG(s) dict_keys(['tutorial']) retrieved from /home/airflow/.local/lib/python3.7/site-packages/airflow/example_dags/tutorial.py
[2023-04-22T23:22:34.457+0000] {logging_mixin.py:137} INFO - [2023-04-22T23:22:34.457+0000] {dag.py:2705} INFO - Sync 1 DAGs
[2023-04-22T23:22:34.481+0000] {logging_mixin.py:137} INFO - [2023-04-22T23:22:34.481+0000] {dag.py:3456} INFO - Setting next_dagrun for tutorial to 2023-04-21T23:22:34.481291+00:00, run_after=2023-04-22T23:22:34.481291+00:00
[2023-04-22T23:22:34.496+0000] {processor.py:175} INFO - Processing /home/airflow/.local/lib/python3.7/site-packages/airflow/example_dags/tutorial.py took 0.075 seconds
[2023-04-22T23:23:05.162+0000] {processor.py:153} INFO - Started process (PID=418) to work on /home/airflow/.local/lib/python3.7/site-packages/airflow/example_dags/tutorial.py
[2023-04-22T23:23:05.163+0000] {processor.py:743} INFO - Processing file /home/airflow/.local/lib/python3.7/site-packages/airflow/example_dags/tutorial.py for tasks to queue
[2023-04-22T23:23:05.164+0000] {logging_mixin.py:137} INFO - [2023-04-22T23:23:05.164+0000] {dagbag.py:532} INFO - Filling up the DagBag from /home/airflow/.local/lib/python3.7/site-packages/airflow/example_dags/tutorial.py
[2023-04-22T23:23:05.175+0000] {processor.py:753} INFO - DAG(s) dict_keys(['tutorial']) retrieved from /home/airflow/.local/lib/python3.7/site-packages/airflow/example_dags/tutorial.py
[2023-04-22T23:23:05.194+0000] {logging_mixin.py:137} INFO - [2023-04-22T23:23:05.194+0000] {dag.py:2705} INFO - Sync 1 DAGs
[2023-04-22T23:23:05.212+0000] {logging_mixin.py:137} INFO - [2023-04-22T23:23:05.212+0000] {dag.py:3456} INFO - Setting next_dagrun for tutorial to 2023-04-21T23:23:05.212114+00:00, run_after=2023-04-22T23:23:05.212114+00:00
[2023-04-22T23:23:05.223+0000] {processor.py:175} INFO - Processing /home/airflow/.local/lib/python3.7/site-packages/airflow/example_dags/tutorial.py took 0.064 seconds
[2023-04-22T23:23:35.363+0000] {processor.py:153} INFO - Started process (PID=469) to work on /home/airflow/.local/lib/python3.7/site-packages/airflow/example_dags/tutorial.py
[2023-04-22T23:23:35.372+0000] {processor.py:743} INFO - Processing file /home/airflow/.local/lib/python3.7/site-packages/airflow/example_dags/tutorial.py for tasks to queue
[2023-04-22T23:23:35.373+0000] {logging_mixin.py:137} INFO - [2023-04-22T23:23:35.373+0000] {dagbag.py:532} INFO - Filling up the DagBag from /home/airflow/.local/lib/python3.7/site-packages/airflow/example_dags/tutorial.py
[2023-04-22T23:23:35.385+0000] {processor.py:753} INFO - DAG(s) dict_keys(['tutorial']) retrieved from /home/airflow/.local/lib/python3.7/site-packages/airflow/example_dags/tutorial.py
[2023-04-22T23:23:35.409+0000] {logging_mixin.py:137} INFO - [2023-04-22T23:23:35.409+0000] {dag.py:2705} INFO - Sync 1 DAGs
[2023-04-22T23:23:35.436+0000] {logging_mixin.py:137} INFO - [2023-04-22T23:23:35.436+0000] {dag.py:3456} INFO - Setting next_dagrun for tutorial to 2023-04-21T23:23:35.435690+00:00, run_after=2023-04-22T23:23:35.435690+00:00
[2023-04-22T23:23:35.457+0000] {processor.py:175} INFO - Processing /home/airflow/.local/lib/python3.7/site-packages/airflow/example_dags/tutorial.py took 0.098 seconds
[2023-04-22T23:24:06.383+0000] {processor.py:153} INFO - Started process (PID=520) to work on /home/airflow/.local/lib/python3.7/site-packages/airflow/example_dags/tutorial.py
[2023-04-22T23:24:06.384+0000] {processor.py:743} INFO - Processing file /home/airflow/.local/lib/python3.7/site-packages/airflow/example_dags/tutorial.py for tasks to queue
[2023-04-22T23:24:06.385+0000] {logging_mixin.py:137} INFO - [2023-04-22T23:24:06.385+0000] {dagbag.py:532} INFO - Filling up the DagBag from /home/airflow/.local/lib/python3.7/site-packages/airflow/example_dags/tutorial.py
[2023-04-22T23:24:06.396+0000] {processor.py:753} INFO - DAG(s) dict_keys(['tutorial']) retrieved from /home/airflow/.local/lib/python3.7/site-packages/airflow/example_dags/tutorial.py
[2023-04-22T23:24:06.416+0000] {logging_mixin.py:137} INFO - [2023-04-22T23:24:06.416+0000] {dag.py:2705} INFO - Sync 1 DAGs
[2023-04-22T23:24:06.432+0000] {logging_mixin.py:137} INFO - [2023-04-22T23:24:06.431+0000] {dag.py:3456} INFO - Setting next_dagrun for tutorial to 2023-04-21T23:24:06.431717+00:00, run_after=2023-04-22T23:24:06.431717+00:00
[2023-04-22T23:24:06.443+0000] {processor.py:175} INFO - Processing /home/airflow/.local/lib/python3.7/site-packages/airflow/example_dags/tutorial.py took 0.063 seconds
[2023-04-22T23:24:36.693+0000] {processor.py:153} INFO - Started process (PID=571) to work on /home/airflow/.local/lib/python3.7/site-packages/airflow/example_dags/tutorial.py
[2023-04-22T23:24:36.694+0000] {processor.py:743} INFO - Processing file /home/airflow/.local/lib/python3.7/site-packages/airflow/example_dags/tutorial.py for tasks to queue
[2023-04-22T23:24:36.695+0000] {logging_mixin.py:137} INFO - [2023-04-22T23:24:36.695+0000] {dagbag.py:532} INFO - Filling up the DagBag from /home/airflow/.local/lib/python3.7/site-packages/airflow/example_dags/tutorial.py
[2023-04-22T23:24:36.705+0000] {processor.py:753} INFO - DAG(s) dict_keys(['tutorial']) retrieved from /home/airflow/.local/lib/python3.7/site-packages/airflow/example_dags/tutorial.py
[2023-04-22T23:24:36.725+0000] {logging_mixin.py:137} INFO - [2023-04-22T23:24:36.725+0000] {dag.py:2705} INFO - Sync 1 DAGs
[2023-04-22T23:24:36.741+0000] {logging_mixin.py:137} INFO - [2023-04-22T23:24:36.741+0000] {dag.py:3456} INFO - Setting next_dagrun for tutorial to 2023-04-21T23:24:36.741152+00:00, run_after=2023-04-22T23:24:36.741152+00:00
[2023-04-22T23:24:36.753+0000] {processor.py:175} INFO - Processing /home/airflow/.local/lib/python3.7/site-packages/airflow/example_dags/tutorial.py took 0.064 seconds
[2023-04-22T23:25:06.930+0000] {processor.py:153} INFO - Started process (PID=622) to work on /home/airflow/.local/lib/python3.7/site-packages/airflow/example_dags/tutorial.py
[2023-04-22T23:25:06.931+0000] {processor.py:743} INFO - Processing file /home/airflow/.local/lib/python3.7/site-packages/airflow/example_dags/tutorial.py for tasks to queue
[2023-04-22T23:25:06.932+0000] {logging_mixin.py:137} INFO - [2023-04-22T23:25:06.932+0000] {dagbag.py:532} INFO - Filling up the DagBag from /home/airflow/.local/lib/python3.7/site-packages/airflow/example_dags/tutorial.py
[2023-04-22T23:25:06.943+0000] {processor.py:753} INFO - DAG(s) dict_keys(['tutorial']) retrieved from /home/airflow/.local/lib/python3.7/site-packages/airflow/example_dags/tutorial.py
[2023-04-22T23:25:06.964+0000] {logging_mixin.py:137} INFO - [2023-04-22T23:25:06.964+0000] {dag.py:2705} INFO - Sync 1 DAGs
[2023-04-22T23:25:06.980+0000] {logging_mixin.py:137} INFO - [2023-04-22T23:25:06.980+0000] {dag.py:3456} INFO - Setting next_dagrun for tutorial to 2023-04-21T23:25:06.980433+00:00, run_after=2023-04-22T23:25:06.980433+00:00
[2023-04-22T23:25:06.993+0000] {processor.py:175} INFO - Processing /home/airflow/.local/lib/python3.7/site-packages/airflow/example_dags/tutorial.py took 0.066 seconds
[2023-04-22T23:25:37.532+0000] {processor.py:153} INFO - Started process (PID=674) to work on /home/airflow/.local/lib/python3.7/site-packages/airflow/example_dags/tutorial.py
[2023-04-22T23:25:37.533+0000] {processor.py:743} INFO - Processing file /home/airflow/.local/lib/python3.7/site-packages/airflow/example_dags/tutorial.py for tasks to queue
[2023-04-22T23:25:37.534+0000] {logging_mixin.py:137} INFO - [2023-04-22T23:25:37.534+0000] {dagbag.py:532} INFO - Filling up the DagBag from /home/airflow/.local/lib/python3.7/site-packages/airflow/example_dags/tutorial.py
[2023-04-22T23:25:37.550+0000] {processor.py:753} INFO - DAG(s) dict_keys(['tutorial']) retrieved from /home/airflow/.local/lib/python3.7/site-packages/airflow/example_dags/tutorial.py
[2023-04-22T23:25:37.579+0000] {logging_mixin.py:137} INFO - [2023-04-22T23:25:37.579+0000] {dag.py:2705} INFO - Sync 1 DAGs
[2023-04-22T23:25:37.604+0000] {logging_mixin.py:137} INFO - [2023-04-22T23:25:37.604+0000] {dag.py:3456} INFO - Setting next_dagrun for tutorial to 2023-04-21T23:25:37.604249+00:00, run_after=2023-04-22T23:25:37.604249+00:00
[2023-04-22T23:25:37.623+0000] {processor.py:175} INFO - Processing /home/airflow/.local/lib/python3.7/site-packages/airflow/example_dags/tutorial.py took 0.099 seconds
[2023-04-22T23:26:07.680+0000] {processor.py:153} INFO - Started process (PID=725) to work on /home/airflow/.local/lib/python3.7/site-packages/airflow/example_dags/tutorial.py
[2023-04-22T23:26:07.681+0000] {processor.py:743} INFO - Processing file /home/airflow/.local/lib/python3.7/site-packages/airflow/example_dags/tutorial.py for tasks to queue
[2023-04-22T23:26:07.682+0000] {logging_mixin.py:137} INFO - [2023-04-22T23:26:07.682+0000] {dagbag.py:532} INFO - Filling up the DagBag from /home/airflow/.local/lib/python3.7/site-packages/airflow/example_dags/tutorial.py
[2023-04-22T23:26:07.691+0000] {processor.py:753} INFO - DAG(s) dict_keys(['tutorial']) retrieved from /home/airflow/.local/lib/python3.7/site-packages/airflow/example_dags/tutorial.py
[2023-04-22T23:26:07.711+0000] {logging_mixin.py:137} INFO - [2023-04-22T23:26:07.711+0000] {dag.py:2705} INFO - Sync 1 DAGs
[2023-04-22T23:26:07.727+0000] {logging_mixin.py:137} INFO - [2023-04-22T23:26:07.727+0000] {dag.py:3456} INFO - Setting next_dagrun for tutorial to 2023-04-21T23:26:07.727214+00:00, run_after=2023-04-22T23:26:07.727214+00:00
[2023-04-22T23:26:07.739+0000] {processor.py:175} INFO - Processing /home/airflow/.local/lib/python3.7/site-packages/airflow/example_dags/tutorial.py took 0.062 seconds
[2023-04-22T23:26:38.138+0000] {processor.py:153} INFO - Started process (PID=775) to work on /home/airflow/.local/lib/python3.7/site-packages/airflow/example_dags/tutorial.py
[2023-04-22T23:26:38.139+0000] {processor.py:743} INFO - Processing file /home/airflow/.local/lib/python3.7/site-packages/airflow/example_dags/tutorial.py for tasks to queue
[2023-04-22T23:26:38.140+0000] {logging_mixin.py:137} INFO - [2023-04-22T23:26:38.140+0000] {dagbag.py:532} INFO - Filling up the DagBag from /home/airflow/.local/lib/python3.7/site-packages/airflow/example_dags/tutorial.py
[2023-04-22T23:26:38.151+0000] {processor.py:753} INFO - DAG(s) dict_keys(['tutorial']) retrieved from /home/airflow/.local/lib/python3.7/site-packages/airflow/example_dags/tutorial.py
[2023-04-22T23:26:38.171+0000] {logging_mixin.py:137} INFO - [2023-04-22T23:26:38.171+0000] {dag.py:2705} INFO - Sync 1 DAGs
[2023-04-22T23:26:38.189+0000] {logging_mixin.py:137} INFO - [2023-04-22T23:26:38.188+0000] {dag.py:3456} INFO - Setting next_dagrun for tutorial to 2023-04-21T23:26:38.188749+00:00, run_after=2023-04-22T23:26:38.188749+00:00
[2023-04-22T23:26:38.205+0000] {processor.py:175} INFO - Processing /home/airflow/.local/lib/python3.7/site-packages/airflow/example_dags/tutorial.py took 0.070 seconds
[2023-04-22T23:27:08.900+0000] {processor.py:153} INFO - Started process (PID=826) to work on /home/airflow/.local/lib/python3.7/site-packages/airflow/example_dags/tutorial.py
[2023-04-22T23:27:08.904+0000] {processor.py:743} INFO - Processing file /home/airflow/.local/lib/python3.7/site-packages/airflow/example_dags/tutorial.py for tasks to queue
[2023-04-22T23:27:08.905+0000] {logging_mixin.py:137} INFO - [2023-04-22T23:27:08.905+0000] {dagbag.py:532} INFO - Filling up the DagBag from /home/airflow/.local/lib/python3.7/site-packages/airflow/example_dags/tutorial.py
[2023-04-22T23:27:08.915+0000] {processor.py:753} INFO - DAG(s) dict_keys(['tutorial']) retrieved from /home/airflow/.local/lib/python3.7/site-packages/airflow/example_dags/tutorial.py
[2023-04-22T23:27:08.933+0000] {logging_mixin.py:137} INFO - [2023-04-22T23:27:08.933+0000] {dag.py:2705} INFO - Sync 1 DAGs
[2023-04-22T23:27:08.949+0000] {logging_mixin.py:137} INFO - [2023-04-22T23:27:08.949+0000] {dag.py:3456} INFO - Setting next_dagrun for tutorial to 2023-04-21T23:27:08.949394+00:00, run_after=2023-04-22T23:27:08.949394+00:00
[2023-04-22T23:27:08.960+0000] {processor.py:175} INFO - Processing /home/airflow/.local/lib/python3.7/site-packages/airflow/example_dags/tutorial.py took 0.063 seconds
[2023-04-22T23:27:39.436+0000] {processor.py:153} INFO - Started process (PID=878) to work on /home/airflow/.local/lib/python3.7/site-packages/airflow/example_dags/tutorial.py
[2023-04-22T23:27:39.438+0000] {processor.py:743} INFO - Processing file /home/airflow/.local/lib/python3.7/site-packages/airflow/example_dags/tutorial.py for tasks to queue
[2023-04-22T23:27:39.438+0000] {logging_mixin.py:137} INFO - [2023-04-22T23:27:39.438+0000] {dagbag.py:532} INFO - Filling up the DagBag from /home/airflow/.local/lib/python3.7/site-packages/airflow/example_dags/tutorial.py
[2023-04-22T23:27:39.448+0000] {processor.py:753} INFO - DAG(s) dict_keys(['tutorial']) retrieved from /home/airflow/.local/lib/python3.7/site-packages/airflow/example_dags/tutorial.py
[2023-04-22T23:27:39.468+0000] {logging_mixin.py:137} INFO - [2023-04-22T23:27:39.468+0000] {dag.py:2705} INFO - Sync 1 DAGs
[2023-04-22T23:27:39.484+0000] {logging_mixin.py:137} INFO - [2023-04-22T23:27:39.484+0000] {dag.py:3456} INFO - Setting next_dagrun for tutorial to 2023-04-21T23:27:39.483977+00:00, run_after=2023-04-22T23:27:39.483977+00:00
[2023-04-22T23:27:39.495+0000] {processor.py:175} INFO - Processing /home/airflow/.local/lib/python3.7/site-packages/airflow/example_dags/tutorial.py took 0.061 seconds
[2023-04-22T23:29:55.787+0000] {processor.py:153} INFO - Started process (PID=60) to work on /home/airflow/.local/lib/python3.7/site-packages/airflow/example_dags/tutorial.py
[2023-04-22T23:29:55.789+0000] {processor.py:743} INFO - Processing file /home/airflow/.local/lib/python3.7/site-packages/airflow/example_dags/tutorial.py for tasks to queue
[2023-04-22T23:29:55.790+0000] {logging_mixin.py:137} INFO - [2023-04-22T23:29:55.790+0000] {dagbag.py:532} INFO - Filling up the DagBag from /home/airflow/.local/lib/python3.7/site-packages/airflow/example_dags/tutorial.py
[2023-04-22T23:29:55.809+0000] {processor.py:753} INFO - DAG(s) dict_keys(['tutorial']) retrieved from /home/airflow/.local/lib/python3.7/site-packages/airflow/example_dags/tutorial.py
[2023-04-22T23:29:55.845+0000] {logging_mixin.py:137} INFO - [2023-04-22T23:29:55.845+0000] {dag.py:2705} INFO - Sync 1 DAGs
[2023-04-22T23:29:55.908+0000] {logging_mixin.py:137} INFO - [2023-04-22T23:29:55.908+0000] {dag.py:3456} INFO - Setting next_dagrun for tutorial to 2023-04-21T23:29:55.908261+00:00, run_after=2023-04-22T23:29:55.908261+00:00
[2023-04-22T23:29:55.951+0000] {processor.py:175} INFO - Processing /home/airflow/.local/lib/python3.7/site-packages/airflow/example_dags/tutorial.py took 0.171 seconds
[2023-04-22T23:30:26.842+0000] {processor.py:153} INFO - Started process (PID=110) to work on /home/airflow/.local/lib/python3.7/site-packages/airflow/example_dags/tutorial.py
[2023-04-22T23:30:26.843+0000] {processor.py:743} INFO - Processing file /home/airflow/.local/lib/python3.7/site-packages/airflow/example_dags/tutorial.py for tasks to queue
[2023-04-22T23:30:26.844+0000] {logging_mixin.py:137} INFO - [2023-04-22T23:30:26.844+0000] {dagbag.py:532} INFO - Filling up the DagBag from /home/airflow/.local/lib/python3.7/site-packages/airflow/example_dags/tutorial.py
[2023-04-22T23:30:26.855+0000] {processor.py:753} INFO - DAG(s) dict_keys(['tutorial']) retrieved from /home/airflow/.local/lib/python3.7/site-packages/airflow/example_dags/tutorial.py
[2023-04-22T23:30:26.881+0000] {logging_mixin.py:137} INFO - [2023-04-22T23:30:26.881+0000] {dag.py:2705} INFO - Sync 1 DAGs
[2023-04-22T23:30:26.900+0000] {logging_mixin.py:137} INFO - [2023-04-22T23:30:26.900+0000] {dag.py:3456} INFO - Setting next_dagrun for tutorial to 2023-04-21T23:30:26.899956+00:00, run_after=2023-04-22T23:30:26.899956+00:00
[2023-04-22T23:30:26.918+0000] {processor.py:175} INFO - Processing /home/airflow/.local/lib/python3.7/site-packages/airflow/example_dags/tutorial.py took 0.079 seconds
[2023-04-22T23:30:57.309+0000] {processor.py:153} INFO - Started process (PID=161) to work on /home/airflow/.local/lib/python3.7/site-packages/airflow/example_dags/tutorial.py
[2023-04-22T23:30:57.310+0000] {processor.py:743} INFO - Processing file /home/airflow/.local/lib/python3.7/site-packages/airflow/example_dags/tutorial.py for tasks to queue
[2023-04-22T23:30:57.311+0000] {logging_mixin.py:137} INFO - [2023-04-22T23:30:57.311+0000] {dagbag.py:532} INFO - Filling up the DagBag from /home/airflow/.local/lib/python3.7/site-packages/airflow/example_dags/tutorial.py
[2023-04-22T23:30:57.321+0000] {processor.py:753} INFO - DAG(s) dict_keys(['tutorial']) retrieved from /home/airflow/.local/lib/python3.7/site-packages/airflow/example_dags/tutorial.py
[2023-04-22T23:30:57.341+0000] {logging_mixin.py:137} INFO - [2023-04-22T23:30:57.341+0000] {dag.py:2705} INFO - Sync 1 DAGs
[2023-04-22T23:30:57.360+0000] {logging_mixin.py:137} INFO - [2023-04-22T23:30:57.360+0000] {dag.py:3456} INFO - Setting next_dagrun for tutorial to 2023-04-21T23:30:57.360137+00:00, run_after=2023-04-22T23:30:57.360137+00:00
[2023-04-22T23:30:57.375+0000] {processor.py:175} INFO - Processing /home/airflow/.local/lib/python3.7/site-packages/airflow/example_dags/tutorial.py took 0.069 seconds
[2023-04-22T23:31:28.224+0000] {processor.py:153} INFO - Started process (PID=212) to work on /home/airflow/.local/lib/python3.7/site-packages/airflow/example_dags/tutorial.py
[2023-04-22T23:31:28.225+0000] {processor.py:743} INFO - Processing file /home/airflow/.local/lib/python3.7/site-packages/airflow/example_dags/tutorial.py for tasks to queue
[2023-04-22T23:31:28.226+0000] {logging_mixin.py:137} INFO - [2023-04-22T23:31:28.226+0000] {dagbag.py:532} INFO - Filling up the DagBag from /home/airflow/.local/lib/python3.7/site-packages/airflow/example_dags/tutorial.py
[2023-04-22T23:31:28.237+0000] {processor.py:753} INFO - DAG(s) dict_keys(['tutorial']) retrieved from /home/airflow/.local/lib/python3.7/site-packages/airflow/example_dags/tutorial.py
[2023-04-22T23:31:28.256+0000] {logging_mixin.py:137} INFO - [2023-04-22T23:31:28.256+0000] {dag.py:2705} INFO - Sync 1 DAGs
[2023-04-22T23:31:28.277+0000] {logging_mixin.py:137} INFO - [2023-04-22T23:31:28.276+0000] {dag.py:3456} INFO - Setting next_dagrun for tutorial to 2023-04-21T23:31:28.276758+00:00, run_after=2023-04-22T23:31:28.276758+00:00
[2023-04-22T23:31:28.290+0000] {processor.py:175} INFO - Processing /home/airflow/.local/lib/python3.7/site-packages/airflow/example_dags/tutorial.py took 0.068 seconds
[2023-04-22T23:31:58.945+0000] {processor.py:153} INFO - Started process (PID=263) to work on /home/airflow/.local/lib/python3.7/site-packages/airflow/example_dags/tutorial.py
[2023-04-22T23:31:58.948+0000] {processor.py:743} INFO - Processing file /home/airflow/.local/lib/python3.7/site-packages/airflow/example_dags/tutorial.py for tasks to queue
[2023-04-22T23:31:58.949+0000] {logging_mixin.py:137} INFO - [2023-04-22T23:31:58.949+0000] {dagbag.py:532} INFO - Filling up the DagBag from /home/airflow/.local/lib/python3.7/site-packages/airflow/example_dags/tutorial.py
[2023-04-22T23:31:58.962+0000] {processor.py:753} INFO - DAG(s) dict_keys(['tutorial']) retrieved from /home/airflow/.local/lib/python3.7/site-packages/airflow/example_dags/tutorial.py
[2023-04-22T23:31:58.982+0000] {logging_mixin.py:137} INFO - [2023-04-22T23:31:58.982+0000] {dag.py:2705} INFO - Sync 1 DAGs
[2023-04-22T23:31:58.999+0000] {logging_mixin.py:137} INFO - [2023-04-22T23:31:58.999+0000] {dag.py:3456} INFO - Setting next_dagrun for tutorial to 2023-04-21T23:31:58.999000+00:00, run_after=2023-04-22T23:31:58.999000+00:00
[2023-04-22T23:31:59.010+0000] {processor.py:175} INFO - Processing /home/airflow/.local/lib/python3.7/site-packages/airflow/example_dags/tutorial.py took 0.069 seconds
[2023-04-22T23:32:30.019+0000] {processor.py:153} INFO - Started process (PID=314) to work on /home/airflow/.local/lib/python3.7/site-packages/airflow/example_dags/tutorial.py
[2023-04-22T23:32:30.020+0000] {processor.py:743} INFO - Processing file /home/airflow/.local/lib/python3.7/site-packages/airflow/example_dags/tutorial.py for tasks to queue
[2023-04-22T23:32:30.021+0000] {logging_mixin.py:137} INFO - [2023-04-22T23:32:30.021+0000] {dagbag.py:532} INFO - Filling up the DagBag from /home/airflow/.local/lib/python3.7/site-packages/airflow/example_dags/tutorial.py
[2023-04-22T23:32:30.038+0000] {processor.py:753} INFO - DAG(s) dict_keys(['tutorial']) retrieved from /home/airflow/.local/lib/python3.7/site-packages/airflow/example_dags/tutorial.py
[2023-04-22T23:32:30.063+0000] {logging_mixin.py:137} INFO - [2023-04-22T23:32:30.063+0000] {dag.py:2705} INFO - Sync 1 DAGs
[2023-04-22T23:32:30.080+0000] {logging_mixin.py:137} INFO - [2023-04-22T23:32:30.080+0000] {dag.py:3456} INFO - Setting next_dagrun for tutorial to 2023-04-21T23:32:30.080462+00:00, run_after=2023-04-22T23:32:30.080462+00:00
[2023-04-22T23:32:30.092+0000] {processor.py:175} INFO - Processing /home/airflow/.local/lib/python3.7/site-packages/airflow/example_dags/tutorial.py took 0.076 seconds
[2023-04-22T23:33:00.484+0000] {processor.py:153} INFO - Started process (PID=365) to work on /home/airflow/.local/lib/python3.7/site-packages/airflow/example_dags/tutorial.py
[2023-04-22T23:33:00.485+0000] {processor.py:743} INFO - Processing file /home/airflow/.local/lib/python3.7/site-packages/airflow/example_dags/tutorial.py for tasks to queue
[2023-04-22T23:33:00.486+0000] {logging_mixin.py:137} INFO - [2023-04-22T23:33:00.486+0000] {dagbag.py:532} INFO - Filling up the DagBag from /home/airflow/.local/lib/python3.7/site-packages/airflow/example_dags/tutorial.py
[2023-04-22T23:33:00.498+0000] {processor.py:753} INFO - DAG(s) dict_keys(['tutorial']) retrieved from /home/airflow/.local/lib/python3.7/site-packages/airflow/example_dags/tutorial.py
[2023-04-22T23:33:00.520+0000] {logging_mixin.py:137} INFO - [2023-04-22T23:33:00.520+0000] {dag.py:2705} INFO - Sync 1 DAGs
[2023-04-22T23:33:00.537+0000] {logging_mixin.py:137} INFO - [2023-04-22T23:33:00.537+0000] {dag.py:3456} INFO - Setting next_dagrun for tutorial to 2023-04-21T23:33:00.537589+00:00, run_after=2023-04-22T23:33:00.537589+00:00
[2023-04-22T23:33:00.549+0000] {processor.py:175} INFO - Processing /home/airflow/.local/lib/python3.7/site-packages/airflow/example_dags/tutorial.py took 0.067 seconds
[2023-04-22T23:33:31.313+0000] {processor.py:153} INFO - Started process (PID=415) to work on /home/airflow/.local/lib/python3.7/site-packages/airflow/example_dags/tutorial.py
[2023-04-22T23:33:31.314+0000] {processor.py:743} INFO - Processing file /home/airflow/.local/lib/python3.7/site-packages/airflow/example_dags/tutorial.py for tasks to queue
[2023-04-22T23:33:31.315+0000] {logging_mixin.py:137} INFO - [2023-04-22T23:33:31.315+0000] {dagbag.py:532} INFO - Filling up the DagBag from /home/airflow/.local/lib/python3.7/site-packages/airflow/example_dags/tutorial.py
[2023-04-22T23:33:31.325+0000] {processor.py:753} INFO - DAG(s) dict_keys(['tutorial']) retrieved from /home/airflow/.local/lib/python3.7/site-packages/airflow/example_dags/tutorial.py
[2023-04-22T23:33:31.345+0000] {logging_mixin.py:137} INFO - [2023-04-22T23:33:31.344+0000] {dag.py:2705} INFO - Sync 1 DAGs
[2023-04-22T23:33:31.361+0000] {logging_mixin.py:137} INFO - [2023-04-22T23:33:31.361+0000] {dag.py:3456} INFO - Setting next_dagrun for tutorial to 2023-04-21T23:33:31.361264+00:00, run_after=2023-04-22T23:33:31.361264+00:00
[2023-04-22T23:33:31.374+0000] {processor.py:175} INFO - Processing /home/airflow/.local/lib/python3.7/site-packages/airflow/example_dags/tutorial.py took 0.065 seconds
[2023-04-22T23:38:45.686+0000] {processor.py:153} INFO - Started process (PID=59) to work on /home/airflow/.local/lib/python3.7/site-packages/airflow/example_dags/tutorial.py
[2023-04-22T23:38:45.689+0000] {processor.py:743} INFO - Processing file /home/airflow/.local/lib/python3.7/site-packages/airflow/example_dags/tutorial.py for tasks to queue
[2023-04-22T23:38:45.695+0000] {logging_mixin.py:137} INFO - [2023-04-22T23:38:45.694+0000] {dagbag.py:532} INFO - Filling up the DagBag from /home/airflow/.local/lib/python3.7/site-packages/airflow/example_dags/tutorial.py
[2023-04-22T23:38:45.716+0000] {processor.py:753} INFO - DAG(s) dict_keys(['tutorial']) retrieved from /home/airflow/.local/lib/python3.7/site-packages/airflow/example_dags/tutorial.py
[2023-04-22T23:38:45.745+0000] {logging_mixin.py:137} INFO - [2023-04-22T23:38:45.745+0000] {dag.py:2705} INFO - Sync 1 DAGs
[2023-04-22T23:38:45.781+0000] {logging_mixin.py:137} INFO - [2023-04-22T23:38:45.781+0000] {dag.py:3456} INFO - Setting next_dagrun for tutorial to 2023-04-21T23:38:45.781504+00:00, run_after=2023-04-22T23:38:45.781504+00:00
[2023-04-22T23:38:45.802+0000] {processor.py:175} INFO - Processing /home/airflow/.local/lib/python3.7/site-packages/airflow/example_dags/tutorial.py took 0.148 seconds
[2023-04-22T23:39:15.953+0000] {processor.py:153} INFO - Started process (PID=110) to work on /home/airflow/.local/lib/python3.7/site-packages/airflow/example_dags/tutorial.py
[2023-04-22T23:39:15.955+0000] {processor.py:743} INFO - Processing file /home/airflow/.local/lib/python3.7/site-packages/airflow/example_dags/tutorial.py for tasks to queue
[2023-04-22T23:39:15.955+0000] {logging_mixin.py:137} INFO - [2023-04-22T23:39:15.955+0000] {dagbag.py:532} INFO - Filling up the DagBag from /home/airflow/.local/lib/python3.7/site-packages/airflow/example_dags/tutorial.py
[2023-04-22T23:39:15.965+0000] {processor.py:753} INFO - DAG(s) dict_keys(['tutorial']) retrieved from /home/airflow/.local/lib/python3.7/site-packages/airflow/example_dags/tutorial.py
[2023-04-22T23:39:15.985+0000] {logging_mixin.py:137} INFO - [2023-04-22T23:39:15.985+0000] {dag.py:2705} INFO - Sync 1 DAGs
[2023-04-22T23:39:16.007+0000] {logging_mixin.py:137} INFO - [2023-04-22T23:39:16.007+0000] {dag.py:3456} INFO - Setting next_dagrun for tutorial to 2023-04-21T23:39:16.006827+00:00, run_after=2023-04-22T23:39:16.006827+00:00
[2023-04-22T23:39:16.021+0000] {processor.py:175} INFO - Processing /home/airflow/.local/lib/python3.7/site-packages/airflow/example_dags/tutorial.py took 0.071 seconds
[2023-04-22T23:39:46.912+0000] {processor.py:153} INFO - Started process (PID=161) to work on /home/airflow/.local/lib/python3.7/site-packages/airflow/example_dags/tutorial.py
[2023-04-22T23:39:46.918+0000] {processor.py:743} INFO - Processing file /home/airflow/.local/lib/python3.7/site-packages/airflow/example_dags/tutorial.py for tasks to queue
[2023-04-22T23:39:46.918+0000] {logging_mixin.py:137} INFO - [2023-04-22T23:39:46.918+0000] {dagbag.py:532} INFO - Filling up the DagBag from /home/airflow/.local/lib/python3.7/site-packages/airflow/example_dags/tutorial.py
[2023-04-22T23:39:46.928+0000] {processor.py:753} INFO - DAG(s) dict_keys(['tutorial']) retrieved from /home/airflow/.local/lib/python3.7/site-packages/airflow/example_dags/tutorial.py
[2023-04-22T23:39:46.948+0000] {logging_mixin.py:137} INFO - [2023-04-22T23:39:46.948+0000] {dag.py:2705} INFO - Sync 1 DAGs
[2023-04-22T23:39:46.965+0000] {logging_mixin.py:137} INFO - [2023-04-22T23:39:46.965+0000] {dag.py:3456} INFO - Setting next_dagrun for tutorial to 2023-04-21T23:39:46.965626+00:00, run_after=2023-04-22T23:39:46.965626+00:00
[2023-04-22T23:39:46.976+0000] {processor.py:175} INFO - Processing /home/airflow/.local/lib/python3.7/site-packages/airflow/example_dags/tutorial.py took 0.067 seconds
[2023-04-22T23:40:17.186+0000] {processor.py:153} INFO - Started process (PID=212) to work on /home/airflow/.local/lib/python3.7/site-packages/airflow/example_dags/tutorial.py
[2023-04-22T23:40:17.187+0000] {processor.py:743} INFO - Processing file /home/airflow/.local/lib/python3.7/site-packages/airflow/example_dags/tutorial.py for tasks to queue
[2023-04-22T23:40:17.188+0000] {logging_mixin.py:137} INFO - [2023-04-22T23:40:17.188+0000] {dagbag.py:532} INFO - Filling up the DagBag from /home/airflow/.local/lib/python3.7/site-packages/airflow/example_dags/tutorial.py
[2023-04-22T23:40:17.198+0000] {processor.py:753} INFO - DAG(s) dict_keys(['tutorial']) retrieved from /home/airflow/.local/lib/python3.7/site-packages/airflow/example_dags/tutorial.py
[2023-04-22T23:40:17.220+0000] {logging_mixin.py:137} INFO - [2023-04-22T23:40:17.220+0000] {dag.py:2705} INFO - Sync 1 DAGs
[2023-04-22T23:40:17.238+0000] {logging_mixin.py:137} INFO - [2023-04-22T23:40:17.238+0000] {dag.py:3456} INFO - Setting next_dagrun for tutorial to 2023-04-21T23:40:17.238003+00:00, run_after=2023-04-22T23:40:17.238003+00:00
[2023-04-22T23:40:17.249+0000] {processor.py:175} INFO - Processing /home/airflow/.local/lib/python3.7/site-packages/airflow/example_dags/tutorial.py took 0.066 seconds
[2023-04-22T23:40:47.957+0000] {processor.py:153} INFO - Started process (PID=263) to work on /home/airflow/.local/lib/python3.7/site-packages/airflow/example_dags/tutorial.py
[2023-04-22T23:40:47.958+0000] {processor.py:743} INFO - Processing file /home/airflow/.local/lib/python3.7/site-packages/airflow/example_dags/tutorial.py for tasks to queue
[2023-04-22T23:40:47.959+0000] {logging_mixin.py:137} INFO - [2023-04-22T23:40:47.958+0000] {dagbag.py:532} INFO - Filling up the DagBag from /home/airflow/.local/lib/python3.7/site-packages/airflow/example_dags/tutorial.py
[2023-04-22T23:40:47.968+0000] {processor.py:753} INFO - DAG(s) dict_keys(['tutorial']) retrieved from /home/airflow/.local/lib/python3.7/site-packages/airflow/example_dags/tutorial.py
[2023-04-22T23:40:47.987+0000] {logging_mixin.py:137} INFO - [2023-04-22T23:40:47.987+0000] {dag.py:2705} INFO - Sync 1 DAGs
[2023-04-22T23:40:48.004+0000] {logging_mixin.py:137} INFO - [2023-04-22T23:40:48.004+0000] {dag.py:3456} INFO - Setting next_dagrun for tutorial to 2023-04-21T23:40:48.004403+00:00, run_after=2023-04-22T23:40:48.004403+00:00
[2023-04-22T23:40:48.015+0000] {processor.py:175} INFO - Processing /home/airflow/.local/lib/python3.7/site-packages/airflow/example_dags/tutorial.py took 0.062 seconds
[2023-04-22T23:41:19.029+0000] {processor.py:153} INFO - Started process (PID=314) to work on /home/airflow/.local/lib/python3.7/site-packages/airflow/example_dags/tutorial.py
[2023-04-22T23:41:19.032+0000] {processor.py:743} INFO - Processing file /home/airflow/.local/lib/python3.7/site-packages/airflow/example_dags/tutorial.py for tasks to queue
[2023-04-22T23:41:19.034+0000] {logging_mixin.py:137} INFO - [2023-04-22T23:41:19.034+0000] {dagbag.py:532} INFO - Filling up the DagBag from /home/airflow/.local/lib/python3.7/site-packages/airflow/example_dags/tutorial.py
[2023-04-22T23:41:19.048+0000] {processor.py:753} INFO - DAG(s) dict_keys(['tutorial']) retrieved from /home/airflow/.local/lib/python3.7/site-packages/airflow/example_dags/tutorial.py
[2023-04-22T23:41:19.070+0000] {logging_mixin.py:137} INFO - [2023-04-22T23:41:19.070+0000] {dag.py:2705} INFO - Sync 1 DAGs
[2023-04-22T23:41:19.088+0000] {logging_mixin.py:137} INFO - [2023-04-22T23:41:19.088+0000] {dag.py:3456} INFO - Setting next_dagrun for tutorial to 2023-04-21T23:41:19.088136+00:00, run_after=2023-04-22T23:41:19.088136+00:00
[2023-04-22T23:41:19.101+0000] {processor.py:175} INFO - Processing /home/airflow/.local/lib/python3.7/site-packages/airflow/example_dags/tutorial.py took 0.075 seconds
[2023-04-22T23:41:50.104+0000] {processor.py:153} INFO - Started process (PID=365) to work on /home/airflow/.local/lib/python3.7/site-packages/airflow/example_dags/tutorial.py
[2023-04-22T23:41:50.106+0000] {processor.py:743} INFO - Processing file /home/airflow/.local/lib/python3.7/site-packages/airflow/example_dags/tutorial.py for tasks to queue
[2023-04-22T23:41:50.108+0000] {logging_mixin.py:137} INFO - [2023-04-22T23:41:50.107+0000] {dagbag.py:532} INFO - Filling up the DagBag from /home/airflow/.local/lib/python3.7/site-packages/airflow/example_dags/tutorial.py
[2023-04-22T23:41:50.122+0000] {processor.py:753} INFO - DAG(s) dict_keys(['tutorial']) retrieved from /home/airflow/.local/lib/python3.7/site-packages/airflow/example_dags/tutorial.py
[2023-04-22T23:41:50.153+0000] {logging_mixin.py:137} INFO - [2023-04-22T23:41:50.153+0000] {dag.py:2705} INFO - Sync 1 DAGs
[2023-04-22T23:41:50.176+0000] {logging_mixin.py:137} INFO - [2023-04-22T23:41:50.176+0000] {dag.py:3456} INFO - Setting next_dagrun for tutorial to 2023-04-21T23:41:50.176226+00:00, run_after=2023-04-22T23:41:50.176226+00:00
[2023-04-22T23:41:50.193+0000] {processor.py:175} INFO - Processing /home/airflow/.local/lib/python3.7/site-packages/airflow/example_dags/tutorial.py took 0.093 seconds
[2023-04-22T23:42:20.243+0000] {processor.py:153} INFO - Started process (PID=416) to work on /home/airflow/.local/lib/python3.7/site-packages/airflow/example_dags/tutorial.py
[2023-04-22T23:42:20.245+0000] {processor.py:743} INFO - Processing file /home/airflow/.local/lib/python3.7/site-packages/airflow/example_dags/tutorial.py for tasks to queue
[2023-04-22T23:42:20.246+0000] {logging_mixin.py:137} INFO - [2023-04-22T23:42:20.246+0000] {dagbag.py:532} INFO - Filling up the DagBag from /home/airflow/.local/lib/python3.7/site-packages/airflow/example_dags/tutorial.py
[2023-04-22T23:42:20.257+0000] {processor.py:753} INFO - DAG(s) dict_keys(['tutorial']) retrieved from /home/airflow/.local/lib/python3.7/site-packages/airflow/example_dags/tutorial.py
[2023-04-22T23:42:20.274+0000] {logging_mixin.py:137} INFO - [2023-04-22T23:42:20.274+0000] {dag.py:2705} INFO - Sync 1 DAGs
[2023-04-22T23:42:20.289+0000] {logging_mixin.py:137} INFO - [2023-04-22T23:42:20.288+0000] {dag.py:3456} INFO - Setting next_dagrun for tutorial to 2023-04-21T23:42:20.288810+00:00, run_after=2023-04-22T23:42:20.288810+00:00
[2023-04-22T23:42:20.300+0000] {processor.py:175} INFO - Processing /home/airflow/.local/lib/python3.7/site-packages/airflow/example_dags/tutorial.py took 0.059 seconds
[2023-04-22T23:43:07.773+0000] {processor.py:153} INFO - Started process (PID=59) to work on /home/airflow/.local/lib/python3.7/site-packages/airflow/example_dags/tutorial.py
[2023-04-22T23:43:07.775+0000] {processor.py:743} INFO - Processing file /home/airflow/.local/lib/python3.7/site-packages/airflow/example_dags/tutorial.py for tasks to queue
[2023-04-22T23:43:07.779+0000] {logging_mixin.py:137} INFO - [2023-04-22T23:43:07.779+0000] {dagbag.py:532} INFO - Filling up the DagBag from /home/airflow/.local/lib/python3.7/site-packages/airflow/example_dags/tutorial.py
[2023-04-22T23:43:07.804+0000] {processor.py:753} INFO - DAG(s) dict_keys(['tutorial']) retrieved from /home/airflow/.local/lib/python3.7/site-packages/airflow/example_dags/tutorial.py
[2023-04-22T23:43:07.836+0000] {logging_mixin.py:137} INFO - [2023-04-22T23:43:07.836+0000] {dag.py:2705} INFO - Sync 1 DAGs
[2023-04-22T23:43:07.875+0000] {logging_mixin.py:137} INFO - [2023-04-22T23:43:07.875+0000] {dag.py:3456} INFO - Setting next_dagrun for tutorial to 2023-04-21T23:43:07.874645+00:00, run_after=2023-04-22T23:43:07.874645+00:00
[2023-04-22T23:43:07.909+0000] {processor.py:175} INFO - Processing /home/airflow/.local/lib/python3.7/site-packages/airflow/example_dags/tutorial.py took 0.143 seconds
[2023-04-22T23:43:37.936+0000] {processor.py:153} INFO - Started process (PID=110) to work on /home/airflow/.local/lib/python3.7/site-packages/airflow/example_dags/tutorial.py
[2023-04-22T23:43:37.937+0000] {processor.py:743} INFO - Processing file /home/airflow/.local/lib/python3.7/site-packages/airflow/example_dags/tutorial.py for tasks to queue
[2023-04-22T23:43:37.938+0000] {logging_mixin.py:137} INFO - [2023-04-22T23:43:37.937+0000] {dagbag.py:532} INFO - Filling up the DagBag from /home/airflow/.local/lib/python3.7/site-packages/airflow/example_dags/tutorial.py
[2023-04-22T23:43:37.948+0000] {processor.py:753} INFO - DAG(s) dict_keys(['tutorial']) retrieved from /home/airflow/.local/lib/python3.7/site-packages/airflow/example_dags/tutorial.py
[2023-04-22T23:43:37.966+0000] {logging_mixin.py:137} INFO - [2023-04-22T23:43:37.966+0000] {dag.py:2705} INFO - Sync 1 DAGs
[2023-04-22T23:43:37.981+0000] {logging_mixin.py:137} INFO - [2023-04-22T23:43:37.981+0000] {dag.py:3456} INFO - Setting next_dagrun for tutorial to 2023-04-21T23:43:37.981421+00:00, run_after=2023-04-22T23:43:37.981421+00:00
[2023-04-22T23:43:37.992+0000] {processor.py:175} INFO - Processing /home/airflow/.local/lib/python3.7/site-packages/airflow/example_dags/tutorial.py took 0.059 seconds
[2023-04-22T23:44:31.518+0000] {processor.py:153} INFO - Started process (PID=59) to work on /home/airflow/.local/lib/python3.7/site-packages/airflow/example_dags/tutorial.py
[2023-04-22T23:44:31.521+0000] {processor.py:743} INFO - Processing file /home/airflow/.local/lib/python3.7/site-packages/airflow/example_dags/tutorial.py for tasks to queue
[2023-04-22T23:44:31.523+0000] {logging_mixin.py:137} INFO - [2023-04-22T23:44:31.523+0000] {dagbag.py:532} INFO - Filling up the DagBag from /home/airflow/.local/lib/python3.7/site-packages/airflow/example_dags/tutorial.py
[2023-04-22T23:44:31.546+0000] {processor.py:753} INFO - DAG(s) dict_keys(['tutorial']) retrieved from /home/airflow/.local/lib/python3.7/site-packages/airflow/example_dags/tutorial.py
[2023-04-22T23:44:31.568+0000] {logging_mixin.py:137} INFO - [2023-04-22T23:44:31.568+0000] {dag.py:2705} INFO - Sync 1 DAGs
[2023-04-22T23:44:31.618+0000] {logging_mixin.py:137} INFO - [2023-04-22T23:44:31.617+0000] {dag.py:3456} INFO - Setting next_dagrun for tutorial to 2023-04-21T23:44:31.617388+00:00, run_after=2023-04-22T23:44:31.617388+00:00
[2023-04-22T23:44:31.659+0000] {processor.py:175} INFO - Processing /home/airflow/.local/lib/python3.7/site-packages/airflow/example_dags/tutorial.py took 0.159 seconds
[2023-04-22T23:46:55.696+0000] {processor.py:153} INFO - Started process (PID=60) to work on /home/airflow/.local/lib/python3.7/site-packages/airflow/example_dags/tutorial.py
[2023-04-22T23:46:55.706+0000] {processor.py:743} INFO - Processing file /home/airflow/.local/lib/python3.7/site-packages/airflow/example_dags/tutorial.py for tasks to queue
[2023-04-22T23:46:55.707+0000] {logging_mixin.py:137} INFO - [2023-04-22T23:46:55.707+0000] {dagbag.py:532} INFO - Filling up the DagBag from /home/airflow/.local/lib/python3.7/site-packages/airflow/example_dags/tutorial.py
[2023-04-22T23:46:55.754+0000] {processor.py:753} INFO - DAG(s) dict_keys(['tutorial']) retrieved from /home/airflow/.local/lib/python3.7/site-packages/airflow/example_dags/tutorial.py
[2023-04-22T23:46:55.788+0000] {logging_mixin.py:137} INFO - [2023-04-22T23:46:55.787+0000] {dag.py:2705} INFO - Sync 1 DAGs
[2023-04-22T23:46:55.822+0000] {logging_mixin.py:137} INFO - [2023-04-22T23:46:55.822+0000] {dag.py:3456} INFO - Setting next_dagrun for tutorial to 2023-04-21T23:46:55.822067+00:00, run_after=2023-04-22T23:46:55.822067+00:00
[2023-04-22T23:46:55.853+0000] {processor.py:175} INFO - Processing /home/airflow/.local/lib/python3.7/site-packages/airflow/example_dags/tutorial.py took 0.164 seconds
[2023-04-22T23:47:25.950+0000] {processor.py:153} INFO - Started process (PID=111) to work on /home/airflow/.local/lib/python3.7/site-packages/airflow/example_dags/tutorial.py
[2023-04-22T23:47:25.951+0000] {processor.py:743} INFO - Processing file /home/airflow/.local/lib/python3.7/site-packages/airflow/example_dags/tutorial.py for tasks to queue
[2023-04-22T23:47:25.952+0000] {logging_mixin.py:137} INFO - [2023-04-22T23:47:25.952+0000] {dagbag.py:532} INFO - Filling up the DagBag from /home/airflow/.local/lib/python3.7/site-packages/airflow/example_dags/tutorial.py
[2023-04-22T23:47:25.962+0000] {processor.py:753} INFO - DAG(s) dict_keys(['tutorial']) retrieved from /home/airflow/.local/lib/python3.7/site-packages/airflow/example_dags/tutorial.py
[2023-04-22T23:47:25.982+0000] {logging_mixin.py:137} INFO - [2023-04-22T23:47:25.981+0000] {dag.py:2705} INFO - Sync 1 DAGs
[2023-04-22T23:47:25.999+0000] {logging_mixin.py:137} INFO - [2023-04-22T23:47:25.999+0000] {dag.py:3456} INFO - Setting next_dagrun for tutorial to 2023-04-21T23:47:25.998975+00:00, run_after=2023-04-22T23:47:25.998975+00:00
[2023-04-22T23:47:26.010+0000] {processor.py:175} INFO - Processing /home/airflow/.local/lib/python3.7/site-packages/airflow/example_dags/tutorial.py took 0.063 seconds
[2023-04-22T23:47:56.541+0000] {processor.py:153} INFO - Started process (PID=162) to work on /home/airflow/.local/lib/python3.7/site-packages/airflow/example_dags/tutorial.py
[2023-04-22T23:47:56.542+0000] {processor.py:743} INFO - Processing file /home/airflow/.local/lib/python3.7/site-packages/airflow/example_dags/tutorial.py for tasks to queue
[2023-04-22T23:47:56.544+0000] {logging_mixin.py:137} INFO - [2023-04-22T23:47:56.544+0000] {dagbag.py:532} INFO - Filling up the DagBag from /home/airflow/.local/lib/python3.7/site-packages/airflow/example_dags/tutorial.py
[2023-04-22T23:47:56.555+0000] {processor.py:753} INFO - DAG(s) dict_keys(['tutorial']) retrieved from /home/airflow/.local/lib/python3.7/site-packages/airflow/example_dags/tutorial.py
[2023-04-22T23:47:56.576+0000] {logging_mixin.py:137} INFO - [2023-04-22T23:47:56.576+0000] {dag.py:2705} INFO - Sync 1 DAGs
[2023-04-22T23:47:56.592+0000] {logging_mixin.py:137} INFO - [2023-04-22T23:47:56.592+0000] {dag.py:3456} INFO - Setting next_dagrun for tutorial to 2023-04-21T23:47:56.592080+00:00, run_after=2023-04-22T23:47:56.592080+00:00
[2023-04-22T23:47:56.603+0000] {processor.py:175} INFO - Processing /home/airflow/.local/lib/python3.7/site-packages/airflow/example_dags/tutorial.py took 0.064 seconds
[2023-04-22T23:48:27.061+0000] {processor.py:153} INFO - Started process (PID=213) to work on /home/airflow/.local/lib/python3.7/site-packages/airflow/example_dags/tutorial.py
[2023-04-22T23:48:27.062+0000] {processor.py:743} INFO - Processing file /home/airflow/.local/lib/python3.7/site-packages/airflow/example_dags/tutorial.py for tasks to queue
[2023-04-22T23:48:27.063+0000] {logging_mixin.py:137} INFO - [2023-04-22T23:48:27.063+0000] {dagbag.py:532} INFO - Filling up the DagBag from /home/airflow/.local/lib/python3.7/site-packages/airflow/example_dags/tutorial.py
[2023-04-22T23:48:27.074+0000] {processor.py:753} INFO - DAG(s) dict_keys(['tutorial']) retrieved from /home/airflow/.local/lib/python3.7/site-packages/airflow/example_dags/tutorial.py
[2023-04-22T23:48:27.094+0000] {logging_mixin.py:137} INFO - [2023-04-22T23:48:27.094+0000] {dag.py:2705} INFO - Sync 1 DAGs
[2023-04-22T23:48:27.110+0000] {logging_mixin.py:137} INFO - [2023-04-22T23:48:27.110+0000] {dag.py:3456} INFO - Setting next_dagrun for tutorial to 2023-04-21T23:48:27.110697+00:00, run_after=2023-04-22T23:48:27.110697+00:00
[2023-04-22T23:48:27.122+0000] {processor.py:175} INFO - Processing /home/airflow/.local/lib/python3.7/site-packages/airflow/example_dags/tutorial.py took 0.063 seconds
[2023-04-22T23:48:57.441+0000] {processor.py:153} INFO - Started process (PID=264) to work on /home/airflow/.local/lib/python3.7/site-packages/airflow/example_dags/tutorial.py
[2023-04-22T23:48:57.442+0000] {processor.py:743} INFO - Processing file /home/airflow/.local/lib/python3.7/site-packages/airflow/example_dags/tutorial.py for tasks to queue
[2023-04-22T23:48:57.443+0000] {logging_mixin.py:137} INFO - [2023-04-22T23:48:57.443+0000] {dagbag.py:532} INFO - Filling up the DagBag from /home/airflow/.local/lib/python3.7/site-packages/airflow/example_dags/tutorial.py
[2023-04-22T23:48:57.454+0000] {processor.py:753} INFO - DAG(s) dict_keys(['tutorial']) retrieved from /home/airflow/.local/lib/python3.7/site-packages/airflow/example_dags/tutorial.py
[2023-04-22T23:48:57.474+0000] {logging_mixin.py:137} INFO - [2023-04-22T23:48:57.474+0000] {dag.py:2705} INFO - Sync 1 DAGs
[2023-04-22T23:48:57.494+0000] {logging_mixin.py:137} INFO - [2023-04-22T23:48:57.494+0000] {dag.py:3456} INFO - Setting next_dagrun for tutorial to 2023-04-21T23:48:57.494384+00:00, run_after=2023-04-22T23:48:57.494384+00:00
[2023-04-22T23:48:57.508+0000] {processor.py:175} INFO - Processing /home/airflow/.local/lib/python3.7/site-packages/airflow/example_dags/tutorial.py took 0.070 seconds
[2023-04-22T23:49:28.289+0000] {processor.py:153} INFO - Started process (PID=315) to work on /home/airflow/.local/lib/python3.7/site-packages/airflow/example_dags/tutorial.py
[2023-04-22T23:49:28.291+0000] {processor.py:743} INFO - Processing file /home/airflow/.local/lib/python3.7/site-packages/airflow/example_dags/tutorial.py for tasks to queue
[2023-04-22T23:49:28.292+0000] {logging_mixin.py:137} INFO - [2023-04-22T23:49:28.292+0000] {dagbag.py:532} INFO - Filling up the DagBag from /home/airflow/.local/lib/python3.7/site-packages/airflow/example_dags/tutorial.py
[2023-04-22T23:49:28.306+0000] {processor.py:753} INFO - DAG(s) dict_keys(['tutorial']) retrieved from /home/airflow/.local/lib/python3.7/site-packages/airflow/example_dags/tutorial.py
[2023-04-22T23:49:28.339+0000] {logging_mixin.py:137} INFO - [2023-04-22T23:49:28.339+0000] {dag.py:2705} INFO - Sync 1 DAGs
[2023-04-22T23:49:28.360+0000] {logging_mixin.py:137} INFO - [2023-04-22T23:49:28.359+0000] {dag.py:3456} INFO - Setting next_dagrun for tutorial to 2023-04-21T23:49:28.359575+00:00, run_after=2023-04-22T23:49:28.359575+00:00
[2023-04-22T23:49:28.372+0000] {processor.py:175} INFO - Processing /home/airflow/.local/lib/python3.7/site-packages/airflow/example_dags/tutorial.py took 0.086 seconds
[2023-04-22T23:49:59.014+0000] {processor.py:153} INFO - Started process (PID=367) to work on /home/airflow/.local/lib/python3.7/site-packages/airflow/example_dags/tutorial.py
[2023-04-22T23:49:59.015+0000] {processor.py:743} INFO - Processing file /home/airflow/.local/lib/python3.7/site-packages/airflow/example_dags/tutorial.py for tasks to queue
[2023-04-22T23:49:59.016+0000] {logging_mixin.py:137} INFO - [2023-04-22T23:49:59.016+0000] {dagbag.py:532} INFO - Filling up the DagBag from /home/airflow/.local/lib/python3.7/site-packages/airflow/example_dags/tutorial.py
[2023-04-22T23:49:59.029+0000] {processor.py:753} INFO - DAG(s) dict_keys(['tutorial']) retrieved from /home/airflow/.local/lib/python3.7/site-packages/airflow/example_dags/tutorial.py
[2023-04-22T23:49:59.053+0000] {logging_mixin.py:137} INFO - [2023-04-22T23:49:59.053+0000] {dag.py:2705} INFO - Sync 1 DAGs
[2023-04-22T23:49:59.070+0000] {logging_mixin.py:137} INFO - [2023-04-22T23:49:59.070+0000] {dag.py:3456} INFO - Setting next_dagrun for tutorial to 2023-04-21T23:49:59.070427+00:00, run_after=2023-04-22T23:49:59.070427+00:00
[2023-04-22T23:49:59.082+0000] {processor.py:175} INFO - Processing /home/airflow/.local/lib/python3.7/site-packages/airflow/example_dags/tutorial.py took 0.071 seconds
[2023-04-22T23:50:29.783+0000] {processor.py:153} INFO - Started process (PID=419) to work on /home/airflow/.local/lib/python3.7/site-packages/airflow/example_dags/tutorial.py
[2023-04-22T23:50:29.785+0000] {processor.py:743} INFO - Processing file /home/airflow/.local/lib/python3.7/site-packages/airflow/example_dags/tutorial.py for tasks to queue
[2023-04-22T23:50:29.786+0000] {logging_mixin.py:137} INFO - [2023-04-22T23:50:29.785+0000] {dagbag.py:532} INFO - Filling up the DagBag from /home/airflow/.local/lib/python3.7/site-packages/airflow/example_dags/tutorial.py
[2023-04-22T23:50:29.798+0000] {processor.py:753} INFO - DAG(s) dict_keys(['tutorial']) retrieved from /home/airflow/.local/lib/python3.7/site-packages/airflow/example_dags/tutorial.py
[2023-04-22T23:50:29.831+0000] {logging_mixin.py:137} INFO - [2023-04-22T23:50:29.831+0000] {dag.py:2705} INFO - Sync 1 DAGs
[2023-04-22T23:50:29.855+0000] {logging_mixin.py:137} INFO - [2023-04-22T23:50:29.855+0000] {dag.py:3456} INFO - Setting next_dagrun for tutorial to 2023-04-21T23:50:29.855110+00:00, run_after=2023-04-22T23:50:29.855110+00:00
[2023-04-22T23:50:29.871+0000] {processor.py:175} INFO - Processing /home/airflow/.local/lib/python3.7/site-packages/airflow/example_dags/tutorial.py took 0.092 seconds
